<?xml version="1.0" encoding="UTF-8"?>
<testsuite name="com.jdroids.robotlib.command.CommandGroupTest" tests="0" skipped="0" failures="0" errors="0" timestamp="1970-01-01T00:00:00" hostname="DANIEL-LAPTOP" time="0.0">
  <properties/>
  <system-out><![CDATA[]]></system-out>
  <system-err><![CDATA[Dec 28, 2018 7:10:44 PM org.junit.jupiter.engine.descriptor.TestInstanceLifecycleUtils getDefaultTestInstanceLifecycle
INFO: Using default test instance lifecycle mode 'PER_CLASS' set via the 'junit.jupiter.testinstance.lifecycle.default' configuration parameter.
Dec 28, 2018 7:10:44 PM org.junit.jupiter.engine.descriptor.TestInstanceLifecycleUtils getDefaultTestInstanceLifecycle
INFO: Using default test instance lifecycle mode 'PER_CLASS' set via the 'junit.jupiter.testinstance.lifecycle.default' configuration parameter.
Dec 28, 2018 7:10:44 PM org.junit.jupiter.engine.descriptor.TestInstanceLifecycleUtils getDefaultTestInstanceLifecycle
INFO: Using default test instance lifecycle mode 'PER_CLASS' set via the 'junit.jupiter.testinstance.lifecycle.default' configuration parameter.
Dec 28, 2018 7:10:44 PM org.junit.jupiter.engine.descriptor.TestInstanceLifecycleUtils getDefaultTestInstanceLifecycle
INFO: Using default test instance lifecycle mode 'PER_CLASS' set via the 'junit.jupiter.testinstance.lifecycle.default' configuration parameter.
Dec 28, 2018 7:10:44 PM org.junit.jupiter.engine.descriptor.TestInstanceLifecycleUtils getDefaultTestInstanceLifecycle
INFO: Using default test instance lifecycle mode 'PER_CLASS' set via the 'junit.jupiter.testinstance.lifecycle.default' configuration parameter.
]]></system-err>
</testsuite>
