<?xml version="1.0" encoding="UTF-8"?>
<testsuite name="com.jdroids.robotlib.command.DslTest" tests="8" skipped="0" failures="0" errors="0" timestamp="2018-11-08T05:50:23" hostname="arch-desktop" time="0.144">
  <properties/>
  <testcase name="default behavior is correct()" classname="com.jdroids.robotlib.command.DslTest" time="0.011"/>
  <testcase name="interrupt passes through()" classname="com.jdroids.robotlib.command.DslTest" time="0.003"/>
  <testcase name="end passes through()" classname="com.jdroids.robotlib.command.DslTest" time="0.003"/>
  <testcase name="periodic passes through()" classname="com.jdroids.robotlib.command.DslTest" time="0.003"/>
  <testcase name="subsystem requirement passes through()" classname="com.jdroids.robotlib.command.DslTest" time="0.104"/>
  <testcase name="start passes through()" classname="com.jdroids.robotlib.command.DslTest" time="0.003"/>
  <testcase name="isCompleted passes through()" classname="com.jdroids.robotlib.command.DslTest" time="0.009"/>
  <testcase name="interruptible gets passes through()" classname="com.jdroids.robotlib.command.DslTest" time="0.004"/>
  <system-out><![CDATA[]]></system-out>
  <system-err><![CDATA[Nov 08, 2018 12:50:23 AM org.junit.jupiter.engine.descriptor.TestInstanceLifecycleUtils getDefaultTestInstanceLifecycle
INFO: Using default test instance lifecycle mode 'PER_CLASS' set via the 'junit.jupiter.testinstance.lifecycle.default' configuration parameter.
]]></system-err>
</testsuite>
