<?xml version="1.0" encoding="UTF-8"?>
<testsuite name="com.jdroids.robotlib.command.SchedulerTest" tests="4" skipped="0" failures="2" errors="0" timestamp="2018-11-04T16:25:50" hostname="DANIEL-LAPTOP" time="2.336">
  <properties/>
  <testcase name="periodic() calls a subsystem's periodic function()" classname="com.jdroids.robotlib.command.SchedulerTest" time="2.1"/>
  <testcase name="requires() crashes when it should()" classname="com.jdroids.robotlib.command.SchedulerTest" time="0.04"/>
  <testcase name="requires() interrupts commands when it should()" classname="com.jdroids.robotlib.command.SchedulerTest" time="0.183">
    <failure message="java.lang.AssertionError: Verification failed: call 1 of 1: Command(#2).periodic()). 3 matching calls found, but needs at least 2 and at most 2 calls&#10;Calls:&#10;1) Command(#2).hashCode()&#10;2) Command(#2).hashCode()&#10;3) Command(#2).hashCode()&#10;4) Command(#2).start()&#10;5) Command(#2).hashCode()&#10;6) Command(#2).hashCode()&#10;7) Command(#2).isInterruptible()&#10;8) Command(#2).hashCode()&#10;9) Command(#2).isInterruptible()&#10;10) Command(#2).interrupt()&#10;11) Command(#2).hashCode()&#10;12) Command(#2).isInterruptible()&#10;13) Command(#2).hashCode()&#10;14) Command(#2).hashCode()&#10;15) Command(#2).hashCode()&#10;16) Command(#2).hashCode()&#10;17) Command(#2).start()&#10;18) Command(#2).hashCode()&#10;19) Command(#2).hashCode()&#10;20) Command(#2).isInterruptible()&#10;21) Command(#2).interrupt()&#10;22) Command(#2).hashCode()&#10;23) Command(#2).isInterruptible()&#10;24) Command(#2).hashCode()&#10;25) Command(#2).isCompleted()&#10;26) Command(#2).periodic()&#10;27) Command(#2).isCompleted()&#10;28) Command(#2).isCompleted()&#10;29) Command(#2).periodic()&#10;30) Command(#2).isCompleted()&#10;31) Command(#2).isCompleted()&#10;32) Command(#2).periodic()&#10;33) Command(#2).isCompleted()&#10;&#10;Stack traces:&#10;1)                                                                                    io.mockk.impl.InternalPlatform.captureStackTrace                 (InternalPlatform.kt:123)                  &#10;                                                                                        io.mockk.impl.stub.MockKStub.handleInvocation                  (MockKStub.kt:206)                         &#10;                                                      io.mockk.impl.instantiation.JvmMockFactoryHelper$mockHandler$1.invocation                        (JvmMockFactoryHelper.kt:23)               &#10;                                                                               io.mockk.proxy.jvm.advice.Interceptor.call                              (Interceptor.kt:20)                        &#10;                                                                                io.mockk.proxy.jvm.advice.BaseAdvice.handle                            (BaseAdvice.kt:42)                         &#10;                                                              io.mockk.proxy.jvm.advice.jvm.JvmMockKProxyInterceptor.intercept                         (JvmMockKProxyInterceptor.java:31)         &#10;                                                                            com.jdroids.robotlib.command.Command(BB).hashCode                          (-:-1)                                     &#10;                                                                                                   java.util.HashMap.hash                              (HashMap.java:338)                         &#10;                                                                                                   java.util.HashMap.get                               (HashMap.java:556)                         &#10;                                                                          com.jdroids.robotlib.command.SchedulerImpl.requires                          (SchedulerImpl.kt:82)                      &#10;                                                                          com.jdroids.robotlib.command.SchedulerTest.requires() crashes when it should (SchedulerTest.kt:108)                     &#10;                                                                                sun.reflect.NativeMethodAccessorImpl.invoke0                           (NativeMethodAccessorImpl.java:-2)N        &#10;                                                                                sun.reflect.NativeMethodAccessorImpl.invoke                            (NativeMethodAccessorImpl.java:62)         &#10;                                                                            sun.reflect.DelegatingMethodAccessorImpl.invoke                            (DelegatingMethodAccessorImpl.java:43)     &#10;                                                                                            java.lang.reflect.Method.invoke                            (Method.java:498)                          &#10;                                                                     org.junit.platform.commons.util.ReflectionUtils.invokeMethod                      (ReflectionUtils.java:389)                 &#10;                                                                org.junit.jupiter.engine.execution.ExecutableInvoker.invoke                            (ExecutableInvoker.java:115)               &#10;                                                        org.junit.jupiter.engine.descriptor.TestMethodTestDescriptor.lambda$invokeTestMethod$6         (TestMethodTestDescriptor.java:167)        &#10;                                                               org.junit.jupiter.engine.execution.ThrowableCollector.execute                           (ThrowableCollector.java:40)               &#10;                                                        org.junit.jupiter.engine.descriptor.TestMethodTestDescriptor.invokeTestMethod                  (TestMethodTestDescriptor.java:163)        &#10;                                                        org.junit.jupiter.engine.descriptor.TestMethodTestDescriptor.execute                           (TestMethodTestDescriptor.java:110)        &#10;                                                        org.junit.jupiter.engine.descriptor.TestMethodTestDescriptor.execute                           (TestMethodTestDescriptor.java:57)         &#10;                                             org.junit.platform.engine.support.hierarchical.HierarchicalTestExecutor.lambda$execute$3                  (HierarchicalTestExecutor.java:83)         &#10;                                                   org.junit.platform.engine.support.hierarchical.SingleTestExecutor.executeSafely                     (SingleTestExecutor.java:66)               &#10;                                             org.junit.platform.engine.support.hierarchical.HierarchicalTestExecutor.execute                           (HierarchicalTestExecutor.java:77)         &#10;                                             org.junit.platform.engine.support.hierarchical.HierarchicalTestExecutor.lambda$null$2                     (HierarchicalTestExecutor.java:92)         &#10;                                                                         java.util.stream.ForEachOps$ForEachOp$OfRef.accept                            (ForEachOps.java:184)                      &#10;                                                                              java.util.stream.ReferencePipeline$2$1.accept                            (ReferencePipeline.java:175)               &#10;                                                                                                  java.util.Iterator.forEachRemaining                  (Iterator.java:116)                        &#10;                                                                          java.util.Spliterators$IteratorSpliterator.forEachRemaining                  (Spliterators.java:1801)                   &#10;                                                                                   java.util.stream.AbstractPipeline.copyInto                          (AbstractPipeline.java:481)                &#10;                                                                                   java.util.stream.AbstractPipeline.wrapAndCopyInto                   (AbstractPipeline.java:471)                &#10;                                                                               java.util.stream.ForEachOps$ForEachOp.evaluateSequential                (ForEachOps.java:151)                      &#10;                                                                         java.util.stream.ForEachOps$ForEachOp$OfRef.evaluateSequential                (ForEachOps.java:174)                      &#10;                                                                                   java.util.stream.AbstractPipeline.evaluate                          (AbstractPipeline.java:234)                &#10;                                                                                  java.util.stream.ReferencePipeline.forEach                           (ReferencePipeline.java:418)               &#10;                                             org.junit.platform.engine.support.hierarchical.HierarchicalTestExecutor.lambda$execute$3                  (HierarchicalTestExecutor.java:92)         &#10;                                                   org.junit.platform.engine.support.hierarchical.SingleTestExecutor.executeSafely                     (SingleTestExecutor.java:66)               &#10;                                             org.junit.platform.engine.support.hierarchical.HierarchicalTestExecutor.execute                           (HierarchicalTestExecutor.java:77)         &#10;                                             org.junit.platform.engine.support.hierarchical.HierarchicalTestExecutor.lambda$null$2                     (HierarchicalTestExecutor.java:92)         &#10;                                                                         java.util.stream.ForEachOps$ForEachOp$OfRef.accept                            (ForEachOps.java:184)                      &#10;                                                                              java.util.stream.ReferencePipeline$2$1.accept                            (ReferencePipeline.java:175)               &#10;                                                                                                  java.util.Iterator.forEachRemaining                  (Iterator.java:116)                        &#10;                                                                          java.util.Spliterators$IteratorSpliterator.forEachRemaining                  (Spliterators.java:1801)                   &#10;                                                                                   java.util.stream.AbstractPipeline.copyInto                          (AbstractPipeline.java:481)                &#10;                                                                                   java.util.stream.AbstractPipeline.wrapAndCopyInto                   (AbstractPipeline.java:471)                &#10;                                                                               java.util.stream.ForEachOps$ForEachOp.evaluateSequential                (ForEachOps.java:151)                      &#10;                                                                         java.util.stream.ForEachOps$ForEachOp$OfRef.evaluateSequential                (ForEachOps.java:174)                      &#10;                                                                                   java.util.stream.AbstractPipeline.evaluate                          (AbstractPipeline.java:234)                &#10;                                                                                  java.util.stream.ReferencePipeline.forEach                           (ReferencePipeline.java:418)               &#10;                                             org.junit.platform.engine.support.hierarchical.HierarchicalTestExecutor.lambda$execute$3                  (HierarchicalTestExecutor.java:92)         &#10;                                                   org.junit.platform.engine.support.hierarchical.SingleTestExecutor.executeSafely                     (SingleTestExecutor.java:66)               &#10;                                             org.junit.platform.engine.support.hierarchical.HierarchicalTestExecutor.execute                           (HierarchicalTestExecutor.java:77)         &#10;                                             org.junit.platform.engine.support.hierarchical.HierarchicalTestExecutor.execute                           (HierarchicalTestExecutor.java:51)         &#10;                                               org.junit.platform.engine.support.hierarchical.HierarchicalTestEngine.execute                           (HierarchicalTestEngine.java:43)           &#10;                                                                    org.junit.platform.launcher.core.DefaultLauncher.execute                           (DefaultLauncher.java:170)                 &#10;                                                                    org.junit.platform.launcher.core.DefaultLauncher.execute                           (DefaultLauncher.java:154)                 &#10;                                                                    org.junit.platform.launcher.core.DefaultLauncher.execute                           (DefaultLauncher.java:90)                  &#10;   org.gradle.api.internal.tasks.testing.junitplatform.JUnitPlatformTestClassProcessor$CollectAllTestClassesExecutor.processAllTestClasses             (JUnitPlatformTestClassProcessor.java:92)  &#10;   org.gradle.api.internal.tasks.testing.junitplatform.JUnitPlatformTestClassProcessor$CollectAllTestClassesExecutor.access$100                        (JUnitPlatformTestClassProcessor.java:77)  &#10;                                 org.gradle.api.internal.tasks.testing.junitplatform.JUnitPlatformTestClassProcessor.stop                              (JUnitPlatformTestClassProcessor.java:73)  &#10;                                                       org.gradle.api.internal.tasks.testing.SuiteTestClassProcessor.stop                              (SuiteTestClassProcessor.java:61)          &#10;                                                                                sun.reflect.NativeMethodAccessorImpl.invoke0                           (NativeMethodAccessorImpl.java:-2)N        &#10;                                                                                sun.reflect.NativeMethodAccessorImpl.invoke                            (NativeMethodAccessorImpl.java:62)         &#10;                                                                            sun.reflect.DelegatingMethodAccessorImpl.invoke                            (DelegatingMethodAccessorImpl.java:43)     &#10;                                                                                            java.lang.reflect.Method.invoke                            (Method.java:498)                          &#10;                                                                     org.gradle.internal.dispatch.ReflectionDispatch.dispatch                          (ReflectionDispatch.java:35)               &#10;                                                                     org.gradle.internal.dispatch.ReflectionDispatch.dispatch                          (ReflectionDispatch.java:24)               &#10;                                                             org.gradle.internal.dispatch.ContextClassLoaderDispatch.dispatch                          (ContextClassLoaderDispatch.java:32)       &#10;                                      org.gradle.internal.dispatch.ProxyDispatchAdapter$DispatchingInvocationHandler.invoke                            (ProxyDispatchAdapter.java:93)             &#10;                                                                                               com.sun.proxy.$Proxy1.stop                              (-:-1)                                     &#10;                                                             org.gradle.api.internal.tasks.testing.worker.TestWorker.stop                              (TestWorker.java:123)                      &#10;                                                                                sun.reflect.NativeMethodAccessorImpl.invoke0                           (NativeMethodAccessorImpl.java:-2)N        &#10;                                                                                sun.reflect.NativeMethodAccessorImpl.invoke                            (NativeMethodAccessorImpl.java:62)         &#10;                                                                            sun.reflect.DelegatingMethodAccessorImpl.invoke                            (DelegatingMethodAccessorImpl.java:43)     &#10;                                                                                            java.lang.reflect.Method.invoke                            (Method.java:498)                          &#10;                                                                     org.gradle.internal.dispatch.ReflectionDispatch.dispatch                          (ReflectionDispatch.java:35)               &#10;                                                                     org.gradle.internal.dispatch.ReflectionDispatch.dispatch                          (ReflectionDispatch.java:24)               &#10;                            org.gradle.internal.remote.internal.hub.MessageHubBackedObjectConnection$DispatchWrapper.dispatch                          (MessageHubBackedObjectConnection.java:155)&#10;                            org.gradle.internal.remote.internal.hub.MessageHubBackedObjectConnection$DispatchWrapper.dispatch                          (MessageHubBackedObjectConnection.java:137)&#10;                                                          org.gradle.internal.remote.internal.hub.MessageHub$Handler.run                               (MessageHub.java:404)                      &#10;                                                org.gradle.internal.concurrent.ExecutorPolicy$CatchAndRecordFailures.onExecute                         (ExecutorPolicy.java:63)                   &#10;                                                                org.gradle.internal.concurrent.ManagedExecutorImpl$1.run                               (ManagedExecutorImpl.java:46)              &#10;                                                                             java.util.concurrent.ThreadPoolExecutor.runWorker                         (ThreadPoolExecutor.java:1142)             &#10;                                                                      java.util.concurrent.ThreadPoolExecutor$Worker.run                               (ThreadPoolExecutor.java:617)              &#10;                                              org.gradle.internal.concurrent.ThreadFactoryImpl$ManagedThreadRunnable.run                               (ThreadFactoryImpl.java:55)                &#10;                                                                                                    java.lang.Thread.run                               (Thread.java:748)                          &#10;&#10;2)                                                                                    io.mockk.impl.InternalPlatform.captureStackTrace                 (InternalPlatform.kt:123)                  &#10;                                                                                        io.mockk.impl.stub.MockKStub.handleInvocation                  (MockKStub.kt:206)                         &#10;                                                      io.mockk.impl.instantiation.JvmMockFactoryHelper$mockHandler$1.invocation                        (JvmMockFactoryHelper.kt:23)               &#10;                                                                               io.mockk.proxy.jvm.advice.Interceptor.call                              (Interceptor.kt:20)                        &#10;                                                                                io.mockk.proxy.jvm.advice.BaseAdvice.handle                            (BaseAdvice.kt:42)                         &#10;                                                              io.mockk.proxy.jvm.advice.jvm.JvmMockKProxyInterceptor.intercept                         (JvmMockKProxyInterceptor.java:31)         &#10;                                                                            com.jdroids.robotlib.command.Command(BB).hashCode                          (-:-1)                                     &#10;                                                                                                   java.util.HashMap.hash                              (HashMap.java:338)                         &#10;                                                                                                   java.util.HashMap.put                               (HashMap.java:611)                         &#10;                                                                          com.jdroids.robotlib.command.SchedulerImpl.requires                          (SchedulerImpl.kt:83)                      &#10;                                                                          com.jdroids.robotlib.command.SchedulerTest.requires() crashes when it should (SchedulerTest.kt:108)                     &#10;                                                                                sun.reflect.NativeMethodAccessorImpl.invoke0                           (NativeMethodAccessorImpl.java:-2)N        &#10;                                                                                sun.reflect.NativeMethodAccessorImpl.invoke                            (NativeMethodAccessorImpl.java:62)         &#10;                                                                            sun.reflect.DelegatingMethodAccessorImpl.invoke                            (DelegatingMethodAccessorImpl.java:43)     &#10;                                                                                            java.lang.reflect.Method.invoke                            (Method.java:498)                          &#10;                                                                     org.junit.platform.commons.util.ReflectionUtils.invokeMethod                      (ReflectionUtils.java:389)                 &#10;                                                                org.junit.jupiter.engine.execution.ExecutableInvoker.invoke                            (ExecutableInvoker.java:115)               &#10;                                                        org.junit.jupiter.engine.descriptor.TestMethodTestDescriptor.lambda$invokeTestMethod$6         (TestMethodTestDescriptor.java:167)        &#10;                                                               org.junit.jupiter.engine.execution.ThrowableCollector.execute                           (ThrowableCollector.java:40)               &#10;                                                        org.junit.jupiter.engine.descriptor.TestMethodTestDescriptor.invokeTestMethod                  (TestMethodTestDescriptor.java:163)        &#10;                                                        org.junit.jupiter.engine.descriptor.TestMethodTestDescriptor.execute                           (TestMethodTestDescriptor.java:110)        &#10;                                                        org.junit.jupiter.engine.descriptor.TestMethodTestDescriptor.execute                           (TestMethodTestDescriptor.java:57)         &#10;                                             org.junit.platform.engine.support.hierarchical.HierarchicalTestExecutor.lambda$execute$3                  (HierarchicalTestExecutor.java:83)         &#10;                                                   org.junit.platform.engine.support.hierarchical.SingleTestExecutor.executeSafely                     (SingleTestExecutor.java:66)               &#10;                                             org.junit.platform.engine.support.hierarchical.HierarchicalTestExecutor.execute                           (HierarchicalTestExecutor.java:77)         &#10;                                             org.junit.platform.engine.support.hierarchical.HierarchicalTestExecutor.lambda$null$2                     (HierarchicalTestExecutor.java:92)         &#10;                                                                         java.util.stream.ForEachOps$ForEachOp$OfRef.accept                            (ForEachOps.java:184)                      &#10;                                                                              java.util.stream.ReferencePipeline$2$1.accept                            (ReferencePipeline.java:175)               &#10;                                                                                                  java.util.Iterator.forEachRemaining                  (Iterator.java:116)                        &#10;                                                                          java.util.Spliterators$IteratorSpliterator.forEachRemaining                  (Spliterators.java:1801)                   &#10;                                                                                   java.util.stream.AbstractPipeline.copyInto                          (AbstractPipeline.java:481)                &#10;                                                                                   java.util.stream.AbstractPipeline.wrapAndCopyInto                   (AbstractPipeline.java:471)                &#10;                                                                               java.util.stream.ForEachOps$ForEachOp.evaluateSequential                (ForEachOps.java:151)                      &#10;                                                                         java.util.stream.ForEachOps$ForEachOp$OfRef.evaluateSequential                (ForEachOps.java:174)                      &#10;                                                                                   java.util.stream.AbstractPipeline.evaluate                          (AbstractPipeline.java:234)                &#10;                                                                                  java.util.stream.ReferencePipeline.forEach                           (ReferencePipeline.java:418)               &#10;                                             org.junit.platform.engine.support.hierarchical.HierarchicalTestExecutor.lambda$execute$3                  (HierarchicalTestExecutor.java:92)         &#10;                                                   org.junit.platform.engine.support.hierarchical.SingleTestExecutor.executeSafely                     (SingleTestExecutor.java:66)               &#10;                                             org.junit.platform.engine.support.hierarchical.HierarchicalTestExecutor.execute                           (HierarchicalTestExecutor.java:77)         &#10;                                             org.junit.platform.engine.support.hierarchical.HierarchicalTestExecutor.lambda$null$2                     (HierarchicalTestExecutor.java:92)         &#10;                                                                         java.util.stream.ForEachOps$ForEachOp$OfRef.accept                            (ForEachOps.java:184)                      &#10;                                                                              java.util.stream.ReferencePipeline$2$1.accept                            (ReferencePipeline.java:175)               &#10;                                                                                                  java.util.Iterator.forEachRemaining                  (Iterator.java:116)                        &#10;                                                                          java.util.Spliterators$IteratorSpliterator.forEachRemaining                  (Spliterators.java:1801)                   &#10;                                                                                   java.util.stream.AbstractPipeline.copyInto                          (AbstractPipeline.java:481)                &#10;                                                                                   java.util.stream.AbstractPipeline.wrapAndCopyInto                   (AbstractPipeline.java:471)                &#10;                                                                               java.util.stream.ForEachOps$ForEachOp.evaluateSequential                (ForEachOps.java:151)                      &#10;                                                                         java.util.stream.ForEachOps$ForEachOp$OfRef.evaluateSequential                (ForEachOps.java:174)                      &#10;                                                                                   java.util.stream.AbstractPipeline.evaluate                          (AbstractPipeline.java:234)                &#10;                                                                                  java.util.stream.ReferencePipeline.forEach                           (ReferencePipeline.java:418)               &#10;                                             org.junit.platform.engine.support.hierarchical.HierarchicalTestExecutor.lambda$execute$3                  (HierarchicalTestExecutor.java:92)         &#10;                                                   org.junit.platform.engine.support.hierarchical.SingleTestExecutor.executeSafely                     (SingleTestExecutor.java:66)               &#10;                                             org.junit.platform.engine.support.hierarchical.HierarchicalTestExecutor.execute                           (HierarchicalTestExecutor.java:77)         &#10;                                             org.junit.platform.engine.support.hierarchical.HierarchicalTestExecutor.execute                           (HierarchicalTestExecutor.java:51)         &#10;                                               org.junit.platform.engine.support.hierarchical.HierarchicalTestEngine.execute                           (HierarchicalTestEngine.java:43)           &#10;                                                                    org.junit.platform.launcher.core.DefaultLauncher.execute                           (DefaultLauncher.java:170)                 &#10;                                                                    org.junit.platform.launcher.core.DefaultLauncher.execute                           (DefaultLauncher.java:154)                 &#10;                                                                    org.junit.platform.launcher.core.DefaultLauncher.execute                           (DefaultLauncher.java:90)                  &#10;   org.gradle.api.internal.tasks.testing.junitplatform.JUnitPlatformTestClassProcessor$CollectAllTestClassesExecutor.processAllTestClasses             (JUnitPlatformTestClassProcessor.java:92)  &#10;   org.gradle.api.internal.tasks.testing.junitplatform.JUnitPlatformTestClassProcessor$CollectAllTestClassesExecutor.access$100                        (JUnitPlatformTestClassProcessor.java:77)  &#10;                                 org.gradle.api.internal.tasks.testing.junitplatform.JUnitPlatformTestClassProcessor.stop                              (JUnitPlatformTestClassProcessor.java:73)  &#10;                                                       org.gradle.api.internal.tasks.testing.SuiteTestClassProcessor.stop                              (SuiteTestClassProcessor.java:61)          &#10;                                                                                sun.reflect.NativeMethodAccessorImpl.invoke0                           (NativeMethodAccessorImpl.java:-2)N        &#10;                                                                                sun.reflect.NativeMethodAccessorImpl.invoke                            (NativeMethodAccessorImpl.java:62)         &#10;                                                                            sun.reflect.DelegatingMethodAccessorImpl.invoke                            (DelegatingMethodAccessorImpl.java:43)     &#10;                                                                                            java.lang.reflect.Method.invoke                            (Method.java:498)                          &#10;                                                                     org.gradle.internal.dispatch.ReflectionDispatch.dispatch                          (ReflectionDispatch.java:35)               &#10;                                                                     org.gradle.internal.dispatch.ReflectionDispatch.dispatch                          (ReflectionDispatch.java:24)               &#10;                                                             org.gradle.internal.dispatch.ContextClassLoaderDispatch.dispatch                          (ContextClassLoaderDispatch.java:32)       &#10;                                      org.gradle.internal.dispatch.ProxyDispatchAdapter$DispatchingInvocationHandler.invoke                            (ProxyDispatchAdapter.java:93)             &#10;                                                                                               com.sun.proxy.$Proxy1.stop                              (-:-1)                                     &#10;                                                             org.gradle.api.internal.tasks.testing.worker.TestWorker.stop                              (TestWorker.java:123)                      &#10;                                                                                sun.reflect.NativeMethodAccessorImpl.invoke0                           (NativeMethodAccessorImpl.java:-2)N        &#10;                                                                                sun.reflect.NativeMethodAccessorImpl.invoke                            (NativeMethodAccessorImpl.java:62)         &#10;                                                                            sun.reflect.DelegatingMethodAccessorImpl.invoke                            (DelegatingMethodAccessorImpl.java:43)     &#10;                                                                                            java.lang.reflect.Method.invoke                            (Method.java:498)                          &#10;                                                                     org.gradle.internal.dispatch.ReflectionDispatch.dispatch                          (ReflectionDispatch.java:35)               &#10;                                                                     org.gradle.internal.dispatch.ReflectionDispatch.dispatch                          (ReflectionDispatch.java:24)               &#10;                            org.gradle.internal.remote.internal.hub.MessageHubBackedObjectConnection$DispatchWrapper.dispatch                          (MessageHubBackedObjectConnection.java:155)&#10;                            org.gradle.internal.remote.internal.hub.MessageHubBackedObjectConnection$DispatchWrapper.dispatch                          (MessageHubBackedObjectConnection.java:137)&#10;                                                          org.gradle.internal.remote.internal.hub.MessageHub$Handler.run                               (MessageHub.java:404)                      &#10;                                                org.gradle.internal.concurrent.ExecutorPolicy$CatchAndRecordFailures.onExecute                         (ExecutorPolicy.java:63)                   &#10;                                                                org.gradle.internal.concurrent.ManagedExecutorImpl$1.run                               (ManagedExecutorImpl.java:46)              &#10;                                                                             java.util.concurrent.ThreadPoolExecutor.runWorker                         (ThreadPoolExecutor.java:1142)             &#10;                                                                      java.util.concurrent.ThreadPoolExecutor$Worker.run                               (ThreadPoolExecutor.java:617)              &#10;                                              org.gradle.internal.concurrent.ThreadFactoryImpl$ManagedThreadRunnable.run                               (ThreadFactoryImpl.java:55)                &#10;                                                                                                    java.lang.Thread.run                               (Thread.java:748)                          &#10;&#10;3)                                                                                    io.mockk.impl.InternalPlatform.captureStackTrace                 (InternalPlatform.kt:123)                  &#10;                                                                                        io.mockk.impl.stub.MockKStub.handleInvocation                  (MockKStub.kt:206)                         &#10;                                                      io.mockk.impl.instantiation.JvmMockFactoryHelper$mockHandler$1.invocation                        (JvmMockFactoryHelper.kt:23)               &#10;                                                                               io.mockk.proxy.jvm.advice.Interceptor.call                              (Interceptor.kt:20)                        &#10;                                                                                io.mockk.proxy.jvm.advice.BaseAdvice.handle                            (BaseAdvice.kt:42)                         &#10;                                                              io.mockk.proxy.jvm.advice.jvm.JvmMockKProxyInterceptor.intercept                         (JvmMockKProxyInterceptor.java:31)         &#10;                                                                            com.jdroids.robotlib.command.Command(BB).hashCode                          (-:-1)                                     &#10;                                                                                                   java.util.HashMap.hash                              (HashMap.java:338)                         &#10;                                                                                                   java.util.HashMap.get                               (HashMap.java:556)                         &#10;                                                                          com.jdroids.robotlib.command.SchedulerImpl.requires                          (SchedulerImpl.kt:86)                      &#10;                                                                          com.jdroids.robotlib.command.SchedulerTest.requires() crashes when it should (SchedulerTest.kt:108)                     &#10;                                                                                sun.reflect.NativeMethodAccessorImpl.invoke0                           (NativeMethodAccessorImpl.java:-2)N        &#10;                                                                                sun.reflect.NativeMethodAccessorImpl.invoke                            (NativeMethodAccessorImpl.java:62)         &#10;                                                                            sun.reflect.DelegatingMethodAccessorImpl.invoke                            (DelegatingMethodAccessorImpl.java:43)     &#10;                                                                                            java.lang.reflect.Method.invoke                            (Method.java:498)                          &#10;                                                                     org.junit.platform.commons.util.ReflectionUtils.invokeMethod                      (ReflectionUtils.java:389)                 &#10;                                                                org.junit.jupiter.engine.execution.ExecutableInvoker.invoke                            (ExecutableInvoker.java:115)               &#10;                                                        org.junit.jupiter.engine.descriptor.TestMethodTestDescriptor.lambda$invokeTestMethod$6         (TestMethodTestDescriptor.java:167)        &#10;                                                               org.junit.jupiter.engine.execution.ThrowableCollector.execute                           (ThrowableCollector.java:40)               &#10;                                                        org.junit.jupiter.engine.descriptor.TestMethodTestDescriptor.invokeTestMethod                  (TestMethodTestDescriptor.java:163)        &#10;                                                        org.junit.jupiter.engine.descriptor.TestMethodTestDescriptor.execute                           (TestMethodTestDescriptor.java:110)        &#10;                                                        org.junit.jupiter.engine.descriptor.TestMethodTestDescriptor.execute                           (TestMethodTestDescriptor.java:57)         &#10;                                             org.junit.platform.engine.support.hierarchical.HierarchicalTestExecutor.lambda$execute$3                  (HierarchicalTestExecutor.java:83)         &#10;                                                   org.junit.platform.engine.support.hierarchical.SingleTestExecutor.executeSafely                     (SingleTestExecutor.java:66)               &#10;                                             org.junit.platform.engine.support.hierarchical.HierarchicalTestExecutor.execute                           (HierarchicalTestExecutor.java:77)         &#10;                                             org.junit.platform.engine.support.hierarchical.HierarchicalTestExecutor.lambda$null$2                     (HierarchicalTestExecutor.java:92)         &#10;                                                                         java.util.stream.ForEachOps$ForEachOp$OfRef.accept                            (ForEachOps.java:184)                      &#10;                                                                              java.util.stream.ReferencePipeline$2$1.accept                            (ReferencePipeline.java:175)               &#10;                                                                                                  java.util.Iterator.forEachRemaining                  (Iterator.java:116)                        &#10;                                                                          java.util.Spliterators$IteratorSpliterator.forEachRemaining                  (Spliterators.java:1801)                   &#10;                                                                                   java.util.stream.AbstractPipeline.copyInto                          (AbstractPipeline.java:481)                &#10;                                                                                   java.util.stream.AbstractPipeline.wrapAndCopyInto                   (AbstractPipeline.java:471)                &#10;                                                                               java.util.stream.ForEachOps$ForEachOp.evaluateSequential                (ForEachOps.java:151)                      &#10;                                                                         java.util.stream.ForEachOps$ForEachOp$OfRef.evaluateSequential                (ForEachOps.java:174)                      &#10;                                                                                   java.util.stream.AbstractPipeline.evaluate                          (AbstractPipeline.java:234)                &#10;                                                                                  java.util.stream.ReferencePipeline.forEach                           (ReferencePipeline.java:418)               &#10;                                             org.junit.platform.engine.support.hierarchical.HierarchicalTestExecutor.lambda$execute$3                  (HierarchicalTestExecutor.java:92)         &#10;                                                   org.junit.platform.engine.support.hierarchical.SingleTestExecutor.executeSafely                     (SingleTestExecutor.java:66)               &#10;                                             org.junit.platform.engine.support.hierarchical.HierarchicalTestExecutor.execute                           (HierarchicalTestExecutor.java:77)         &#10;                                             org.junit.platform.engine.support.hierarchical.HierarchicalTestExecutor.lambda$null$2                     (HierarchicalTestExecutor.java:92)         &#10;                                                                         java.util.stream.ForEachOps$ForEachOp$OfRef.accept                            (ForEachOps.java:184)                      &#10;                                                                              java.util.stream.ReferencePipeline$2$1.accept                            (ReferencePipeline.java:175)               &#10;                                                                                                  java.util.Iterator.forEachRemaining                  (Iterator.java:116)                        &#10;                                                                          java.util.Spliterators$IteratorSpliterator.forEachRemaining                  (Spliterators.java:1801)                   &#10;                                                                                   java.util.stream.AbstractPipeline.copyInto                          (AbstractPipeline.java:481)                &#10;                                                                                   java.util.stream.AbstractPipeline.wrapAndCopyInto                   (AbstractPipeline.java:471)                &#10;                                                                               java.util.stream.ForEachOps$ForEachOp.evaluateSequential                (ForEachOps.java:151)                      &#10;                                                                         java.util.stream.ForEachOps$ForEachOp$OfRef.evaluateSequential                (ForEachOps.java:174)                      &#10;                                                                                   java.util.stream.AbstractPipeline.evaluate                          (AbstractPipeline.java:234)                &#10;                                                                                  java.util.stream.ReferencePipeline.forEach                           (ReferencePipeline.java:418)               &#10;                                             org.junit.platform.engine.support.hierarchical.HierarchicalTestExecutor.lambda$execute$3                  (HierarchicalTestExecutor.java:92)         &#10;                                                   org.junit.platform.engine.support.hierarchical.SingleTestExecutor.executeSafely                     (SingleTestExecutor.java:66)               &#10;                                             org.junit.platform.engine.support.hierarchical.HierarchicalTestExecutor.execute                           (HierarchicalTestExecutor.java:77)         &#10;                                             org.junit.platform.engine.support.hierarchical.HierarchicalTestExecutor.execute                           (HierarchicalTestExecutor.java:51)         &#10;                                               org.junit.platform.engine.support.hierarchical.HierarchicalTestEngine.execute                           (HierarchicalTestEngine.java:43)           &#10;                                                                    org.junit.platform.launcher.core.DefaultLauncher.execute                           (DefaultLauncher.java:170)                 &#10;                                                                    org.junit.platform.launcher.core.DefaultLauncher.execute                           (DefaultLauncher.java:154)                 &#10;                                                                    org.junit.platform.launcher.core.DefaultLauncher.execute                           (DefaultLauncher.java:90)                  &#10;   org.gradle.api.internal.tasks.testing.junitplatform.JUnitPlatformTestClassProcessor$CollectAllTestClassesExecutor.processAllTestClasses             (JUnitPlatformTestClassProcessor.java:92)  &#10;   org.gradle.api.internal.tasks.testing.junitplatform.JUnitPlatformTestClassProcessor$CollectAllTestClassesExecutor.access$100                        (JUnitPlatformTestClassProcessor.java:77)  &#10;                                 org.gradle.api.internal.tasks.testing.junitplatform.JUnitPlatformTestClassProcessor.stop                              (JUnitPlatformTestClassProcessor.java:73)  &#10;                                                       org.gradle.api.internal.tasks.testing.SuiteTestClassProcessor.stop                              (SuiteTestClassProcessor.java:61)          &#10;                                                                                sun.reflect.NativeMethodAccessorImpl.invoke0                           (NativeMethodAccessorImpl.java:-2)N        &#10;                                                                                sun.reflect.NativeMethodAccessorImpl.invoke                            (NativeMethodAccessorImpl.java:62)         &#10;                                                                            sun.reflect.DelegatingMethodAccessorImpl.invoke                            (DelegatingMethodAccessorImpl.java:43)     &#10;                                                                                            java.lang.reflect.Method.invoke                            (Method.java:498)                          &#10;                                                                     org.gradle.internal.dispatch.ReflectionDispatch.dispatch                          (ReflectionDispatch.java:35)               &#10;                                                                     org.gradle.internal.dispatch.ReflectionDispatch.dispatch                          (ReflectionDispatch.java:24)               &#10;                                                             org.gradle.internal.dispatch.ContextClassLoaderDispatch.dispatch                          (ContextClassLoaderDispatch.java:32)       &#10;                                      org.gradle.internal.dispatch.ProxyDispatchAdapter$DispatchingInvocationHandler.invoke                            (ProxyDispatchAdapter.java:93)             &#10;                                                                                               com.sun.proxy.$Proxy1.stop                              (-:-1)                                     &#10;                                                             org.gradle.api.internal.tasks.testing.worker.TestWorker.stop                              (TestWorker.java:123)                      &#10;                                                                                sun.reflect.NativeMethodAccessorImpl.invoke0                           (NativeMethodAccessorImpl.java:-2)N        &#10;                                                                                sun.reflect.NativeMethodAccessorImpl.invoke                            (NativeMethodAccessorImpl.java:62)         &#10;                                                                            sun.reflect.DelegatingMethodAccessorImpl.invoke                            (DelegatingMethodAccessorImpl.java:43)     &#10;                                                                                            java.lang.reflect.Method.invoke                            (Method.java:498)                          &#10;                                                                     org.gradle.internal.dispatch.ReflectionDispatch.dispatch                          (ReflectionDispatch.java:35)               &#10;                                                                     org.gradle.internal.dispatch.ReflectionDispatch.dispatch                          (ReflectionDispatch.java:24)               &#10;                            org.gradle.internal.remote.internal.hub.MessageHubBackedObjectConnection$DispatchWrapper.dispatch                          (MessageHubBackedObjectConnection.java:155)&#10;                            org.gradle.internal.remote.internal.hub.MessageHubBackedObjectConnection$DispatchWrapper.dispatch                          (MessageHubBackedObjectConnection.java:137)&#10;                                                          org.gradle.internal.remote.internal.hub.MessageHub$Handler.run                               (MessageHub.java:404)                      &#10;                                                org.gradle.internal.concurrent.ExecutorPolicy$CatchAndRecordFailures.onExecute                         (ExecutorPolicy.java:63)                   &#10;                                                                org.gradle.internal.concurrent.ManagedExecutorImpl$1.run                               (ManagedExecutorImpl.java:46)              &#10;                                                                             java.util.concurrent.ThreadPoolExecutor.runWorker                         (ThreadPoolExecutor.java:1142)             &#10;                                                                      java.util.concurrent.ThreadPoolExecutor$Worker.run                               (ThreadPoolExecutor.java:617)              &#10;                                              org.gradle.internal.concurrent.ThreadFactoryImpl$ManagedThreadRunnable.run                               (ThreadFactoryImpl.java:55)                &#10;                                                                                                    java.lang.Thread.run                               (Thread.java:748)                          &#10;&#10;4)                                                                                    io.mockk.impl.InternalPlatform.captureStackTrace                 (InternalPlatform.kt:123)                  &#10;                                                                                        io.mockk.impl.stub.MockKStub.handleInvocation                  (MockKStub.kt:206)                         &#10;                                                      io.mockk.impl.instantiation.JvmMockFactoryHelper$mockHandler$1.invocation                        (JvmMockFactoryHelper.kt:23)               &#10;                                                                               io.mockk.proxy.jvm.advice.Interceptor.call                              (Interceptor.kt:20)                        &#10;                                                                                io.mockk.proxy.jvm.advice.BaseAdvice.handle                            (BaseAdvice.kt:42)                         &#10;                                                              io.mockk.proxy.jvm.advice.jvm.JvmMockKProxyInterceptor.interceptNoSuper                  (JvmMockKProxyInterceptor.java:45)         &#10;                                                                            com.jdroids.robotlib.command.Command(BB).start                             (-:-1)                                     &#10;                                                                          com.jdroids.robotlib.command.SchedulerImpl.run                               (SchedulerImpl.kt:31)                      &#10;                                                                          com.jdroids.robotlib.command.SchedulerTest.requires() crashes when it should (SchedulerTest.kt:110)                     &#10;                                                                                sun.reflect.NativeMethodAccessorImpl.invoke0                           (NativeMethodAccessorImpl.java:-2)N        &#10;                                                                                sun.reflect.NativeMethodAccessorImpl.invoke                            (NativeMethodAccessorImpl.java:62)         &#10;                                                                            sun.reflect.DelegatingMethodAccessorImpl.invoke                            (DelegatingMethodAccessorImpl.java:43)     &#10;                                                                                            java.lang.reflect.Method.invoke                            (Method.java:498)                          &#10;                                                                     org.junit.platform.commons.util.ReflectionUtils.invokeMethod                      (ReflectionUtils.java:389)                 &#10;                                                                org.junit.jupiter.engine.execution.ExecutableInvoker.invoke                            (ExecutableInvoker.java:115)               &#10;                                                        org.junit.jupiter.engine.descriptor.TestMethodTestDescriptor.lambda$invokeTestMethod$6         (TestMethodTestDescriptor.java:167)        &#10;                                                               org.junit.jupiter.engine.execution.ThrowableCollector.execute                           (ThrowableCollector.java:40)               &#10;                                                        org.junit.jupiter.engine.descriptor.TestMethodTestDescriptor.invokeTestMethod                  (TestMethodTestDescriptor.java:163)        &#10;                                                        org.junit.jupiter.engine.descriptor.TestMethodTestDescriptor.execute                           (TestMethodTestDescriptor.java:110)        &#10;                                                        org.junit.jupiter.engine.descriptor.TestMethodTestDescriptor.execute                           (TestMethodTestDescriptor.java:57)         &#10;                                             org.junit.platform.engine.support.hierarchical.HierarchicalTestExecutor.lambda$execute$3                  (HierarchicalTestExecutor.java:83)         &#10;                                                   org.junit.platform.engine.support.hierarchical.SingleTestExecutor.executeSafely                     (SingleTestExecutor.java:66)               &#10;                                             org.junit.platform.engine.support.hierarchical.HierarchicalTestExecutor.execute                           (HierarchicalTestExecutor.java:77)         &#10;                                             org.junit.platform.engine.support.hierarchical.HierarchicalTestExecutor.lambda$null$2                     (HierarchicalTestExecutor.java:92)         &#10;                                                                         java.util.stream.ForEachOps$ForEachOp$OfRef.accept                            (ForEachOps.java:184)                      &#10;                                                                              java.util.stream.ReferencePipeline$2$1.accept                            (ReferencePipeline.java:175)               &#10;                                                                                                  java.util.Iterator.forEachRemaining                  (Iterator.java:116)                        &#10;                                                                          java.util.Spliterators$IteratorSpliterator.forEachRemaining                  (Spliterators.java:1801)                   &#10;                                                                                   java.util.stream.AbstractPipeline.copyInto                          (AbstractPipeline.java:481)                &#10;                                                                                   java.util.stream.AbstractPipeline.wrapAndCopyInto                   (AbstractPipeline.java:471)                &#10;                                                                               java.util.stream.ForEachOps$ForEachOp.evaluateSequential                (ForEachOps.java:151)                      &#10;                                                                         java.util.stream.ForEachOps$ForEachOp$OfRef.evaluateSequential                (ForEachOps.java:174)                      &#10;                                                                                   java.util.stream.AbstractPipeline.evaluate                          (AbstractPipeline.java:234)                &#10;                                                                                  java.util.stream.ReferencePipeline.forEach                           (ReferencePipeline.java:418)               &#10;                                             org.junit.platform.engine.support.hierarchical.HierarchicalTestExecutor.lambda$execute$3                  (HierarchicalTestExecutor.java:92)         &#10;                                                   org.junit.platform.engine.support.hierarchical.SingleTestExecutor.executeSafely                     (SingleTestExecutor.java:66)               &#10;                                             org.junit.platform.engine.support.hierarchical.HierarchicalTestExecutor.execute                           (HierarchicalTestExecutor.java:77)         &#10;                                             org.junit.platform.engine.support.hierarchical.HierarchicalTestExecutor.lambda$null$2                     (HierarchicalTestExecutor.java:92)         &#10;                                                                         java.util.stream.ForEachOps$ForEachOp$OfRef.accept                            (ForEachOps.java:184)                      &#10;                                                                              java.util.stream.ReferencePipeline$2$1.accept                            (ReferencePipeline.java:175)               &#10;                                                                                                  java.util.Iterator.forEachRemaining                  (Iterator.java:116)                        &#10;                                                                          java.util.Spliterators$IteratorSpliterator.forEachRemaining                  (Spliterators.java:1801)                   &#10;                                                                                   java.util.stream.AbstractPipeline.copyInto                          (AbstractPipeline.java:481)                &#10;                                                                                   java.util.stream.AbstractPipeline.wrapAndCopyInto                   (AbstractPipeline.java:471)                &#10;                                                                               java.util.stream.ForEachOps$ForEachOp.evaluateSequential                (ForEachOps.java:151)                      &#10;                                                                         java.util.stream.ForEachOps$ForEachOp$OfRef.evaluateSequential                (ForEachOps.java:174)                      &#10;                                                                                   java.util.stream.AbstractPipeline.evaluate                          (AbstractPipeline.java:234)                &#10;                                                                                  java.util.stream.ReferencePipeline.forEach                           (ReferencePipeline.java:418)               &#10;                                             org.junit.platform.engine.support.hierarchical.HierarchicalTestExecutor.lambda$execute$3                  (HierarchicalTestExecutor.java:92)         &#10;                                                   org.junit.platform.engine.support.hierarchical.SingleTestExecutor.executeSafely                     (SingleTestExecutor.java:66)               &#10;                                             org.junit.platform.engine.support.hierarchical.HierarchicalTestExecutor.execute                           (HierarchicalTestExecutor.java:77)         &#10;                                             org.junit.platform.engine.support.hierarchical.HierarchicalTestExecutor.execute                           (HierarchicalTestExecutor.java:51)         &#10;                                               org.junit.platform.engine.support.hierarchical.HierarchicalTestEngine.execute                           (HierarchicalTestEngine.java:43)           &#10;                                                                    org.junit.platform.launcher.core.DefaultLauncher.execute                           (DefaultLauncher.java:170)                 &#10;                                                                    org.junit.platform.launcher.core.DefaultLauncher.execute                           (DefaultLauncher.java:154)                 &#10;                                                                    org.junit.platform.launcher.core.DefaultLauncher.execute                           (DefaultLauncher.java:90)                  &#10;   org.gradle.api.internal.tasks.testing.junitplatform.JUnitPlatformTestClassProcessor$CollectAllTestClassesExecutor.processAllTestClasses             (JUnitPlatformTestClassProcessor.java:92)  &#10;   org.gradle.api.internal.tasks.testing.junitplatform.JUnitPlatformTestClassProcessor$CollectAllTestClassesExecutor.access$100                        (JUnitPlatformTestClassProcessor.java:77)  &#10;                                 org.gradle.api.internal.tasks.testing.junitplatform.JUnitPlatformTestClassProcessor.stop                              (JUnitPlatformTestClassProcessor.java:73)  &#10;                                                       org.gradle.api.internal.tasks.testing.SuiteTestClassProcessor.stop                              (SuiteTestClassProcessor.java:61)          &#10;                                                                                sun.reflect.NativeMethodAccessorImpl.invoke0                           (NativeMethodAccessorImpl.java:-2)N        &#10;                                                                                sun.reflect.NativeMethodAccessorImpl.invoke                            (NativeMethodAccessorImpl.java:62)         &#10;                                                                            sun.reflect.DelegatingMethodAccessorImpl.invoke                            (DelegatingMethodAccessorImpl.java:43)     &#10;                                                                                            java.lang.reflect.Method.invoke                            (Method.java:498)                          &#10;                                                                     org.gradle.internal.dispatch.ReflectionDispatch.dispatch                          (ReflectionDispatch.java:35)               &#10;                                                                     org.gradle.internal.dispatch.ReflectionDispatch.dispatch                          (ReflectionDispatch.java:24)               &#10;                                                             org.gradle.internal.dispatch.ContextClassLoaderDispatch.dispatch                          (ContextClassLoaderDispatch.java:32)       &#10;                                      org.gradle.internal.dispatch.ProxyDispatchAdapter$DispatchingInvocationHandler.invoke                            (ProxyDispatchAdapter.java:93)             &#10;                                                                                               com.sun.proxy.$Proxy1.stop                              (-:-1)                                     &#10;                                                             org.gradle.api.internal.tasks.testing.worker.TestWorker.stop                              (TestWorker.java:123)                      &#10;                                                                                sun.reflect.NativeMethodAccessorImpl.invoke0                           (NativeMethodAccessorImpl.java:-2)N        &#10;                                                                                sun.reflect.NativeMethodAccessorImpl.invoke                            (NativeMethodAccessorImpl.java:62)         &#10;                                                                            sun.reflect.DelegatingMethodAccessorImpl.invoke                            (DelegatingMethodAccessorImpl.java:43)     &#10;                                                                                            java.lang.reflect.Method.invoke                            (Method.java:498)                          &#10;                                                                     org.gradle.internal.dispatch.ReflectionDispatch.dispatch                          (ReflectionDispatch.java:35)               &#10;                                                                     org.gradle.internal.dispatch.ReflectionDispatch.dispatch                          (ReflectionDispatch.java:24)               &#10;                            org.gradle.internal.remote.internal.hub.MessageHubBackedObjectConnection$DispatchWrapper.dispatch                          (MessageHubBackedObjectConnection.java:155)&#10;                            org.gradle.internal.remote.internal.hub.MessageHubBackedObjectConnection$DispatchWrapper.dispatch                          (MessageHubBackedObjectConnection.java:137)&#10;                                                          org.gradle.internal.remote.internal.hub.MessageHub$Handler.run                               (MessageHub.java:404)                      &#10;                                                org.gradle.internal.concurrent.ExecutorPolicy$CatchAndRecordFailures.onExecute                         (ExecutorPolicy.java:63)                   &#10;                                                                org.gradle.internal.concurrent.ManagedExecutorImpl$1.run                               (ManagedExecutorImpl.java:46)              &#10;                                                                             java.util.concurrent.ThreadPoolExecutor.runWorker                         (ThreadPoolExecutor.java:1142)             &#10;                                                                      java.util.concurrent.ThreadPoolExecutor$Worker.run                               (ThreadPoolExecutor.java:617)              &#10;                                              org.gradle.internal.concurrent.ThreadFactoryImpl$ManagedThreadRunnable.run                               (ThreadFactoryImpl.java:55)                &#10;                                                                                                    java.lang.Thread.run                               (Thread.java:748)                          &#10;&#10;5)                                                                                    io.mockk.impl.InternalPlatform.captureStackTrace                 (InternalPlatform.kt:123)                  &#10;                                                                                        io.mockk.impl.stub.MockKStub.handleInvocation                  (MockKStub.kt:206)                         &#10;                                                      io.mockk.impl.instantiation.JvmMockFactoryHelper$mockHandler$1.invocation                        (JvmMockFactoryHelper.kt:23)               &#10;                                                                               io.mockk.proxy.jvm.advice.Interceptor.call                              (Interceptor.kt:20)                        &#10;                                                                                io.mockk.proxy.jvm.advice.BaseAdvice.handle                            (BaseAdvice.kt:42)                         &#10;                                                              io.mockk.proxy.jvm.advice.jvm.JvmMockKProxyInterceptor.intercept                         (JvmMockKProxyInterceptor.java:31)         &#10;                                                                            com.jdroids.robotlib.command.Command(BB).hashCode                          (-:-1)                                     &#10;                                                                                                   java.util.HashMap.hash                              (HashMap.java:338)                         &#10;                                                                                                   java.util.HashMap.put                               (HashMap.java:611)                         &#10;                                                                                                   java.util.HashSet.add                               (HashSet.java:219)                         &#10;                                                                          com.jdroids.robotlib.command.SchedulerImpl.run                               (SchedulerImpl.kt:32)                      &#10;                                                                          com.jdroids.robotlib.command.SchedulerTest.requires() crashes when it should (SchedulerTest.kt:110)                     &#10;                                                                                sun.reflect.NativeMethodAccessorImpl.invoke0                           (NativeMethodAccessorImpl.java:-2)N        &#10;                                                                                sun.reflect.NativeMethodAccessorImpl.invoke                            (NativeMethodAccessorImpl.java:62)         &#10;                                                                            sun.reflect.DelegatingMethodAccessorImpl.invoke                            (DelegatingMethodAccessorImpl.java:43)     &#10;                                                                                            java.lang.reflect.Method.invoke                            (Method.java:498)                          &#10;                                                                     org.junit.platform.commons.util.ReflectionUtils.invokeMethod                      (ReflectionUtils.java:389)                 &#10;                                                                org.junit.jupiter.engine.execution.ExecutableInvoker.invoke                            (ExecutableInvoker.java:115)               &#10;                                                        org.junit.jupiter.engine.descriptor.TestMethodTestDescriptor.lambda$invokeTestMethod$6         (TestMethodTestDescriptor.java:167)        &#10;                                                               org.junit.jupiter.engine.execution.ThrowableCollector.execute                           (ThrowableCollector.java:40)               &#10;                                                        org.junit.jupiter.engine.descriptor.TestMethodTestDescriptor.invokeTestMethod                  (TestMethodTestDescriptor.java:163)        &#10;                                                        org.junit.jupiter.engine.descriptor.TestMethodTestDescriptor.execute                           (TestMethodTestDescriptor.java:110)        &#10;                                                        org.junit.jupiter.engine.descriptor.TestMethodTestDescriptor.execute                           (TestMethodTestDescriptor.java:57)         &#10;                                             org.junit.platform.engine.support.hierarchical.HierarchicalTestExecutor.lambda$execute$3                  (HierarchicalTestExecutor.java:83)         &#10;                                                   org.junit.platform.engine.support.hierarchical.SingleTestExecutor.executeSafely                     (SingleTestExecutor.java:66)               &#10;                                             org.junit.platform.engine.support.hierarchical.HierarchicalTestExecutor.execute                           (HierarchicalTestExecutor.java:77)         &#10;                                             org.junit.platform.engine.support.hierarchical.HierarchicalTestExecutor.lambda$null$2                     (HierarchicalTestExecutor.java:92)         &#10;                                                                         java.util.stream.ForEachOps$ForEachOp$OfRef.accept                            (ForEachOps.java:184)                      &#10;                                                                              java.util.stream.ReferencePipeline$2$1.accept                            (ReferencePipeline.java:175)               &#10;                                                                                                  java.util.Iterator.forEachRemaining                  (Iterator.java:116)                        &#10;                                                                          java.util.Spliterators$IteratorSpliterator.forEachRemaining                  (Spliterators.java:1801)                   &#10;                                                                                   java.util.stream.AbstractPipeline.copyInto                          (AbstractPipeline.java:481)                &#10;                                                                                   java.util.stream.AbstractPipeline.wrapAndCopyInto                   (AbstractPipeline.java:471)                &#10;                                                                               java.util.stream.ForEachOps$ForEachOp.evaluateSequential                (ForEachOps.java:151)                      &#10;                                                                         java.util.stream.ForEachOps$ForEachOp$OfRef.evaluateSequential                (ForEachOps.java:174)                      &#10;                                                                                   java.util.stream.AbstractPipeline.evaluate                          (AbstractPipeline.java:234)                &#10;                                                                                  java.util.stream.ReferencePipeline.forEach                           (ReferencePipeline.java:418)               &#10;                                             org.junit.platform.engine.support.hierarchical.HierarchicalTestExecutor.lambda$execute$3                  (HierarchicalTestExecutor.java:92)         &#10;                                                   org.junit.platform.engine.support.hierarchical.SingleTestExecutor.executeSafely                     (SingleTestExecutor.java:66)               &#10;                                             org.junit.platform.engine.support.hierarchical.HierarchicalTestExecutor.execute                           (HierarchicalTestExecutor.java:77)         &#10;                                             org.junit.platform.engine.support.hierarchical.HierarchicalTestExecutor.lambda$null$2                     (HierarchicalTestExecutor.java:92)         &#10;                                                                         java.util.stream.ForEachOps$ForEachOp$OfRef.accept                            (ForEachOps.java:184)                      &#10;                                                                              java.util.stream.ReferencePipeline$2$1.accept                            (ReferencePipeline.java:175)               &#10;                                                                                                  java.util.Iterator.forEachRemaining                  (Iterator.java:116)                        &#10;                                                                          java.util.Spliterators$IteratorSpliterator.forEachRemaining                  (Spliterators.java:1801)                   &#10;                                                                                   java.util.stream.AbstractPipeline.copyInto                          (AbstractPipeline.java:481)                &#10;                                                                                   java.util.stream.AbstractPipeline.wrapAndCopyInto                   (AbstractPipeline.java:471)                &#10;                                                                               java.util.stream.ForEachOps$ForEachOp.evaluateSequential                (ForEachOps.java:151)                      &#10;                                                                         java.util.stream.ForEachOps$ForEachOp$OfRef.evaluateSequential                (ForEachOps.java:174)                      &#10;                                                                                   java.util.stream.AbstractPipeline.evaluate                          (AbstractPipeline.java:234)                &#10;                                                                                  java.util.stream.ReferencePipeline.forEach                           (ReferencePipeline.java:418)               &#10;                                             org.junit.platform.engine.support.hierarchical.HierarchicalTestExecutor.lambda$execute$3                  (HierarchicalTestExecutor.java:92)         &#10;                                                   org.junit.platform.engine.support.hierarchical.SingleTestExecutor.executeSafely                     (SingleTestExecutor.java:66)               &#10;                                             org.junit.platform.engine.support.hierarchical.HierarchicalTestExecutor.execute                           (HierarchicalTestExecutor.java:77)         &#10;                                             org.junit.platform.engine.support.hierarchical.HierarchicalTestExecutor.execute                           (HierarchicalTestExecutor.java:51)         &#10;                                               org.junit.platform.engine.support.hierarchical.HierarchicalTestEngine.execute                           (HierarchicalTestEngine.java:43)           &#10;                                                                    org.junit.platform.launcher.core.DefaultLauncher.execute                           (DefaultLauncher.java:170)                 &#10;                                                                    org.junit.platform.launcher.core.DefaultLauncher.execute                           (DefaultLauncher.java:154)                 &#10;                                                                    org.junit.platform.launcher.core.DefaultLauncher.execute                           (DefaultLauncher.java:90)                  &#10;   org.gradle.api.internal.tasks.testing.junitplatform.JUnitPlatformTestClassProcessor$CollectAllTestClassesExecutor.processAllTestClasses             (JUnitPlatformTestClassProcessor.java:92)  &#10;   org.gradle.api.internal.tasks.testing.junitplatform.JUnitPlatformTestClassProcessor$CollectAllTestClassesExecutor.access$100                        (JUnitPlatformTestClassProcessor.java:77)  &#10;                                 org.gradle.api.internal.tasks.testing.junitplatform.JUnitPlatformTestClassProcessor.stop                              (JUnitPlatformTestClassProcessor.java:73)  &#10;                                                       org.gradle.api.internal.tasks.testing.SuiteTestClassProcessor.stop                              (SuiteTestClassProcessor.java:61)          &#10;                                                                                sun.reflect.NativeMethodAccessorImpl.invoke0                           (NativeMethodAccessorImpl.java:-2)N        &#10;                                                                                sun.reflect.NativeMethodAccessorImpl.invoke                            (NativeMethodAccessorImpl.java:62)         &#10;                                                                            sun.reflect.DelegatingMethodAccessorImpl.invoke                            (DelegatingMethodAccessorImpl.java:43)     &#10;                                                                                            java.lang.reflect.Method.invoke                            (Method.java:498)                          &#10;                                                                     org.gradle.internal.dispatch.ReflectionDispatch.dispatch                          (ReflectionDispatch.java:35)               &#10;                                                                     org.gradle.internal.dispatch.ReflectionDispatch.dispatch                          (ReflectionDispatch.java:24)               &#10;                                                             org.gradle.internal.dispatch.ContextClassLoaderDispatch.dispatch                          (ContextClassLoaderDispatch.java:32)       &#10;                                      org.gradle.internal.dispatch.ProxyDispatchAdapter$DispatchingInvocationHandler.invoke                            (ProxyDispatchAdapter.java:93)             &#10;                                                                                               com.sun.proxy.$Proxy1.stop                              (-:-1)                                     &#10;                                                             org.gradle.api.internal.tasks.testing.worker.TestWorker.stop                              (TestWorker.java:123)                      &#10;                                                                                sun.reflect.NativeMethodAccessorImpl.invoke0                           (NativeMethodAccessorImpl.java:-2)N        &#10;                                                                                sun.reflect.NativeMethodAccessorImpl.invoke                            (NativeMethodAccessorImpl.java:62)         &#10;                                                                            sun.reflect.DelegatingMethodAccessorImpl.invoke                            (DelegatingMethodAccessorImpl.java:43)     &#10;                                                                                            java.lang.reflect.Method.invoke                            (Method.java:498)                          &#10;                                                                     org.gradle.internal.dispatch.ReflectionDispatch.dispatch                          (ReflectionDispatch.java:35)               &#10;                                                                     org.gradle.internal.dispatch.ReflectionDispatch.dispatch                          (ReflectionDispatch.java:24)               &#10;                            org.gradle.internal.remote.internal.hub.MessageHubBackedObjectConnection$DispatchWrapper.dispatch                          (MessageHubBackedObjectConnection.java:155)&#10;                            org.gradle.internal.remote.internal.hub.MessageHubBackedObjectConnection$DispatchWrapper.dispatch                          (MessageHubBackedObjectConnection.java:137)&#10;                                                          org.gradle.internal.remote.internal.hub.MessageHub$Handler.run                               (MessageHub.java:404)                      &#10;                                                org.gradle.internal.concurrent.ExecutorPolicy$CatchAndRecordFailures.onExecute                         (ExecutorPolicy.java:63)                   &#10;                                                                org.gradle.internal.concurrent.ManagedExecutorImpl$1.run                               (ManagedExecutorImpl.java:46)              &#10;                                                                             java.util.concurrent.ThreadPoolExecutor.runWorker                         (ThreadPoolExecutor.java:1142)             &#10;                                                                      java.util.concurrent.ThreadPoolExecutor$Worker.run                               (ThreadPoolExecutor.java:617)              &#10;                                              org.gradle.internal.concurrent.ThreadFactoryImpl$ManagedThreadRunnable.run                               (ThreadFactoryImpl.java:55)                &#10;                                                                                                    java.lang.Thread.run                               (Thread.java:748)                          &#10;&#10;6)                                                                                    io.mockk.impl.InternalPlatform.captureStackTrace                                 (InternalPlatform.kt:123)                  &#10;                                                                                        io.mockk.impl.stub.MockKStub.handleInvocation                                  (MockKStub.kt:206)                         &#10;                                                      io.mockk.impl.instantiation.JvmMockFactoryHelper$mockHandler$1.invocation                                        (JvmMockFactoryHelper.kt:23)               &#10;                                                                               io.mockk.proxy.jvm.advice.Interceptor.call                                              (Interceptor.kt:20)                        &#10;                                                                                io.mockk.proxy.jvm.advice.BaseAdvice.handle                                            (BaseAdvice.kt:42)                         &#10;                                                              io.mockk.proxy.jvm.advice.jvm.JvmMockKProxyInterceptor.intercept                                         (JvmMockKProxyInterceptor.java:31)         &#10;                                                                            com.jdroids.robotlib.command.Command(BB).hashCode                                          (-:-1)                                     &#10;                                                                                                   java.util.HashMap.hash                                              (HashMap.java:338)                         &#10;                                                                                                   java.util.HashMap.get                                               (HashMap.java:556)                         &#10;                                                               com.jdroids.robotlib.command.SchedulerImpl$requires$1.invoke                                            (SchedulerImpl.kt:65)                      &#10;                                                               com.jdroids.robotlib.command.SchedulerImpl$requires$1.invoke                                            (SchedulerImpl.kt:8)                       &#10;                                                              kotlin.collections.CollectionsKt__MutableCollectionsKt.filterInPlace$CollectionsKt__MutableCollectionsKt (MutableCollections.kt:164)                &#10;                                                              kotlin.collections.CollectionsKt__MutableCollectionsKt.removeAll                                         (MutableCollections.kt:153)                &#10;                                                                          com.jdroids.robotlib.command.SchedulerImpl.requires                                          (SchedulerImpl.kt:64)                      &#10;                                     com.jdroids.robotlib.command.SchedulerTest$requires() crashes when it should$10.execute                                           (SchedulerTest.kt:119)                     &#10;                                                                                  org.junit.jupiter.api.AssertThrows.assertThrows                                      (AssertThrows.java:50)                     &#10;                                                                                  org.junit.jupiter.api.AssertThrows.assertThrows                                      (AssertThrows.java:38)                     &#10;                                                                                    org.junit.jupiter.api.Assertions.assertThrows                                      (Assertions.java:1108)                     &#10;                                                                          com.jdroids.robotlib.command.SchedulerTest.requires() crashes when it should                 (SchedulerTest.kt:119)                     &#10;                                                                                sun.reflect.NativeMethodAccessorImpl.invoke0                                           (NativeMethodAccessorImpl.java:-2)N        &#10;                                                                                sun.reflect.NativeMethodAccessorImpl.invoke                                            (NativeMethodAccessorImpl.java:62)         &#10;                                                                            sun.reflect.DelegatingMethodAccessorImpl.invoke                                            (DelegatingMethodAccessorImpl.java:43)     &#10;                                                                                            java.lang.reflect.Method.invoke                                            (Method.java:498)                          &#10;                                                                     org.junit.platform.commons.util.ReflectionUtils.invokeMethod                                      (ReflectionUtils.java:389)                 &#10;                                                                org.junit.jupiter.engine.execution.ExecutableInvoker.invoke                                            (ExecutableInvoker.java:115)               &#10;                                                        org.junit.jupiter.engine.descriptor.TestMethodTestDescriptor.lambda$invokeTestMethod$6                         (TestMethodTestDescriptor.java:167)        &#10;                                                               org.junit.jupiter.engine.execution.ThrowableCollector.execute                                           (ThrowableCollector.java:40)               &#10;                                                        org.junit.jupiter.engine.descriptor.TestMethodTestDescriptor.invokeTestMethod                                  (TestMethodTestDescriptor.java:163)        &#10;                                                        org.junit.jupiter.engine.descriptor.TestMethodTestDescriptor.execute                                           (TestMethodTestDescriptor.java:110)        &#10;                                                        org.junit.jupiter.engine.descriptor.TestMethodTestDescriptor.execute                                           (TestMethodTestDescriptor.java:57)         &#10;                                             org.junit.platform.engine.support.hierarchical.HierarchicalTestExecutor.lambda$execute$3                                  (HierarchicalTestExecutor.java:83)         &#10;                                                   org.junit.platform.engine.support.hierarchical.SingleTestExecutor.executeSafely                                     (SingleTestExecutor.java:66)               &#10;                                             org.junit.platform.engine.support.hierarchical.HierarchicalTestExecutor.execute                                           (HierarchicalTestExecutor.java:77)         &#10;                                             org.junit.platform.engine.support.hierarchical.HierarchicalTestExecutor.lambda$null$2                                     (HierarchicalTestExecutor.java:92)         &#10;                                                                         java.util.stream.ForEachOps$ForEachOp$OfRef.accept                                            (ForEachOps.java:184)                      &#10;                                                                              java.util.stream.ReferencePipeline$2$1.accept                                            (ReferencePipeline.java:175)               &#10;                                                                                                  java.util.Iterator.forEachRemaining                                  (Iterator.java:116)                        &#10;                                                                          java.util.Spliterators$IteratorSpliterator.forEachRemaining                                  (Spliterators.java:1801)                   &#10;                                                                                   java.util.stream.AbstractPipeline.copyInto                                          (AbstractPipeline.java:481)                &#10;                                                                                   java.util.stream.AbstractPipeline.wrapAndCopyInto                                   (AbstractPipeline.java:471)                &#10;                                                                               java.util.stream.ForEachOps$ForEachOp.evaluateSequential                                (ForEachOps.java:151)                      &#10;                                                                         java.util.stream.ForEachOps$ForEachOp$OfRef.evaluateSequential                                (ForEachOps.java:174)                      &#10;                                                                                   java.util.stream.AbstractPipeline.evaluate                                          (AbstractPipeline.java:234)                &#10;                                                                                  java.util.stream.ReferencePipeline.forEach                                           (ReferencePipeline.java:418)               &#10;                                             org.junit.platform.engine.support.hierarchical.HierarchicalTestExecutor.lambda$execute$3                                  (HierarchicalTestExecutor.java:92)         &#10;                                                   org.junit.platform.engine.support.hierarchical.SingleTestExecutor.executeSafely                                     (SingleTestExecutor.java:66)               &#10;                                             org.junit.platform.engine.support.hierarchical.HierarchicalTestExecutor.execute                                           (HierarchicalTestExecutor.java:77)         &#10;                                             org.junit.platform.engine.support.hierarchical.HierarchicalTestExecutor.lambda$null$2                                     (HierarchicalTestExecutor.java:92)         &#10;                                                                         java.util.stream.ForEachOps$ForEachOp$OfRef.accept                                            (ForEachOps.java:184)                      &#10;                                                                              java.util.stream.ReferencePipeline$2$1.accept                                            (ReferencePipeline.java:175)               &#10;                                                                                                  java.util.Iterator.forEachRemaining                                  (Iterator.java:116)                        &#10;                                                                          java.util.Spliterators$IteratorSpliterator.forEachRemaining                                  (Spliterators.java:1801)                   &#10;                                                                                   java.util.stream.AbstractPipeline.copyInto                                          (AbstractPipeline.java:481)                &#10;                                                                                   java.util.stream.AbstractPipeline.wrapAndCopyInto                                   (AbstractPipeline.java:471)                &#10;                                                                               java.util.stream.ForEachOps$ForEachOp.evaluateSequential                                (ForEachOps.java:151)                      &#10;                                                                         java.util.stream.ForEachOps$ForEachOp$OfRef.evaluateSequential                                (ForEachOps.java:174)                      &#10;                                                                                   java.util.stream.AbstractPipeline.evaluate                                          (AbstractPipeline.java:234)                &#10;                                                                                  java.util.stream.ReferencePipeline.forEach                                           (ReferencePipeline.java:418)               &#10;                                             org.junit.platform.engine.support.hierarchical.HierarchicalTestExecutor.lambda$execute$3                                  (HierarchicalTestExecutor.java:92)         &#10;                                                   org.junit.platform.engine.support.hierarchical.SingleTestExecutor.executeSafely                                     (SingleTestExecutor.java:66)               &#10;                                             org.junit.platform.engine.support.hierarchical.HierarchicalTestExecutor.execute                                           (HierarchicalTestExecutor.java:77)         &#10;                                             org.junit.platform.engine.support.hierarchical.HierarchicalTestExecutor.execute                                           (HierarchicalTestExecutor.java:51)         &#10;                                               org.junit.platform.engine.support.hierarchical.HierarchicalTestEngine.execute                                           (HierarchicalTestEngine.java:43)           &#10;                                                                    org.junit.platform.launcher.core.DefaultLauncher.execute                                           (DefaultLauncher.java:170)                 &#10;                                                                    org.junit.platform.launcher.core.DefaultLauncher.execute                                           (DefaultLauncher.java:154)                 &#10;                                                                    org.junit.platform.launcher.core.DefaultLauncher.execute                                           (DefaultLauncher.java:90)                  &#10;   org.gradle.api.internal.tasks.testing.junitplatform.JUnitPlatformTestClassProcessor$CollectAllTestClassesExecutor.processAllTestClasses                             (JUnitPlatformTestClassProcessor.java:92)  &#10;   org.gradle.api.internal.tasks.testing.junitplatform.JUnitPlatformTestClassProcessor$CollectAllTestClassesExecutor.access$100                                        (JUnitPlatformTestClassProcessor.java:77)  &#10;                                 org.gradle.api.internal.tasks.testing.junitplatform.JUnitPlatformTestClassProcessor.stop                                              (JUnitPlatformTestClassProcessor.java:73)  &#10;                                                       org.gradle.api.internal.tasks.testing.SuiteTestClassProcessor.stop                                              (SuiteTestClassProcessor.java:61)          &#10;                                                                                sun.reflect.NativeMethodAccessorImpl.invoke0                                           (NativeMethodAccessorImpl.java:-2)N        &#10;                                                                                sun.reflect.NativeMethodAccessorImpl.invoke                                            (NativeMethodAccessorImpl.java:62)         &#10;                                                                            sun.reflect.DelegatingMethodAccessorImpl.invoke                                            (DelegatingMethodAccessorImpl.java:43)     &#10;                                                                                            java.lang.reflect.Method.invoke                                            (Method.java:498)                          &#10;                                                                     org.gradle.internal.dispatch.ReflectionDispatch.dispatch                                          (ReflectionDispatch.java:35)               &#10;                                                                     org.gradle.internal.dispatch.ReflectionDispatch.dispatch                                          (ReflectionDispatch.java:24)               &#10;                                                             org.gradle.internal.dispatch.ContextClassLoaderDispatch.dispatch                                          (ContextClassLoaderDispatch.java:32)       &#10;                                      org.gradle.internal.dispatch.ProxyDispatchAdapter$DispatchingInvocationHandler.invoke                                            (ProxyDispatchAdapter.java:93)             &#10;                                                                                               com.sun.proxy.$Proxy1.stop                                              (-:-1)                                     &#10;                                                             org.gradle.api.internal.tasks.testing.worker.TestWorker.stop                                              (TestWorker.java:123)                      &#10;                                                                                sun.reflect.NativeMethodAccessorImpl.invoke0                                           (NativeMethodAccessorImpl.java:-2)N        &#10;                                                                                sun.reflect.NativeMethodAccessorImpl.invoke                                            (NativeMethodAccessorImpl.java:62)         &#10;                                                                            sun.reflect.DelegatingMethodAccessorImpl.invoke                                            (DelegatingMethodAccessorImpl.java:43)     &#10;                                                                                            java.lang.reflect.Method.invoke                                            (Method.java:498)                          &#10;                                                                     org.gradle.internal.dispatch.ReflectionDispatch.dispatch                                          (ReflectionDispatch.java:35)               &#10;                                                                     org.gradle.internal.dispatch.ReflectionDispatch.dispatch                                          (ReflectionDispatch.java:24)               &#10;                            org.gradle.internal.remote.internal.hub.MessageHubBackedObjectConnection$DispatchWrapper.dispatch                                          (MessageHubBackedObjectConnection.java:155)&#10;                            org.gradle.internal.remote.internal.hub.MessageHubBackedObjectConnection$DispatchWrapper.dispatch                                          (MessageHubBackedObjectConnection.java:137)&#10;                                                          org.gradle.internal.remote.internal.hub.MessageHub$Handler.run                                               (MessageHub.java:404)                      &#10;                                                org.gradle.internal.concurrent.ExecutorPolicy$CatchAndRecordFailures.onExecute                                         (ExecutorPolicy.java:63)                   &#10;                                                                org.gradle.internal.concurrent.ManagedExecutorImpl$1.run                                               (ManagedExecutorImpl.java:46)              &#10;                                                                             java.util.concurrent.ThreadPoolExecutor.runWorker                                         (ThreadPoolExecutor.java:1142)             &#10;                                                                      java.util.concurrent.ThreadPoolExecutor$Worker.run                                               (ThreadPoolExecutor.java:617)              &#10;                                              org.gradle.internal.concurrent.ThreadFactoryImpl$ManagedThreadRunnable.run                                               (ThreadFactoryImpl.java:55)                &#10;                                                                                                    java.lang.Thread.run                                               (Thread.java:748)                          &#10;&#10;7)                                                                                    io.mockk.impl.InternalPlatform.captureStackTrace                                 (InternalPlatform.kt:123)                  &#10;                                                                                        io.mockk.impl.stub.MockKStub.handleInvocation                                  (MockKStub.kt:206)                         &#10;                                                      io.mockk.impl.instantiation.JvmMockFactoryHelper$mockHandler$1.invocation                                        (JvmMockFactoryHelper.kt:23)               &#10;                                                                               io.mockk.proxy.jvm.advice.Interceptor.call                                              (Interceptor.kt:20)                        &#10;                                                                                io.mockk.proxy.jvm.advice.BaseAdvice.handle                                            (BaseAdvice.kt:42)                         &#10;                                                              io.mockk.proxy.jvm.advice.jvm.JvmMockKProxyInterceptor.interceptNoSuper                                  (JvmMockKProxyInterceptor.java:45)         &#10;                                                                            com.jdroids.robotlib.command.Command(BB).isInterruptible                                   (-:-1)                                     &#10;                                                               com.jdroids.robotlib.command.SchedulerImpl$requires$1.invoke                                            (SchedulerImpl.kt:66)                      &#10;                                                               com.jdroids.robotlib.command.SchedulerImpl$requires$1.invoke                                            (SchedulerImpl.kt:8)                       &#10;                                                              kotlin.collections.CollectionsKt__MutableCollectionsKt.filterInPlace$CollectionsKt__MutableCollectionsKt (MutableCollections.kt:164)                &#10;                                                              kotlin.collections.CollectionsKt__MutableCollectionsKt.removeAll                                         (MutableCollections.kt:153)                &#10;                                                                          com.jdroids.robotlib.command.SchedulerImpl.requires                                          (SchedulerImpl.kt:64)                      &#10;                                     com.jdroids.robotlib.command.SchedulerTest$requires() crashes when it should$10.execute                                           (SchedulerTest.kt:119)                     &#10;                                                                                  org.junit.jupiter.api.AssertThrows.assertThrows                                      (AssertThrows.java:50)                     &#10;                                                                                  org.junit.jupiter.api.AssertThrows.assertThrows                                      (AssertThrows.java:38)                     &#10;                                                                                    org.junit.jupiter.api.Assertions.assertThrows                                      (Assertions.java:1108)                     &#10;                                                                          com.jdroids.robotlib.command.SchedulerTest.requires() crashes when it should                 (SchedulerTest.kt:119)                     &#10;                                                                                sun.reflect.NativeMethodAccessorImpl.invoke0                                           (NativeMethodAccessorImpl.java:-2)N        &#10;                                                                                sun.reflect.NativeMethodAccessorImpl.invoke                                            (NativeMethodAccessorImpl.java:62)         &#10;                                                                            sun.reflect.DelegatingMethodAccessorImpl.invoke                                            (DelegatingMethodAccessorImpl.java:43)     &#10;                                                                                            java.lang.reflect.Method.invoke                                            (Method.java:498)                          &#10;                                                                     org.junit.platform.commons.util.ReflectionUtils.invokeMethod                                      (ReflectionUtils.java:389)                 &#10;                                                                org.junit.jupiter.engine.execution.ExecutableInvoker.invoke                                            (ExecutableInvoker.java:115)               &#10;                                                        org.junit.jupiter.engine.descriptor.TestMethodTestDescriptor.lambda$invokeTestMethod$6                         (TestMethodTestDescriptor.java:167)        &#10;                                                               org.junit.jupiter.engine.execution.ThrowableCollector.execute                                           (ThrowableCollector.java:40)               &#10;                                                        org.junit.jupiter.engine.descriptor.TestMethodTestDescriptor.invokeTestMethod                                  (TestMethodTestDescriptor.java:163)        &#10;                                                        org.junit.jupiter.engine.descriptor.TestMethodTestDescriptor.execute                                           (TestMethodTestDescriptor.java:110)        &#10;                                                        org.junit.jupiter.engine.descriptor.TestMethodTestDescriptor.execute                                           (TestMethodTestDescriptor.java:57)         &#10;                                             org.junit.platform.engine.support.hierarchical.HierarchicalTestExecutor.lambda$execute$3                                  (HierarchicalTestExecutor.java:83)         &#10;                                                   org.junit.platform.engine.support.hierarchical.SingleTestExecutor.executeSafely                                     (SingleTestExecutor.java:66)               &#10;                                             org.junit.platform.engine.support.hierarchical.HierarchicalTestExecutor.execute                                           (HierarchicalTestExecutor.java:77)         &#10;                                             org.junit.platform.engine.support.hierarchical.HierarchicalTestExecutor.lambda$null$2                                     (HierarchicalTestExecutor.java:92)         &#10;                                                                         java.util.stream.ForEachOps$ForEachOp$OfRef.accept                                            (ForEachOps.java:184)                      &#10;                                                                              java.util.stream.ReferencePipeline$2$1.accept                                            (ReferencePipeline.java:175)               &#10;                                                                                                  java.util.Iterator.forEachRemaining                                  (Iterator.java:116)                        &#10;                                                                          java.util.Spliterators$IteratorSpliterator.forEachRemaining                                  (Spliterators.java:1801)                   &#10;                                                                                   java.util.stream.AbstractPipeline.copyInto                                          (AbstractPipeline.java:481)                &#10;                                                                                   java.util.stream.AbstractPipeline.wrapAndCopyInto                                   (AbstractPipeline.java:471)                &#10;                                                                               java.util.stream.ForEachOps$ForEachOp.evaluateSequential                                (ForEachOps.java:151)                      &#10;                                                                         java.util.stream.ForEachOps$ForEachOp$OfRef.evaluateSequential                                (ForEachOps.java:174)                      &#10;                                                                                   java.util.stream.AbstractPipeline.evaluate                                          (AbstractPipeline.java:234)                &#10;                                                                                  java.util.stream.ReferencePipeline.forEach                                           (ReferencePipeline.java:418)               &#10;                                             org.junit.platform.engine.support.hierarchical.HierarchicalTestExecutor.lambda$execute$3                                  (HierarchicalTestExecutor.java:92)         &#10;                                                   org.junit.platform.engine.support.hierarchical.SingleTestExecutor.executeSafely                                     (SingleTestExecutor.java:66)               &#10;                                             org.junit.platform.engine.support.hierarchical.HierarchicalTestExecutor.execute                                           (HierarchicalTestExecutor.java:77)         &#10;                                             org.junit.platform.engine.support.hierarchical.HierarchicalTestExecutor.lambda$null$2                                     (HierarchicalTestExecutor.java:92)         &#10;                                                                         java.util.stream.ForEachOps$ForEachOp$OfRef.accept                                            (ForEachOps.java:184)                      &#10;                                                                              java.util.stream.ReferencePipeline$2$1.accept                                            (ReferencePipeline.java:175)               &#10;                                                                                                  java.util.Iterator.forEachRemaining                                  (Iterator.java:116)                        &#10;                                                                          java.util.Spliterators$IteratorSpliterator.forEachRemaining                                  (Spliterators.java:1801)                   &#10;                                                                                   java.util.stream.AbstractPipeline.copyInto                                          (AbstractPipeline.java:481)                &#10;                                                                                   java.util.stream.AbstractPipeline.wrapAndCopyInto                                   (AbstractPipeline.java:471)                &#10;                                                                               java.util.stream.ForEachOps$ForEachOp.evaluateSequential                                (ForEachOps.java:151)                      &#10;                                                                         java.util.stream.ForEachOps$ForEachOp$OfRef.evaluateSequential                                (ForEachOps.java:174)                      &#10;                                                                                   java.util.stream.AbstractPipeline.evaluate                                          (AbstractPipeline.java:234)                &#10;                                                                                  java.util.stream.ReferencePipeline.forEach                                           (ReferencePipeline.java:418)               &#10;                                             org.junit.platform.engine.support.hierarchical.HierarchicalTestExecutor.lambda$execute$3                                  (HierarchicalTestExecutor.java:92)         &#10;                                                   org.junit.platform.engine.support.hierarchical.SingleTestExecutor.executeSafely                                     (SingleTestExecutor.java:66)               &#10;                                             org.junit.platform.engine.support.hierarchical.HierarchicalTestExecutor.execute                                           (HierarchicalTestExecutor.java:77)         &#10;                                             org.junit.platform.engine.support.hierarchical.HierarchicalTestExecutor.execute                                           (HierarchicalTestExecutor.java:51)         &#10;                                               org.junit.platform.engine.support.hierarchical.HierarchicalTestEngine.execute                                           (HierarchicalTestEngine.java:43)           &#10;                                                                    org.junit.platform.launcher.core.DefaultLauncher.execute                                           (DefaultLauncher.java:170)                 &#10;                                                                    org.junit.platform.launcher.core.DefaultLauncher.execute                                           (DefaultLauncher.java:154)                 &#10;                                                                    org.junit.platform.launcher.core.DefaultLauncher.execute                                           (DefaultLauncher.java:90)                  &#10;   org.gradle.api.internal.tasks.testing.junitplatform.JUnitPlatformTestClassProcessor$CollectAllTestClassesExecutor.processAllTestClasses                             (JUnitPlatformTestClassProcessor.java:92)  &#10;   org.gradle.api.internal.tasks.testing.junitplatform.JUnitPlatformTestClassProcessor$CollectAllTestClassesExecutor.access$100                                        (JUnitPlatformTestClassProcessor.java:77)  &#10;                                 org.gradle.api.internal.tasks.testing.junitplatform.JUnitPlatformTestClassProcessor.stop                                              (JUnitPlatformTestClassProcessor.java:73)  &#10;                                                       org.gradle.api.internal.tasks.testing.SuiteTestClassProcessor.stop                                              (SuiteTestClassProcessor.java:61)          &#10;                                                                                sun.reflect.NativeMethodAccessorImpl.invoke0                                           (NativeMethodAccessorImpl.java:-2)N        &#10;                                                                                sun.reflect.NativeMethodAccessorImpl.invoke                                            (NativeMethodAccessorImpl.java:62)         &#10;                                                                            sun.reflect.DelegatingMethodAccessorImpl.invoke                                            (DelegatingMethodAccessorImpl.java:43)     &#10;                                                                                            java.lang.reflect.Method.invoke                                            (Method.java:498)                          &#10;                                                                     org.gradle.internal.dispatch.ReflectionDispatch.dispatch                                          (ReflectionDispatch.java:35)               &#10;                                                                     org.gradle.internal.dispatch.ReflectionDispatch.dispatch                                          (ReflectionDispatch.java:24)               &#10;                                                             org.gradle.internal.dispatch.ContextClassLoaderDispatch.dispatch                                          (ContextClassLoaderDispatch.java:32)       &#10;                                      org.gradle.internal.dispatch.ProxyDispatchAdapter$DispatchingInvocationHandler.invoke                                            (ProxyDispatchAdapter.java:93)             &#10;                                                                                               com.sun.proxy.$Proxy1.stop                                              (-:-1)                                     &#10;                                                             org.gradle.api.internal.tasks.testing.worker.TestWorker.stop                                              (TestWorker.java:123)                      &#10;                                                                                sun.reflect.NativeMethodAccessorImpl.invoke0                                           (NativeMethodAccessorImpl.java:-2)N        &#10;                                                                                sun.reflect.NativeMethodAccessorImpl.invoke                                            (NativeMethodAccessorImpl.java:62)         &#10;                                                                            sun.reflect.DelegatingMethodAccessorImpl.invoke                                            (DelegatingMethodAccessorImpl.java:43)     &#10;                                                                                            java.lang.reflect.Method.invoke                                            (Method.java:498)                          &#10;                                                                     org.gradle.internal.dispatch.ReflectionDispatch.dispatch                                          (ReflectionDispatch.java:35)               &#10;                                                                     org.gradle.internal.dispatch.ReflectionDispatch.dispatch                                          (ReflectionDispatch.java:24)               &#10;                            org.gradle.internal.remote.internal.hub.MessageHubBackedObjectConnection$DispatchWrapper.dispatch                                          (MessageHubBackedObjectConnection.java:155)&#10;                            org.gradle.internal.remote.internal.hub.MessageHubBackedObjectConnection$DispatchWrapper.dispatch                                          (MessageHubBackedObjectConnection.java:137)&#10;                                                          org.gradle.internal.remote.internal.hub.MessageHub$Handler.run                                               (MessageHub.java:404)                      &#10;                                                org.gradle.internal.concurrent.ExecutorPolicy$CatchAndRecordFailures.onExecute                                         (ExecutorPolicy.java:63)                   &#10;                                                                org.gradle.internal.concurrent.ManagedExecutorImpl$1.run                                               (ManagedExecutorImpl.java:46)              &#10;                                                                             java.util.concurrent.ThreadPoolExecutor.runWorker                                         (ThreadPoolExecutor.java:1142)             &#10;                                                                      java.util.concurrent.ThreadPoolExecutor$Worker.run                                               (ThreadPoolExecutor.java:617)              &#10;                                              org.gradle.internal.concurrent.ThreadFactoryImpl$ManagedThreadRunnable.run                                               (ThreadFactoryImpl.java:55)                &#10;                                                                                                    java.lang.Thread.run                                               (Thread.java:748)                          &#10;&#10;8)                                                                                    io.mockk.impl.InternalPlatform.captureStackTrace                                 (InternalPlatform.kt:123)                  &#10;                                                                                        io.mockk.impl.stub.MockKStub.handleInvocation                                  (MockKStub.kt:206)                         &#10;                                                      io.mockk.impl.instantiation.JvmMockFactoryHelper$mockHandler$1.invocation                                        (JvmMockFactoryHelper.kt:23)               &#10;                                                                               io.mockk.proxy.jvm.advice.Interceptor.call                                              (Interceptor.kt:20)                        &#10;                                                                                io.mockk.proxy.jvm.advice.BaseAdvice.handle                                            (BaseAdvice.kt:42)                         &#10;                                                              io.mockk.proxy.jvm.advice.jvm.JvmMockKProxyInterceptor.intercept                                         (JvmMockKProxyInterceptor.java:31)         &#10;                                                                            com.jdroids.robotlib.command.Command(BB).hashCode                                          (-:-1)                                     &#10;                                                                                                   java.util.HashMap.hash                                              (HashMap.java:338)                         &#10;                                                                                                   java.util.HashMap.get                                               (HashMap.java:556)                         &#10;                                                               com.jdroids.robotlib.command.SchedulerImpl$requires$1.invoke                                            (SchedulerImpl.kt:65)                      &#10;                                                               com.jdroids.robotlib.command.SchedulerImpl$requires$1.invoke                                            (SchedulerImpl.kt:8)                       &#10;                                                              kotlin.collections.CollectionsKt__MutableCollectionsKt.filterInPlace$CollectionsKt__MutableCollectionsKt (MutableCollections.kt:164)                &#10;                                                              kotlin.collections.CollectionsKt__MutableCollectionsKt.removeAll                                         (MutableCollections.kt:153)                &#10;                                                                          com.jdroids.robotlib.command.SchedulerImpl.requires                                          (SchedulerImpl.kt:64)                      &#10;                                                                          com.jdroids.robotlib.command.SchedulerTest.requires() interrupts commands when it should     (SchedulerTest.kt:76)                      &#10;                                                                                sun.reflect.NativeMethodAccessorImpl.invoke0                                           (NativeMethodAccessorImpl.java:-2)N        &#10;                                                                                sun.reflect.NativeMethodAccessorImpl.invoke                                            (NativeMethodAccessorImpl.java:62)         &#10;                                                                            sun.reflect.DelegatingMethodAccessorImpl.invoke                                            (DelegatingMethodAccessorImpl.java:43)     &#10;                                                                                            java.lang.reflect.Method.invoke                                            (Method.java:498)                          &#10;                                                                     org.junit.platform.commons.util.ReflectionUtils.invokeMethod                                      (ReflectionUtils.java:389)                 &#10;                                                                org.junit.jupiter.engine.execution.ExecutableInvoker.invoke                                            (ExecutableInvoker.java:115)               &#10;                                                        org.junit.jupiter.engine.descriptor.TestMethodTestDescriptor.lambda$invokeTestMethod$6                         (TestMethodTestDescriptor.java:167)        &#10;                                                               org.junit.jupiter.engine.execution.ThrowableCollector.execute                                           (ThrowableCollector.java:40)               &#10;                                                        org.junit.jupiter.engine.descriptor.TestMethodTestDescriptor.invokeTestMethod                                  (TestMethodTestDescriptor.java:163)        &#10;                                                        org.junit.jupiter.engine.descriptor.TestMethodTestDescriptor.execute                                           (TestMethodTestDescriptor.java:110)        &#10;                                                        org.junit.jupiter.engine.descriptor.TestMethodTestDescriptor.execute                                           (TestMethodTestDescriptor.java:57)         &#10;                                             org.junit.platform.engine.support.hierarchical.HierarchicalTestExecutor.lambda$execute$3                                  (HierarchicalTestExecutor.java:83)         &#10;                                                   org.junit.platform.engine.support.hierarchical.SingleTestExecutor.executeSafely                                     (SingleTestExecutor.java:66)               &#10;                                             org.junit.platform.engine.support.hierarchical.HierarchicalTestExecutor.execute                                           (HierarchicalTestExecutor.java:77)         &#10;                                             org.junit.platform.engine.support.hierarchical.HierarchicalTestExecutor.lambda$null$2                                     (HierarchicalTestExecutor.java:92)         &#10;                                                                         java.util.stream.ForEachOps$ForEachOp$OfRef.accept                                            (ForEachOps.java:184)                      &#10;                                                                              java.util.stream.ReferencePipeline$2$1.accept                                            (ReferencePipeline.java:175)               &#10;                                                                                                  java.util.Iterator.forEachRemaining                                  (Iterator.java:116)                        &#10;                                                                          java.util.Spliterators$IteratorSpliterator.forEachRemaining                                  (Spliterators.java:1801)                   &#10;                                                                                   java.util.stream.AbstractPipeline.copyInto                                          (AbstractPipeline.java:481)                &#10;                                                                                   java.util.stream.AbstractPipeline.wrapAndCopyInto                                   (AbstractPipeline.java:471)                &#10;                                                                               java.util.stream.ForEachOps$ForEachOp.evaluateSequential                                (ForEachOps.java:151)                      &#10;                                                                         java.util.stream.ForEachOps$ForEachOp$OfRef.evaluateSequential                                (ForEachOps.java:174)                      &#10;                                                                                   java.util.stream.AbstractPipeline.evaluate                                          (AbstractPipeline.java:234)                &#10;                                                                                  java.util.stream.ReferencePipeline.forEach                                           (ReferencePipeline.java:418)               &#10;                                             org.junit.platform.engine.support.hierarchical.HierarchicalTestExecutor.lambda$execute$3                                  (HierarchicalTestExecutor.java:92)         &#10;                                                   org.junit.platform.engine.support.hierarchical.SingleTestExecutor.executeSafely                                     (SingleTestExecutor.java:66)               &#10;                                             org.junit.platform.engine.support.hierarchical.HierarchicalTestExecutor.execute                                           (HierarchicalTestExecutor.java:77)         &#10;                                             org.junit.platform.engine.support.hierarchical.HierarchicalTestExecutor.lambda$null$2                                     (HierarchicalTestExecutor.java:92)         &#10;                                                                         java.util.stream.ForEachOps$ForEachOp$OfRef.accept                                            (ForEachOps.java:184)                      &#10;                                                                              java.util.stream.ReferencePipeline$2$1.accept                                            (ReferencePipeline.java:175)               &#10;                                                                                                  java.util.Iterator.forEachRemaining                                  (Iterator.java:116)                        &#10;                                                                          java.util.Spliterators$IteratorSpliterator.forEachRemaining                                  (Spliterators.java:1801)                   &#10;                                                                                   java.util.stream.AbstractPipeline.copyInto                                          (AbstractPipeline.java:481)                &#10;                                                                                   java.util.stream.AbstractPipeline.wrapAndCopyInto                                   (AbstractPipeline.java:471)                &#10;                                                                               java.util.stream.ForEachOps$ForEachOp.evaluateSequential                                (ForEachOps.java:151)                      &#10;                                                                         java.util.stream.ForEachOps$ForEachOp$OfRef.evaluateSequential                                (ForEachOps.java:174)                      &#10;                                                                                   java.util.stream.AbstractPipeline.evaluate                                          (AbstractPipeline.java:234)                &#10;                                                                                  java.util.stream.ReferencePipeline.forEach                                           (ReferencePipeline.java:418)               &#10;                                             org.junit.platform.engine.support.hierarchical.HierarchicalTestExecutor.lambda$execute$3                                  (HierarchicalTestExecutor.java:92)         &#10;                                                   org.junit.platform.engine.support.hierarchical.SingleTestExecutor.executeSafely                                     (SingleTestExecutor.java:66)               &#10;                                             org.junit.platform.engine.support.hierarchical.HierarchicalTestExecutor.execute                                           (HierarchicalTestExecutor.java:77)         &#10;                                             org.junit.platform.engine.support.hierarchical.HierarchicalTestExecutor.execute                                           (HierarchicalTestExecutor.java:51)         &#10;                                               org.junit.platform.engine.support.hierarchical.HierarchicalTestEngine.execute                                           (HierarchicalTestEngine.java:43)           &#10;                                                                    org.junit.platform.launcher.core.DefaultLauncher.execute                                           (DefaultLauncher.java:170)                 &#10;                                                                    org.junit.platform.launcher.core.DefaultLauncher.execute                                           (DefaultLauncher.java:154)                 &#10;                                                                    org.junit.platform.launcher.core.DefaultLauncher.execute                                           (DefaultLauncher.java:90)                  &#10;   org.gradle.api.internal.tasks.testing.junitplatform.JUnitPlatformTestClassProcessor$CollectAllTestClassesExecutor.processAllTestClasses                             (JUnitPlatformTestClassProcessor.java:92)  &#10;   org.gradle.api.internal.tasks.testing.junitplatform.JUnitPlatformTestClassProcessor$CollectAllTestClassesExecutor.access$100                                        (JUnitPlatformTestClassProcessor.java:77)  &#10;                                 org.gradle.api.internal.tasks.testing.junitplatform.JUnitPlatformTestClassProcessor.stop                                              (JUnitPlatformTestClassProcessor.java:73)  &#10;                                                       org.gradle.api.internal.tasks.testing.SuiteTestClassProcessor.stop                                              (SuiteTestClassProcessor.java:61)          &#10;                                                                                sun.reflect.NativeMethodAccessorImpl.invoke0                                           (NativeMethodAccessorImpl.java:-2)N        &#10;                                                                                sun.reflect.NativeMethodAccessorImpl.invoke                                            (NativeMethodAccessorImpl.java:62)         &#10;                                                                            sun.reflect.DelegatingMethodAccessorImpl.invoke                                            (DelegatingMethodAccessorImpl.java:43)     &#10;                                                                                            java.lang.reflect.Method.invoke                                            (Method.java:498)                          &#10;                                                                     org.gradle.internal.dispatch.ReflectionDispatch.dispatch                                          (ReflectionDispatch.java:35)               &#10;                                                                     org.gradle.internal.dispatch.ReflectionDispatch.dispatch                                          (ReflectionDispatch.java:24)               &#10;                                                             org.gradle.internal.dispatch.ContextClassLoaderDispatch.dispatch                                          (ContextClassLoaderDispatch.java:32)       &#10;                                      org.gradle.internal.dispatch.ProxyDispatchAdapter$DispatchingInvocationHandler.invoke                                            (ProxyDispatchAdapter.java:93)             &#10;                                                                                               com.sun.proxy.$Proxy1.stop                                              (-:-1)                                     &#10;                                                             org.gradle.api.internal.tasks.testing.worker.TestWorker.stop                                              (TestWorker.java:123)                      &#10;                                                                                sun.reflect.NativeMethodAccessorImpl.invoke0                                           (NativeMethodAccessorImpl.java:-2)N        &#10;                                                                                sun.reflect.NativeMethodAccessorImpl.invoke                                            (NativeMethodAccessorImpl.java:62)         &#10;                                                                            sun.reflect.DelegatingMethodAccessorImpl.invoke                                            (DelegatingMethodAccessorImpl.java:43)     &#10;                                                                                            java.lang.reflect.Method.invoke                                            (Method.java:498)                          &#10;                                                                     org.gradle.internal.dispatch.ReflectionDispatch.dispatch                                          (ReflectionDispatch.java:35)               &#10;                                                                     org.gradle.internal.dispatch.ReflectionDispatch.dispatch                                          (ReflectionDispatch.java:24)               &#10;                            org.gradle.internal.remote.internal.hub.MessageHubBackedObjectConnection$DispatchWrapper.dispatch                                          (MessageHubBackedObjectConnection.java:155)&#10;                            org.gradle.internal.remote.internal.hub.MessageHubBackedObjectConnection$DispatchWrapper.dispatch                                          (MessageHubBackedObjectConnection.java:137)&#10;                                                          org.gradle.internal.remote.internal.hub.MessageHub$Handler.run                                               (MessageHub.java:404)                      &#10;                                                org.gradle.internal.concurrent.ExecutorPolicy$CatchAndRecordFailures.onExecute                                         (ExecutorPolicy.java:63)                   &#10;                                                                org.gradle.internal.concurrent.ManagedExecutorImpl$1.run                                               (ManagedExecutorImpl.java:46)              &#10;                                                                             java.util.concurrent.ThreadPoolExecutor.runWorker                                         (ThreadPoolExecutor.java:1142)             &#10;                                                                      java.util.concurrent.ThreadPoolExecutor$Worker.run                                               (ThreadPoolExecutor.java:617)              &#10;                                              org.gradle.internal.concurrent.ThreadFactoryImpl$ManagedThreadRunnable.run                                               (ThreadFactoryImpl.java:55)                &#10;                                                                                                    java.lang.Thread.run                                               (Thread.java:748)                          &#10;&#10;9)                                                                                    io.mockk.impl.InternalPlatform.captureStackTrace                                 (InternalPlatform.kt:123)                  &#10;                                                                                        io.mockk.impl.stub.MockKStub.handleInvocation                                  (MockKStub.kt:206)                         &#10;                                                      io.mockk.impl.instantiation.JvmMockFactoryHelper$mockHandler$1.invocation                                        (JvmMockFactoryHelper.kt:23)               &#10;                                                                               io.mockk.proxy.jvm.advice.Interceptor.call                                              (Interceptor.kt:20)                        &#10;                                                                                io.mockk.proxy.jvm.advice.BaseAdvice.handle                                            (BaseAdvice.kt:42)                         &#10;                                                              io.mockk.proxy.jvm.advice.jvm.JvmMockKProxyInterceptor.interceptNoSuper                                  (JvmMockKProxyInterceptor.java:45)         &#10;                                                                            com.jdroids.robotlib.command.Command(BB).isInterruptible                                   (-:-1)                                     &#10;                                                               com.jdroids.robotlib.command.SchedulerImpl$requires$1.invoke                                            (SchedulerImpl.kt:66)                      &#10;                                                               com.jdroids.robotlib.command.SchedulerImpl$requires$1.invoke                                            (SchedulerImpl.kt:8)                       &#10;                                                              kotlin.collections.CollectionsKt__MutableCollectionsKt.filterInPlace$CollectionsKt__MutableCollectionsKt (MutableCollections.kt:164)                &#10;                                                              kotlin.collections.CollectionsKt__MutableCollectionsKt.removeAll                                         (MutableCollections.kt:153)                &#10;                                                                          com.jdroids.robotlib.command.SchedulerImpl.requires                                          (SchedulerImpl.kt:64)                      &#10;                                                                          com.jdroids.robotlib.command.SchedulerTest.requires() interrupts commands when it should     (SchedulerTest.kt:76)                      &#10;                                                                                sun.reflect.NativeMethodAccessorImpl.invoke0                                           (NativeMethodAccessorImpl.java:-2)N        &#10;                                                                                sun.reflect.NativeMethodAccessorImpl.invoke                                            (NativeMethodAccessorImpl.java:62)         &#10;                                                                            sun.reflect.DelegatingMethodAccessorImpl.invoke                                            (DelegatingMethodAccessorImpl.java:43)     &#10;                                                                                            java.lang.reflect.Method.invoke                                            (Method.java:498)                          &#10;                                                                     org.junit.platform.commons.util.ReflectionUtils.invokeMethod                                      (ReflectionUtils.java:389)                 &#10;                                                                org.junit.jupiter.engine.execution.ExecutableInvoker.invoke                                            (ExecutableInvoker.java:115)               &#10;                                                        org.junit.jupiter.engine.descriptor.TestMethodTestDescriptor.lambda$invokeTestMethod$6                         (TestMethodTestDescriptor.java:167)        &#10;                                                               org.junit.jupiter.engine.execution.ThrowableCollector.execute                                           (ThrowableCollector.java:40)               &#10;                                                        org.junit.jupiter.engine.descriptor.TestMethodTestDescriptor.invokeTestMethod                                  (TestMethodTestDescriptor.java:163)        &#10;                                                        org.junit.jupiter.engine.descriptor.TestMethodTestDescriptor.execute                                           (TestMethodTestDescriptor.java:110)        &#10;                                                        org.junit.jupiter.engine.descriptor.TestMethodTestDescriptor.execute                                           (TestMethodTestDescriptor.java:57)         &#10;                                             org.junit.platform.engine.support.hierarchical.HierarchicalTestExecutor.lambda$execute$3                                  (HierarchicalTestExecutor.java:83)         &#10;                                                   org.junit.platform.engine.support.hierarchical.SingleTestExecutor.executeSafely                                     (SingleTestExecutor.java:66)               &#10;                                             org.junit.platform.engine.support.hierarchical.HierarchicalTestExecutor.execute                                           (HierarchicalTestExecutor.java:77)         &#10;                                             org.junit.platform.engine.support.hierarchical.HierarchicalTestExecutor.lambda$null$2                                     (HierarchicalTestExecutor.java:92)         &#10;                                                                         java.util.stream.ForEachOps$ForEachOp$OfRef.accept                                            (ForEachOps.java:184)                      &#10;                                                                              java.util.stream.ReferencePipeline$2$1.accept                                            (ReferencePipeline.java:175)               &#10;                                                                                                  java.util.Iterator.forEachRemaining                                  (Iterator.java:116)                        &#10;                                                                          java.util.Spliterators$IteratorSpliterator.forEachRemaining                                  (Spliterators.java:1801)                   &#10;                                                                                   java.util.stream.AbstractPipeline.copyInto                                          (AbstractPipeline.java:481)                &#10;                                                                                   java.util.stream.AbstractPipeline.wrapAndCopyInto                                   (AbstractPipeline.java:471)                &#10;                                                                               java.util.stream.ForEachOps$ForEachOp.evaluateSequential                                (ForEachOps.java:151)                      &#10;                                                                         java.util.stream.ForEachOps$ForEachOp$OfRef.evaluateSequential                                (ForEachOps.java:174)                      &#10;                                                                                   java.util.stream.AbstractPipeline.evaluate                                          (AbstractPipeline.java:234)                &#10;                                                                                  java.util.stream.ReferencePipeline.forEach                                           (ReferencePipeline.java:418)               &#10;                                             org.junit.platform.engine.support.hierarchical.HierarchicalTestExecutor.lambda$execute$3                                  (HierarchicalTestExecutor.java:92)         &#10;                                                   org.junit.platform.engine.support.hierarchical.SingleTestExecutor.executeSafely                                     (SingleTestExecutor.java:66)               &#10;                                             org.junit.platform.engine.support.hierarchical.HierarchicalTestExecutor.execute                                           (HierarchicalTestExecutor.java:77)         &#10;                                             org.junit.platform.engine.support.hierarchical.HierarchicalTestExecutor.lambda$null$2                                     (HierarchicalTestExecutor.java:92)         &#10;                                                                         java.util.stream.ForEachOps$ForEachOp$OfRef.accept                                            (ForEachOps.java:184)                      &#10;                                                                              java.util.stream.ReferencePipeline$2$1.accept                                            (ReferencePipeline.java:175)               &#10;                                                                                                  java.util.Iterator.forEachRemaining                                  (Iterator.java:116)                        &#10;                                                                          java.util.Spliterators$IteratorSpliterator.forEachRemaining                                  (Spliterators.java:1801)                   &#10;                                                                                   java.util.stream.AbstractPipeline.copyInto                                          (AbstractPipeline.java:481)                &#10;                                                                                   java.util.stream.AbstractPipeline.wrapAndCopyInto                                   (AbstractPipeline.java:471)                &#10;                                                                               java.util.stream.ForEachOps$ForEachOp.evaluateSequential                                (ForEachOps.java:151)                      &#10;                                                                         java.util.stream.ForEachOps$ForEachOp$OfRef.evaluateSequential                                (ForEachOps.java:174)                      &#10;                                                                                   java.util.stream.AbstractPipeline.evaluate                                          (AbstractPipeline.java:234)                &#10;                                                                                  java.util.stream.ReferencePipeline.forEach                                           (ReferencePipeline.java:418)               &#10;                                             org.junit.platform.engine.support.hierarchical.HierarchicalTestExecutor.lambda$execute$3                                  (HierarchicalTestExecutor.java:92)         &#10;                                                   org.junit.platform.engine.support.hierarchical.SingleTestExecutor.executeSafely                                     (SingleTestExecutor.java:66)               &#10;                                             org.junit.platform.engine.support.hierarchical.HierarchicalTestExecutor.execute                                           (HierarchicalTestExecutor.java:77)         &#10;                                             org.junit.platform.engine.support.hierarchical.HierarchicalTestExecutor.execute                                           (HierarchicalTestExecutor.java:51)         &#10;                                               org.junit.platform.engine.support.hierarchical.HierarchicalTestEngine.execute                                           (HierarchicalTestEngine.java:43)           &#10;                                                                    org.junit.platform.launcher.core.DefaultLauncher.execute                                           (DefaultLauncher.java:170)                 &#10;                                                                    org.junit.platform.launcher.core.DefaultLauncher.execute                                           (DefaultLauncher.java:154)                 &#10;                                                                    org.junit.platform.launcher.core.DefaultLauncher.execute                                           (DefaultLauncher.java:90)                  &#10;   org.gradle.api.internal.tasks.testing.junitplatform.JUnitPlatformTestClassProcessor$CollectAllTestClassesExecutor.processAllTestClasses                             (JUnitPlatformTestClassProcessor.java:92)  &#10;   org.gradle.api.internal.tasks.testing.junitplatform.JUnitPlatformTestClassProcessor$CollectAllTestClassesExecutor.access$100                                        (JUnitPlatformTestClassProcessor.java:77)  &#10;                                 org.gradle.api.internal.tasks.testing.junitplatform.JUnitPlatformTestClassProcessor.stop                                              (JUnitPlatformTestClassProcessor.java:73)  &#10;                                                       org.gradle.api.internal.tasks.testing.SuiteTestClassProcessor.stop                                              (SuiteTestClassProcessor.java:61)          &#10;                                                                                sun.reflect.NativeMethodAccessorImpl.invoke0                                           (NativeMethodAccessorImpl.java:-2)N        &#10;                                                                                sun.reflect.NativeMethodAccessorImpl.invoke                                            (NativeMethodAccessorImpl.java:62)         &#10;                                                                            sun.reflect.DelegatingMethodAccessorImpl.invoke                                            (DelegatingMethodAccessorImpl.java:43)     &#10;                                                                                            java.lang.reflect.Method.invoke                                            (Method.java:498)                          &#10;                                                                     org.gradle.internal.dispatch.ReflectionDispatch.dispatch                                          (ReflectionDispatch.java:35)               &#10;                                                                     org.gradle.internal.dispatch.ReflectionDispatch.dispatch                                          (ReflectionDispatch.java:24)               &#10;                                                             org.gradle.internal.dispatch.ContextClassLoaderDispatch.dispatch                                          (ContextClassLoaderDispatch.java:32)       &#10;                                      org.gradle.internal.dispatch.ProxyDispatchAdapter$DispatchingInvocationHandler.invoke                                            (ProxyDispatchAdapter.java:93)             &#10;                                                                                               com.sun.proxy.$Proxy1.stop                                              (-:-1)                                     &#10;                                                             org.gradle.api.internal.tasks.testing.worker.TestWorker.stop                                              (TestWorker.java:123)                      &#10;                                                                                sun.reflect.NativeMethodAccessorImpl.invoke0                                           (NativeMethodAccessorImpl.java:-2)N        &#10;                                                                                sun.reflect.NativeMethodAccessorImpl.invoke                                            (NativeMethodAccessorImpl.java:62)         &#10;                                                                            sun.reflect.DelegatingMethodAccessorImpl.invoke                                            (DelegatingMethodAccessorImpl.java:43)     &#10;                                                                                            java.lang.reflect.Method.invoke                                            (Method.java:498)                          &#10;                                                                     org.gradle.internal.dispatch.ReflectionDispatch.dispatch                                          (ReflectionDispatch.java:35)               &#10;                                                                     org.gradle.internal.dispatch.ReflectionDispatch.dispatch                                          (ReflectionDispatch.java:24)               &#10;                            org.gradle.internal.remote.internal.hub.MessageHubBackedObjectConnection$DispatchWrapper.dispatch                                          (MessageHubBackedObjectConnection.java:155)&#10;                            org.gradle.internal.remote.internal.hub.MessageHubBackedObjectConnection$DispatchWrapper.dispatch                                          (MessageHubBackedObjectConnection.java:137)&#10;                                                          org.gradle.internal.remote.internal.hub.MessageHub$Handler.run                                               (MessageHub.java:404)                      &#10;                                                org.gradle.internal.concurrent.ExecutorPolicy$CatchAndRecordFailures.onExecute                                         (ExecutorPolicy.java:63)                   &#10;                                                                org.gradle.internal.concurrent.ManagedExecutorImpl$1.run                                               (ManagedExecutorImpl.java:46)              &#10;                                                                             java.util.concurrent.ThreadPoolExecutor.runWorker                                         (ThreadPoolExecutor.java:1142)             &#10;                                                                      java.util.concurrent.ThreadPoolExecutor$Worker.run                                               (ThreadPoolExecutor.java:617)              &#10;                                              org.gradle.internal.concurrent.ThreadFactoryImpl$ManagedThreadRunnable.run                                               (ThreadFactoryImpl.java:55)                &#10;                                                                                                    java.lang.Thread.run                                               (Thread.java:748)                          &#10;&#10;10)                                                                                    io.mockk.impl.InternalPlatform.captureStackTrace                                 (InternalPlatform.kt:123)                  &#10;                                                                                         io.mockk.impl.stub.MockKStub.handleInvocation                                  (MockKStub.kt:206)                         &#10;                                                       io.mockk.impl.instantiation.JvmMockFactoryHelper$mockHandler$1.invocation                                        (JvmMockFactoryHelper.kt:23)               &#10;                                                                                io.mockk.proxy.jvm.advice.Interceptor.call                                              (Interceptor.kt:20)                        &#10;                                                                                 io.mockk.proxy.jvm.advice.BaseAdvice.handle                                            (BaseAdvice.kt:42)                         &#10;                                                               io.mockk.proxy.jvm.advice.jvm.JvmMockKProxyInterceptor.interceptNoSuper                                  (JvmMockKProxyInterceptor.java:45)         &#10;                                                                             com.jdroids.robotlib.command.Command(BB).interrupt                                         (-:-1)                                     &#10;                                                                com.jdroids.robotlib.command.SchedulerImpl$requires$1.invoke                                            (SchedulerImpl.kt:67)                      &#10;                                                                com.jdroids.robotlib.command.SchedulerImpl$requires$1.invoke                                            (SchedulerImpl.kt:8)                       &#10;                                                               kotlin.collections.CollectionsKt__MutableCollectionsKt.filterInPlace$CollectionsKt__MutableCollectionsKt (MutableCollections.kt:164)                &#10;                                                               kotlin.collections.CollectionsKt__MutableCollectionsKt.removeAll                                         (MutableCollections.kt:153)                &#10;                                                                           com.jdroids.robotlib.command.SchedulerImpl.requires                                          (SchedulerImpl.kt:64)                      &#10;                                                                           com.jdroids.robotlib.command.SchedulerTest.requires() interrupts commands when it should     (SchedulerTest.kt:76)                      &#10;                                                                                 sun.reflect.NativeMethodAccessorImpl.invoke0                                           (NativeMethodAccessorImpl.java:-2)N        &#10;                                                                                 sun.reflect.NativeMethodAccessorImpl.invoke                                            (NativeMethodAccessorImpl.java:62)         &#10;                                                                             sun.reflect.DelegatingMethodAccessorImpl.invoke                                            (DelegatingMethodAccessorImpl.java:43)     &#10;                                                                                             java.lang.reflect.Method.invoke                                            (Method.java:498)                          &#10;                                                                      org.junit.platform.commons.util.ReflectionUtils.invokeMethod                                      (ReflectionUtils.java:389)                 &#10;                                                                 org.junit.jupiter.engine.execution.ExecutableInvoker.invoke                                            (ExecutableInvoker.java:115)               &#10;                                                         org.junit.jupiter.engine.descriptor.TestMethodTestDescriptor.lambda$invokeTestMethod$6                         (TestMethodTestDescriptor.java:167)        &#10;                                                                org.junit.jupiter.engine.execution.ThrowableCollector.execute                                           (ThrowableCollector.java:40)               &#10;                                                         org.junit.jupiter.engine.descriptor.TestMethodTestDescriptor.invokeTestMethod                                  (TestMethodTestDescriptor.java:163)        &#10;                                                         org.junit.jupiter.engine.descriptor.TestMethodTestDescriptor.execute                                           (TestMethodTestDescriptor.java:110)        &#10;                                                         org.junit.jupiter.engine.descriptor.TestMethodTestDescriptor.execute                                           (TestMethodTestDescriptor.java:57)         &#10;                                              org.junit.platform.engine.support.hierarchical.HierarchicalTestExecutor.lambda$execute$3                                  (HierarchicalTestExecutor.java:83)         &#10;                                                    org.junit.platform.engine.support.hierarchical.SingleTestExecutor.executeSafely                                     (SingleTestExecutor.java:66)               &#10;                                              org.junit.platform.engine.support.hierarchical.HierarchicalTestExecutor.execute                                           (HierarchicalTestExecutor.java:77)         &#10;                                              org.junit.platform.engine.support.hierarchical.HierarchicalTestExecutor.lambda$null$2                                     (HierarchicalTestExecutor.java:92)         &#10;                                                                          java.util.stream.ForEachOps$ForEachOp$OfRef.accept                                            (ForEachOps.java:184)                      &#10;                                                                               java.util.stream.ReferencePipeline$2$1.accept                                            (ReferencePipeline.java:175)               &#10;                                                                                                   java.util.Iterator.forEachRemaining                                  (Iterator.java:116)                        &#10;                                                                           java.util.Spliterators$IteratorSpliterator.forEachRemaining                                  (Spliterators.java:1801)                   &#10;                                                                                    java.util.stream.AbstractPipeline.copyInto                                          (AbstractPipeline.java:481)                &#10;                                                                                    java.util.stream.AbstractPipeline.wrapAndCopyInto                                   (AbstractPipeline.java:471)                &#10;                                                                                java.util.stream.ForEachOps$ForEachOp.evaluateSequential                                (ForEachOps.java:151)                      &#10;                                                                          java.util.stream.ForEachOps$ForEachOp$OfRef.evaluateSequential                                (ForEachOps.java:174)                      &#10;                                                                                    java.util.stream.AbstractPipeline.evaluate                                          (AbstractPipeline.java:234)                &#10;                                                                                   java.util.stream.ReferencePipeline.forEach                                           (ReferencePipeline.java:418)               &#10;                                              org.junit.platform.engine.support.hierarchical.HierarchicalTestExecutor.lambda$execute$3                                  (HierarchicalTestExecutor.java:92)         &#10;                                                    org.junit.platform.engine.support.hierarchical.SingleTestExecutor.executeSafely                                     (SingleTestExecutor.java:66)               &#10;                                              org.junit.platform.engine.support.hierarchical.HierarchicalTestExecutor.execute                                           (HierarchicalTestExecutor.java:77)         &#10;                                              org.junit.platform.engine.support.hierarchical.HierarchicalTestExecutor.lambda$null$2                                     (HierarchicalTestExecutor.java:92)         &#10;                                                                          java.util.stream.ForEachOps$ForEachOp$OfRef.accept                                            (ForEachOps.java:184)                      &#10;                                                                               java.util.stream.ReferencePipeline$2$1.accept                                            (ReferencePipeline.java:175)               &#10;                                                                                                   java.util.Iterator.forEachRemaining                                  (Iterator.java:116)                        &#10;                                                                           java.util.Spliterators$IteratorSpliterator.forEachRemaining                                  (Spliterators.java:1801)                   &#10;                                                                                    java.util.stream.AbstractPipeline.copyInto                                          (AbstractPipeline.java:481)                &#10;                                                                                    java.util.stream.AbstractPipeline.wrapAndCopyInto                                   (AbstractPipeline.java:471)                &#10;                                                                                java.util.stream.ForEachOps$ForEachOp.evaluateSequential                                (ForEachOps.java:151)                      &#10;                                                                          java.util.stream.ForEachOps$ForEachOp$OfRef.evaluateSequential                                (ForEachOps.java:174)                      &#10;                                                                                    java.util.stream.AbstractPipeline.evaluate                                          (AbstractPipeline.java:234)                &#10;                                                                                   java.util.stream.ReferencePipeline.forEach                                           (ReferencePipeline.java:418)               &#10;                                              org.junit.platform.engine.support.hierarchical.HierarchicalTestExecutor.lambda$execute$3                                  (HierarchicalTestExecutor.java:92)         &#10;                                                    org.junit.platform.engine.support.hierarchical.SingleTestExecutor.executeSafely                                     (SingleTestExecutor.java:66)               &#10;                                              org.junit.platform.engine.support.hierarchical.HierarchicalTestExecutor.execute                                           (HierarchicalTestExecutor.java:77)         &#10;                                              org.junit.platform.engine.support.hierarchical.HierarchicalTestExecutor.execute                                           (HierarchicalTestExecutor.java:51)         &#10;                                                org.junit.platform.engine.support.hierarchical.HierarchicalTestEngine.execute                                           (HierarchicalTestEngine.java:43)           &#10;                                                                     org.junit.platform.launcher.core.DefaultLauncher.execute                                           (DefaultLauncher.java:170)                 &#10;                                                                     org.junit.platform.launcher.core.DefaultLauncher.execute                                           (DefaultLauncher.java:154)                 &#10;                                                                     org.junit.platform.launcher.core.DefaultLauncher.execute                                           (DefaultLauncher.java:90)                  &#10;    org.gradle.api.internal.tasks.testing.junitplatform.JUnitPlatformTestClassProcessor$CollectAllTestClassesExecutor.processAllTestClasses                             (JUnitPlatformTestClassProcessor.java:92)  &#10;    org.gradle.api.internal.tasks.testing.junitplatform.JUnitPlatformTestClassProcessor$CollectAllTestClassesExecutor.access$100                                        (JUnitPlatformTestClassProcessor.java:77)  &#10;                                  org.gradle.api.internal.tasks.testing.junitplatform.JUnitPlatformTestClassProcessor.stop                                              (JUnitPlatformTestClassProcessor.java:73)  &#10;                                                        org.gradle.api.internal.tasks.testing.SuiteTestClassProcessor.stop                                              (SuiteTestClassProcessor.java:61)          &#10;                                                                                 sun.reflect.NativeMethodAccessorImpl.invoke0                                           (NativeMethodAccessorImpl.java:-2)N        &#10;                                                                                 sun.reflect.NativeMethodAccessorImpl.invoke                                            (NativeMethodAccessorImpl.java:62)         &#10;                                                                             sun.reflect.DelegatingMethodAccessorImpl.invoke                                            (DelegatingMethodAccessorImpl.java:43)     &#10;                                                                                             java.lang.reflect.Method.invoke                                            (Method.java:498)                          &#10;                                                                      org.gradle.internal.dispatch.ReflectionDispatch.dispatch                                          (ReflectionDispatch.java:35)               &#10;                                                                      org.gradle.internal.dispatch.ReflectionDispatch.dispatch                                          (ReflectionDispatch.java:24)               &#10;                                                              org.gradle.internal.dispatch.ContextClassLoaderDispatch.dispatch                                          (ContextClassLoaderDispatch.java:32)       &#10;                                       org.gradle.internal.dispatch.ProxyDispatchAdapter$DispatchingInvocationHandler.invoke                                            (ProxyDispatchAdapter.java:93)             &#10;                                                                                                com.sun.proxy.$Proxy1.stop                                              (-:-1)                                     &#10;                                                              org.gradle.api.internal.tasks.testing.worker.TestWorker.stop                                              (TestWorker.java:123)                      &#10;                                                                                 sun.reflect.NativeMethodAccessorImpl.invoke0                                           (NativeMethodAccessorImpl.java:-2)N        &#10;                                                                                 sun.reflect.NativeMethodAccessorImpl.invoke                                            (NativeMethodAccessorImpl.java:62)         &#10;                                                                             sun.reflect.DelegatingMethodAccessorImpl.invoke                                            (DelegatingMethodAccessorImpl.java:43)     &#10;                                                                                             java.lang.reflect.Method.invoke                                            (Method.java:498)                          &#10;                                                                      org.gradle.internal.dispatch.ReflectionDispatch.dispatch                                          (ReflectionDispatch.java:35)               &#10;                                                                      org.gradle.internal.dispatch.ReflectionDispatch.dispatch                                          (ReflectionDispatch.java:24)               &#10;                             org.gradle.internal.remote.internal.hub.MessageHubBackedObjectConnection$DispatchWrapper.dispatch                                          (MessageHubBackedObjectConnection.java:155)&#10;                             org.gradle.internal.remote.internal.hub.MessageHubBackedObjectConnection$DispatchWrapper.dispatch                                          (MessageHubBackedObjectConnection.java:137)&#10;                                                           org.gradle.internal.remote.internal.hub.MessageHub$Handler.run                                               (MessageHub.java:404)                      &#10;                                                 org.gradle.internal.concurrent.ExecutorPolicy$CatchAndRecordFailures.onExecute                                         (ExecutorPolicy.java:63)                   &#10;                                                                 org.gradle.internal.concurrent.ManagedExecutorImpl$1.run                                               (ManagedExecutorImpl.java:46)              &#10;                                                                              java.util.concurrent.ThreadPoolExecutor.runWorker                                         (ThreadPoolExecutor.java:1142)             &#10;                                                                       java.util.concurrent.ThreadPoolExecutor$Worker.run                                               (ThreadPoolExecutor.java:617)              &#10;                                               org.gradle.internal.concurrent.ThreadFactoryImpl$ManagedThreadRunnable.run                                               (ThreadFactoryImpl.java:55)                &#10;                                                                                                     java.lang.Thread.run                                               (Thread.java:748)                          &#10;&#10;11)                                                                                    io.mockk.impl.InternalPlatform.captureStackTrace                                 (InternalPlatform.kt:123)                  &#10;                                                                                         io.mockk.impl.stub.MockKStub.handleInvocation                                  (MockKStub.kt:206)                         &#10;                                                       io.mockk.impl.instantiation.JvmMockFactoryHelper$mockHandler$1.invocation                                        (JvmMockFactoryHelper.kt:23)               &#10;                                                                                io.mockk.proxy.jvm.advice.Interceptor.call                                              (Interceptor.kt:20)                        &#10;                                                                                 io.mockk.proxy.jvm.advice.BaseAdvice.handle                                            (BaseAdvice.kt:42)                         &#10;                                                               io.mockk.proxy.jvm.advice.jvm.JvmMockKProxyInterceptor.intercept                                         (JvmMockKProxyInterceptor.java:31)         &#10;                                                                             com.jdroids.robotlib.command.Command(BB).hashCode                                          (-:-1)                                     &#10;                                                                                                    java.util.HashMap.hash                                              (HashMap.java:338)                         &#10;                                                                                                    java.util.HashMap.remove                                            (HashMap.java:798)                         &#10;                                                                           com.jdroids.robotlib.command.SchedulerImpl.clearSubsystemRequirements                        (SchedulerImpl.kt:95)                      &#10;                                                                com.jdroids.robotlib.command.SchedulerImpl$requires$1.invoke                                            (SchedulerImpl.kt:68)                      &#10;                                                                com.jdroids.robotlib.command.SchedulerImpl$requires$1.invoke                                            (SchedulerImpl.kt:8)                       &#10;                                                               kotlin.collections.CollectionsKt__MutableCollectionsKt.filterInPlace$CollectionsKt__MutableCollectionsKt (MutableCollections.kt:164)                &#10;                                                               kotlin.collections.CollectionsKt__MutableCollectionsKt.removeAll                                         (MutableCollections.kt:153)                &#10;                                                                           com.jdroids.robotlib.command.SchedulerImpl.requires                                          (SchedulerImpl.kt:64)                      &#10;                                                                           com.jdroids.robotlib.command.SchedulerTest.requires() interrupts commands when it should     (SchedulerTest.kt:76)                      &#10;                                                                                 sun.reflect.NativeMethodAccessorImpl.invoke0                                           (NativeMethodAccessorImpl.java:-2)N        &#10;                                                                                 sun.reflect.NativeMethodAccessorImpl.invoke                                            (NativeMethodAccessorImpl.java:62)         &#10;                                                                             sun.reflect.DelegatingMethodAccessorImpl.invoke                                            (DelegatingMethodAccessorImpl.java:43)     &#10;                                                                                             java.lang.reflect.Method.invoke                                            (Method.java:498)                          &#10;                                                                      org.junit.platform.commons.util.ReflectionUtils.invokeMethod                                      (ReflectionUtils.java:389)                 &#10;                                                                 org.junit.jupiter.engine.execution.ExecutableInvoker.invoke                                            (ExecutableInvoker.java:115)               &#10;                                                         org.junit.jupiter.engine.descriptor.TestMethodTestDescriptor.lambda$invokeTestMethod$6                         (TestMethodTestDescriptor.java:167)        &#10;                                                                org.junit.jupiter.engine.execution.ThrowableCollector.execute                                           (ThrowableCollector.java:40)               &#10;                                                         org.junit.jupiter.engine.descriptor.TestMethodTestDescriptor.invokeTestMethod                                  (TestMethodTestDescriptor.java:163)        &#10;                                                         org.junit.jupiter.engine.descriptor.TestMethodTestDescriptor.execute                                           (TestMethodTestDescriptor.java:110)        &#10;                                                         org.junit.jupiter.engine.descriptor.TestMethodTestDescriptor.execute                                           (TestMethodTestDescriptor.java:57)         &#10;                                              org.junit.platform.engine.support.hierarchical.HierarchicalTestExecutor.lambda$execute$3                                  (HierarchicalTestExecutor.java:83)         &#10;                                                    org.junit.platform.engine.support.hierarchical.SingleTestExecutor.executeSafely                                     (SingleTestExecutor.java:66)               &#10;                                              org.junit.platform.engine.support.hierarchical.HierarchicalTestExecutor.execute                                           (HierarchicalTestExecutor.java:77)         &#10;                                              org.junit.platform.engine.support.hierarchical.HierarchicalTestExecutor.lambda$null$2                                     (HierarchicalTestExecutor.java:92)         &#10;                                                                          java.util.stream.ForEachOps$ForEachOp$OfRef.accept                                            (ForEachOps.java:184)                      &#10;                                                                               java.util.stream.ReferencePipeline$2$1.accept                                            (ReferencePipeline.java:175)               &#10;                                                                                                   java.util.Iterator.forEachRemaining                                  (Iterator.java:116)                        &#10;                                                                           java.util.Spliterators$IteratorSpliterator.forEachRemaining                                  (Spliterators.java:1801)                   &#10;                                                                                    java.util.stream.AbstractPipeline.copyInto                                          (AbstractPipeline.java:481)                &#10;                                                                                    java.util.stream.AbstractPipeline.wrapAndCopyInto                                   (AbstractPipeline.java:471)                &#10;                                                                                java.util.stream.ForEachOps$ForEachOp.evaluateSequential                                (ForEachOps.java:151)                      &#10;                                                                          java.util.stream.ForEachOps$ForEachOp$OfRef.evaluateSequential                                (ForEachOps.java:174)                      &#10;                                                                                    java.util.stream.AbstractPipeline.evaluate                                          (AbstractPipeline.java:234)                &#10;                                                                                   java.util.stream.ReferencePipeline.forEach                                           (ReferencePipeline.java:418)               &#10;                                              org.junit.platform.engine.support.hierarchical.HierarchicalTestExecutor.lambda$execute$3                                  (HierarchicalTestExecutor.java:92)         &#10;                                                    org.junit.platform.engine.support.hierarchical.SingleTestExecutor.executeSafely                                     (SingleTestExecutor.java:66)               &#10;                                              org.junit.platform.engine.support.hierarchical.HierarchicalTestExecutor.execute                                           (HierarchicalTestExecutor.java:77)         &#10;                                              org.junit.platform.engine.support.hierarchical.HierarchicalTestExecutor.lambda$null$2                                     (HierarchicalTestExecutor.java:92)         &#10;                                                                          java.util.stream.ForEachOps$ForEachOp$OfRef.accept                                            (ForEachOps.java:184)                      &#10;                                                                               java.util.stream.ReferencePipeline$2$1.accept                                            (ReferencePipeline.java:175)               &#10;                                                                                                   java.util.Iterator.forEachRemaining                                  (Iterator.java:116)                        &#10;                                                                           java.util.Spliterators$IteratorSpliterator.forEachRemaining                                  (Spliterators.java:1801)                   &#10;                                                                                    java.util.stream.AbstractPipeline.copyInto                                          (AbstractPipeline.java:481)                &#10;                                                                                    java.util.stream.AbstractPipeline.wrapAndCopyInto                                   (AbstractPipeline.java:471)                &#10;                                                                                java.util.stream.ForEachOps$ForEachOp.evaluateSequential                                (ForEachOps.java:151)                      &#10;                                                                          java.util.stream.ForEachOps$ForEachOp$OfRef.evaluateSequential                                (ForEachOps.java:174)                      &#10;                                                                                    java.util.stream.AbstractPipeline.evaluate                                          (AbstractPipeline.java:234)                &#10;                                                                                   java.util.stream.ReferencePipeline.forEach                                           (ReferencePipeline.java:418)               &#10;                                              org.junit.platform.engine.support.hierarchical.HierarchicalTestExecutor.lambda$execute$3                                  (HierarchicalTestExecutor.java:92)         &#10;                                                    org.junit.platform.engine.support.hierarchical.SingleTestExecutor.executeSafely                                     (SingleTestExecutor.java:66)               &#10;                                              org.junit.platform.engine.support.hierarchical.HierarchicalTestExecutor.execute                                           (HierarchicalTestExecutor.java:77)         &#10;                                              org.junit.platform.engine.support.hierarchical.HierarchicalTestExecutor.execute                                           (HierarchicalTestExecutor.java:51)         &#10;                                                org.junit.platform.engine.support.hierarchical.HierarchicalTestEngine.execute                                           (HierarchicalTestEngine.java:43)           &#10;                                                                     org.junit.platform.launcher.core.DefaultLauncher.execute                                           (DefaultLauncher.java:170)                 &#10;                                                                     org.junit.platform.launcher.core.DefaultLauncher.execute                                           (DefaultLauncher.java:154)                 &#10;                                                                     org.junit.platform.launcher.core.DefaultLauncher.execute                                           (DefaultLauncher.java:90)                  &#10;    org.gradle.api.internal.tasks.testing.junitplatform.JUnitPlatformTestClassProcessor$CollectAllTestClassesExecutor.processAllTestClasses                             (JUnitPlatformTestClassProcessor.java:92)  &#10;    org.gradle.api.internal.tasks.testing.junitplatform.JUnitPlatformTestClassProcessor$CollectAllTestClassesExecutor.access$100                                        (JUnitPlatformTestClassProcessor.java:77)  &#10;                                  org.gradle.api.internal.tasks.testing.junitplatform.JUnitPlatformTestClassProcessor.stop                                              (JUnitPlatformTestClassProcessor.java:73)  &#10;                                                        org.gradle.api.internal.tasks.testing.SuiteTestClassProcessor.stop                                              (SuiteTestClassProcessor.java:61)          &#10;                                                                                 sun.reflect.NativeMethodAccessorImpl.invoke0                                           (NativeMethodAccessorImpl.java:-2)N        &#10;                                                                                 sun.reflect.NativeMethodAccessorImpl.invoke                                            (NativeMethodAccessorImpl.java:62)         &#10;                                                                             sun.reflect.DelegatingMethodAccessorImpl.invoke                                            (DelegatingMethodAccessorImpl.java:43)     &#10;                                                                                             java.lang.reflect.Method.invoke                                            (Method.java:498)                          &#10;                                                                      org.gradle.internal.dispatch.ReflectionDispatch.dispatch                                          (ReflectionDispatch.java:35)               &#10;                                                                      org.gradle.internal.dispatch.ReflectionDispatch.dispatch                                          (ReflectionDispatch.java:24)               &#10;                                                              org.gradle.internal.dispatch.ContextClassLoaderDispatch.dispatch                                          (ContextClassLoaderDispatch.java:32)       &#10;                                       org.gradle.internal.dispatch.ProxyDispatchAdapter$DispatchingInvocationHandler.invoke                                            (ProxyDispatchAdapter.java:93)             &#10;                                                                                                com.sun.proxy.$Proxy1.stop                                              (-:-1)                                     &#10;                                                              org.gradle.api.internal.tasks.testing.worker.TestWorker.stop                                              (TestWorker.java:123)                      &#10;                                                                                 sun.reflect.NativeMethodAccessorImpl.invoke0                                           (NativeMethodAccessorImpl.java:-2)N        &#10;                                                                                 sun.reflect.NativeMethodAccessorImpl.invoke                                            (NativeMethodAccessorImpl.java:62)         &#10;                                                                             sun.reflect.DelegatingMethodAccessorImpl.invoke                                            (DelegatingMethodAccessorImpl.java:43)     &#10;                                                                                             java.lang.reflect.Method.invoke                                            (Method.java:498)                          &#10;                                                                      org.gradle.internal.dispatch.ReflectionDispatch.dispatch                                          (ReflectionDispatch.java:35)               &#10;                                                                      org.gradle.internal.dispatch.ReflectionDispatch.dispatch                                          (ReflectionDispatch.java:24)               &#10;                             org.gradle.internal.remote.internal.hub.MessageHubBackedObjectConnection$DispatchWrapper.dispatch                                          (MessageHubBackedObjectConnection.java:155)&#10;                             org.gradle.internal.remote.internal.hub.MessageHubBackedObjectConnection$DispatchWrapper.dispatch                                          (MessageHubBackedObjectConnection.java:137)&#10;                                                           org.gradle.internal.remote.internal.hub.MessageHub$Handler.run                                               (MessageHub.java:404)                      &#10;                                                 org.gradle.internal.concurrent.ExecutorPolicy$CatchAndRecordFailures.onExecute                                         (ExecutorPolicy.java:63)                   &#10;                                                                 org.gradle.internal.concurrent.ManagedExecutorImpl$1.run                                               (ManagedExecutorImpl.java:46)              &#10;                                                                              java.util.concurrent.ThreadPoolExecutor.runWorker                                         (ThreadPoolExecutor.java:1142)             &#10;                                                                       java.util.concurrent.ThreadPoolExecutor$Worker.run                                               (ThreadPoolExecutor.java:617)              &#10;                                               org.gradle.internal.concurrent.ThreadFactoryImpl$ManagedThreadRunnable.run                                               (ThreadFactoryImpl.java:55)                &#10;                                                                                                     java.lang.Thread.run                                               (Thread.java:748)                          &#10;&#10;12)                                                                                    io.mockk.impl.InternalPlatform.captureStackTrace                                 (InternalPlatform.kt:123)                  &#10;                                                                                         io.mockk.impl.stub.MockKStub.handleInvocation                                  (MockKStub.kt:206)                         &#10;                                                       io.mockk.impl.instantiation.JvmMockFactoryHelper$mockHandler$1.invocation                                        (JvmMockFactoryHelper.kt:23)               &#10;                                                                                io.mockk.proxy.jvm.advice.Interceptor.call                                              (Interceptor.kt:20)                        &#10;                                                                                 io.mockk.proxy.jvm.advice.BaseAdvice.handle                                            (BaseAdvice.kt:42)                         &#10;                                                               io.mockk.proxy.jvm.advice.jvm.JvmMockKProxyInterceptor.interceptNoSuper                                  (JvmMockKProxyInterceptor.java:45)         &#10;                                                                             com.jdroids.robotlib.command.Command(BB).isInterruptible                                   (-:-1)                                     &#10;                                                                com.jdroids.robotlib.command.SchedulerImpl$requires$2.invoke                                            (SchedulerImpl.kt:79)                      &#10;                                                                com.jdroids.robotlib.command.SchedulerImpl$requires$2.invoke                                            (SchedulerImpl.kt:8)                       &#10;                                                               kotlin.collections.CollectionsKt__MutableCollectionsKt.filterInPlace$CollectionsKt__MutableCollectionsKt (MutableCollections.kt:164)                &#10;                                                               kotlin.collections.CollectionsKt__MutableCollectionsKt.removeAll                                         (MutableCollections.kt:153)                &#10;                                                                           com.jdroids.robotlib.command.SchedulerImpl.requires                                          (SchedulerImpl.kt:79)                      &#10;                                                                           com.jdroids.robotlib.command.SchedulerTest.requires() interrupts commands when it should     (SchedulerTest.kt:76)                      &#10;                                                                                 sun.reflect.NativeMethodAccessorImpl.invoke0                                           (NativeMethodAccessorImpl.java:-2)N        &#10;                                                                                 sun.reflect.NativeMethodAccessorImpl.invoke                                            (NativeMethodAccessorImpl.java:62)         &#10;                                                                             sun.reflect.DelegatingMethodAccessorImpl.invoke                                            (DelegatingMethodAccessorImpl.java:43)     &#10;                                                                                             java.lang.reflect.Method.invoke                                            (Method.java:498)                          &#10;                                                                      org.junit.platform.commons.util.ReflectionUtils.invokeMethod                                      (ReflectionUtils.java:389)                 &#10;                                                                 org.junit.jupiter.engine.execution.ExecutableInvoker.invoke                                            (ExecutableInvoker.java:115)               &#10;                                                         org.junit.jupiter.engine.descriptor.TestMethodTestDescriptor.lambda$invokeTestMethod$6                         (TestMethodTestDescriptor.java:167)        &#10;                                                                org.junit.jupiter.engine.execution.ThrowableCollector.execute                                           (ThrowableCollector.java:40)               &#10;                                                         org.junit.jupiter.engine.descriptor.TestMethodTestDescriptor.invokeTestMethod                                  (TestMethodTestDescriptor.java:163)        &#10;                                                         org.junit.jupiter.engine.descriptor.TestMethodTestDescriptor.execute                                           (TestMethodTestDescriptor.java:110)        &#10;                                                         org.junit.jupiter.engine.descriptor.TestMethodTestDescriptor.execute                                           (TestMethodTestDescriptor.java:57)         &#10;                                              org.junit.platform.engine.support.hierarchical.HierarchicalTestExecutor.lambda$execute$3                                  (HierarchicalTestExecutor.java:83)         &#10;                                                    org.junit.platform.engine.support.hierarchical.SingleTestExecutor.executeSafely                                     (SingleTestExecutor.java:66)               &#10;                                              org.junit.platform.engine.support.hierarchical.HierarchicalTestExecutor.execute                                           (HierarchicalTestExecutor.java:77)         &#10;                                              org.junit.platform.engine.support.hierarchical.HierarchicalTestExecutor.lambda$null$2                                     (HierarchicalTestExecutor.java:92)         &#10;                                                                          java.util.stream.ForEachOps$ForEachOp$OfRef.accept                                            (ForEachOps.java:184)                      &#10;                                                                               java.util.stream.ReferencePipeline$2$1.accept                                            (ReferencePipeline.java:175)               &#10;                                                                                                   java.util.Iterator.forEachRemaining                                  (Iterator.java:116)                        &#10;                                                                           java.util.Spliterators$IteratorSpliterator.forEachRemaining                                  (Spliterators.java:1801)                   &#10;                                                                                    java.util.stream.AbstractPipeline.copyInto                                          (AbstractPipeline.java:481)                &#10;                                                                                    java.util.stream.AbstractPipeline.wrapAndCopyInto                                   (AbstractPipeline.java:471)                &#10;                                                                                java.util.stream.ForEachOps$ForEachOp.evaluateSequential                                (ForEachOps.java:151)                      &#10;                                                                          java.util.stream.ForEachOps$ForEachOp$OfRef.evaluateSequential                                (ForEachOps.java:174)                      &#10;                                                                                    java.util.stream.AbstractPipeline.evaluate                                          (AbstractPipeline.java:234)                &#10;                                                                                   java.util.stream.ReferencePipeline.forEach                                           (ReferencePipeline.java:418)               &#10;                                              org.junit.platform.engine.support.hierarchical.HierarchicalTestExecutor.lambda$execute$3                                  (HierarchicalTestExecutor.java:92)         &#10;                                                    org.junit.platform.engine.support.hierarchical.SingleTestExecutor.executeSafely                                     (SingleTestExecutor.java:66)               &#10;                                              org.junit.platform.engine.support.hierarchical.HierarchicalTestExecutor.execute                                           (HierarchicalTestExecutor.java:77)         &#10;                                              org.junit.platform.engine.support.hierarchical.HierarchicalTestExecutor.lambda$null$2                                     (HierarchicalTestExecutor.java:92)         &#10;                                                                          java.util.stream.ForEachOps$ForEachOp$OfRef.accept                                            (ForEachOps.java:184)                      &#10;                                                                               java.util.stream.ReferencePipeline$2$1.accept                                            (ReferencePipeline.java:175)               &#10;                                                                                                   java.util.Iterator.forEachRemaining                                  (Iterator.java:116)                        &#10;                                                                           java.util.Spliterators$IteratorSpliterator.forEachRemaining                                  (Spliterators.java:1801)                   &#10;                                                                                    java.util.stream.AbstractPipeline.copyInto                                          (AbstractPipeline.java:481)                &#10;                                                                                    java.util.stream.AbstractPipeline.wrapAndCopyInto                                   (AbstractPipeline.java:471)                &#10;                                                                                java.util.stream.ForEachOps$ForEachOp.evaluateSequential                                (ForEachOps.java:151)                      &#10;                                                                          java.util.stream.ForEachOps$ForEachOp$OfRef.evaluateSequential                                (ForEachOps.java:174)                      &#10;                                                                                    java.util.stream.AbstractPipeline.evaluate                                          (AbstractPipeline.java:234)                &#10;                                                                                   java.util.stream.ReferencePipeline.forEach                                           (ReferencePipeline.java:418)               &#10;                                              org.junit.platform.engine.support.hierarchical.HierarchicalTestExecutor.lambda$execute$3                                  (HierarchicalTestExecutor.java:92)         &#10;                                                    org.junit.platform.engine.support.hierarchical.SingleTestExecutor.executeSafely                                     (SingleTestExecutor.java:66)               &#10;                                              org.junit.platform.engine.support.hierarchical.HierarchicalTestExecutor.execute                                           (HierarchicalTestExecutor.java:77)         &#10;                                              org.junit.platform.engine.support.hierarchical.HierarchicalTestExecutor.execute                                           (HierarchicalTestExecutor.java:51)         &#10;                                                org.junit.platform.engine.support.hierarchical.HierarchicalTestEngine.execute                                           (HierarchicalTestEngine.java:43)           &#10;                                                                     org.junit.platform.launcher.core.DefaultLauncher.execute                                           (DefaultLauncher.java:170)                 &#10;                                                                     org.junit.platform.launcher.core.DefaultLauncher.execute                                           (DefaultLauncher.java:154)                 &#10;                                                                     org.junit.platform.launcher.core.DefaultLauncher.execute                                           (DefaultLauncher.java:90)                  &#10;    org.gradle.api.internal.tasks.testing.junitplatform.JUnitPlatformTestClassProcessor$CollectAllTestClassesExecutor.processAllTestClasses                             (JUnitPlatformTestClassProcessor.java:92)  &#10;    org.gradle.api.internal.tasks.testing.junitplatform.JUnitPlatformTestClassProcessor$CollectAllTestClassesExecutor.access$100                                        (JUnitPlatformTestClassProcessor.java:77)  &#10;                                  org.gradle.api.internal.tasks.testing.junitplatform.JUnitPlatformTestClassProcessor.stop                                              (JUnitPlatformTestClassProcessor.java:73)  &#10;                                                        org.gradle.api.internal.tasks.testing.SuiteTestClassProcessor.stop                                              (SuiteTestClassProcessor.java:61)          &#10;                                                                                 sun.reflect.NativeMethodAccessorImpl.invoke0                                           (NativeMethodAccessorImpl.java:-2)N        &#10;                                                                                 sun.reflect.NativeMethodAccessorImpl.invoke                                            (NativeMethodAccessorImpl.java:62)         &#10;                                                                             sun.reflect.DelegatingMethodAccessorImpl.invoke                                            (DelegatingMethodAccessorImpl.java:43)     &#10;                                                                                             java.lang.reflect.Method.invoke                                            (Method.java:498)                          &#10;                                                                      org.gradle.internal.dispatch.ReflectionDispatch.dispatch                                          (ReflectionDispatch.java:35)               &#10;                                                                      org.gradle.internal.dispatch.ReflectionDispatch.dispatch                                          (ReflectionDispatch.java:24)               &#10;                                                              org.gradle.internal.dispatch.ContextClassLoaderDispatch.dispatch                                          (ContextClassLoaderDispatch.java:32)       &#10;                                       org.gradle.internal.dispatch.ProxyDispatchAdapter$DispatchingInvocationHandler.invoke                                            (ProxyDispatchAdapter.java:93)             &#10;                                                                                                com.sun.proxy.$Proxy1.stop                                              (-:-1)                                     &#10;                                                              org.gradle.api.internal.tasks.testing.worker.TestWorker.stop                                              (TestWorker.java:123)                      &#10;                                                                                 sun.reflect.NativeMethodAccessorImpl.invoke0                                           (NativeMethodAccessorImpl.java:-2)N        &#10;                                                                                 sun.reflect.NativeMethodAccessorImpl.invoke                                            (NativeMethodAccessorImpl.java:62)         &#10;                                                                             sun.reflect.DelegatingMethodAccessorImpl.invoke                                            (DelegatingMethodAccessorImpl.java:43)     &#10;                                                                                             java.lang.reflect.Method.invoke                                            (Method.java:498)                          &#10;                                                                      org.gradle.internal.dispatch.ReflectionDispatch.dispatch                                          (ReflectionDispatch.java:35)               &#10;                                                                      org.gradle.internal.dispatch.ReflectionDispatch.dispatch                                          (ReflectionDispatch.java:24)               &#10;                             org.gradle.internal.remote.internal.hub.MessageHubBackedObjectConnection$DispatchWrapper.dispatch                                          (MessageHubBackedObjectConnection.java:155)&#10;                             org.gradle.internal.remote.internal.hub.MessageHubBackedObjectConnection$DispatchWrapper.dispatch                                          (MessageHubBackedObjectConnection.java:137)&#10;                                                           org.gradle.internal.remote.internal.hub.MessageHub$Handler.run                                               (MessageHub.java:404)                      &#10;                                                 org.gradle.internal.concurrent.ExecutorPolicy$CatchAndRecordFailures.onExecute                                         (ExecutorPolicy.java:63)                   &#10;                                                                 org.gradle.internal.concurrent.ManagedExecutorImpl$1.run                                               (ManagedExecutorImpl.java:46)              &#10;                                                                              java.util.concurrent.ThreadPoolExecutor.runWorker                                         (ThreadPoolExecutor.java:1142)             &#10;                                                                       java.util.concurrent.ThreadPoolExecutor$Worker.run                                               (ThreadPoolExecutor.java:617)              &#10;                                               org.gradle.internal.concurrent.ThreadFactoryImpl$ManagedThreadRunnable.run                                               (ThreadFactoryImpl.java:55)                &#10;                                                                                                     java.lang.Thread.run                                               (Thread.java:748)                          &#10;&#10;13)                                                                                    io.mockk.impl.InternalPlatform.captureStackTrace                                 (InternalPlatform.kt:123)                  &#10;                                                                                         io.mockk.impl.stub.MockKStub.handleInvocation                                  (MockKStub.kt:206)                         &#10;                                                       io.mockk.impl.instantiation.JvmMockFactoryHelper$mockHandler$1.invocation                                        (JvmMockFactoryHelper.kt:23)               &#10;                                                                                io.mockk.proxy.jvm.advice.Interceptor.call                                              (Interceptor.kt:20)                        &#10;                                                                                 io.mockk.proxy.jvm.advice.BaseAdvice.handle                                            (BaseAdvice.kt:42)                         &#10;                                                               io.mockk.proxy.jvm.advice.jvm.JvmMockKProxyInterceptor.intercept                                         (JvmMockKProxyInterceptor.java:31)         &#10;                                                                             com.jdroids.robotlib.command.Command(BB).hashCode                                          (-:-1)                                     &#10;                                                                                                    java.util.HashMap.hash                                              (HashMap.java:338)                         &#10;                                                                                                    java.util.HashMap.get                                               (HashMap.java:556)                         &#10;                                                                com.jdroids.robotlib.command.SchedulerImpl$requires$2.invoke                                            (SchedulerImpl.kt:80)                      &#10;                                                                com.jdroids.robotlib.command.SchedulerImpl$requires$2.invoke                                            (SchedulerImpl.kt:8)                       &#10;                                                               kotlin.collections.CollectionsKt__MutableCollectionsKt.filterInPlace$CollectionsKt__MutableCollectionsKt (MutableCollections.kt:164)                &#10;                                                               kotlin.collections.CollectionsKt__MutableCollectionsKt.removeAll                                         (MutableCollections.kt:153)                &#10;                                                                           com.jdroids.robotlib.command.SchedulerImpl.requires                                          (SchedulerImpl.kt:79)                      &#10;                                                                           com.jdroids.robotlib.command.SchedulerTest.requires() interrupts commands when it should     (SchedulerTest.kt:76)                      &#10;                                                                                 sun.reflect.NativeMethodAccessorImpl.invoke0                                           (NativeMethodAccessorImpl.java:-2)N        &#10;                                                                                 sun.reflect.NativeMethodAccessorImpl.invoke                                            (NativeMethodAccessorImpl.java:62)         &#10;                                                                             sun.reflect.DelegatingMethodAccessorImpl.invoke                                            (DelegatingMethodAccessorImpl.java:43)     &#10;                                                                                             java.lang.reflect.Method.invoke                                            (Method.java:498)                          &#10;                                                                      org.junit.platform.commons.util.ReflectionUtils.invokeMethod                                      (ReflectionUtils.java:389)                 &#10;                                                                 org.junit.jupiter.engine.execution.ExecutableInvoker.invoke                                            (ExecutableInvoker.java:115)               &#10;                                                         org.junit.jupiter.engine.descriptor.TestMethodTestDescriptor.lambda$invokeTestMethod$6                         (TestMethodTestDescriptor.java:167)        &#10;                                                                org.junit.jupiter.engine.execution.ThrowableCollector.execute                                           (ThrowableCollector.java:40)               &#10;                                                         org.junit.jupiter.engine.descriptor.TestMethodTestDescriptor.invokeTestMethod                                  (TestMethodTestDescriptor.java:163)        &#10;                                                         org.junit.jupiter.engine.descriptor.TestMethodTestDescriptor.execute                                           (TestMethodTestDescriptor.java:110)        &#10;                                                         org.junit.jupiter.engine.descriptor.TestMethodTestDescriptor.execute                                           (TestMethodTestDescriptor.java:57)         &#10;                                              org.junit.platform.engine.support.hierarchical.HierarchicalTestExecutor.lambda$execute$3                                  (HierarchicalTestExecutor.java:83)         &#10;                                                    org.junit.platform.engine.support.hierarchical.SingleTestExecutor.executeSafely                                     (SingleTestExecutor.java:66)               &#10;                                              org.junit.platform.engine.support.hierarchical.HierarchicalTestExecutor.execute                                           (HierarchicalTestExecutor.java:77)         &#10;                                              org.junit.platform.engine.support.hierarchical.HierarchicalTestExecutor.lambda$null$2                                     (HierarchicalTestExecutor.java:92)         &#10;                                                                          java.util.stream.ForEachOps$ForEachOp$OfRef.accept                                            (ForEachOps.java:184)                      &#10;                                                                               java.util.stream.ReferencePipeline$2$1.accept                                            (ReferencePipeline.java:175)               &#10;                                                                                                   java.util.Iterator.forEachRemaining                                  (Iterator.java:116)                        &#10;                                                                           java.util.Spliterators$IteratorSpliterator.forEachRemaining                                  (Spliterators.java:1801)                   &#10;                                                                                    java.util.stream.AbstractPipeline.copyInto                                          (AbstractPipeline.java:481)                &#10;                                                                                    java.util.stream.AbstractPipeline.wrapAndCopyInto                                   (AbstractPipeline.java:471)                &#10;                                                                                java.util.stream.ForEachOps$ForEachOp.evaluateSequential                                (ForEachOps.java:151)                      &#10;                                                                          java.util.stream.ForEachOps$ForEachOp$OfRef.evaluateSequential                                (ForEachOps.java:174)                      &#10;                                                                                    java.util.stream.AbstractPipeline.evaluate                                          (AbstractPipeline.java:234)                &#10;                                                                                   java.util.stream.ReferencePipeline.forEach                                           (ReferencePipeline.java:418)               &#10;                                              org.junit.platform.engine.support.hierarchical.HierarchicalTestExecutor.lambda$execute$3                                  (HierarchicalTestExecutor.java:92)         &#10;                                                    org.junit.platform.engine.support.hierarchical.SingleTestExecutor.executeSafely                                     (SingleTestExecutor.java:66)               &#10;                                              org.junit.platform.engine.support.hierarchical.HierarchicalTestExecutor.execute                                           (HierarchicalTestExecutor.java:77)         &#10;                                              org.junit.platform.engine.support.hierarchical.HierarchicalTestExecutor.lambda$null$2                                     (HierarchicalTestExecutor.java:92)         &#10;                                                                          java.util.stream.ForEachOps$ForEachOp$OfRef.accept                                            (ForEachOps.java:184)                      &#10;                                                                               java.util.stream.ReferencePipeline$2$1.accept                                            (ReferencePipeline.java:175)               &#10;                                                                                                   java.util.Iterator.forEachRemaining                                  (Iterator.java:116)                        &#10;                                                                           java.util.Spliterators$IteratorSpliterator.forEachRemaining                                  (Spliterators.java:1801)                   &#10;                                                                                    java.util.stream.AbstractPipeline.copyInto                                          (AbstractPipeline.java:481)                &#10;                                                                                    java.util.stream.AbstractPipeline.wrapAndCopyInto                                   (AbstractPipeline.java:471)                &#10;                                                                                java.util.stream.ForEachOps$ForEachOp.evaluateSequential                                (ForEachOps.java:151)                      &#10;                                                                          java.util.stream.ForEachOps$ForEachOp$OfRef.evaluateSequential                                (ForEachOps.java:174)                      &#10;                                                                                    java.util.stream.AbstractPipeline.evaluate                                          (AbstractPipeline.java:234)                &#10;                                                                                   java.util.stream.ReferencePipeline.forEach                                           (ReferencePipeline.java:418)               &#10;                                              org.junit.platform.engine.support.hierarchical.HierarchicalTestExecutor.lambda$execute$3                                  (HierarchicalTestExecutor.java:92)         &#10;                                                    org.junit.platform.engine.support.hierarchical.SingleTestExecutor.executeSafely                                     (SingleTestExecutor.java:66)               &#10;                                              org.junit.platform.engine.support.hierarchical.HierarchicalTestExecutor.execute                                           (HierarchicalTestExecutor.java:77)         &#10;                                              org.junit.platform.engine.support.hierarchical.HierarchicalTestExecutor.execute                                           (HierarchicalTestExecutor.java:51)         &#10;                                                org.junit.platform.engine.support.hierarchical.HierarchicalTestEngine.execute                                           (HierarchicalTestEngine.java:43)           &#10;                                                                     org.junit.platform.launcher.core.DefaultLauncher.execute                                           (DefaultLauncher.java:170)                 &#10;                                                                     org.junit.platform.launcher.core.DefaultLauncher.execute                                           (DefaultLauncher.java:154)                 &#10;                                                                     org.junit.platform.launcher.core.DefaultLauncher.execute                                           (DefaultLauncher.java:90)                  &#10;    org.gradle.api.internal.tasks.testing.junitplatform.JUnitPlatformTestClassProcessor$CollectAllTestClassesExecutor.processAllTestClasses                             (JUnitPlatformTestClassProcessor.java:92)  &#10;    org.gradle.api.internal.tasks.testing.junitplatform.JUnitPlatformTestClassProcessor$CollectAllTestClassesExecutor.access$100                                        (JUnitPlatformTestClassProcessor.java:77)  &#10;                                  org.gradle.api.internal.tasks.testing.junitplatform.JUnitPlatformTestClassProcessor.stop                                              (JUnitPlatformTestClassProcessor.java:73)  &#10;                                                        org.gradle.api.internal.tasks.testing.SuiteTestClassProcessor.stop                                              (SuiteTestClassProcessor.java:61)          &#10;                                                                                 sun.reflect.NativeMethodAccessorImpl.invoke0                                           (NativeMethodAccessorImpl.java:-2)N        &#10;                                                                                 sun.reflect.NativeMethodAccessorImpl.invoke                                            (NativeMethodAccessorImpl.java:62)         &#10;                                                                             sun.reflect.DelegatingMethodAccessorImpl.invoke                                            (DelegatingMethodAccessorImpl.java:43)     &#10;                                                                                             java.lang.reflect.Method.invoke                                            (Method.java:498)                          &#10;                                                                      org.gradle.internal.dispatch.ReflectionDispatch.dispatch                                          (ReflectionDispatch.java:35)               &#10;                                                                      org.gradle.internal.dispatch.ReflectionDispatch.dispatch                                          (ReflectionDispatch.java:24)               &#10;                                                              org.gradle.internal.dispatch.ContextClassLoaderDispatch.dispatch                                          (ContextClassLoaderDispatch.java:32)       &#10;                                       org.gradle.internal.dispatch.ProxyDispatchAdapter$DispatchingInvocationHandler.invoke                                            (ProxyDispatchAdapter.java:93)             &#10;                                                                                                com.sun.proxy.$Proxy1.stop                                              (-:-1)                                     &#10;                                                              org.gradle.api.internal.tasks.testing.worker.TestWorker.stop                                              (TestWorker.java:123)                      &#10;                                                                                 sun.reflect.NativeMethodAccessorImpl.invoke0                                           (NativeMethodAccessorImpl.java:-2)N        &#10;                                                                                 sun.reflect.NativeMethodAccessorImpl.invoke                                            (NativeMethodAccessorImpl.java:62)         &#10;                                                                             sun.reflect.DelegatingMethodAccessorImpl.invoke                                            (DelegatingMethodAccessorImpl.java:43)     &#10;                                                                                             java.lang.reflect.Method.invoke                                            (Method.java:498)                          &#10;                                                                      org.gradle.internal.dispatch.ReflectionDispatch.dispatch                                          (ReflectionDispatch.java:35)               &#10;                                                                      org.gradle.internal.dispatch.ReflectionDispatch.dispatch                                          (ReflectionDispatch.java:24)               &#10;                             org.gradle.internal.remote.internal.hub.MessageHubBackedObjectConnection$DispatchWrapper.dispatch                                          (MessageHubBackedObjectConnection.java:155)&#10;                             org.gradle.internal.remote.internal.hub.MessageHubBackedObjectConnection$DispatchWrapper.dispatch                                          (MessageHubBackedObjectConnection.java:137)&#10;                                                           org.gradle.internal.remote.internal.hub.MessageHub$Handler.run                                               (MessageHub.java:404)                      &#10;                                                 org.gradle.internal.concurrent.ExecutorPolicy$CatchAndRecordFailures.onExecute                                         (ExecutorPolicy.java:63)                   &#10;                                                                 org.gradle.internal.concurrent.ManagedExecutorImpl$1.run                                               (ManagedExecutorImpl.java:46)              &#10;                                                                              java.util.concurrent.ThreadPoolExecutor.runWorker                                         (ThreadPoolExecutor.java:1142)             &#10;                                                                       java.util.concurrent.ThreadPoolExecutor$Worker.run                                               (ThreadPoolExecutor.java:617)              &#10;                                               org.gradle.internal.concurrent.ThreadFactoryImpl$ManagedThreadRunnable.run                                               (ThreadFactoryImpl.java:55)                &#10;                                                                                                     java.lang.Thread.run                                               (Thread.java:748)                          &#10;&#10;14)                                                                                    io.mockk.impl.InternalPlatform.captureStackTrace                             (InternalPlatform.kt:123)                  &#10;                                                                                         io.mockk.impl.stub.MockKStub.handleInvocation                              (MockKStub.kt:206)                         &#10;                                                       io.mockk.impl.instantiation.JvmMockFactoryHelper$mockHandler$1.invocation                                    (JvmMockFactoryHelper.kt:23)               &#10;                                                                                io.mockk.proxy.jvm.advice.Interceptor.call                                          (Interceptor.kt:20)                        &#10;                                                                                 io.mockk.proxy.jvm.advice.BaseAdvice.handle                                        (BaseAdvice.kt:42)                         &#10;                                                               io.mockk.proxy.jvm.advice.jvm.JvmMockKProxyInterceptor.intercept                                     (JvmMockKProxyInterceptor.java:31)         &#10;                                                                             com.jdroids.robotlib.command.Command(BB).hashCode                                      (-:-1)                                     &#10;                                                                                                    java.util.HashMap.hash                                          (HashMap.java:338)                         &#10;                                                                                                    java.util.HashMap.get                                           (HashMap.java:556)                         &#10;                                                                           com.jdroids.robotlib.command.SchedulerImpl.requires                                      (SchedulerImpl.kt:82)                      &#10;                                                                           com.jdroids.robotlib.command.SchedulerTest.requires() interrupts commands when it should (SchedulerTest.kt:76)                      &#10;                                                                                 sun.reflect.NativeMethodAccessorImpl.invoke0                                       (NativeMethodAccessorImpl.java:-2)N        &#10;                                                                                 sun.reflect.NativeMethodAccessorImpl.invoke                                        (NativeMethodAccessorImpl.java:62)         &#10;                                                                             sun.reflect.DelegatingMethodAccessorImpl.invoke                                        (DelegatingMethodAccessorImpl.java:43)     &#10;                                                                                             java.lang.reflect.Method.invoke                                        (Method.java:498)                          &#10;                                                                      org.junit.platform.commons.util.ReflectionUtils.invokeMethod                                  (ReflectionUtils.java:389)                 &#10;                                                                 org.junit.jupiter.engine.execution.ExecutableInvoker.invoke                                        (ExecutableInvoker.java:115)               &#10;                                                         org.junit.jupiter.engine.descriptor.TestMethodTestDescriptor.lambda$invokeTestMethod$6                     (TestMethodTestDescriptor.java:167)        &#10;                                                                org.junit.jupiter.engine.execution.ThrowableCollector.execute                                       (ThrowableCollector.java:40)               &#10;                                                         org.junit.jupiter.engine.descriptor.TestMethodTestDescriptor.invokeTestMethod                              (TestMethodTestDescriptor.java:163)        &#10;                                                         org.junit.jupiter.engine.descriptor.TestMethodTestDescriptor.execute                                       (TestMethodTestDescriptor.java:110)        &#10;                                                         org.junit.jupiter.engine.descriptor.TestMethodTestDescriptor.execute                                       (TestMethodTestDescriptor.java:57)         &#10;                                              org.junit.platform.engine.support.hierarchical.HierarchicalTestExecutor.lambda$execute$3                              (HierarchicalTestExecutor.java:83)         &#10;                                                    org.junit.platform.engine.support.hierarchical.SingleTestExecutor.executeSafely                                 (SingleTestExecutor.java:66)               &#10;                                              org.junit.platform.engine.support.hierarchical.HierarchicalTestExecutor.execute                                       (HierarchicalTestExecutor.java:77)         &#10;                                              org.junit.platform.engine.support.hierarchical.HierarchicalTestExecutor.lambda$null$2                                 (HierarchicalTestExecutor.java:92)         &#10;                                                                          java.util.stream.ForEachOps$ForEachOp$OfRef.accept                                        (ForEachOps.java:184)                      &#10;                                                                               java.util.stream.ReferencePipeline$2$1.accept                                        (ReferencePipeline.java:175)               &#10;                                                                                                   java.util.Iterator.forEachRemaining                              (Iterator.java:116)                        &#10;                                                                           java.util.Spliterators$IteratorSpliterator.forEachRemaining                              (Spliterators.java:1801)                   &#10;                                                                                    java.util.stream.AbstractPipeline.copyInto                                      (AbstractPipeline.java:481)                &#10;                                                                                    java.util.stream.AbstractPipeline.wrapAndCopyInto                               (AbstractPipeline.java:471)                &#10;                                                                                java.util.stream.ForEachOps$ForEachOp.evaluateSequential                            (ForEachOps.java:151)                      &#10;                                                                          java.util.stream.ForEachOps$ForEachOp$OfRef.evaluateSequential                            (ForEachOps.java:174)                      &#10;                                                                                    java.util.stream.AbstractPipeline.evaluate                                      (AbstractPipeline.java:234)                &#10;                                                                                   java.util.stream.ReferencePipeline.forEach                                       (ReferencePipeline.java:418)               &#10;                                              org.junit.platform.engine.support.hierarchical.HierarchicalTestExecutor.lambda$execute$3                              (HierarchicalTestExecutor.java:92)         &#10;                                                    org.junit.platform.engine.support.hierarchical.SingleTestExecutor.executeSafely                                 (SingleTestExecutor.java:66)               &#10;                                              org.junit.platform.engine.support.hierarchical.HierarchicalTestExecutor.execute                                       (HierarchicalTestExecutor.java:77)         &#10;                                              org.junit.platform.engine.support.hierarchical.HierarchicalTestExecutor.lambda$null$2                                 (HierarchicalTestExecutor.java:92)         &#10;                                                                          java.util.stream.ForEachOps$ForEachOp$OfRef.accept                                        (ForEachOps.java:184)                      &#10;                                                                               java.util.stream.ReferencePipeline$2$1.accept                                        (ReferencePipeline.java:175)               &#10;                                                                                                   java.util.Iterator.forEachRemaining                              (Iterator.java:116)                        &#10;                                                                           java.util.Spliterators$IteratorSpliterator.forEachRemaining                              (Spliterators.java:1801)                   &#10;                                                                                    java.util.stream.AbstractPipeline.copyInto                                      (AbstractPipeline.java:481)                &#10;                                                                                    java.util.stream.AbstractPipeline.wrapAndCopyInto                               (AbstractPipeline.java:471)                &#10;                                                                                java.util.stream.ForEachOps$ForEachOp.evaluateSequential                            (ForEachOps.java:151)                      &#10;                                                                          java.util.stream.ForEachOps$ForEachOp$OfRef.evaluateSequential                            (ForEachOps.java:174)                      &#10;                                                                                    java.util.stream.AbstractPipeline.evaluate                                      (AbstractPipeline.java:234)                &#10;                                                                                   java.util.stream.ReferencePipeline.forEach                                       (ReferencePipeline.java:418)               &#10;                                              org.junit.platform.engine.support.hierarchical.HierarchicalTestExecutor.lambda$execute$3                              (HierarchicalTestExecutor.java:92)         &#10;                                                    org.junit.platform.engine.support.hierarchical.SingleTestExecutor.executeSafely                                 (SingleTestExecutor.java:66)               &#10;                                              org.junit.platform.engine.support.hierarchical.HierarchicalTestExecutor.execute                                       (HierarchicalTestExecutor.java:77)         &#10;                                              org.junit.platform.engine.support.hierarchical.HierarchicalTestExecutor.execute                                       (HierarchicalTestExecutor.java:51)         &#10;                                                org.junit.platform.engine.support.hierarchical.HierarchicalTestEngine.execute                                       (HierarchicalTestEngine.java:43)           &#10;                                                                     org.junit.platform.launcher.core.DefaultLauncher.execute                                       (DefaultLauncher.java:170)                 &#10;                                                                     org.junit.platform.launcher.core.DefaultLauncher.execute                                       (DefaultLauncher.java:154)                 &#10;                                                                     org.junit.platform.launcher.core.DefaultLauncher.execute                                       (DefaultLauncher.java:90)                  &#10;    org.gradle.api.internal.tasks.testing.junitplatform.JUnitPlatformTestClassProcessor$CollectAllTestClassesExecutor.processAllTestClasses                         (JUnitPlatformTestClassProcessor.java:92)  &#10;    org.gradle.api.internal.tasks.testing.junitplatform.JUnitPlatformTestClassProcessor$CollectAllTestClassesExecutor.access$100                                    (JUnitPlatformTestClassProcessor.java:77)  &#10;                                  org.gradle.api.internal.tasks.testing.junitplatform.JUnitPlatformTestClassProcessor.stop                                          (JUnitPlatformTestClassProcessor.java:73)  &#10;                                                        org.gradle.api.internal.tasks.testing.SuiteTestClassProcessor.stop                                          (SuiteTestClassProcessor.java:61)          &#10;                                                                                 sun.reflect.NativeMethodAccessorImpl.invoke0                                       (NativeMethodAccessorImpl.java:-2)N        &#10;                                                                                 sun.reflect.NativeMethodAccessorImpl.invoke                                        (NativeMethodAccessorImpl.java:62)         &#10;                                                                             sun.reflect.DelegatingMethodAccessorImpl.invoke                                        (DelegatingMethodAccessorImpl.java:43)     &#10;                                                                                             java.lang.reflect.Method.invoke                                        (Method.java:498)                          &#10;                                                                      org.gradle.internal.dispatch.ReflectionDispatch.dispatch                                      (ReflectionDispatch.java:35)               &#10;                                                                      org.gradle.internal.dispatch.ReflectionDispatch.dispatch                                      (ReflectionDispatch.java:24)               &#10;                                                              org.gradle.internal.dispatch.ContextClassLoaderDispatch.dispatch                                      (ContextClassLoaderDispatch.java:32)       &#10;                                       org.gradle.internal.dispatch.ProxyDispatchAdapter$DispatchingInvocationHandler.invoke                                        (ProxyDispatchAdapter.java:93)             &#10;                                                                                                com.sun.proxy.$Proxy1.stop                                          (-:-1)                                     &#10;                                                              org.gradle.api.internal.tasks.testing.worker.TestWorker.stop                                          (TestWorker.java:123)                      &#10;                                                                                 sun.reflect.NativeMethodAccessorImpl.invoke0                                       (NativeMethodAccessorImpl.java:-2)N        &#10;                                                                                 sun.reflect.NativeMethodAccessorImpl.invoke                                        (NativeMethodAccessorImpl.java:62)         &#10;                                                                             sun.reflect.DelegatingMethodAccessorImpl.invoke                                        (DelegatingMethodAccessorImpl.java:43)     &#10;                                                                                             java.lang.reflect.Method.invoke                                        (Method.java:498)                          &#10;                                                                      org.gradle.internal.dispatch.ReflectionDispatch.dispatch                                      (ReflectionDispatch.java:35)               &#10;                                                                      org.gradle.internal.dispatch.ReflectionDispatch.dispatch                                      (ReflectionDispatch.java:24)               &#10;                             org.gradle.internal.remote.internal.hub.MessageHubBackedObjectConnection$DispatchWrapper.dispatch                                      (MessageHubBackedObjectConnection.java:155)&#10;                             org.gradle.internal.remote.internal.hub.MessageHubBackedObjectConnection$DispatchWrapper.dispatch                                      (MessageHubBackedObjectConnection.java:137)&#10;                                                           org.gradle.internal.remote.internal.hub.MessageHub$Handler.run                                           (MessageHub.java:404)                      &#10;                                                 org.gradle.internal.concurrent.ExecutorPolicy$CatchAndRecordFailures.onExecute                                     (ExecutorPolicy.java:63)                   &#10;                                                                 org.gradle.internal.concurrent.ManagedExecutorImpl$1.run                                           (ManagedExecutorImpl.java:46)              &#10;                                                                              java.util.concurrent.ThreadPoolExecutor.runWorker                                     (ThreadPoolExecutor.java:1142)             &#10;                                                                       java.util.concurrent.ThreadPoolExecutor$Worker.run                                           (ThreadPoolExecutor.java:617)              &#10;                                               org.gradle.internal.concurrent.ThreadFactoryImpl$ManagedThreadRunnable.run                                           (ThreadFactoryImpl.java:55)                &#10;                                                                                                     java.lang.Thread.run                                           (Thread.java:748)                          &#10;&#10;15)                                                                                    io.mockk.impl.InternalPlatform.captureStackTrace                             (InternalPlatform.kt:123)                  &#10;                                                                                         io.mockk.impl.stub.MockKStub.handleInvocation                              (MockKStub.kt:206)                         &#10;                                                       io.mockk.impl.instantiation.JvmMockFactoryHelper$mockHandler$1.invocation                                    (JvmMockFactoryHelper.kt:23)               &#10;                                                                                io.mockk.proxy.jvm.advice.Interceptor.call                                          (Interceptor.kt:20)                        &#10;                                                                                 io.mockk.proxy.jvm.advice.BaseAdvice.handle                                        (BaseAdvice.kt:42)                         &#10;                                                               io.mockk.proxy.jvm.advice.jvm.JvmMockKProxyInterceptor.intercept                                     (JvmMockKProxyInterceptor.java:31)         &#10;                                                                             com.jdroids.robotlib.command.Command(BB).hashCode                                      (-:-1)                                     &#10;                                                                                                    java.util.HashMap.hash                                          (HashMap.java:338)                         &#10;                                                                                                    java.util.HashMap.put                                           (HashMap.java:611)                         &#10;                                                                           com.jdroids.robotlib.command.SchedulerImpl.requires                                      (SchedulerImpl.kt:83)                      &#10;                                                                           com.jdroids.robotlib.command.SchedulerTest.requires() interrupts commands when it should (SchedulerTest.kt:76)                      &#10;                                                                                 sun.reflect.NativeMethodAccessorImpl.invoke0                                       (NativeMethodAccessorImpl.java:-2)N        &#10;                                                                                 sun.reflect.NativeMethodAccessorImpl.invoke                                        (NativeMethodAccessorImpl.java:62)         &#10;                                                                             sun.reflect.DelegatingMethodAccessorImpl.invoke                                        (DelegatingMethodAccessorImpl.java:43)     &#10;                                                                                             java.lang.reflect.Method.invoke                                        (Method.java:498)                          &#10;                                                                      org.junit.platform.commons.util.ReflectionUtils.invokeMethod                                  (ReflectionUtils.java:389)                 &#10;                                                                 org.junit.jupiter.engine.execution.ExecutableInvoker.invoke                                        (ExecutableInvoker.java:115)               &#10;                                                         org.junit.jupiter.engine.descriptor.TestMethodTestDescriptor.lambda$invokeTestMethod$6                     (TestMethodTestDescriptor.java:167)        &#10;                                                                org.junit.jupiter.engine.execution.ThrowableCollector.execute                                       (ThrowableCollector.java:40)               &#10;                                                         org.junit.jupiter.engine.descriptor.TestMethodTestDescriptor.invokeTestMethod                              (TestMethodTestDescriptor.java:163)        &#10;                                                         org.junit.jupiter.engine.descriptor.TestMethodTestDescriptor.execute                                       (TestMethodTestDescriptor.java:110)        &#10;                                                         org.junit.jupiter.engine.descriptor.TestMethodTestDescriptor.execute                                       (TestMethodTestDescriptor.java:57)         &#10;                                              org.junit.platform.engine.support.hierarchical.HierarchicalTestExecutor.lambda$execute$3                              (HierarchicalTestExecutor.java:83)         &#10;                                                    org.junit.platform.engine.support.hierarchical.SingleTestExecutor.executeSafely                                 (SingleTestExecutor.java:66)               &#10;                                              org.junit.platform.engine.support.hierarchical.HierarchicalTestExecutor.execute                                       (HierarchicalTestExecutor.java:77)         &#10;                                              org.junit.platform.engine.support.hierarchical.HierarchicalTestExecutor.lambda$null$2                                 (HierarchicalTestExecutor.java:92)         &#10;                                                                          java.util.stream.ForEachOps$ForEachOp$OfRef.accept                                        (ForEachOps.java:184)                      &#10;                                                                               java.util.stream.ReferencePipeline$2$1.accept                                        (ReferencePipeline.java:175)               &#10;                                                                                                   java.util.Iterator.forEachRemaining                              (Iterator.java:116)                        &#10;                                                                           java.util.Spliterators$IteratorSpliterator.forEachRemaining                              (Spliterators.java:1801)                   &#10;                                                                                    java.util.stream.AbstractPipeline.copyInto                                      (AbstractPipeline.java:481)                &#10;                                                                                    java.util.stream.AbstractPipeline.wrapAndCopyInto                               (AbstractPipeline.java:471)                &#10;                                                                                java.util.stream.ForEachOps$ForEachOp.evaluateSequential                            (ForEachOps.java:151)                      &#10;                                                                          java.util.stream.ForEachOps$ForEachOp$OfRef.evaluateSequential                            (ForEachOps.java:174)                      &#10;                                                                                    java.util.stream.AbstractPipeline.evaluate                                      (AbstractPipeline.java:234)                &#10;                                                                                   java.util.stream.ReferencePipeline.forEach                                       (ReferencePipeline.java:418)               &#10;                                              org.junit.platform.engine.support.hierarchical.HierarchicalTestExecutor.lambda$execute$3                              (HierarchicalTestExecutor.java:92)         &#10;                                                    org.junit.platform.engine.support.hierarchical.SingleTestExecutor.executeSafely                                 (SingleTestExecutor.java:66)               &#10;                                              org.junit.platform.engine.support.hierarchical.HierarchicalTestExecutor.execute                                       (HierarchicalTestExecutor.java:77)         &#10;                                              org.junit.platform.engine.support.hierarchical.HierarchicalTestExecutor.lambda$null$2                                 (HierarchicalTestExecutor.java:92)         &#10;                                                                          java.util.stream.ForEachOps$ForEachOp$OfRef.accept                                        (ForEachOps.java:184)                      &#10;                                                                               java.util.stream.ReferencePipeline$2$1.accept                                        (ReferencePipeline.java:175)               &#10;                                                                                                   java.util.Iterator.forEachRemaining                              (Iterator.java:116)                        &#10;                                                                           java.util.Spliterators$IteratorSpliterator.forEachRemaining                              (Spliterators.java:1801)                   &#10;                                                                                    java.util.stream.AbstractPipeline.copyInto                                      (AbstractPipeline.java:481)                &#10;                                                                                    java.util.stream.AbstractPipeline.wrapAndCopyInto                               (AbstractPipeline.java:471)                &#10;                                                                                java.util.stream.ForEachOps$ForEachOp.evaluateSequential                            (ForEachOps.java:151)                      &#10;                                                                          java.util.stream.ForEachOps$ForEachOp$OfRef.evaluateSequential                            (ForEachOps.java:174)                      &#10;                                                                                    java.util.stream.AbstractPipeline.evaluate                                      (AbstractPipeline.java:234)                &#10;                                                                                   java.util.stream.ReferencePipeline.forEach                                       (ReferencePipeline.java:418)               &#10;                                              org.junit.platform.engine.support.hierarchical.HierarchicalTestExecutor.lambda$execute$3                              (HierarchicalTestExecutor.java:92)         &#10;                                                    org.junit.platform.engine.support.hierarchical.SingleTestExecutor.executeSafely                                 (SingleTestExecutor.java:66)               &#10;                                              org.junit.platform.engine.support.hierarchical.HierarchicalTestExecutor.execute                                       (HierarchicalTestExecutor.java:77)         &#10;                                              org.junit.platform.engine.support.hierarchical.HierarchicalTestExecutor.execute                                       (HierarchicalTestExecutor.java:51)         &#10;                                                org.junit.platform.engine.support.hierarchical.HierarchicalTestEngine.execute                                       (HierarchicalTestEngine.java:43)           &#10;                                                                     org.junit.platform.launcher.core.DefaultLauncher.execute                                       (DefaultLauncher.java:170)                 &#10;                                                                     org.junit.platform.launcher.core.DefaultLauncher.execute                                       (DefaultLauncher.java:154)                 &#10;                                                                     org.junit.platform.launcher.core.DefaultLauncher.execute                                       (DefaultLauncher.java:90)                  &#10;    org.gradle.api.internal.tasks.testing.junitplatform.JUnitPlatformTestClassProcessor$CollectAllTestClassesExecutor.processAllTestClasses                         (JUnitPlatformTestClassProcessor.java:92)  &#10;    org.gradle.api.internal.tasks.testing.junitplatform.JUnitPlatformTestClassProcessor$CollectAllTestClassesExecutor.access$100                                    (JUnitPlatformTestClassProcessor.java:77)  &#10;                                  org.gradle.api.internal.tasks.testing.junitplatform.JUnitPlatformTestClassProcessor.stop                                          (JUnitPlatformTestClassProcessor.java:73)  &#10;                                                        org.gradle.api.internal.tasks.testing.SuiteTestClassProcessor.stop                                          (SuiteTestClassProcessor.java:61)          &#10;                                                                                 sun.reflect.NativeMethodAccessorImpl.invoke0                                       (NativeMethodAccessorImpl.java:-2)N        &#10;                                                                                 sun.reflect.NativeMethodAccessorImpl.invoke                                        (NativeMethodAccessorImpl.java:62)         &#10;                                                                             sun.reflect.DelegatingMethodAccessorImpl.invoke                                        (DelegatingMethodAccessorImpl.java:43)     &#10;                                                                                             java.lang.reflect.Method.invoke                                        (Method.java:498)                          &#10;                                                                      org.gradle.internal.dispatch.ReflectionDispatch.dispatch                                      (ReflectionDispatch.java:35)               &#10;                                                                      org.gradle.internal.dispatch.ReflectionDispatch.dispatch                                      (ReflectionDispatch.java:24)               &#10;                                                              org.gradle.internal.dispatch.ContextClassLoaderDispatch.dispatch                                      (ContextClassLoaderDispatch.java:32)       &#10;                                       org.gradle.internal.dispatch.ProxyDispatchAdapter$DispatchingInvocationHandler.invoke                                        (ProxyDispatchAdapter.java:93)             &#10;                                                                                                com.sun.proxy.$Proxy1.stop                                          (-:-1)                                     &#10;                                                              org.gradle.api.internal.tasks.testing.worker.TestWorker.stop                                          (TestWorker.java:123)                      &#10;                                                                                 sun.reflect.NativeMethodAccessorImpl.invoke0                                       (NativeMethodAccessorImpl.java:-2)N        &#10;                                                                                 sun.reflect.NativeMethodAccessorImpl.invoke                                        (NativeMethodAccessorImpl.java:62)         &#10;                                                                             sun.reflect.DelegatingMethodAccessorImpl.invoke                                        (DelegatingMethodAccessorImpl.java:43)     &#10;                                                                                             java.lang.reflect.Method.invoke                                        (Method.java:498)                          &#10;                                                                      org.gradle.internal.dispatch.ReflectionDispatch.dispatch                                      (ReflectionDispatch.java:35)               &#10;                                                                      org.gradle.internal.dispatch.ReflectionDispatch.dispatch                                      (ReflectionDispatch.java:24)               &#10;                             org.gradle.internal.remote.internal.hub.MessageHubBackedObjectConnection$DispatchWrapper.dispatch                                      (MessageHubBackedObjectConnection.java:155)&#10;                             org.gradle.internal.remote.internal.hub.MessageHubBackedObjectConnection$DispatchWrapper.dispatch                                      (MessageHubBackedObjectConnection.java:137)&#10;                                                           org.gradle.internal.remote.internal.hub.MessageHub$Handler.run                                           (MessageHub.java:404)                      &#10;                                                 org.gradle.internal.concurrent.ExecutorPolicy$CatchAndRecordFailures.onExecute                                     (ExecutorPolicy.java:63)                   &#10;                                                                 org.gradle.internal.concurrent.ManagedExecutorImpl$1.run                                           (ManagedExecutorImpl.java:46)              &#10;                                                                              java.util.concurrent.ThreadPoolExecutor.runWorker                                     (ThreadPoolExecutor.java:1142)             &#10;                                                                       java.util.concurrent.ThreadPoolExecutor$Worker.run                                           (ThreadPoolExecutor.java:617)              &#10;                                               org.gradle.internal.concurrent.ThreadFactoryImpl$ManagedThreadRunnable.run                                           (ThreadFactoryImpl.java:55)                &#10;                                                                                                     java.lang.Thread.run                                           (Thread.java:748)                          &#10;&#10;16)                                                                                    io.mockk.impl.InternalPlatform.captureStackTrace                             (InternalPlatform.kt:123)                  &#10;                                                                                         io.mockk.impl.stub.MockKStub.handleInvocation                              (MockKStub.kt:206)                         &#10;                                                       io.mockk.impl.instantiation.JvmMockFactoryHelper$mockHandler$1.invocation                                    (JvmMockFactoryHelper.kt:23)               &#10;                                                                                io.mockk.proxy.jvm.advice.Interceptor.call                                          (Interceptor.kt:20)                        &#10;                                                                                 io.mockk.proxy.jvm.advice.BaseAdvice.handle                                        (BaseAdvice.kt:42)                         &#10;                                                               io.mockk.proxy.jvm.advice.jvm.JvmMockKProxyInterceptor.intercept                                     (JvmMockKProxyInterceptor.java:31)         &#10;                                                                             com.jdroids.robotlib.command.Command(BB).hashCode                                      (-:-1)                                     &#10;                                                                                                    java.util.HashMap.hash                                          (HashMap.java:338)                         &#10;                                                                                                    java.util.HashMap.get                                           (HashMap.java:556)                         &#10;                                                                           com.jdroids.robotlib.command.SchedulerImpl.requires                                      (SchedulerImpl.kt:86)                      &#10;                                                                           com.jdroids.robotlib.command.SchedulerTest.requires() interrupts commands when it should (SchedulerTest.kt:76)                      &#10;                                                                                 sun.reflect.NativeMethodAccessorImpl.invoke0                                       (NativeMethodAccessorImpl.java:-2)N        &#10;                                                                                 sun.reflect.NativeMethodAccessorImpl.invoke                                        (NativeMethodAccessorImpl.java:62)         &#10;                                                                             sun.reflect.DelegatingMethodAccessorImpl.invoke                                        (DelegatingMethodAccessorImpl.java:43)     &#10;                                                                                             java.lang.reflect.Method.invoke                                        (Method.java:498)                          &#10;                                                                      org.junit.platform.commons.util.ReflectionUtils.invokeMethod                                  (ReflectionUtils.java:389)                 &#10;                                                                 org.junit.jupiter.engine.execution.ExecutableInvoker.invoke                                        (ExecutableInvoker.java:115)               &#10;                                                         org.junit.jupiter.engine.descriptor.TestMethodTestDescriptor.lambda$invokeTestMethod$6                     (TestMethodTestDescriptor.java:167)        &#10;                                                                org.junit.jupiter.engine.execution.ThrowableCollector.execute                                       (ThrowableCollector.java:40)               &#10;                                                         org.junit.jupiter.engine.descriptor.TestMethodTestDescriptor.invokeTestMethod                              (TestMethodTestDescriptor.java:163)        &#10;                                                         org.junit.jupiter.engine.descriptor.TestMethodTestDescriptor.execute                                       (TestMethodTestDescriptor.java:110)        &#10;                                                         org.junit.jupiter.engine.descriptor.TestMethodTestDescriptor.execute                                       (TestMethodTestDescriptor.java:57)         &#10;                                              org.junit.platform.engine.support.hierarchical.HierarchicalTestExecutor.lambda$execute$3                              (HierarchicalTestExecutor.java:83)         &#10;                                                    org.junit.platform.engine.support.hierarchical.SingleTestExecutor.executeSafely                                 (SingleTestExecutor.java:66)               &#10;                                              org.junit.platform.engine.support.hierarchical.HierarchicalTestExecutor.execute                                       (HierarchicalTestExecutor.java:77)         &#10;                                              org.junit.platform.engine.support.hierarchical.HierarchicalTestExecutor.lambda$null$2                                 (HierarchicalTestExecutor.java:92)         &#10;                                                                          java.util.stream.ForEachOps$ForEachOp$OfRef.accept                                        (ForEachOps.java:184)                      &#10;                                                                               java.util.stream.ReferencePipeline$2$1.accept                                        (ReferencePipeline.java:175)               &#10;                                                                                                   java.util.Iterator.forEachRemaining                              (Iterator.java:116)                        &#10;                                                                           java.util.Spliterators$IteratorSpliterator.forEachRemaining                              (Spliterators.java:1801)                   &#10;                                                                                    java.util.stream.AbstractPipeline.copyInto                                      (AbstractPipeline.java:481)                &#10;                                                                                    java.util.stream.AbstractPipeline.wrapAndCopyInto                               (AbstractPipeline.java:471)                &#10;                                                                                java.util.stream.ForEachOps$ForEachOp.evaluateSequential                            (ForEachOps.java:151)                      &#10;                                                                          java.util.stream.ForEachOps$ForEachOp$OfRef.evaluateSequential                            (ForEachOps.java:174)                      &#10;                                                                                    java.util.stream.AbstractPipeline.evaluate                                      (AbstractPipeline.java:234)                &#10;                                                                                   java.util.stream.ReferencePipeline.forEach                                       (ReferencePipeline.java:418)               &#10;                                              org.junit.platform.engine.support.hierarchical.HierarchicalTestExecutor.lambda$execute$3                              (HierarchicalTestExecutor.java:92)         &#10;                                                    org.junit.platform.engine.support.hierarchical.SingleTestExecutor.executeSafely                                 (SingleTestExecutor.java:66)               &#10;                                              org.junit.platform.engine.support.hierarchical.HierarchicalTestExecutor.execute                                       (HierarchicalTestExecutor.java:77)         &#10;                                              org.junit.platform.engine.support.hierarchical.HierarchicalTestExecutor.lambda$null$2                                 (HierarchicalTestExecutor.java:92)         &#10;                                                                          java.util.stream.ForEachOps$ForEachOp$OfRef.accept                                        (ForEachOps.java:184)                      &#10;                                                                               java.util.stream.ReferencePipeline$2$1.accept                                        (ReferencePipeline.java:175)               &#10;                                                                                                   java.util.Iterator.forEachRemaining                              (Iterator.java:116)                        &#10;                                                                           java.util.Spliterators$IteratorSpliterator.forEachRemaining                              (Spliterators.java:1801)                   &#10;                                                                                    java.util.stream.AbstractPipeline.copyInto                                      (AbstractPipeline.java:481)                &#10;                                                                                    java.util.stream.AbstractPipeline.wrapAndCopyInto                               (AbstractPipeline.java:471)                &#10;                                                                                java.util.stream.ForEachOps$ForEachOp.evaluateSequential                            (ForEachOps.java:151)                      &#10;                                                                          java.util.stream.ForEachOps$ForEachOp$OfRef.evaluateSequential                            (ForEachOps.java:174)                      &#10;                                                                                    java.util.stream.AbstractPipeline.evaluate                                      (AbstractPipeline.java:234)                &#10;                                                                                   java.util.stream.ReferencePipeline.forEach                                       (ReferencePipeline.java:418)               &#10;                                              org.junit.platform.engine.support.hierarchical.HierarchicalTestExecutor.lambda$execute$3                              (HierarchicalTestExecutor.java:92)         &#10;                                                    org.junit.platform.engine.support.hierarchical.SingleTestExecutor.executeSafely                                 (SingleTestExecutor.java:66)               &#10;                                              org.junit.platform.engine.support.hierarchical.HierarchicalTestExecutor.execute                                       (HierarchicalTestExecutor.java:77)         &#10;                                              org.junit.platform.engine.support.hierarchical.HierarchicalTestExecutor.execute                                       (HierarchicalTestExecutor.java:51)         &#10;                                                org.junit.platform.engine.support.hierarchical.HierarchicalTestEngine.execute                                       (HierarchicalTestEngine.java:43)           &#10;                                                                     org.junit.platform.launcher.core.DefaultLauncher.execute                                       (DefaultLauncher.java:170)                 &#10;                                                                     org.junit.platform.launcher.core.DefaultLauncher.execute                                       (DefaultLauncher.java:154)                 &#10;                                                                     org.junit.platform.launcher.core.DefaultLauncher.execute                                       (DefaultLauncher.java:90)                  &#10;    org.gradle.api.internal.tasks.testing.junitplatform.JUnitPlatformTestClassProcessor$CollectAllTestClassesExecutor.processAllTestClasses                         (JUnitPlatformTestClassProcessor.java:92)  &#10;    org.gradle.api.internal.tasks.testing.junitplatform.JUnitPlatformTestClassProcessor$CollectAllTestClassesExecutor.access$100                                    (JUnitPlatformTestClassProcessor.java:77)  &#10;                                  org.gradle.api.internal.tasks.testing.junitplatform.JUnitPlatformTestClassProcessor.stop                                          (JUnitPlatformTestClassProcessor.java:73)  &#10;                                                        org.gradle.api.internal.tasks.testing.SuiteTestClassProcessor.stop                                          (SuiteTestClassProcessor.java:61)          &#10;                                                                                 sun.reflect.NativeMethodAccessorImpl.invoke0                                       (NativeMethodAccessorImpl.java:-2)N        &#10;                                                                                 sun.reflect.NativeMethodAccessorImpl.invoke                                        (NativeMethodAccessorImpl.java:62)         &#10;                                                                             sun.reflect.DelegatingMethodAccessorImpl.invoke                                        (DelegatingMethodAccessorImpl.java:43)     &#10;                                                                                             java.lang.reflect.Method.invoke                                        (Method.java:498)                          &#10;                                                                      org.gradle.internal.dispatch.ReflectionDispatch.dispatch                                      (ReflectionDispatch.java:35)               &#10;                                                                      org.gradle.internal.dispatch.ReflectionDispatch.dispatch                                      (ReflectionDispatch.java:24)               &#10;                                                              org.gradle.internal.dispatch.ContextClassLoaderDispatch.dispatch                                      (ContextClassLoaderDispatch.java:32)       &#10;                                       org.gradle.internal.dispatch.ProxyDispatchAdapter$DispatchingInvocationHandler.invoke                                        (ProxyDispatchAdapter.java:93)             &#10;                                                                                                com.sun.proxy.$Proxy1.stop                                          (-:-1)                                     &#10;                                                              org.gradle.api.internal.tasks.testing.worker.TestWorker.stop                                          (TestWorker.java:123)                      &#10;                                                                                 sun.reflect.NativeMethodAccessorImpl.invoke0                                       (NativeMethodAccessorImpl.java:-2)N        &#10;                                                                                 sun.reflect.NativeMethodAccessorImpl.invoke                                        (NativeMethodAccessorImpl.java:62)         &#10;                                                                             sun.reflect.DelegatingMethodAccessorImpl.invoke                                        (DelegatingMethodAccessorImpl.java:43)     &#10;                                                                                             java.lang.reflect.Method.invoke                                        (Method.java:498)                          &#10;                                                                      org.gradle.internal.dispatch.ReflectionDispatch.dispatch                                      (ReflectionDispatch.java:35)               &#10;                                                                      org.gradle.internal.dispatch.ReflectionDispatch.dispatch                                      (ReflectionDispatch.java:24)               &#10;                             org.gradle.internal.remote.internal.hub.MessageHubBackedObjectConnection$DispatchWrapper.dispatch                                      (MessageHubBackedObjectConnection.java:155)&#10;                             org.gradle.internal.remote.internal.hub.MessageHubBackedObjectConnection$DispatchWrapper.dispatch                                      (MessageHubBackedObjectConnection.java:137)&#10;                                                           org.gradle.internal.remote.internal.hub.MessageHub$Handler.run                                           (MessageHub.java:404)                      &#10;                                                 org.gradle.internal.concurrent.ExecutorPolicy$CatchAndRecordFailures.onExecute                                     (ExecutorPolicy.java:63)                   &#10;                                                                 org.gradle.internal.concurrent.ManagedExecutorImpl$1.run                                           (ManagedExecutorImpl.java:46)              &#10;                                                                              java.util.concurrent.ThreadPoolExecutor.runWorker                                     (ThreadPoolExecutor.java:1142)             &#10;                                                                       java.util.concurrent.ThreadPoolExecutor$Worker.run                                           (ThreadPoolExecutor.java:617)              &#10;                                               org.gradle.internal.concurrent.ThreadFactoryImpl$ManagedThreadRunnable.run                                           (ThreadFactoryImpl.java:55)                &#10;                                                                                                     java.lang.Thread.run                                           (Thread.java:748)                          &#10;&#10;17)                                                                                    io.mockk.impl.InternalPlatform.captureStackTrace                             (InternalPlatform.kt:123)                  &#10;                                                                                         io.mockk.impl.stub.MockKStub.handleInvocation                              (MockKStub.kt:206)                         &#10;                                                       io.mockk.impl.instantiation.JvmMockFactoryHelper$mockHandler$1.invocation                                    (JvmMockFactoryHelper.kt:23)               &#10;                                                                                io.mockk.proxy.jvm.advice.Interceptor.call                                          (Interceptor.kt:20)                        &#10;                                                                                 io.mockk.proxy.jvm.advice.BaseAdvice.handle                                        (BaseAdvice.kt:42)                         &#10;                                                               io.mockk.proxy.jvm.advice.jvm.JvmMockKProxyInterceptor.interceptNoSuper                              (JvmMockKProxyInterceptor.java:45)         &#10;                                                                             com.jdroids.robotlib.command.Command(BB).start                                         (-:-1)                                     &#10;                                                                           com.jdroids.robotlib.command.SchedulerImpl.run                                           (SchedulerImpl.kt:31)                      &#10;                                                                           com.jdroids.robotlib.command.SchedulerTest.requires() interrupts commands when it should (SchedulerTest.kt:78)                      &#10;                                                                                 sun.reflect.NativeMethodAccessorImpl.invoke0                                       (NativeMethodAccessorImpl.java:-2)N        &#10;                                                                                 sun.reflect.NativeMethodAccessorImpl.invoke                                        (NativeMethodAccessorImpl.java:62)         &#10;                                                                             sun.reflect.DelegatingMethodAccessorImpl.invoke                                        (DelegatingMethodAccessorImpl.java:43)     &#10;                                                                                             java.lang.reflect.Method.invoke                                        (Method.java:498)                          &#10;                                                                      org.junit.platform.commons.util.ReflectionUtils.invokeMethod                                  (ReflectionUtils.java:389)                 &#10;                                                                 org.junit.jupiter.engine.execution.ExecutableInvoker.invoke                                        (ExecutableInvoker.java:115)               &#10;                                                         org.junit.jupiter.engine.descriptor.TestMethodTestDescriptor.lambda$invokeTestMethod$6                     (TestMethodTestDescriptor.java:167)        &#10;                                                                org.junit.jupiter.engine.execution.ThrowableCollector.execute                                       (ThrowableCollector.java:40)               &#10;                                                         org.junit.jupiter.engine.descriptor.TestMethodTestDescriptor.invokeTestMethod                              (TestMethodTestDescriptor.java:163)        &#10;                                                         org.junit.jupiter.engine.descriptor.TestMethodTestDescriptor.execute                                       (TestMethodTestDescriptor.java:110)        &#10;                                                         org.junit.jupiter.engine.descriptor.TestMethodTestDescriptor.execute                                       (TestMethodTestDescriptor.java:57)         &#10;                                              org.junit.platform.engine.support.hierarchical.HierarchicalTestExecutor.lambda$execute$3                              (HierarchicalTestExecutor.java:83)         &#10;                                                    org.junit.platform.engine.support.hierarchical.SingleTestExecutor.executeSafely                                 (SingleTestExecutor.java:66)               &#10;                                              org.junit.platform.engine.support.hierarchical.HierarchicalTestExecutor.execute                                       (HierarchicalTestExecutor.java:77)         &#10;                                              org.junit.platform.engine.support.hierarchical.HierarchicalTestExecutor.lambda$null$2                                 (HierarchicalTestExecutor.java:92)         &#10;                                                                          java.util.stream.ForEachOps$ForEachOp$OfRef.accept                                        (ForEachOps.java:184)                      &#10;                                                                               java.util.stream.ReferencePipeline$2$1.accept                                        (ReferencePipeline.java:175)               &#10;                                                                                                   java.util.Iterator.forEachRemaining                              (Iterator.java:116)                        &#10;                                                                           java.util.Spliterators$IteratorSpliterator.forEachRemaining                              (Spliterators.java:1801)                   &#10;                                                                                    java.util.stream.AbstractPipeline.copyInto                                      (AbstractPipeline.java:481)                &#10;                                                                                    java.util.stream.AbstractPipeline.wrapAndCopyInto                               (AbstractPipeline.java:471)                &#10;                                                                                java.util.stream.ForEachOps$ForEachOp.evaluateSequential                            (ForEachOps.java:151)                      &#10;                                                                          java.util.stream.ForEachOps$ForEachOp$OfRef.evaluateSequential                            (ForEachOps.java:174)                      &#10;                                                                                    java.util.stream.AbstractPipeline.evaluate                                      (AbstractPipeline.java:234)                &#10;                                                                                   java.util.stream.ReferencePipeline.forEach                                       (ReferencePipeline.java:418)               &#10;                                              org.junit.platform.engine.support.hierarchical.HierarchicalTestExecutor.lambda$execute$3                              (HierarchicalTestExecutor.java:92)         &#10;                                                    org.junit.platform.engine.support.hierarchical.SingleTestExecutor.executeSafely                                 (SingleTestExecutor.java:66)               &#10;                                              org.junit.platform.engine.support.hierarchical.HierarchicalTestExecutor.execute                                       (HierarchicalTestExecutor.java:77)         &#10;                                              org.junit.platform.engine.support.hierarchical.HierarchicalTestExecutor.lambda$null$2                                 (HierarchicalTestExecutor.java:92)         &#10;                                                                          java.util.stream.ForEachOps$ForEachOp$OfRef.accept                                        (ForEachOps.java:184)                      &#10;                                                                               java.util.stream.ReferencePipeline$2$1.accept                                        (ReferencePipeline.java:175)               &#10;                                                                                                   java.util.Iterator.forEachRemaining                              (Iterator.java:116)                        &#10;                                                                           java.util.Spliterators$IteratorSpliterator.forEachRemaining                              (Spliterators.java:1801)                   &#10;                                                                                    java.util.stream.AbstractPipeline.copyInto                                      (AbstractPipeline.java:481)                &#10;                                                                                    java.util.stream.AbstractPipeline.wrapAndCopyInto                               (AbstractPipeline.java:471)                &#10;                                                                                java.util.stream.ForEachOps$ForEachOp.evaluateSequential                            (ForEachOps.java:151)                      &#10;                                                                          java.util.stream.ForEachOps$ForEachOp$OfRef.evaluateSequential                            (ForEachOps.java:174)                      &#10;                                                                                    java.util.stream.AbstractPipeline.evaluate                                      (AbstractPipeline.java:234)                &#10;                                                                                   java.util.stream.ReferencePipeline.forEach                                       (ReferencePipeline.java:418)               &#10;                                              org.junit.platform.engine.support.hierarchical.HierarchicalTestExecutor.lambda$execute$3                              (HierarchicalTestExecutor.java:92)         &#10;                                                    org.junit.platform.engine.support.hierarchical.SingleTestExecutor.executeSafely                                 (SingleTestExecutor.java:66)               &#10;                                              org.junit.platform.engine.support.hierarchical.HierarchicalTestExecutor.execute                                       (HierarchicalTestExecutor.java:77)         &#10;                                              org.junit.platform.engine.support.hierarchical.HierarchicalTestExecutor.execute                                       (HierarchicalTestExecutor.java:51)         &#10;                                                org.junit.platform.engine.support.hierarchical.HierarchicalTestEngine.execute                                       (HierarchicalTestEngine.java:43)           &#10;                                                                     org.junit.platform.launcher.core.DefaultLauncher.execute                                       (DefaultLauncher.java:170)                 &#10;                                                                     org.junit.platform.launcher.core.DefaultLauncher.execute                                       (DefaultLauncher.java:154)                 &#10;                                                                     org.junit.platform.launcher.core.DefaultLauncher.execute                                       (DefaultLauncher.java:90)                  &#10;    org.gradle.api.internal.tasks.testing.junitplatform.JUnitPlatformTestClassProcessor$CollectAllTestClassesExecutor.processAllTestClasses                         (JUnitPlatformTestClassProcessor.java:92)  &#10;    org.gradle.api.internal.tasks.testing.junitplatform.JUnitPlatformTestClassProcessor$CollectAllTestClassesExecutor.access$100                                    (JUnitPlatformTestClassProcessor.java:77)  &#10;                                  org.gradle.api.internal.tasks.testing.junitplatform.JUnitPlatformTestClassProcessor.stop                                          (JUnitPlatformTestClassProcessor.java:73)  &#10;                                                        org.gradle.api.internal.tasks.testing.SuiteTestClassProcessor.stop                                          (SuiteTestClassProcessor.java:61)          &#10;                                                                                 sun.reflect.NativeMethodAccessorImpl.invoke0                                       (NativeMethodAccessorImpl.java:-2)N        &#10;                                                                                 sun.reflect.NativeMethodAccessorImpl.invoke                                        (NativeMethodAccessorImpl.java:62)         &#10;                                                                             sun.reflect.DelegatingMethodAccessorImpl.invoke                                        (DelegatingMethodAccessorImpl.java:43)     &#10;                                                                                             java.lang.reflect.Method.invoke                                        (Method.java:498)                          &#10;                                                                      org.gradle.internal.dispatch.ReflectionDispatch.dispatch                                      (ReflectionDispatch.java:35)               &#10;                                                                      org.gradle.internal.dispatch.ReflectionDispatch.dispatch                                      (ReflectionDispatch.java:24)               &#10;                                                              org.gradle.internal.dispatch.ContextClassLoaderDispatch.dispatch                                      (ContextClassLoaderDispatch.java:32)       &#10;                                       org.gradle.internal.dispatch.ProxyDispatchAdapter$DispatchingInvocationHandler.invoke                                        (ProxyDispatchAdapter.java:93)             &#10;                                                                                                com.sun.proxy.$Proxy1.stop                                          (-:-1)                                     &#10;                                                              org.gradle.api.internal.tasks.testing.worker.TestWorker.stop                                          (TestWorker.java:123)                      &#10;                                                                                 sun.reflect.NativeMethodAccessorImpl.invoke0                                       (NativeMethodAccessorImpl.java:-2)N        &#10;                                                                                 sun.reflect.NativeMethodAccessorImpl.invoke                                        (NativeMethodAccessorImpl.java:62)         &#10;                                                                             sun.reflect.DelegatingMethodAccessorImpl.invoke                                        (DelegatingMethodAccessorImpl.java:43)     &#10;                                                                                             java.lang.reflect.Method.invoke                                        (Method.java:498)                          &#10;                                                                      org.gradle.internal.dispatch.ReflectionDispatch.dispatch                                      (ReflectionDispatch.java:35)               &#10;                                                                      org.gradle.internal.dispatch.ReflectionDispatch.dispatch                                      (ReflectionDispatch.java:24)               &#10;                             org.gradle.internal.remote.internal.hub.MessageHubBackedObjectConnection$DispatchWrapper.dispatch                                      (MessageHubBackedObjectConnection.java:155)&#10;                             org.gradle.internal.remote.internal.hub.MessageHubBackedObjectConnection$DispatchWrapper.dispatch                                      (MessageHubBackedObjectConnection.java:137)&#10;                                                           org.gradle.internal.remote.internal.hub.MessageHub$Handler.run                                           (MessageHub.java:404)                      &#10;                                                 org.gradle.internal.concurrent.ExecutorPolicy$CatchAndRecordFailures.onExecute                                     (ExecutorPolicy.java:63)                   &#10;                                                                 org.gradle.internal.concurrent.ManagedExecutorImpl$1.run                                           (ManagedExecutorImpl.java:46)              &#10;                                                                              java.util.concurrent.ThreadPoolExecutor.runWorker                                     (ThreadPoolExecutor.java:1142)             &#10;                                                                       java.util.concurrent.ThreadPoolExecutor$Worker.run                                           (ThreadPoolExecutor.java:617)              &#10;                                               org.gradle.internal.concurrent.ThreadFactoryImpl$ManagedThreadRunnable.run                                           (ThreadFactoryImpl.java:55)                &#10;                                                                                                     java.lang.Thread.run                                           (Thread.java:748)                          &#10;&#10;18)                                                                                    io.mockk.impl.InternalPlatform.captureStackTrace                             (InternalPlatform.kt:123)                  &#10;                                                                                         io.mockk.impl.stub.MockKStub.handleInvocation                              (MockKStub.kt:206)                         &#10;                                                       io.mockk.impl.instantiation.JvmMockFactoryHelper$mockHandler$1.invocation                                    (JvmMockFactoryHelper.kt:23)               &#10;                                                                                io.mockk.proxy.jvm.advice.Interceptor.call                                          (Interceptor.kt:20)                        &#10;                                                                                 io.mockk.proxy.jvm.advice.BaseAdvice.handle                                        (BaseAdvice.kt:42)                         &#10;                                                               io.mockk.proxy.jvm.advice.jvm.JvmMockKProxyInterceptor.intercept                                     (JvmMockKProxyInterceptor.java:31)         &#10;                                                                             com.jdroids.robotlib.command.Command(BB).hashCode                                      (-:-1)                                     &#10;                                                                                                    java.util.HashMap.hash                                          (HashMap.java:338)                         &#10;                                                                                                    java.util.HashMap.put                                           (HashMap.java:611)                         &#10;                                                                                                    java.util.HashSet.add                                           (HashSet.java:219)                         &#10;                                                                           com.jdroids.robotlib.command.SchedulerImpl.run                                           (SchedulerImpl.kt:32)                      &#10;                                                                           com.jdroids.robotlib.command.SchedulerTest.requires() interrupts commands when it should (SchedulerTest.kt:78)                      &#10;                                                                                 sun.reflect.NativeMethodAccessorImpl.invoke0                                       (NativeMethodAccessorImpl.java:-2)N        &#10;                                                                                 sun.reflect.NativeMethodAccessorImpl.invoke                                        (NativeMethodAccessorImpl.java:62)         &#10;                                                                             sun.reflect.DelegatingMethodAccessorImpl.invoke                                        (DelegatingMethodAccessorImpl.java:43)     &#10;                                                                                             java.lang.reflect.Method.invoke                                        (Method.java:498)                          &#10;                                                                      org.junit.platform.commons.util.ReflectionUtils.invokeMethod                                  (ReflectionUtils.java:389)                 &#10;                                                                 org.junit.jupiter.engine.execution.ExecutableInvoker.invoke                                        (ExecutableInvoker.java:115)               &#10;                                                         org.junit.jupiter.engine.descriptor.TestMethodTestDescriptor.lambda$invokeTestMethod$6                     (TestMethodTestDescriptor.java:167)        &#10;                                                                org.junit.jupiter.engine.execution.ThrowableCollector.execute                                       (ThrowableCollector.java:40)               &#10;                                                         org.junit.jupiter.engine.descriptor.TestMethodTestDescriptor.invokeTestMethod                              (TestMethodTestDescriptor.java:163)        &#10;                                                         org.junit.jupiter.engine.descriptor.TestMethodTestDescriptor.execute                                       (TestMethodTestDescriptor.java:110)        &#10;                                                         org.junit.jupiter.engine.descriptor.TestMethodTestDescriptor.execute                                       (TestMethodTestDescriptor.java:57)         &#10;                                              org.junit.platform.engine.support.hierarchical.HierarchicalTestExecutor.lambda$execute$3                              (HierarchicalTestExecutor.java:83)         &#10;                                                    org.junit.platform.engine.support.hierarchical.SingleTestExecutor.executeSafely                                 (SingleTestExecutor.java:66)               &#10;                                              org.junit.platform.engine.support.hierarchical.HierarchicalTestExecutor.execute                                       (HierarchicalTestExecutor.java:77)         &#10;                                              org.junit.platform.engine.support.hierarchical.HierarchicalTestExecutor.lambda$null$2                                 (HierarchicalTestExecutor.java:92)         &#10;                                                                          java.util.stream.ForEachOps$ForEachOp$OfRef.accept                                        (ForEachOps.java:184)                      &#10;                                                                               java.util.stream.ReferencePipeline$2$1.accept                                        (ReferencePipeline.java:175)               &#10;                                                                                                   java.util.Iterator.forEachRemaining                              (Iterator.java:116)                        &#10;                                                                           java.util.Spliterators$IteratorSpliterator.forEachRemaining                              (Spliterators.java:1801)                   &#10;                                                                                    java.util.stream.AbstractPipeline.copyInto                                      (AbstractPipeline.java:481)                &#10;                                                                                    java.util.stream.AbstractPipeline.wrapAndCopyInto                               (AbstractPipeline.java:471)                &#10;                                                                                java.util.stream.ForEachOps$ForEachOp.evaluateSequential                            (ForEachOps.java:151)                      &#10;                                                                          java.util.stream.ForEachOps$ForEachOp$OfRef.evaluateSequential                            (ForEachOps.java:174)                      &#10;                                                                                    java.util.stream.AbstractPipeline.evaluate                                      (AbstractPipeline.java:234)                &#10;                                                                                   java.util.stream.ReferencePipeline.forEach                                       (ReferencePipeline.java:418)               &#10;                                              org.junit.platform.engine.support.hierarchical.HierarchicalTestExecutor.lambda$execute$3                              (HierarchicalTestExecutor.java:92)         &#10;                                                    org.junit.platform.engine.support.hierarchical.SingleTestExecutor.executeSafely                                 (SingleTestExecutor.java:66)               &#10;                                              org.junit.platform.engine.support.hierarchical.HierarchicalTestExecutor.execute                                       (HierarchicalTestExecutor.java:77)         &#10;                                              org.junit.platform.engine.support.hierarchical.HierarchicalTestExecutor.lambda$null$2                                 (HierarchicalTestExecutor.java:92)         &#10;                                                                          java.util.stream.ForEachOps$ForEachOp$OfRef.accept                                        (ForEachOps.java:184)                      &#10;                                                                               java.util.stream.ReferencePipeline$2$1.accept                                        (ReferencePipeline.java:175)               &#10;                                                                                                   java.util.Iterator.forEachRemaining                              (Iterator.java:116)                        &#10;                                                                           java.util.Spliterators$IteratorSpliterator.forEachRemaining                              (Spliterators.java:1801)                   &#10;                                                                                    java.util.stream.AbstractPipeline.copyInto                                      (AbstractPipeline.java:481)                &#10;                                                                                    java.util.stream.AbstractPipeline.wrapAndCopyInto                               (AbstractPipeline.java:471)                &#10;                                                                                java.util.stream.ForEachOps$ForEachOp.evaluateSequential                            (ForEachOps.java:151)                      &#10;                                                                          java.util.stream.ForEachOps$ForEachOp$OfRef.evaluateSequential                            (ForEachOps.java:174)                      &#10;                                                                                    java.util.stream.AbstractPipeline.evaluate                                      (AbstractPipeline.java:234)                &#10;                                                                                   java.util.stream.ReferencePipeline.forEach                                       (ReferencePipeline.java:418)               &#10;                                              org.junit.platform.engine.support.hierarchical.HierarchicalTestExecutor.lambda$execute$3                              (HierarchicalTestExecutor.java:92)         &#10;                                                    org.junit.platform.engine.support.hierarchical.SingleTestExecutor.executeSafely                                 (SingleTestExecutor.java:66)               &#10;                                              org.junit.platform.engine.support.hierarchical.HierarchicalTestExecutor.execute                                       (HierarchicalTestExecutor.java:77)         &#10;                                              org.junit.platform.engine.support.hierarchical.HierarchicalTestExecutor.execute                                       (HierarchicalTestExecutor.java:51)         &#10;                                                org.junit.platform.engine.support.hierarchical.HierarchicalTestEngine.execute                                       (HierarchicalTestEngine.java:43)           &#10;                                                                     org.junit.platform.launcher.core.DefaultLauncher.execute                                       (DefaultLauncher.java:170)                 &#10;                                                                     org.junit.platform.launcher.core.DefaultLauncher.execute                                       (DefaultLauncher.java:154)                 &#10;                                                                     org.junit.platform.launcher.core.DefaultLauncher.execute                                       (DefaultLauncher.java:90)                  &#10;    org.gradle.api.internal.tasks.testing.junitplatform.JUnitPlatformTestClassProcessor$CollectAllTestClassesExecutor.processAllTestClasses                         (JUnitPlatformTestClassProcessor.java:92)  &#10;    org.gradle.api.internal.tasks.testing.junitplatform.JUnitPlatformTestClassProcessor$CollectAllTestClassesExecutor.access$100                                    (JUnitPlatformTestClassProcessor.java:77)  &#10;                                  org.gradle.api.internal.tasks.testing.junitplatform.JUnitPlatformTestClassProcessor.stop                                          (JUnitPlatformTestClassProcessor.java:73)  &#10;                                                        org.gradle.api.internal.tasks.testing.SuiteTestClassProcessor.stop                                          (SuiteTestClassProcessor.java:61)          &#10;                                                                                 sun.reflect.NativeMethodAccessorImpl.invoke0                                       (NativeMethodAccessorImpl.java:-2)N        &#10;                                                                                 sun.reflect.NativeMethodAccessorImpl.invoke                                        (NativeMethodAccessorImpl.java:62)         &#10;                                                                             sun.reflect.DelegatingMethodAccessorImpl.invoke                                        (DelegatingMethodAccessorImpl.java:43)     &#10;                                                                                             java.lang.reflect.Method.invoke                                        (Method.java:498)                          &#10;                                                                      org.gradle.internal.dispatch.ReflectionDispatch.dispatch                                      (ReflectionDispatch.java:35)               &#10;                                                                      org.gradle.internal.dispatch.ReflectionDispatch.dispatch                                      (ReflectionDispatch.java:24)               &#10;                                                              org.gradle.internal.dispatch.ContextClassLoaderDispatch.dispatch                                      (ContextClassLoaderDispatch.java:32)       &#10;                                       org.gradle.internal.dispatch.ProxyDispatchAdapter$DispatchingInvocationHandler.invoke                                        (ProxyDispatchAdapter.java:93)             &#10;                                                                                                com.sun.proxy.$Proxy1.stop                                          (-:-1)                                     &#10;                                                              org.gradle.api.internal.tasks.testing.worker.TestWorker.stop                                          (TestWorker.java:123)                      &#10;                                                                                 sun.reflect.NativeMethodAccessorImpl.invoke0                                       (NativeMethodAccessorImpl.java:-2)N        &#10;                                                                                 sun.reflect.NativeMethodAccessorImpl.invoke                                        (NativeMethodAccessorImpl.java:62)         &#10;                                                                             sun.reflect.DelegatingMethodAccessorImpl.invoke                                        (DelegatingMethodAccessorImpl.java:43)     &#10;                                                                                             java.lang.reflect.Method.invoke                                        (Method.java:498)                          &#10;                                                                      org.gradle.internal.dispatch.ReflectionDispatch.dispatch                                      (ReflectionDispatch.java:35)               &#10;                                                                      org.gradle.internal.dispatch.ReflectionDispatch.dispatch                                      (ReflectionDispatch.java:24)               &#10;                             org.gradle.internal.remote.internal.hub.MessageHubBackedObjectConnection$DispatchWrapper.dispatch                                      (MessageHubBackedObjectConnection.java:155)&#10;                             org.gradle.internal.remote.internal.hub.MessageHubBackedObjectConnection$DispatchWrapper.dispatch                                      (MessageHubBackedObjectConnection.java:137)&#10;                                                           org.gradle.internal.remote.internal.hub.MessageHub$Handler.run                                           (MessageHub.java:404)                      &#10;                                                 org.gradle.internal.concurrent.ExecutorPolicy$CatchAndRecordFailures.onExecute                                     (ExecutorPolicy.java:63)                   &#10;                                                                 org.gradle.internal.concurrent.ManagedExecutorImpl$1.run                                           (ManagedExecutorImpl.java:46)              &#10;                                                                              java.util.concurrent.ThreadPoolExecutor.runWorker                                     (ThreadPoolExecutor.java:1142)             &#10;                                                                       java.util.concurrent.ThreadPoolExecutor$Worker.run                                           (ThreadPoolExecutor.java:617)              &#10;                                               org.gradle.internal.concurrent.ThreadFactoryImpl$ManagedThreadRunnable.run                                           (ThreadFactoryImpl.java:55)                &#10;                                                                                                     java.lang.Thread.run                                           (Thread.java:748)                          &#10;&#10;19)                                                                                    io.mockk.impl.InternalPlatform.captureStackTrace                                 (InternalPlatform.kt:123)                  &#10;                                                                                         io.mockk.impl.stub.MockKStub.handleInvocation                                  (MockKStub.kt:206)                         &#10;                                                       io.mockk.impl.instantiation.JvmMockFactoryHelper$mockHandler$1.invocation                                        (JvmMockFactoryHelper.kt:23)               &#10;                                                                                io.mockk.proxy.jvm.advice.Interceptor.call                                              (Interceptor.kt:20)                        &#10;                                                                                 io.mockk.proxy.jvm.advice.BaseAdvice.handle                                            (BaseAdvice.kt:42)                         &#10;                                                               io.mockk.proxy.jvm.advice.jvm.JvmMockKProxyInterceptor.intercept                                         (JvmMockKProxyInterceptor.java:31)         &#10;                                                                             com.jdroids.robotlib.command.Command(BB).hashCode                                          (-:-1)                                     &#10;                                                                                                    java.util.HashMap.hash                                              (HashMap.java:338)                         &#10;                                                                                                    java.util.HashMap.get                                               (HashMap.java:556)                         &#10;                                                                com.jdroids.robotlib.command.SchedulerImpl$requires$1.invoke                                            (SchedulerImpl.kt:65)                      &#10;                                                                com.jdroids.robotlib.command.SchedulerImpl$requires$1.invoke                                            (SchedulerImpl.kt:8)                       &#10;                                                               kotlin.collections.CollectionsKt__MutableCollectionsKt.filterInPlace$CollectionsKt__MutableCollectionsKt (MutableCollections.kt:164)                &#10;                                                               kotlin.collections.CollectionsKt__MutableCollectionsKt.removeAll                                         (MutableCollections.kt:153)                &#10;                                                                           com.jdroids.robotlib.command.SchedulerImpl.requires                                          (SchedulerImpl.kt:64)                      &#10;                                                                           com.jdroids.robotlib.command.SchedulerTest.requires() interrupts commands when it should     (SchedulerTest.kt:87)                      &#10;                                                                                 sun.reflect.NativeMethodAccessorImpl.invoke0                                           (NativeMethodAccessorImpl.java:-2)N        &#10;                                                                                 sun.reflect.NativeMethodAccessorImpl.invoke                                            (NativeMethodAccessorImpl.java:62)         &#10;                                                                             sun.reflect.DelegatingMethodAccessorImpl.invoke                                            (DelegatingMethodAccessorImpl.java:43)     &#10;                                                                                             java.lang.reflect.Method.invoke                                            (Method.java:498)                          &#10;                                                                      org.junit.platform.commons.util.ReflectionUtils.invokeMethod                                      (ReflectionUtils.java:389)                 &#10;                                                                 org.junit.jupiter.engine.execution.ExecutableInvoker.invoke                                            (ExecutableInvoker.java:115)               &#10;                                                         org.junit.jupiter.engine.descriptor.TestMethodTestDescriptor.lambda$invokeTestMethod$6                         (TestMethodTestDescriptor.java:167)        &#10;                                                                org.junit.jupiter.engine.execution.ThrowableCollector.execute                                           (ThrowableCollector.java:40)               &#10;                                                         org.junit.jupiter.engine.descriptor.TestMethodTestDescriptor.invokeTestMethod                                  (TestMethodTestDescriptor.java:163)        &#10;                                                         org.junit.jupiter.engine.descriptor.TestMethodTestDescriptor.execute                                           (TestMethodTestDescriptor.java:110)        &#10;                                                         org.junit.jupiter.engine.descriptor.TestMethodTestDescriptor.execute                                           (TestMethodTestDescriptor.java:57)         &#10;                                              org.junit.platform.engine.support.hierarchical.HierarchicalTestExecutor.lambda$execute$3                                  (HierarchicalTestExecutor.java:83)         &#10;                                                    org.junit.platform.engine.support.hierarchical.SingleTestExecutor.executeSafely                                     (SingleTestExecutor.java:66)               &#10;                                              org.junit.platform.engine.support.hierarchical.HierarchicalTestExecutor.execute                                           (HierarchicalTestExecutor.java:77)         &#10;                                              org.junit.platform.engine.support.hierarchical.HierarchicalTestExecutor.lambda$null$2                                     (HierarchicalTestExecutor.java:92)         &#10;                                                                          java.util.stream.ForEachOps$ForEachOp$OfRef.accept                                            (ForEachOps.java:184)                      &#10;                                                                               java.util.stream.ReferencePipeline$2$1.accept                                            (ReferencePipeline.java:175)               &#10;                                                                                                   java.util.Iterator.forEachRemaining                                  (Iterator.java:116)                        &#10;                                                                           java.util.Spliterators$IteratorSpliterator.forEachRemaining                                  (Spliterators.java:1801)                   &#10;                                                                                    java.util.stream.AbstractPipeline.copyInto                                          (AbstractPipeline.java:481)                &#10;                                                                                    java.util.stream.AbstractPipeline.wrapAndCopyInto                                   (AbstractPipeline.java:471)                &#10;                                                                                java.util.stream.ForEachOps$ForEachOp.evaluateSequential                                (ForEachOps.java:151)                      &#10;                                                                          java.util.stream.ForEachOps$ForEachOp$OfRef.evaluateSequential                                (ForEachOps.java:174)                      &#10;                                                                                    java.util.stream.AbstractPipeline.evaluate                                          (AbstractPipeline.java:234)                &#10;                                                                                   java.util.stream.ReferencePipeline.forEach                                           (ReferencePipeline.java:418)               &#10;                                              org.junit.platform.engine.support.hierarchical.HierarchicalTestExecutor.lambda$execute$3                                  (HierarchicalTestExecutor.java:92)         &#10;                                                    org.junit.platform.engine.support.hierarchical.SingleTestExecutor.executeSafely                                     (SingleTestExecutor.java:66)               &#10;                                              org.junit.platform.engine.support.hierarchical.HierarchicalTestExecutor.execute                                           (HierarchicalTestExecutor.java:77)         &#10;                                              org.junit.platform.engine.support.hierarchical.HierarchicalTestExecutor.lambda$null$2                                     (HierarchicalTestExecutor.java:92)         &#10;                                                                          java.util.stream.ForEachOps$ForEachOp$OfRef.accept                                            (ForEachOps.java:184)                      &#10;                                                                               java.util.stream.ReferencePipeline$2$1.accept                                            (ReferencePipeline.java:175)               &#10;                                                                                                   java.util.Iterator.forEachRemaining                                  (Iterator.java:116)                        &#10;                                                                           java.util.Spliterators$IteratorSpliterator.forEachRemaining                                  (Spliterators.java:1801)                   &#10;                                                                                    java.util.stream.AbstractPipeline.copyInto                                          (AbstractPipeline.java:481)                &#10;                                                                                    java.util.stream.AbstractPipeline.wrapAndCopyInto                                   (AbstractPipeline.java:471)                &#10;                                                                                java.util.stream.ForEachOps$ForEachOp.evaluateSequential                                (ForEachOps.java:151)                      &#10;                                                                          java.util.stream.ForEachOps$ForEachOp$OfRef.evaluateSequential                                (ForEachOps.java:174)                      &#10;                                                                                    java.util.stream.AbstractPipeline.evaluate                                          (AbstractPipeline.java:234)                &#10;                                                                                   java.util.stream.ReferencePipeline.forEach                                           (ReferencePipeline.java:418)               &#10;                                              org.junit.platform.engine.support.hierarchical.HierarchicalTestExecutor.lambda$execute$3                                  (HierarchicalTestExecutor.java:92)         &#10;                                                    org.junit.platform.engine.support.hierarchical.SingleTestExecutor.executeSafely                                     (SingleTestExecutor.java:66)               &#10;                                              org.junit.platform.engine.support.hierarchical.HierarchicalTestExecutor.execute                                           (HierarchicalTestExecutor.java:77)         &#10;                                              org.junit.platform.engine.support.hierarchical.HierarchicalTestExecutor.execute                                           (HierarchicalTestExecutor.java:51)         &#10;                                                org.junit.platform.engine.support.hierarchical.HierarchicalTestEngine.execute                                           (HierarchicalTestEngine.java:43)           &#10;                                                                     org.junit.platform.launcher.core.DefaultLauncher.execute                                           (DefaultLauncher.java:170)                 &#10;                                                                     org.junit.platform.launcher.core.DefaultLauncher.execute                                           (DefaultLauncher.java:154)                 &#10;                                                                     org.junit.platform.launcher.core.DefaultLauncher.execute                                           (DefaultLauncher.java:90)                  &#10;    org.gradle.api.internal.tasks.testing.junitplatform.JUnitPlatformTestClassProcessor$CollectAllTestClassesExecutor.processAllTestClasses                             (JUnitPlatformTestClassProcessor.java:92)  &#10;    org.gradle.api.internal.tasks.testing.junitplatform.JUnitPlatformTestClassProcessor$CollectAllTestClassesExecutor.access$100                                        (JUnitPlatformTestClassProcessor.java:77)  &#10;                                  org.gradle.api.internal.tasks.testing.junitplatform.JUnitPlatformTestClassProcessor.stop                                              (JUnitPlatformTestClassProcessor.java:73)  &#10;                                                        org.gradle.api.internal.tasks.testing.SuiteTestClassProcessor.stop                                              (SuiteTestClassProcessor.java:61)          &#10;                                                                                 sun.reflect.NativeMethodAccessorImpl.invoke0                                           (NativeMethodAccessorImpl.java:-2)N        &#10;                                                                                 sun.reflect.NativeMethodAccessorImpl.invoke                                            (NativeMethodAccessorImpl.java:62)         &#10;                                                                             sun.reflect.DelegatingMethodAccessorImpl.invoke                                            (DelegatingMethodAccessorImpl.java:43)     &#10;                                                                                             java.lang.reflect.Method.invoke                                            (Method.java:498)                          &#10;                                                                      org.gradle.internal.dispatch.ReflectionDispatch.dispatch                                          (ReflectionDispatch.java:35)               &#10;                                                                      org.gradle.internal.dispatch.ReflectionDispatch.dispatch                                          (ReflectionDispatch.java:24)               &#10;                                                              org.gradle.internal.dispatch.ContextClassLoaderDispatch.dispatch                                          (ContextClassLoaderDispatch.java:32)       &#10;                                       org.gradle.internal.dispatch.ProxyDispatchAdapter$DispatchingInvocationHandler.invoke                                            (ProxyDispatchAdapter.java:93)             &#10;                                                                                                com.sun.proxy.$Proxy1.stop                                              (-:-1)                                     &#10;                                                              org.gradle.api.internal.tasks.testing.worker.TestWorker.stop                                              (TestWorker.java:123)                      &#10;                                                                                 sun.reflect.NativeMethodAccessorImpl.invoke0                                           (NativeMethodAccessorImpl.java:-2)N        &#10;                                                                                 sun.reflect.NativeMethodAccessorImpl.invoke                                            (NativeMethodAccessorImpl.java:62)         &#10;                                                                             sun.reflect.DelegatingMethodAccessorImpl.invoke                                            (DelegatingMethodAccessorImpl.java:43)     &#10;                                                                                             java.lang.reflect.Method.invoke                                            (Method.java:498)                          &#10;                                                                      org.gradle.internal.dispatch.ReflectionDispatch.dispatch                                          (ReflectionDispatch.java:35)               &#10;                                                                      org.gradle.internal.dispatch.ReflectionDispatch.dispatch                                          (ReflectionDispatch.java:24)               &#10;                             org.gradle.internal.remote.internal.hub.MessageHubBackedObjectConnection$DispatchWrapper.dispatch                                          (MessageHubBackedObjectConnection.java:155)&#10;                             org.gradle.internal.remote.internal.hub.MessageHubBackedObjectConnection$DispatchWrapper.dispatch                                          (MessageHubBackedObjectConnection.java:137)&#10;                                                           org.gradle.internal.remote.internal.hub.MessageHub$Handler.run                                               (MessageHub.java:404)                      &#10;                                                 org.gradle.internal.concurrent.ExecutorPolicy$CatchAndRecordFailures.onExecute                                         (ExecutorPolicy.java:63)                   &#10;                                                                 org.gradle.internal.concurrent.ManagedExecutorImpl$1.run                                               (ManagedExecutorImpl.java:46)              &#10;                                                                              java.util.concurrent.ThreadPoolExecutor.runWorker                                         (ThreadPoolExecutor.java:1142)             &#10;                                                                       java.util.concurrent.ThreadPoolExecutor$Worker.run                                               (ThreadPoolExecutor.java:617)              &#10;                                               org.gradle.internal.concurrent.ThreadFactoryImpl$ManagedThreadRunnable.run                                               (ThreadFactoryImpl.java:55)                &#10;                                                                                                     java.lang.Thread.run                                               (Thread.java:748)                          &#10;&#10;20)                                                                                    io.mockk.impl.InternalPlatform.captureStackTrace                                 (InternalPlatform.kt:123)                  &#10;                                                                                         io.mockk.impl.stub.MockKStub.handleInvocation                                  (MockKStub.kt:206)                         &#10;                                                       io.mockk.impl.instantiation.JvmMockFactoryHelper$mockHandler$1.invocation                                        (JvmMockFactoryHelper.kt:23)               &#10;                                                                                io.mockk.proxy.jvm.advice.Interceptor.call                                              (Interceptor.kt:20)                        &#10;                                                                                 io.mockk.proxy.jvm.advice.BaseAdvice.handle                                            (BaseAdvice.kt:42)                         &#10;                                                               io.mockk.proxy.jvm.advice.jvm.JvmMockKProxyInterceptor.interceptNoSuper                                  (JvmMockKProxyInterceptor.java:45)         &#10;                                                                             com.jdroids.robotlib.command.Command(BB).isInterruptible                                   (-:-1)                                     &#10;                                                                com.jdroids.robotlib.command.SchedulerImpl$requires$1.invoke                                            (SchedulerImpl.kt:66)                      &#10;                                                                com.jdroids.robotlib.command.SchedulerImpl$requires$1.invoke                                            (SchedulerImpl.kt:8)                       &#10;                                                               kotlin.collections.CollectionsKt__MutableCollectionsKt.filterInPlace$CollectionsKt__MutableCollectionsKt (MutableCollections.kt:164)                &#10;                                                               kotlin.collections.CollectionsKt__MutableCollectionsKt.removeAll                                         (MutableCollections.kt:153)                &#10;                                                                           com.jdroids.robotlib.command.SchedulerImpl.requires                                          (SchedulerImpl.kt:64)                      &#10;                                                                           com.jdroids.robotlib.command.SchedulerTest.requires() interrupts commands when it should     (SchedulerTest.kt:87)                      &#10;                                                                                 sun.reflect.NativeMethodAccessorImpl.invoke0                                           (NativeMethodAccessorImpl.java:-2)N        &#10;                                                                                 sun.reflect.NativeMethodAccessorImpl.invoke                                            (NativeMethodAccessorImpl.java:62)         &#10;                                                                             sun.reflect.DelegatingMethodAccessorImpl.invoke                                            (DelegatingMethodAccessorImpl.java:43)     &#10;                                                                                             java.lang.reflect.Method.invoke                                            (Method.java:498)                          &#10;                                                                      org.junit.platform.commons.util.ReflectionUtils.invokeMethod                                      (ReflectionUtils.java:389)                 &#10;                                                                 org.junit.jupiter.engine.execution.ExecutableInvoker.invoke                                            (ExecutableInvoker.java:115)               &#10;                                                         org.junit.jupiter.engine.descriptor.TestMethodTestDescriptor.lambda$invokeTestMethod$6                         (TestMethodTestDescriptor.java:167)        &#10;                                                                org.junit.jupiter.engine.execution.ThrowableCollector.execute                                           (ThrowableCollector.java:40)               &#10;                                                         org.junit.jupiter.engine.descriptor.TestMethodTestDescriptor.invokeTestMethod                                  (TestMethodTestDescriptor.java:163)        &#10;                                                         org.junit.jupiter.engine.descriptor.TestMethodTestDescriptor.execute                                           (TestMethodTestDescriptor.java:110)        &#10;                                                         org.junit.jupiter.engine.descriptor.TestMethodTestDescriptor.execute                                           (TestMethodTestDescriptor.java:57)         &#10;                                              org.junit.platform.engine.support.hierarchical.HierarchicalTestExecutor.lambda$execute$3                                  (HierarchicalTestExecutor.java:83)         &#10;                                                    org.junit.platform.engine.support.hierarchical.SingleTestExecutor.executeSafely                                     (SingleTestExecutor.java:66)               &#10;                                              org.junit.platform.engine.support.hierarchical.HierarchicalTestExecutor.execute                                           (HierarchicalTestExecutor.java:77)         &#10;                                              org.junit.platform.engine.support.hierarchical.HierarchicalTestExecutor.lambda$null$2                                     (HierarchicalTestExecutor.java:92)         &#10;                                                                          java.util.stream.ForEachOps$ForEachOp$OfRef.accept                                            (ForEachOps.java:184)                      &#10;                                                                               java.util.stream.ReferencePipeline$2$1.accept                                            (ReferencePipeline.java:175)               &#10;                                                                                                   java.util.Iterator.forEachRemaining                                  (Iterator.java:116)                        &#10;                                                                           java.util.Spliterators$IteratorSpliterator.forEachRemaining                                  (Spliterators.java:1801)                   &#10;                                                                                    java.util.stream.AbstractPipeline.copyInto                                          (AbstractPipeline.java:481)                &#10;                                                                                    java.util.stream.AbstractPipeline.wrapAndCopyInto                                   (AbstractPipeline.java:471)                &#10;                                                                                java.util.stream.ForEachOps$ForEachOp.evaluateSequential                                (ForEachOps.java:151)                      &#10;                                                                          java.util.stream.ForEachOps$ForEachOp$OfRef.evaluateSequential                                (ForEachOps.java:174)                      &#10;                                                                                    java.util.stream.AbstractPipeline.evaluate                                          (AbstractPipeline.java:234)                &#10;                                                                                   java.util.stream.ReferencePipeline.forEach                                           (ReferencePipeline.java:418)               &#10;                                              org.junit.platform.engine.support.hierarchical.HierarchicalTestExecutor.lambda$execute$3                                  (HierarchicalTestExecutor.java:92)         &#10;                                                    org.junit.platform.engine.support.hierarchical.SingleTestExecutor.executeSafely                                     (SingleTestExecutor.java:66)               &#10;                                              org.junit.platform.engine.support.hierarchical.HierarchicalTestExecutor.execute                                           (HierarchicalTestExecutor.java:77)         &#10;                                              org.junit.platform.engine.support.hierarchical.HierarchicalTestExecutor.lambda$null$2                                     (HierarchicalTestExecutor.java:92)         &#10;                                                                          java.util.stream.ForEachOps$ForEachOp$OfRef.accept                                            (ForEachOps.java:184)                      &#10;                                                                               java.util.stream.ReferencePipeline$2$1.accept                                            (ReferencePipeline.java:175)               &#10;                                                                                                   java.util.Iterator.forEachRemaining                                  (Iterator.java:116)                        &#10;                                                                           java.util.Spliterators$IteratorSpliterator.forEachRemaining                                  (Spliterators.java:1801)                   &#10;                                                                                    java.util.stream.AbstractPipeline.copyInto                                          (AbstractPipeline.java:481)                &#10;                                                                                    java.util.stream.AbstractPipeline.wrapAndCopyInto                                   (AbstractPipeline.java:471)                &#10;                                                                                java.util.stream.ForEachOps$ForEachOp.evaluateSequential                                (ForEachOps.java:151)                      &#10;                                                                          java.util.stream.ForEachOps$ForEachOp$OfRef.evaluateSequential                                (ForEachOps.java:174)                      &#10;                                                                                    java.util.stream.AbstractPipeline.evaluate                                          (AbstractPipeline.java:234)                &#10;                                                                                   java.util.stream.ReferencePipeline.forEach                                           (ReferencePipeline.java:418)               &#10;                                              org.junit.platform.engine.support.hierarchical.HierarchicalTestExecutor.lambda$execute$3                                  (HierarchicalTestExecutor.java:92)         &#10;                                                    org.junit.platform.engine.support.hierarchical.SingleTestExecutor.executeSafely                                     (SingleTestExecutor.java:66)               &#10;                                              org.junit.platform.engine.support.hierarchical.HierarchicalTestExecutor.execute                                           (HierarchicalTestExecutor.java:77)         &#10;                                              org.junit.platform.engine.support.hierarchical.HierarchicalTestExecutor.execute                                           (HierarchicalTestExecutor.java:51)         &#10;                                                org.junit.platform.engine.support.hierarchical.HierarchicalTestEngine.execute                                           (HierarchicalTestEngine.java:43)           &#10;                                                                     org.junit.platform.launcher.core.DefaultLauncher.execute                                           (DefaultLauncher.java:170)                 &#10;                                                                     org.junit.platform.launcher.core.DefaultLauncher.execute                                           (DefaultLauncher.java:154)                 &#10;                                                                     org.junit.platform.launcher.core.DefaultLauncher.execute                                           (DefaultLauncher.java:90)                  &#10;    org.gradle.api.internal.tasks.testing.junitplatform.JUnitPlatformTestClassProcessor$CollectAllTestClassesExecutor.processAllTestClasses                             (JUnitPlatformTestClassProcessor.java:92)  &#10;    org.gradle.api.internal.tasks.testing.junitplatform.JUnitPlatformTestClassProcessor$CollectAllTestClassesExecutor.access$100                                        (JUnitPlatformTestClassProcessor.java:77)  &#10;                                  org.gradle.api.internal.tasks.testing.junitplatform.JUnitPlatformTestClassProcessor.stop                                              (JUnitPlatformTestClassProcessor.java:73)  &#10;                                                        org.gradle.api.internal.tasks.testing.SuiteTestClassProcessor.stop                                              (SuiteTestClassProcessor.java:61)          &#10;                                                                                 sun.reflect.NativeMethodAccessorImpl.invoke0                                           (NativeMethodAccessorImpl.java:-2)N        &#10;                                                                                 sun.reflect.NativeMethodAccessorImpl.invoke                                            (NativeMethodAccessorImpl.java:62)         &#10;                                                                             sun.reflect.DelegatingMethodAccessorImpl.invoke                                            (DelegatingMethodAccessorImpl.java:43)     &#10;                                                                                             java.lang.reflect.Method.invoke                                            (Method.java:498)                          &#10;                                                                      org.gradle.internal.dispatch.ReflectionDispatch.dispatch                                          (ReflectionDispatch.java:35)               &#10;                                                                      org.gradle.internal.dispatch.ReflectionDispatch.dispatch                                          (ReflectionDispatch.java:24)               &#10;                                                              org.gradle.internal.dispatch.ContextClassLoaderDispatch.dispatch                                          (ContextClassLoaderDispatch.java:32)       &#10;                                       org.gradle.internal.dispatch.ProxyDispatchAdapter$DispatchingInvocationHandler.invoke                                            (ProxyDispatchAdapter.java:93)             &#10;                                                                                                com.sun.proxy.$Proxy1.stop                                              (-:-1)                                     &#10;                                                              org.gradle.api.internal.tasks.testing.worker.TestWorker.stop                                              (TestWorker.java:123)                      &#10;                                                                                 sun.reflect.NativeMethodAccessorImpl.invoke0                                           (NativeMethodAccessorImpl.java:-2)N        &#10;                                                                                 sun.reflect.NativeMethodAccessorImpl.invoke                                            (NativeMethodAccessorImpl.java:62)         &#10;                                                                             sun.reflect.DelegatingMethodAccessorImpl.invoke                                            (DelegatingMethodAccessorImpl.java:43)     &#10;                                                                                             java.lang.reflect.Method.invoke                                            (Method.java:498)                          &#10;                                                                      org.gradle.internal.dispatch.ReflectionDispatch.dispatch                                          (ReflectionDispatch.java:35)               &#10;                                                                      org.gradle.internal.dispatch.ReflectionDispatch.dispatch                                          (ReflectionDispatch.java:24)               &#10;                             org.gradle.internal.remote.internal.hub.MessageHubBackedObjectConnection$DispatchWrapper.dispatch                                          (MessageHubBackedObjectConnection.java:155)&#10;                             org.gradle.internal.remote.internal.hub.MessageHubBackedObjectConnection$DispatchWrapper.dispatch                                          (MessageHubBackedObjectConnection.java:137)&#10;                                                           org.gradle.internal.remote.internal.hub.MessageHub$Handler.run                                               (MessageHub.java:404)                      &#10;                                                 org.gradle.internal.concurrent.ExecutorPolicy$CatchAndRecordFailures.onExecute                                         (ExecutorPolicy.java:63)                   &#10;                                                                 org.gradle.internal.concurrent.ManagedExecutorImpl$1.run                                               (ManagedExecutorImpl.java:46)              &#10;                                                                              java.util.concurrent.ThreadPoolExecutor.runWorker                                         (ThreadPoolExecutor.java:1142)             &#10;                                                                       java.util.concurrent.ThreadPoolExecutor$Worker.run                                               (ThreadPoolExecutor.java:617)              &#10;                                               org.gradle.internal.concurrent.ThreadFactoryImpl$ManagedThreadRunnable.run                                               (ThreadFactoryImpl.java:55)                &#10;                                                                                                     java.lang.Thread.run                                               (Thread.java:748)                          &#10;&#10;21)                                                                                    io.mockk.impl.InternalPlatform.captureStackTrace                                 (InternalPlatform.kt:123)                  &#10;                                                                                         io.mockk.impl.stub.MockKStub.handleInvocation                                  (MockKStub.kt:206)                         &#10;                                                       io.mockk.impl.instantiation.JvmMockFactoryHelper$mockHandler$1.invocation                                        (JvmMockFactoryHelper.kt:23)               &#10;                                                                                io.mockk.proxy.jvm.advice.Interceptor.call                                              (Interceptor.kt:20)                        &#10;                                                                                 io.mockk.proxy.jvm.advice.BaseAdvice.handle                                            (BaseAdvice.kt:42)                         &#10;                                                               io.mockk.proxy.jvm.advice.jvm.JvmMockKProxyInterceptor.interceptNoSuper                                  (JvmMockKProxyInterceptor.java:45)         &#10;                                                                             com.jdroids.robotlib.command.Command(BB).interrupt                                         (-:-1)                                     &#10;                                                                com.jdroids.robotlib.command.SchedulerImpl$requires$1.invoke                                            (SchedulerImpl.kt:67)                      &#10;                                                                com.jdroids.robotlib.command.SchedulerImpl$requires$1.invoke                                            (SchedulerImpl.kt:8)                       &#10;                                                               kotlin.collections.CollectionsKt__MutableCollectionsKt.filterInPlace$CollectionsKt__MutableCollectionsKt (MutableCollections.kt:164)                &#10;                                                               kotlin.collections.CollectionsKt__MutableCollectionsKt.removeAll                                         (MutableCollections.kt:153)                &#10;                                                                           com.jdroids.robotlib.command.SchedulerImpl.requires                                          (SchedulerImpl.kt:64)                      &#10;                                                                           com.jdroids.robotlib.command.SchedulerTest.requires() interrupts commands when it should     (SchedulerTest.kt:87)                      &#10;                                                                                 sun.reflect.NativeMethodAccessorImpl.invoke0                                           (NativeMethodAccessorImpl.java:-2)N        &#10;                                                                                 sun.reflect.NativeMethodAccessorImpl.invoke                                            (NativeMethodAccessorImpl.java:62)         &#10;                                                                             sun.reflect.DelegatingMethodAccessorImpl.invoke                                            (DelegatingMethodAccessorImpl.java:43)     &#10;                                                                                             java.lang.reflect.Method.invoke                                            (Method.java:498)                          &#10;                                                                      org.junit.platform.commons.util.ReflectionUtils.invokeMethod                                      (ReflectionUtils.java:389)                 &#10;                                                                 org.junit.jupiter.engine.execution.ExecutableInvoker.invoke                                            (ExecutableInvoker.java:115)               &#10;                                                         org.junit.jupiter.engine.descriptor.TestMethodTestDescriptor.lambda$invokeTestMethod$6                         (TestMethodTestDescriptor.java:167)        &#10;                                                                org.junit.jupiter.engine.execution.ThrowableCollector.execute                                           (ThrowableCollector.java:40)               &#10;                                                         org.junit.jupiter.engine.descriptor.TestMethodTestDescriptor.invokeTestMethod                                  (TestMethodTestDescriptor.java:163)        &#10;                                                         org.junit.jupiter.engine.descriptor.TestMethodTestDescriptor.execute                                           (TestMethodTestDescriptor.java:110)        &#10;                                                         org.junit.jupiter.engine.descriptor.TestMethodTestDescriptor.execute                                           (TestMethodTestDescriptor.java:57)         &#10;                                              org.junit.platform.engine.support.hierarchical.HierarchicalTestExecutor.lambda$execute$3                                  (HierarchicalTestExecutor.java:83)         &#10;                                                    org.junit.platform.engine.support.hierarchical.SingleTestExecutor.executeSafely                                     (SingleTestExecutor.java:66)               &#10;                                              org.junit.platform.engine.support.hierarchical.HierarchicalTestExecutor.execute                                           (HierarchicalTestExecutor.java:77)         &#10;                                              org.junit.platform.engine.support.hierarchical.HierarchicalTestExecutor.lambda$null$2                                     (HierarchicalTestExecutor.java:92)         &#10;                                                                          java.util.stream.ForEachOps$ForEachOp$OfRef.accept                                            (ForEachOps.java:184)                      &#10;                                                                               java.util.stream.ReferencePipeline$2$1.accept                                            (ReferencePipeline.java:175)               &#10;                                                                                                   java.util.Iterator.forEachRemaining                                  (Iterator.java:116)                        &#10;                                                                           java.util.Spliterators$IteratorSpliterator.forEachRemaining                                  (Spliterators.java:1801)                   &#10;                                                                                    java.util.stream.AbstractPipeline.copyInto                                          (AbstractPipeline.java:481)                &#10;                                                                                    java.util.stream.AbstractPipeline.wrapAndCopyInto                                   (AbstractPipeline.java:471)                &#10;                                                                                java.util.stream.ForEachOps$ForEachOp.evaluateSequential                                (ForEachOps.java:151)                      &#10;                                                                          java.util.stream.ForEachOps$ForEachOp$OfRef.evaluateSequential                                (ForEachOps.java:174)                      &#10;                                                                                    java.util.stream.AbstractPipeline.evaluate                                          (AbstractPipeline.java:234)                &#10;                                                                                   java.util.stream.ReferencePipeline.forEach                                           (ReferencePipeline.java:418)               &#10;                                              org.junit.platform.engine.support.hierarchical.HierarchicalTestExecutor.lambda$execute$3                                  (HierarchicalTestExecutor.java:92)         &#10;                                                    org.junit.platform.engine.support.hierarchical.SingleTestExecutor.executeSafely                                     (SingleTestExecutor.java:66)               &#10;                                              org.junit.platform.engine.support.hierarchical.HierarchicalTestExecutor.execute                                           (HierarchicalTestExecutor.java:77)         &#10;                                              org.junit.platform.engine.support.hierarchical.HierarchicalTestExecutor.lambda$null$2                                     (HierarchicalTestExecutor.java:92)         &#10;                                                                          java.util.stream.ForEachOps$ForEachOp$OfRef.accept                                            (ForEachOps.java:184)                      &#10;                                                                               java.util.stream.ReferencePipeline$2$1.accept                                            (ReferencePipeline.java:175)               &#10;                                                                                                   java.util.Iterator.forEachRemaining                                  (Iterator.java:116)                        &#10;                                                                           java.util.Spliterators$IteratorSpliterator.forEachRemaining                                  (Spliterators.java:1801)                   &#10;                                                                                    java.util.stream.AbstractPipeline.copyInto                                          (AbstractPipeline.java:481)                &#10;                                                                                    java.util.stream.AbstractPipeline.wrapAndCopyInto                                   (AbstractPipeline.java:471)                &#10;                                                                                java.util.stream.ForEachOps$ForEachOp.evaluateSequential                                (ForEachOps.java:151)                      &#10;                                                                          java.util.stream.ForEachOps$ForEachOp$OfRef.evaluateSequential                                (ForEachOps.java:174)                      &#10;                                                                                    java.util.stream.AbstractPipeline.evaluate                                          (AbstractPipeline.java:234)                &#10;                                                                                   java.util.stream.ReferencePipeline.forEach                                           (ReferencePipeline.java:418)               &#10;                                              org.junit.platform.engine.support.hierarchical.HierarchicalTestExecutor.lambda$execute$3                                  (HierarchicalTestExecutor.java:92)         &#10;                                                    org.junit.platform.engine.support.hierarchical.SingleTestExecutor.executeSafely                                     (SingleTestExecutor.java:66)               &#10;                                              org.junit.platform.engine.support.hierarchical.HierarchicalTestExecutor.execute                                           (HierarchicalTestExecutor.java:77)         &#10;                                              org.junit.platform.engine.support.hierarchical.HierarchicalTestExecutor.execute                                           (HierarchicalTestExecutor.java:51)         &#10;                                                org.junit.platform.engine.support.hierarchical.HierarchicalTestEngine.execute                                           (HierarchicalTestEngine.java:43)           &#10;                                                                     org.junit.platform.launcher.core.DefaultLauncher.execute                                           (DefaultLauncher.java:170)                 &#10;                                                                     org.junit.platform.launcher.core.DefaultLauncher.execute                                           (DefaultLauncher.java:154)                 &#10;                                                                     org.junit.platform.launcher.core.DefaultLauncher.execute                                           (DefaultLauncher.java:90)                  &#10;    org.gradle.api.internal.tasks.testing.junitplatform.JUnitPlatformTestClassProcessor$CollectAllTestClassesExecutor.processAllTestClasses                             (JUnitPlatformTestClassProcessor.java:92)  &#10;    org.gradle.api.internal.tasks.testing.junitplatform.JUnitPlatformTestClassProcessor$CollectAllTestClassesExecutor.access$100                                        (JUnitPlatformTestClassProcessor.java:77)  &#10;                                  org.gradle.api.internal.tasks.testing.junitplatform.JUnitPlatformTestClassProcessor.stop                                              (JUnitPlatformTestClassProcessor.java:73)  &#10;                                                        org.gradle.api.internal.tasks.testing.SuiteTestClassProcessor.stop                                              (SuiteTestClassProcessor.java:61)          &#10;                                                                                 sun.reflect.NativeMethodAccessorImpl.invoke0                                           (NativeMethodAccessorImpl.java:-2)N        &#10;                                                                                 sun.reflect.NativeMethodAccessorImpl.invoke                                            (NativeMethodAccessorImpl.java:62)         &#10;                                                                             sun.reflect.DelegatingMethodAccessorImpl.invoke                                            (DelegatingMethodAccessorImpl.java:43)     &#10;                                                                                             java.lang.reflect.Method.invoke                                            (Method.java:498)                          &#10;                                                                      org.gradle.internal.dispatch.ReflectionDispatch.dispatch                                          (ReflectionDispatch.java:35)               &#10;                                                                      org.gradle.internal.dispatch.ReflectionDispatch.dispatch                                          (ReflectionDispatch.java:24)               &#10;                                                              org.gradle.internal.dispatch.ContextClassLoaderDispatch.dispatch                                          (ContextClassLoaderDispatch.java:32)       &#10;                                       org.gradle.internal.dispatch.ProxyDispatchAdapter$DispatchingInvocationHandler.invoke                                            (ProxyDispatchAdapter.java:93)             &#10;                                                                                                com.sun.proxy.$Proxy1.stop                                              (-:-1)                                     &#10;                                                              org.gradle.api.internal.tasks.testing.worker.TestWorker.stop                                              (TestWorker.java:123)                      &#10;                                                                                 sun.reflect.NativeMethodAccessorImpl.invoke0                                           (NativeMethodAccessorImpl.java:-2)N        &#10;                                                                                 sun.reflect.NativeMethodAccessorImpl.invoke                                            (NativeMethodAccessorImpl.java:62)         &#10;                                                                             sun.reflect.DelegatingMethodAccessorImpl.invoke                                            (DelegatingMethodAccessorImpl.java:43)     &#10;                                                                                             java.lang.reflect.Method.invoke                                            (Method.java:498)                          &#10;                                                                      org.gradle.internal.dispatch.ReflectionDispatch.dispatch                                          (ReflectionDispatch.java:35)               &#10;                                                                      org.gradle.internal.dispatch.ReflectionDispatch.dispatch                                          (ReflectionDispatch.java:24)               &#10;                             org.gradle.internal.remote.internal.hub.MessageHubBackedObjectConnection$DispatchWrapper.dispatch                                          (MessageHubBackedObjectConnection.java:155)&#10;                             org.gradle.internal.remote.internal.hub.MessageHubBackedObjectConnection$DispatchWrapper.dispatch                                          (MessageHubBackedObjectConnection.java:137)&#10;                                                           org.gradle.internal.remote.internal.hub.MessageHub$Handler.run                                               (MessageHub.java:404)                      &#10;                                                 org.gradle.internal.concurrent.ExecutorPolicy$CatchAndRecordFailures.onExecute                                         (ExecutorPolicy.java:63)                   &#10;                                                                 org.gradle.internal.concurrent.ManagedExecutorImpl$1.run                                               (ManagedExecutorImpl.java:46)              &#10;                                                                              java.util.concurrent.ThreadPoolExecutor.runWorker                                         (ThreadPoolExecutor.java:1142)             &#10;                                                                       java.util.concurrent.ThreadPoolExecutor$Worker.run                                               (ThreadPoolExecutor.java:617)              &#10;                                               org.gradle.internal.concurrent.ThreadFactoryImpl$ManagedThreadRunnable.run                                               (ThreadFactoryImpl.java:55)                &#10;                                                                                                     java.lang.Thread.run                                               (Thread.java:748)                          &#10;&#10;22)                                                                                    io.mockk.impl.InternalPlatform.captureStackTrace                                 (InternalPlatform.kt:123)                  &#10;                                                                                         io.mockk.impl.stub.MockKStub.handleInvocation                                  (MockKStub.kt:206)                         &#10;                                                       io.mockk.impl.instantiation.JvmMockFactoryHelper$mockHandler$1.invocation                                        (JvmMockFactoryHelper.kt:23)               &#10;                                                                                io.mockk.proxy.jvm.advice.Interceptor.call                                              (Interceptor.kt:20)                        &#10;                                                                                 io.mockk.proxy.jvm.advice.BaseAdvice.handle                                            (BaseAdvice.kt:42)                         &#10;                                                               io.mockk.proxy.jvm.advice.jvm.JvmMockKProxyInterceptor.intercept                                         (JvmMockKProxyInterceptor.java:31)         &#10;                                                                             com.jdroids.robotlib.command.Command(BB).hashCode                                          (-:-1)                                     &#10;                                                                                                    java.util.HashMap.hash                                              (HashMap.java:338)                         &#10;                                                                                                    java.util.HashMap.remove                                            (HashMap.java:798)                         &#10;                                                                           com.jdroids.robotlib.command.SchedulerImpl.clearSubsystemRequirements                        (SchedulerImpl.kt:95)                      &#10;                                                                com.jdroids.robotlib.command.SchedulerImpl$requires$1.invoke                                            (SchedulerImpl.kt:68)                      &#10;                                                                com.jdroids.robotlib.command.SchedulerImpl$requires$1.invoke                                            (SchedulerImpl.kt:8)                       &#10;                                                               kotlin.collections.CollectionsKt__MutableCollectionsKt.filterInPlace$CollectionsKt__MutableCollectionsKt (MutableCollections.kt:164)                &#10;                                                               kotlin.collections.CollectionsKt__MutableCollectionsKt.removeAll                                         (MutableCollections.kt:153)                &#10;                                                                           com.jdroids.robotlib.command.SchedulerImpl.requires                                          (SchedulerImpl.kt:64)                      &#10;                                                                           com.jdroids.robotlib.command.SchedulerTest.requires() interrupts commands when it should     (SchedulerTest.kt:87)                      &#10;                                                                                 sun.reflect.NativeMethodAccessorImpl.invoke0                                           (NativeMethodAccessorImpl.java:-2)N        &#10;                                                                                 sun.reflect.NativeMethodAccessorImpl.invoke                                            (NativeMethodAccessorImpl.java:62)         &#10;                                                                             sun.reflect.DelegatingMethodAccessorImpl.invoke                                            (DelegatingMethodAccessorImpl.java:43)     &#10;                                                                                             java.lang.reflect.Method.invoke                                            (Method.java:498)                          &#10;                                                                      org.junit.platform.commons.util.ReflectionUtils.invokeMethod                                      (ReflectionUtils.java:389)                 &#10;                                                                 org.junit.jupiter.engine.execution.ExecutableInvoker.invoke                                            (ExecutableInvoker.java:115)               &#10;                                                         org.junit.jupiter.engine.descriptor.TestMethodTestDescriptor.lambda$invokeTestMethod$6                         (TestMethodTestDescriptor.java:167)        &#10;                                                                org.junit.jupiter.engine.execution.ThrowableCollector.execute                                           (ThrowableCollector.java:40)               &#10;                                                         org.junit.jupiter.engine.descriptor.TestMethodTestDescriptor.invokeTestMethod                                  (TestMethodTestDescriptor.java:163)        &#10;                                                         org.junit.jupiter.engine.descriptor.TestMethodTestDescriptor.execute                                           (TestMethodTestDescriptor.java:110)        &#10;                                                         org.junit.jupiter.engine.descriptor.TestMethodTestDescriptor.execute                                           (TestMethodTestDescriptor.java:57)         &#10;                                              org.junit.platform.engine.support.hierarchical.HierarchicalTestExecutor.lambda$execute$3                                  (HierarchicalTestExecutor.java:83)         &#10;                                                    org.junit.platform.engine.support.hierarchical.SingleTestExecutor.executeSafely                                     (SingleTestExecutor.java:66)               &#10;                                              org.junit.platform.engine.support.hierarchical.HierarchicalTestExecutor.execute                                           (HierarchicalTestExecutor.java:77)         &#10;                                              org.junit.platform.engine.support.hierarchical.HierarchicalTestExecutor.lambda$null$2                                     (HierarchicalTestExecutor.java:92)         &#10;                                                                          java.util.stream.ForEachOps$ForEachOp$OfRef.accept                                            (ForEachOps.java:184)                      &#10;                                                                               java.util.stream.ReferencePipeline$2$1.accept                                            (ReferencePipeline.java:175)               &#10;                                                                                                   java.util.Iterator.forEachRemaining                                  (Iterator.java:116)                        &#10;                                                                           java.util.Spliterators$IteratorSpliterator.forEachRemaining                                  (Spliterators.java:1801)                   &#10;                                                                                    java.util.stream.AbstractPipeline.copyInto                                          (AbstractPipeline.java:481)                &#10;                                                                                    java.util.stream.AbstractPipeline.wrapAndCopyInto                                   (AbstractPipeline.java:471)                &#10;                                                                                java.util.stream.ForEachOps$ForEachOp.evaluateSequential                                (ForEachOps.java:151)                      &#10;                                                                          java.util.stream.ForEachOps$ForEachOp$OfRef.evaluateSequential                                (ForEachOps.java:174)                      &#10;                                                                                    java.util.stream.AbstractPipeline.evaluate                                          (AbstractPipeline.java:234)                &#10;                                                                                   java.util.stream.ReferencePipeline.forEach                                           (ReferencePipeline.java:418)               &#10;                                              org.junit.platform.engine.support.hierarchical.HierarchicalTestExecutor.lambda$execute$3                                  (HierarchicalTestExecutor.java:92)         &#10;                                                    org.junit.platform.engine.support.hierarchical.SingleTestExecutor.executeSafely                                     (SingleTestExecutor.java:66)               &#10;                                              org.junit.platform.engine.support.hierarchical.HierarchicalTestExecutor.execute                                           (HierarchicalTestExecutor.java:77)         &#10;                                              org.junit.platform.engine.support.hierarchical.HierarchicalTestExecutor.lambda$null$2                                     (HierarchicalTestExecutor.java:92)         &#10;                                                                          java.util.stream.ForEachOps$ForEachOp$OfRef.accept                                            (ForEachOps.java:184)                      &#10;                                                                               java.util.stream.ReferencePipeline$2$1.accept                                            (ReferencePipeline.java:175)               &#10;                                                                                                   java.util.Iterator.forEachRemaining                                  (Iterator.java:116)                        &#10;                                                                           java.util.Spliterators$IteratorSpliterator.forEachRemaining                                  (Spliterators.java:1801)                   &#10;                                                                                    java.util.stream.AbstractPipeline.copyInto                                          (AbstractPipeline.java:481)                &#10;                                                                                    java.util.stream.AbstractPipeline.wrapAndCopyInto                                   (AbstractPipeline.java:471)                &#10;                                                                                java.util.stream.ForEachOps$ForEachOp.evaluateSequential                                (ForEachOps.java:151)                      &#10;                                                                          java.util.stream.ForEachOps$ForEachOp$OfRef.evaluateSequential                                (ForEachOps.java:174)                      &#10;                                                                                    java.util.stream.AbstractPipeline.evaluate                                          (AbstractPipeline.java:234)                &#10;                                                                                   java.util.stream.ReferencePipeline.forEach                                           (ReferencePipeline.java:418)               &#10;                                              org.junit.platform.engine.support.hierarchical.HierarchicalTestExecutor.lambda$execute$3                                  (HierarchicalTestExecutor.java:92)         &#10;                                                    org.junit.platform.engine.support.hierarchical.SingleTestExecutor.executeSafely                                     (SingleTestExecutor.java:66)               &#10;                                              org.junit.platform.engine.support.hierarchical.HierarchicalTestExecutor.execute                                           (HierarchicalTestExecutor.java:77)         &#10;                                              org.junit.platform.engine.support.hierarchical.HierarchicalTestExecutor.execute                                           (HierarchicalTestExecutor.java:51)         &#10;                                                org.junit.platform.engine.support.hierarchical.HierarchicalTestEngine.execute                                           (HierarchicalTestEngine.java:43)           &#10;                                                                     org.junit.platform.launcher.core.DefaultLauncher.execute                                           (DefaultLauncher.java:170)                 &#10;                                                                     org.junit.platform.launcher.core.DefaultLauncher.execute                                           (DefaultLauncher.java:154)                 &#10;                                                                     org.junit.platform.launcher.core.DefaultLauncher.execute                                           (DefaultLauncher.java:90)                  &#10;    org.gradle.api.internal.tasks.testing.junitplatform.JUnitPlatformTestClassProcessor$CollectAllTestClassesExecutor.processAllTestClasses                             (JUnitPlatformTestClassProcessor.java:92)  &#10;    org.gradle.api.internal.tasks.testing.junitplatform.JUnitPlatformTestClassProcessor$CollectAllTestClassesExecutor.access$100                                        (JUnitPlatformTestClassProcessor.java:77)  &#10;                                  org.gradle.api.internal.tasks.testing.junitplatform.JUnitPlatformTestClassProcessor.stop                                              (JUnitPlatformTestClassProcessor.java:73)  &#10;                                                        org.gradle.api.internal.tasks.testing.SuiteTestClassProcessor.stop                                              (SuiteTestClassProcessor.java:61)          &#10;                                                                                 sun.reflect.NativeMethodAccessorImpl.invoke0                                           (NativeMethodAccessorImpl.java:-2)N        &#10;                                                                                 sun.reflect.NativeMethodAccessorImpl.invoke                                            (NativeMethodAccessorImpl.java:62)         &#10;                                                                             sun.reflect.DelegatingMethodAccessorImpl.invoke                                            (DelegatingMethodAccessorImpl.java:43)     &#10;                                                                                             java.lang.reflect.Method.invoke                                            (Method.java:498)                          &#10;                                                                      org.gradle.internal.dispatch.ReflectionDispatch.dispatch                                          (ReflectionDispatch.java:35)               &#10;                                                                      org.gradle.internal.dispatch.ReflectionDispatch.dispatch                                          (ReflectionDispatch.java:24)               &#10;                                                              org.gradle.internal.dispatch.ContextClassLoaderDispatch.dispatch                                          (ContextClassLoaderDispatch.java:32)       &#10;                                       org.gradle.internal.dispatch.ProxyDispatchAdapter$DispatchingInvocationHandler.invoke                                            (ProxyDispatchAdapter.java:93)             &#10;                                                                                                com.sun.proxy.$Proxy1.stop                                              (-:-1)                                     &#10;                                                              org.gradle.api.internal.tasks.testing.worker.TestWorker.stop                                              (TestWorker.java:123)                      &#10;                                                                                 sun.reflect.NativeMethodAccessorImpl.invoke0                                           (NativeMethodAccessorImpl.java:-2)N        &#10;                                                                                 sun.reflect.NativeMethodAccessorImpl.invoke                                            (NativeMethodAccessorImpl.java:62)         &#10;                                                                             sun.reflect.DelegatingMethodAccessorImpl.invoke                                            (DelegatingMethodAccessorImpl.java:43)     &#10;                                                                                             java.lang.reflect.Method.invoke                                            (Method.java:498)                          &#10;                                                                      org.gradle.internal.dispatch.ReflectionDispatch.dispatch                                          (ReflectionDispatch.java:35)               &#10;                                                                      org.gradle.internal.dispatch.ReflectionDispatch.dispatch                                          (ReflectionDispatch.java:24)               &#10;                             org.gradle.internal.remote.internal.hub.MessageHubBackedObjectConnection$DispatchWrapper.dispatch                                          (MessageHubBackedObjectConnection.java:155)&#10;                             org.gradle.internal.remote.internal.hub.MessageHubBackedObjectConnection$DispatchWrapper.dispatch                                          (MessageHubBackedObjectConnection.java:137)&#10;                                                           org.gradle.internal.remote.internal.hub.MessageHub$Handler.run                                               (MessageHub.java:404)                      &#10;                                                 org.gradle.internal.concurrent.ExecutorPolicy$CatchAndRecordFailures.onExecute                                         (ExecutorPolicy.java:63)                   &#10;                                                                 org.gradle.internal.concurrent.ManagedExecutorImpl$1.run                                               (ManagedExecutorImpl.java:46)              &#10;                                                                              java.util.concurrent.ThreadPoolExecutor.runWorker                                         (ThreadPoolExecutor.java:1142)             &#10;                                                                       java.util.concurrent.ThreadPoolExecutor$Worker.run                                               (ThreadPoolExecutor.java:617)              &#10;                                               org.gradle.internal.concurrent.ThreadFactoryImpl$ManagedThreadRunnable.run                                               (ThreadFactoryImpl.java:55)                &#10;                                                                                                     java.lang.Thread.run                                               (Thread.java:748)                          &#10;&#10;23)                                                                                    io.mockk.impl.InternalPlatform.captureStackTrace                                 (InternalPlatform.kt:123)                  &#10;                                                                                         io.mockk.impl.stub.MockKStub.handleInvocation                                  (MockKStub.kt:206)                         &#10;                                                       io.mockk.impl.instantiation.JvmMockFactoryHelper$mockHandler$1.invocation                                        (JvmMockFactoryHelper.kt:23)               &#10;                                                                                io.mockk.proxy.jvm.advice.Interceptor.call                                              (Interceptor.kt:20)                        &#10;                                                                                 io.mockk.proxy.jvm.advice.BaseAdvice.handle                                            (BaseAdvice.kt:42)                         &#10;                                                               io.mockk.proxy.jvm.advice.jvm.JvmMockKProxyInterceptor.interceptNoSuper                                  (JvmMockKProxyInterceptor.java:45)         &#10;                                                                             com.jdroids.robotlib.command.Command(BB).isInterruptible                                   (-:-1)                                     &#10;                                                                com.jdroids.robotlib.command.SchedulerImpl$requires$2.invoke                                            (SchedulerImpl.kt:79)                      &#10;                                                                com.jdroids.robotlib.command.SchedulerImpl$requires$2.invoke                                            (SchedulerImpl.kt:8)                       &#10;                                                               kotlin.collections.CollectionsKt__MutableCollectionsKt.filterInPlace$CollectionsKt__MutableCollectionsKt (MutableCollections.kt:164)                &#10;                                                               kotlin.collections.CollectionsKt__MutableCollectionsKt.removeAll                                         (MutableCollections.kt:153)                &#10;                                                                           com.jdroids.robotlib.command.SchedulerImpl.requires                                          (SchedulerImpl.kt:79)                      &#10;                                                                           com.jdroids.robotlib.command.SchedulerTest.requires() interrupts commands when it should     (SchedulerTest.kt:87)                      &#10;                                                                                 sun.reflect.NativeMethodAccessorImpl.invoke0                                           (NativeMethodAccessorImpl.java:-2)N        &#10;                                                                                 sun.reflect.NativeMethodAccessorImpl.invoke                                            (NativeMethodAccessorImpl.java:62)         &#10;                                                                             sun.reflect.DelegatingMethodAccessorImpl.invoke                                            (DelegatingMethodAccessorImpl.java:43)     &#10;                                                                                             java.lang.reflect.Method.invoke                                            (Method.java:498)                          &#10;                                                                      org.junit.platform.commons.util.ReflectionUtils.invokeMethod                                      (ReflectionUtils.java:389)                 &#10;                                                                 org.junit.jupiter.engine.execution.ExecutableInvoker.invoke                                            (ExecutableInvoker.java:115)               &#10;                                                         org.junit.jupiter.engine.descriptor.TestMethodTestDescriptor.lambda$invokeTestMethod$6                         (TestMethodTestDescriptor.java:167)        &#10;                                                                org.junit.jupiter.engine.execution.ThrowableCollector.execute                                           (ThrowableCollector.java:40)               &#10;                                                         org.junit.jupiter.engine.descriptor.TestMethodTestDescriptor.invokeTestMethod                                  (TestMethodTestDescriptor.java:163)        &#10;                                                         org.junit.jupiter.engine.descriptor.TestMethodTestDescriptor.execute                                           (TestMethodTestDescriptor.java:110)        &#10;                                                         org.junit.jupiter.engine.descriptor.TestMethodTestDescriptor.execute                                           (TestMethodTestDescriptor.java:57)         &#10;                                              org.junit.platform.engine.support.hierarchical.HierarchicalTestExecutor.lambda$execute$3                                  (HierarchicalTestExecutor.java:83)         &#10;                                                    org.junit.platform.engine.support.hierarchical.SingleTestExecutor.executeSafely                                     (SingleTestExecutor.java:66)               &#10;                                              org.junit.platform.engine.support.hierarchical.HierarchicalTestExecutor.execute                                           (HierarchicalTestExecutor.java:77)         &#10;                                              org.junit.platform.engine.support.hierarchical.HierarchicalTestExecutor.lambda$null$2                                     (HierarchicalTestExecutor.java:92)         &#10;                                                                          java.util.stream.ForEachOps$ForEachOp$OfRef.accept                                            (ForEachOps.java:184)                      &#10;                                                                               java.util.stream.ReferencePipeline$2$1.accept                                            (ReferencePipeline.java:175)               &#10;                                                                                                   java.util.Iterator.forEachRemaining                                  (Iterator.java:116)                        &#10;                                                                           java.util.Spliterators$IteratorSpliterator.forEachRemaining                                  (Spliterators.java:1801)                   &#10;                                                                                    java.util.stream.AbstractPipeline.copyInto                                          (AbstractPipeline.java:481)                &#10;                                                                                    java.util.stream.AbstractPipeline.wrapAndCopyInto                                   (AbstractPipeline.java:471)                &#10;                                                                                java.util.stream.ForEachOps$ForEachOp.evaluateSequential                                (ForEachOps.java:151)                      &#10;                                                                          java.util.stream.ForEachOps$ForEachOp$OfRef.evaluateSequential                                (ForEachOps.java:174)                      &#10;                                                                                    java.util.stream.AbstractPipeline.evaluate                                          (AbstractPipeline.java:234)                &#10;                                                                                   java.util.stream.ReferencePipeline.forEach                                           (ReferencePipeline.java:418)               &#10;                                              org.junit.platform.engine.support.hierarchical.HierarchicalTestExecutor.lambda$execute$3                                  (HierarchicalTestExecutor.java:92)         &#10;                                                    org.junit.platform.engine.support.hierarchical.SingleTestExecutor.executeSafely                                     (SingleTestExecutor.java:66)               &#10;                                              org.junit.platform.engine.support.hierarchical.HierarchicalTestExecutor.execute                                           (HierarchicalTestExecutor.java:77)         &#10;                                              org.junit.platform.engine.support.hierarchical.HierarchicalTestExecutor.lambda$null$2                                     (HierarchicalTestExecutor.java:92)         &#10;                                                                          java.util.stream.ForEachOps$ForEachOp$OfRef.accept                                            (ForEachOps.java:184)                      &#10;                                                                               java.util.stream.ReferencePipeline$2$1.accept                                            (ReferencePipeline.java:175)               &#10;                                                                                                   java.util.Iterator.forEachRemaining                                  (Iterator.java:116)                        &#10;                                                                           java.util.Spliterators$IteratorSpliterator.forEachRemaining                                  (Spliterators.java:1801)                   &#10;                                                                                    java.util.stream.AbstractPipeline.copyInto                                          (AbstractPipeline.java:481)                &#10;                                                                                    java.util.stream.AbstractPipeline.wrapAndCopyInto                                   (AbstractPipeline.java:471)                &#10;                                                                                java.util.stream.ForEachOps$ForEachOp.evaluateSequential                                (ForEachOps.java:151)                      &#10;                                                                          java.util.stream.ForEachOps$ForEachOp$OfRef.evaluateSequential                                (ForEachOps.java:174)                      &#10;                                                                                    java.util.stream.AbstractPipeline.evaluate                                          (AbstractPipeline.java:234)                &#10;                                                                                   java.util.stream.ReferencePipeline.forEach                                           (ReferencePipeline.java:418)               &#10;                                              org.junit.platform.engine.support.hierarchical.HierarchicalTestExecutor.lambda$execute$3                                  (HierarchicalTestExecutor.java:92)         &#10;                                                    org.junit.platform.engine.support.hierarchical.SingleTestExecutor.executeSafely                                     (SingleTestExecutor.java:66)               &#10;                                              org.junit.platform.engine.support.hierarchical.HierarchicalTestExecutor.execute                                           (HierarchicalTestExecutor.java:77)         &#10;                                              org.junit.platform.engine.support.hierarchical.HierarchicalTestExecutor.execute                                           (HierarchicalTestExecutor.java:51)         &#10;                                                org.junit.platform.engine.support.hierarchical.HierarchicalTestEngine.execute                                           (HierarchicalTestEngine.java:43)           &#10;                                                                     org.junit.platform.launcher.core.DefaultLauncher.execute                                           (DefaultLauncher.java:170)                 &#10;                                                                     org.junit.platform.launcher.core.DefaultLauncher.execute                                           (DefaultLauncher.java:154)                 &#10;                                                                     org.junit.platform.launcher.core.DefaultLauncher.execute                                           (DefaultLauncher.java:90)                  &#10;    org.gradle.api.internal.tasks.testing.junitplatform.JUnitPlatformTestClassProcessor$CollectAllTestClassesExecutor.processAllTestClasses                             (JUnitPlatformTestClassProcessor.java:92)  &#10;    org.gradle.api.internal.tasks.testing.junitplatform.JUnitPlatformTestClassProcessor$CollectAllTestClassesExecutor.access$100                                        (JUnitPlatformTestClassProcessor.java:77)  &#10;                                  org.gradle.api.internal.tasks.testing.junitplatform.JUnitPlatformTestClassProcessor.stop                                              (JUnitPlatformTestClassProcessor.java:73)  &#10;                                                        org.gradle.api.internal.tasks.testing.SuiteTestClassProcessor.stop                                              (SuiteTestClassProcessor.java:61)          &#10;                                                                                 sun.reflect.NativeMethodAccessorImpl.invoke0                                           (NativeMethodAccessorImpl.java:-2)N        &#10;                                                                                 sun.reflect.NativeMethodAccessorImpl.invoke                                            (NativeMethodAccessorImpl.java:62)         &#10;                                                                             sun.reflect.DelegatingMethodAccessorImpl.invoke                                            (DelegatingMethodAccessorImpl.java:43)     &#10;                                                                                             java.lang.reflect.Method.invoke                                            (Method.java:498)                          &#10;                                                                      org.gradle.internal.dispatch.ReflectionDispatch.dispatch                                          (ReflectionDispatch.java:35)               &#10;                                                                      org.gradle.internal.dispatch.ReflectionDispatch.dispatch                                          (ReflectionDispatch.java:24)               &#10;                                                              org.gradle.internal.dispatch.ContextClassLoaderDispatch.dispatch                                          (ContextClassLoaderDispatch.java:32)       &#10;                                       org.gradle.internal.dispatch.ProxyDispatchAdapter$DispatchingInvocationHandler.invoke                                            (ProxyDispatchAdapter.java:93)             &#10;                                                                                                com.sun.proxy.$Proxy1.stop                                              (-:-1)                                     &#10;                                                              org.gradle.api.internal.tasks.testing.worker.TestWorker.stop                                              (TestWorker.java:123)                      &#10;                                                                                 sun.reflect.NativeMethodAccessorImpl.invoke0                                           (NativeMethodAccessorImpl.java:-2)N        &#10;                                                                                 sun.reflect.NativeMethodAccessorImpl.invoke                                            (NativeMethodAccessorImpl.java:62)         &#10;                                                                             sun.reflect.DelegatingMethodAccessorImpl.invoke                                            (DelegatingMethodAccessorImpl.java:43)     &#10;                                                                                             java.lang.reflect.Method.invoke                                            (Method.java:498)                          &#10;                                                                      org.gradle.internal.dispatch.ReflectionDispatch.dispatch                                          (ReflectionDispatch.java:35)               &#10;                                                                      org.gradle.internal.dispatch.ReflectionDispatch.dispatch                                          (ReflectionDispatch.java:24)               &#10;                             org.gradle.internal.remote.internal.hub.MessageHubBackedObjectConnection$DispatchWrapper.dispatch                                          (MessageHubBackedObjectConnection.java:155)&#10;                             org.gradle.internal.remote.internal.hub.MessageHubBackedObjectConnection$DispatchWrapper.dispatch                                          (MessageHubBackedObjectConnection.java:137)&#10;                                                           org.gradle.internal.remote.internal.hub.MessageHub$Handler.run                                               (MessageHub.java:404)                      &#10;                                                 org.gradle.internal.concurrent.ExecutorPolicy$CatchAndRecordFailures.onExecute                                         (ExecutorPolicy.java:63)                   &#10;                                                                 org.gradle.internal.concurrent.ManagedExecutorImpl$1.run                                               (ManagedExecutorImpl.java:46)              &#10;                                                                              java.util.concurrent.ThreadPoolExecutor.runWorker                                         (ThreadPoolExecutor.java:1142)             &#10;                                                                       java.util.concurrent.ThreadPoolExecutor$Worker.run                                               (ThreadPoolExecutor.java:617)              &#10;                                               org.gradle.internal.concurrent.ThreadFactoryImpl$ManagedThreadRunnable.run                                               (ThreadFactoryImpl.java:55)                &#10;                                                                                                     java.lang.Thread.run                                               (Thread.java:748)                          &#10;&#10;24)                                                                                    io.mockk.impl.InternalPlatform.captureStackTrace                                 (InternalPlatform.kt:123)                  &#10;                                                                                         io.mockk.impl.stub.MockKStub.handleInvocation                                  (MockKStub.kt:206)                         &#10;                                                       io.mockk.impl.instantiation.JvmMockFactoryHelper$mockHandler$1.invocation                                        (JvmMockFactoryHelper.kt:23)               &#10;                                                                                io.mockk.proxy.jvm.advice.Interceptor.call                                              (Interceptor.kt:20)                        &#10;                                                                                 io.mockk.proxy.jvm.advice.BaseAdvice.handle                                            (BaseAdvice.kt:42)                         &#10;                                                               io.mockk.proxy.jvm.advice.jvm.JvmMockKProxyInterceptor.intercept                                         (JvmMockKProxyInterceptor.java:31)         &#10;                                                                             com.jdroids.robotlib.command.Command(BB).hashCode                                          (-:-1)                                     &#10;                                                                                                    java.util.HashMap.hash                                              (HashMap.java:338)                         &#10;                                                                                                    java.util.HashMap.get                                               (HashMap.java:556)                         &#10;                                                                com.jdroids.robotlib.command.SchedulerImpl$requires$2.invoke                                            (SchedulerImpl.kt:80)                      &#10;                                                                com.jdroids.robotlib.command.SchedulerImpl$requires$2.invoke                                            (SchedulerImpl.kt:8)                       &#10;                                                               kotlin.collections.CollectionsKt__MutableCollectionsKt.filterInPlace$CollectionsKt__MutableCollectionsKt (MutableCollections.kt:164)                &#10;                                                               kotlin.collections.CollectionsKt__MutableCollectionsKt.removeAll                                         (MutableCollections.kt:153)                &#10;                                                                           com.jdroids.robotlib.command.SchedulerImpl.requires                                          (SchedulerImpl.kt:79)                      &#10;                                                                           com.jdroids.robotlib.command.SchedulerTest.requires() interrupts commands when it should     (SchedulerTest.kt:87)                      &#10;                                                                                 sun.reflect.NativeMethodAccessorImpl.invoke0                                           (NativeMethodAccessorImpl.java:-2)N        &#10;                                                                                 sun.reflect.NativeMethodAccessorImpl.invoke                                            (NativeMethodAccessorImpl.java:62)         &#10;                                                                             sun.reflect.DelegatingMethodAccessorImpl.invoke                                            (DelegatingMethodAccessorImpl.java:43)     &#10;                                                                                             java.lang.reflect.Method.invoke                                            (Method.java:498)                          &#10;                                                                      org.junit.platform.commons.util.ReflectionUtils.invokeMethod                                      (ReflectionUtils.java:389)                 &#10;                                                                 org.junit.jupiter.engine.execution.ExecutableInvoker.invoke                                            (ExecutableInvoker.java:115)               &#10;                                                         org.junit.jupiter.engine.descriptor.TestMethodTestDescriptor.lambda$invokeTestMethod$6                         (TestMethodTestDescriptor.java:167)        &#10;                                                                org.junit.jupiter.engine.execution.ThrowableCollector.execute                                           (ThrowableCollector.java:40)               &#10;                                                         org.junit.jupiter.engine.descriptor.TestMethodTestDescriptor.invokeTestMethod                                  (TestMethodTestDescriptor.java:163)        &#10;                                                         org.junit.jupiter.engine.descriptor.TestMethodTestDescriptor.execute                                           (TestMethodTestDescriptor.java:110)        &#10;                                                         org.junit.jupiter.engine.descriptor.TestMethodTestDescriptor.execute                                           (TestMethodTestDescriptor.java:57)         &#10;                                              org.junit.platform.engine.support.hierarchical.HierarchicalTestExecutor.lambda$execute$3                                  (HierarchicalTestExecutor.java:83)         &#10;                                                    org.junit.platform.engine.support.hierarchical.SingleTestExecutor.executeSafely                                     (SingleTestExecutor.java:66)               &#10;                                              org.junit.platform.engine.support.hierarchical.HierarchicalTestExecutor.execute                                           (HierarchicalTestExecutor.java:77)         &#10;                                              org.junit.platform.engine.support.hierarchical.HierarchicalTestExecutor.lambda$null$2                                     (HierarchicalTestExecutor.java:92)         &#10;                                                                          java.util.stream.ForEachOps$ForEachOp$OfRef.accept                                            (ForEachOps.java:184)                      &#10;                                                                               java.util.stream.ReferencePipeline$2$1.accept                                            (ReferencePipeline.java:175)               &#10;                                                                                                   java.util.Iterator.forEachRemaining                                  (Iterator.java:116)                        &#10;                                                                           java.util.Spliterators$IteratorSpliterator.forEachRemaining                                  (Spliterators.java:1801)                   &#10;                                                                                    java.util.stream.AbstractPipeline.copyInto                                          (AbstractPipeline.java:481)                &#10;                                                                                    java.util.stream.AbstractPipeline.wrapAndCopyInto                                   (AbstractPipeline.java:471)                &#10;                                                                                java.util.stream.ForEachOps$ForEachOp.evaluateSequential                                (ForEachOps.java:151)                      &#10;                                                                          java.util.stream.ForEachOps$ForEachOp$OfRef.evaluateSequential                                (ForEachOps.java:174)                      &#10;                                                                                    java.util.stream.AbstractPipeline.evaluate                                          (AbstractPipeline.java:234)                &#10;                                                                                   java.util.stream.ReferencePipeline.forEach                                           (ReferencePipeline.java:418)               &#10;                                              org.junit.platform.engine.support.hierarchical.HierarchicalTestExecutor.lambda$execute$3                                  (HierarchicalTestExecutor.java:92)         &#10;                                                    org.junit.platform.engine.support.hierarchical.SingleTestExecutor.executeSafely                                     (SingleTestExecutor.java:66)               &#10;                                              org.junit.platform.engine.support.hierarchical.HierarchicalTestExecutor.execute                                           (HierarchicalTestExecutor.java:77)         &#10;                                              org.junit.platform.engine.support.hierarchical.HierarchicalTestExecutor.lambda$null$2                                     (HierarchicalTestExecutor.java:92)         &#10;                                                                          java.util.stream.ForEachOps$ForEachOp$OfRef.accept                                            (ForEachOps.java:184)                      &#10;                                                                               java.util.stream.ReferencePipeline$2$1.accept                                            (ReferencePipeline.java:175)               &#10;                                                                                                   java.util.Iterator.forEachRemaining                                  (Iterator.java:116)                        &#10;                                                                           java.util.Spliterators$IteratorSpliterator.forEachRemaining                                  (Spliterators.java:1801)                   &#10;                                                                                    java.util.stream.AbstractPipeline.copyInto                                          (AbstractPipeline.java:481)                &#10;                                                                                    java.util.stream.AbstractPipeline.wrapAndCopyInto                                   (AbstractPipeline.java:471)                &#10;                                                                                java.util.stream.ForEachOps$ForEachOp.evaluateSequential                                (ForEachOps.java:151)                      &#10;                                                                          java.util.stream.ForEachOps$ForEachOp$OfRef.evaluateSequential                                (ForEachOps.java:174)                      &#10;                                                                                    java.util.stream.AbstractPipeline.evaluate                                          (AbstractPipeline.java:234)                &#10;                                                                                   java.util.stream.ReferencePipeline.forEach                                           (ReferencePipeline.java:418)               &#10;                                              org.junit.platform.engine.support.hierarchical.HierarchicalTestExecutor.lambda$execute$3                                  (HierarchicalTestExecutor.java:92)         &#10;                                                    org.junit.platform.engine.support.hierarchical.SingleTestExecutor.executeSafely                                     (SingleTestExecutor.java:66)               &#10;                                              org.junit.platform.engine.support.hierarchical.HierarchicalTestExecutor.execute                                           (HierarchicalTestExecutor.java:77)         &#10;                                              org.junit.platform.engine.support.hierarchical.HierarchicalTestExecutor.execute                                           (HierarchicalTestExecutor.java:51)         &#10;                                                org.junit.platform.engine.support.hierarchical.HierarchicalTestEngine.execute                                           (HierarchicalTestEngine.java:43)           &#10;                                                                     org.junit.platform.launcher.core.DefaultLauncher.execute                                           (DefaultLauncher.java:170)                 &#10;                                                                     org.junit.platform.launcher.core.DefaultLauncher.execute                                           (DefaultLauncher.java:154)                 &#10;                                                                     org.junit.platform.launcher.core.DefaultLauncher.execute                                           (DefaultLauncher.java:90)                  &#10;    org.gradle.api.internal.tasks.testing.junitplatform.JUnitPlatformTestClassProcessor$CollectAllTestClassesExecutor.processAllTestClasses                             (JUnitPlatformTestClassProcessor.java:92)  &#10;    org.gradle.api.internal.tasks.testing.junitplatform.JUnitPlatformTestClassProcessor$CollectAllTestClassesExecutor.access$100                                        (JUnitPlatformTestClassProcessor.java:77)  &#10;                                  org.gradle.api.internal.tasks.testing.junitplatform.JUnitPlatformTestClassProcessor.stop                                              (JUnitPlatformTestClassProcessor.java:73)  &#10;                                                        org.gradle.api.internal.tasks.testing.SuiteTestClassProcessor.stop                                              (SuiteTestClassProcessor.java:61)          &#10;                                                                                 sun.reflect.NativeMethodAccessorImpl.invoke0                                           (NativeMethodAccessorImpl.java:-2)N        &#10;                                                                                 sun.reflect.NativeMethodAccessorImpl.invoke                                            (NativeMethodAccessorImpl.java:62)         &#10;                                                                             sun.reflect.DelegatingMethodAccessorImpl.invoke                                            (DelegatingMethodAccessorImpl.java:43)     &#10;                                                                                             java.lang.reflect.Method.invoke                                            (Method.java:498)                          &#10;                                                                      org.gradle.internal.dispatch.ReflectionDispatch.dispatch                                          (ReflectionDispatch.java:35)               &#10;                                                                      org.gradle.internal.dispatch.ReflectionDispatch.dispatch                                          (ReflectionDispatch.java:24)               &#10;                                                              org.gradle.internal.dispatch.ContextClassLoaderDispatch.dispatch                                          (ContextClassLoaderDispatch.java:32)       &#10;                                       org.gradle.internal.dispatch.ProxyDispatchAdapter$DispatchingInvocationHandler.invoke                                            (ProxyDispatchAdapter.java:93)             &#10;                                                                                                com.sun.proxy.$Proxy1.stop                                              (-:-1)                                     &#10;                                                              org.gradle.api.internal.tasks.testing.worker.TestWorker.stop                                              (TestWorker.java:123)                      &#10;                                                                                 sun.reflect.NativeMethodAccessorImpl.invoke0                                           (NativeMethodAccessorImpl.java:-2)N        &#10;                                                                                 sun.reflect.NativeMethodAccessorImpl.invoke                                            (NativeMethodAccessorImpl.java:62)         &#10;                                                                             sun.reflect.DelegatingMethodAccessorImpl.invoke                                            (DelegatingMethodAccessorImpl.java:43)     &#10;                                                                                             java.lang.reflect.Method.invoke                                            (Method.java:498)                          &#10;                                                                      org.gradle.internal.dispatch.ReflectionDispatch.dispatch                                          (ReflectionDispatch.java:35)               &#10;                                                                      org.gradle.internal.dispatch.ReflectionDispatch.dispatch                                          (ReflectionDispatch.java:24)               &#10;                             org.gradle.internal.remote.internal.hub.MessageHubBackedObjectConnection$DispatchWrapper.dispatch                                          (MessageHubBackedObjectConnection.java:155)&#10;                             org.gradle.internal.remote.internal.hub.MessageHubBackedObjectConnection$DispatchWrapper.dispatch                                          (MessageHubBackedObjectConnection.java:137)&#10;                                                           org.gradle.internal.remote.internal.hub.MessageHub$Handler.run                                               (MessageHub.java:404)                      &#10;                                                 org.gradle.internal.concurrent.ExecutorPolicy$CatchAndRecordFailures.onExecute                                         (ExecutorPolicy.java:63)                   &#10;                                                                 org.gradle.internal.concurrent.ManagedExecutorImpl$1.run                                               (ManagedExecutorImpl.java:46)              &#10;                                                                              java.util.concurrent.ThreadPoolExecutor.runWorker                                         (ThreadPoolExecutor.java:1142)             &#10;                                                                       java.util.concurrent.ThreadPoolExecutor$Worker.run                                               (ThreadPoolExecutor.java:617)              &#10;                                               org.gradle.internal.concurrent.ThreadFactoryImpl$ManagedThreadRunnable.run                                               (ThreadFactoryImpl.java:55)                &#10;                                                                                                     java.lang.Thread.run                                               (Thread.java:748)                          &#10;&#10;25)                                                                                    io.mockk.impl.InternalPlatform.captureStackTrace                             (InternalPlatform.kt:123)                  &#10;                                                                                         io.mockk.impl.stub.MockKStub.handleInvocation                              (MockKStub.kt:206)                         &#10;                                                       io.mockk.impl.instantiation.JvmMockFactoryHelper$mockHandler$1.invocation                                    (JvmMockFactoryHelper.kt:23)               &#10;                                                                                io.mockk.proxy.jvm.advice.Interceptor.call                                          (Interceptor.kt:20)                        &#10;                                                                                 io.mockk.proxy.jvm.advice.BaseAdvice.handle                                        (BaseAdvice.kt:42)                         &#10;                                                               io.mockk.proxy.jvm.advice.jvm.JvmMockKProxyInterceptor.interceptNoSuper                              (JvmMockKProxyInterceptor.java:45)         &#10;                                                                             com.jdroids.robotlib.command.Command(BB).isCompleted                                   (-:-1)                                     &#10;                                                                           com.jdroids.robotlib.command.SchedulerImpl.periodic                                      (SchedulerImpl.kt:41)                      &#10;                                                                           com.jdroids.robotlib.command.SchedulerTest.requires() interrupts commands when it should (SchedulerTest.kt:91)                      &#10;                                                                                 sun.reflect.NativeMethodAccessorImpl.invoke0                                       (NativeMethodAccessorImpl.java:-2)N        &#10;                                                                                 sun.reflect.NativeMethodAccessorImpl.invoke                                        (NativeMethodAccessorImpl.java:62)         &#10;                                                                             sun.reflect.DelegatingMethodAccessorImpl.invoke                                        (DelegatingMethodAccessorImpl.java:43)     &#10;                                                                                             java.lang.reflect.Method.invoke                                        (Method.java:498)                          &#10;                                                                      org.junit.platform.commons.util.ReflectionUtils.invokeMethod                                  (ReflectionUtils.java:389)                 &#10;                                                                 org.junit.jupiter.engine.execution.ExecutableInvoker.invoke                                        (ExecutableInvoker.java:115)               &#10;                                                         org.junit.jupiter.engine.descriptor.TestMethodTestDescriptor.lambda$invokeTestMethod$6                     (TestMethodTestDescriptor.java:167)        &#10;                                                                org.junit.jupiter.engine.execution.ThrowableCollector.execute                                       (ThrowableCollector.java:40)               &#10;                                                         org.junit.jupiter.engine.descriptor.TestMethodTestDescriptor.invokeTestMethod                              (TestMethodTestDescriptor.java:163)        &#10;                                                         org.junit.jupiter.engine.descriptor.TestMethodTestDescriptor.execute                                       (TestMethodTestDescriptor.java:110)        &#10;                                                         org.junit.jupiter.engine.descriptor.TestMethodTestDescriptor.execute                                       (TestMethodTestDescriptor.java:57)         &#10;                                              org.junit.platform.engine.support.hierarchical.HierarchicalTestExecutor.lambda$execute$3                              (HierarchicalTestExecutor.java:83)         &#10;                                                    org.junit.platform.engine.support.hierarchical.SingleTestExecutor.executeSafely                                 (SingleTestExecutor.java:66)               &#10;                                              org.junit.platform.engine.support.hierarchical.HierarchicalTestExecutor.execute                                       (HierarchicalTestExecutor.java:77)         &#10;                                              org.junit.platform.engine.support.hierarchical.HierarchicalTestExecutor.lambda$null$2                                 (HierarchicalTestExecutor.java:92)         &#10;                                                                          java.util.stream.ForEachOps$ForEachOp$OfRef.accept                                        (ForEachOps.java:184)                      &#10;                                                                               java.util.stream.ReferencePipeline$2$1.accept                                        (ReferencePipeline.java:175)               &#10;                                                                                                   java.util.Iterator.forEachRemaining                              (Iterator.java:116)                        &#10;                                                                           java.util.Spliterators$IteratorSpliterator.forEachRemaining                              (Spliterators.java:1801)                   &#10;                                                                                    java.util.stream.AbstractPipeline.copyInto                                      (AbstractPipeline.java:481)                &#10;                                                                                    java.util.stream.AbstractPipeline.wrapAndCopyInto                               (AbstractPipeline.java:471)                &#10;                                                                                java.util.stream.ForEachOps$ForEachOp.evaluateSequential                            (ForEachOps.java:151)                      &#10;                                                                          java.util.stream.ForEachOps$ForEachOp$OfRef.evaluateSequential                            (ForEachOps.java:174)                      &#10;                                                                                    java.util.stream.AbstractPipeline.evaluate                                      (AbstractPipeline.java:234)                &#10;                                                                                   java.util.stream.ReferencePipeline.forEach                                       (ReferencePipeline.java:418)               &#10;                                              org.junit.platform.engine.support.hierarchical.HierarchicalTestExecutor.lambda$execute$3                              (HierarchicalTestExecutor.java:92)         &#10;                                                    org.junit.platform.engine.support.hierarchical.SingleTestExecutor.executeSafely                                 (SingleTestExecutor.java:66)               &#10;                                              org.junit.platform.engine.support.hierarchical.HierarchicalTestExecutor.execute                                       (HierarchicalTestExecutor.java:77)         &#10;                                              org.junit.platform.engine.support.hierarchical.HierarchicalTestExecutor.lambda$null$2                                 (HierarchicalTestExecutor.java:92)         &#10;                                                                          java.util.stream.ForEachOps$ForEachOp$OfRef.accept                                        (ForEachOps.java:184)                      &#10;                                                                               java.util.stream.ReferencePipeline$2$1.accept                                        (ReferencePipeline.java:175)               &#10;                                                                                                   java.util.Iterator.forEachRemaining                              (Iterator.java:116)                        &#10;                                                                           java.util.Spliterators$IteratorSpliterator.forEachRemaining                              (Spliterators.java:1801)                   &#10;                                                                                    java.util.stream.AbstractPipeline.copyInto                                      (AbstractPipeline.java:481)                &#10;                                                                                    java.util.stream.AbstractPipeline.wrapAndCopyInto                               (AbstractPipeline.java:471)                &#10;                                                                                java.util.stream.ForEachOps$ForEachOp.evaluateSequential                            (ForEachOps.java:151)                      &#10;                                                                          java.util.stream.ForEachOps$ForEachOp$OfRef.evaluateSequential                            (ForEachOps.java:174)                      &#10;                                                                                    java.util.stream.AbstractPipeline.evaluate                                      (AbstractPipeline.java:234)                &#10;                                                                                   java.util.stream.ReferencePipeline.forEach                                       (ReferencePipeline.java:418)               &#10;                                              org.junit.platform.engine.support.hierarchical.HierarchicalTestExecutor.lambda$execute$3                              (HierarchicalTestExecutor.java:92)         &#10;                                                    org.junit.platform.engine.support.hierarchical.SingleTestExecutor.executeSafely                                 (SingleTestExecutor.java:66)               &#10;                                              org.junit.platform.engine.support.hierarchical.HierarchicalTestExecutor.execute                                       (HierarchicalTestExecutor.java:77)         &#10;                                              org.junit.platform.engine.support.hierarchical.HierarchicalTestExecutor.execute                                       (HierarchicalTestExecutor.java:51)         &#10;                                                org.junit.platform.engine.support.hierarchical.HierarchicalTestEngine.execute                                       (HierarchicalTestEngine.java:43)           &#10;                                                                     org.junit.platform.launcher.core.DefaultLauncher.execute                                       (DefaultLauncher.java:170)                 &#10;                                                                     org.junit.platform.launcher.core.DefaultLauncher.execute                                       (DefaultLauncher.java:154)                 &#10;                                                                     org.junit.platform.launcher.core.DefaultLauncher.execute                                       (DefaultLauncher.java:90)                  &#10;    org.gradle.api.internal.tasks.testing.junitplatform.JUnitPlatformTestClassProcessor$CollectAllTestClassesExecutor.processAllTestClasses                         (JUnitPlatformTestClassProcessor.java:92)  &#10;    org.gradle.api.internal.tasks.testing.junitplatform.JUnitPlatformTestClassProcessor$CollectAllTestClassesExecutor.access$100                                    (JUnitPlatformTestClassProcessor.java:77)  &#10;                                  org.gradle.api.internal.tasks.testing.junitplatform.JUnitPlatformTestClassProcessor.stop                                          (JUnitPlatformTestClassProcessor.java:73)  &#10;                                                        org.gradle.api.internal.tasks.testing.SuiteTestClassProcessor.stop                                          (SuiteTestClassProcessor.java:61)          &#10;                                                                                 sun.reflect.NativeMethodAccessorImpl.invoke0                                       (NativeMethodAccessorImpl.java:-2)N        &#10;                                                                                 sun.reflect.NativeMethodAccessorImpl.invoke                                        (NativeMethodAccessorImpl.java:62)         &#10;                                                                             sun.reflect.DelegatingMethodAccessorImpl.invoke                                        (DelegatingMethodAccessorImpl.java:43)     &#10;                                                                                             java.lang.reflect.Method.invoke                                        (Method.java:498)                          &#10;                                                                      org.gradle.internal.dispatch.ReflectionDispatch.dispatch                                      (ReflectionDispatch.java:35)               &#10;                                                                      org.gradle.internal.dispatch.ReflectionDispatch.dispatch                                      (ReflectionDispatch.java:24)               &#10;                                                              org.gradle.internal.dispatch.ContextClassLoaderDispatch.dispatch                                      (ContextClassLoaderDispatch.java:32)       &#10;                                       org.gradle.internal.dispatch.ProxyDispatchAdapter$DispatchingInvocationHandler.invoke                                        (ProxyDispatchAdapter.java:93)             &#10;                                                                                                com.sun.proxy.$Proxy1.stop                                          (-:-1)                                     &#10;                                                              org.gradle.api.internal.tasks.testing.worker.TestWorker.stop                                          (TestWorker.java:123)                      &#10;                                                                                 sun.reflect.NativeMethodAccessorImpl.invoke0                                       (NativeMethodAccessorImpl.java:-2)N        &#10;                                                                                 sun.reflect.NativeMethodAccessorImpl.invoke                                        (NativeMethodAccessorImpl.java:62)         &#10;                                                                             sun.reflect.DelegatingMethodAccessorImpl.invoke                                        (DelegatingMethodAccessorImpl.java:43)     &#10;                                                                                             java.lang.reflect.Method.invoke                                        (Method.java:498)                          &#10;                                                                      org.gradle.internal.dispatch.ReflectionDispatch.dispatch                                      (ReflectionDispatch.java:35)               &#10;                                                                      org.gradle.internal.dispatch.ReflectionDispatch.dispatch                                      (ReflectionDispatch.java:24)               &#10;                             org.gradle.internal.remote.internal.hub.MessageHubBackedObjectConnection$DispatchWrapper.dispatch                                      (MessageHubBackedObjectConnection.java:155)&#10;                             org.gradle.internal.remote.internal.hub.MessageHubBackedObjectConnection$DispatchWrapper.dispatch                                      (MessageHubBackedObjectConnection.java:137)&#10;                                                           org.gradle.internal.remote.internal.hub.MessageHub$Handler.run                                           (MessageHub.java:404)                      &#10;                                                 org.gradle.internal.concurrent.ExecutorPolicy$CatchAndRecordFailures.onExecute                                     (ExecutorPolicy.java:63)                   &#10;                                                                 org.gradle.internal.concurrent.ManagedExecutorImpl$1.run                                           (ManagedExecutorImpl.java:46)              &#10;                                                                              java.util.concurrent.ThreadPoolExecutor.runWorker                                     (ThreadPoolExecutor.java:1142)             &#10;                                                                       java.util.concurrent.ThreadPoolExecutor$Worker.run                                           (ThreadPoolExecutor.java:617)              &#10;                                               org.gradle.internal.concurrent.ThreadFactoryImpl$ManagedThreadRunnable.run                                           (ThreadFactoryImpl.java:55)                &#10;                                                                                                     java.lang.Thread.run                                           (Thread.java:748)                          &#10;&#10;26)                                                                                    io.mockk.impl.InternalPlatform.captureStackTrace                             (InternalPlatform.kt:123)                  &#10;                                                                                         io.mockk.impl.stub.MockKStub.handleInvocation                              (MockKStub.kt:206)                         &#10;                                                       io.mockk.impl.instantiation.JvmMockFactoryHelper$mockHandler$1.invocation                                    (JvmMockFactoryHelper.kt:23)               &#10;                                                                                io.mockk.proxy.jvm.advice.Interceptor.call                                          (Interceptor.kt:20)                        &#10;                                                                                 io.mockk.proxy.jvm.advice.BaseAdvice.handle                                        (BaseAdvice.kt:42)                         &#10;                                                               io.mockk.proxy.jvm.advice.jvm.JvmMockKProxyInterceptor.interceptNoSuper                              (JvmMockKProxyInterceptor.java:45)         &#10;                                                                             com.jdroids.robotlib.command.Command(BB).periodic                                      (-:-1)                                     &#10;                                                                           com.jdroids.robotlib.command.SchedulerImpl.periodic                                      (SchedulerImpl.kt:46)                      &#10;                                                                           com.jdroids.robotlib.command.SchedulerTest.requires() interrupts commands when it should (SchedulerTest.kt:91)                      &#10;                                                                                 sun.reflect.NativeMethodAccessorImpl.invoke0                                       (NativeMethodAccessorImpl.java:-2)N        &#10;                                                                                 sun.reflect.NativeMethodAccessorImpl.invoke                                        (NativeMethodAccessorImpl.java:62)         &#10;                                                                             sun.reflect.DelegatingMethodAccessorImpl.invoke                                        (DelegatingMethodAccessorImpl.java:43)     &#10;                                                                                             java.lang.reflect.Method.invoke                                        (Method.java:498)                          &#10;                                                                      org.junit.platform.commons.util.ReflectionUtils.invokeMethod                                  (ReflectionUtils.java:389)                 &#10;                                                                 org.junit.jupiter.engine.execution.ExecutableInvoker.invoke                                        (ExecutableInvoker.java:115)               &#10;                                                         org.junit.jupiter.engine.descriptor.TestMethodTestDescriptor.lambda$invokeTestMethod$6                     (TestMethodTestDescriptor.java:167)        &#10;                                                                org.junit.jupiter.engine.execution.ThrowableCollector.execute                                       (ThrowableCollector.java:40)               &#10;                                                         org.junit.jupiter.engine.descriptor.TestMethodTestDescriptor.invokeTestMethod                              (TestMethodTestDescriptor.java:163)        &#10;                                                         org.junit.jupiter.engine.descriptor.TestMethodTestDescriptor.execute                                       (TestMethodTestDescriptor.java:110)        &#10;                                                         org.junit.jupiter.engine.descriptor.TestMethodTestDescriptor.execute                                       (TestMethodTestDescriptor.java:57)         &#10;                                              org.junit.platform.engine.support.hierarchical.HierarchicalTestExecutor.lambda$execute$3                              (HierarchicalTestExecutor.java:83)         &#10;                                                    org.junit.platform.engine.support.hierarchical.SingleTestExecutor.executeSafely                                 (SingleTestExecutor.java:66)               &#10;                                              org.junit.platform.engine.support.hierarchical.HierarchicalTestExecutor.execute                                       (HierarchicalTestExecutor.java:77)         &#10;                                              org.junit.platform.engine.support.hierarchical.HierarchicalTestExecutor.lambda$null$2                                 (HierarchicalTestExecutor.java:92)         &#10;                                                                          java.util.stream.ForEachOps$ForEachOp$OfRef.accept                                        (ForEachOps.java:184)                      &#10;                                                                               java.util.stream.ReferencePipeline$2$1.accept                                        (ReferencePipeline.java:175)               &#10;                                                                                                   java.util.Iterator.forEachRemaining                              (Iterator.java:116)                        &#10;                                                                           java.util.Spliterators$IteratorSpliterator.forEachRemaining                              (Spliterators.java:1801)                   &#10;                                                                                    java.util.stream.AbstractPipeline.copyInto                                      (AbstractPipeline.java:481)                &#10;                                                                                    java.util.stream.AbstractPipeline.wrapAndCopyInto                               (AbstractPipeline.java:471)                &#10;                                                                                java.util.stream.ForEachOps$ForEachOp.evaluateSequential                            (ForEachOps.java:151)                      &#10;                                                                          java.util.stream.ForEachOps$ForEachOp$OfRef.evaluateSequential                            (ForEachOps.java:174)                      &#10;                                                                                    java.util.stream.AbstractPipeline.evaluate                                      (AbstractPipeline.java:234)                &#10;                                                                                   java.util.stream.ReferencePipeline.forEach                                       (ReferencePipeline.java:418)               &#10;                                              org.junit.platform.engine.support.hierarchical.HierarchicalTestExecutor.lambda$execute$3                              (HierarchicalTestExecutor.java:92)         &#10;                                                    org.junit.platform.engine.support.hierarchical.SingleTestExecutor.executeSafely                                 (SingleTestExecutor.java:66)               &#10;                                              org.junit.platform.engine.support.hierarchical.HierarchicalTestExecutor.execute                                       (HierarchicalTestExecutor.java:77)         &#10;                                              org.junit.platform.engine.support.hierarchical.HierarchicalTestExecutor.lambda$null$2                                 (HierarchicalTestExecutor.java:92)         &#10;                                                                          java.util.stream.ForEachOps$ForEachOp$OfRef.accept                                        (ForEachOps.java:184)                      &#10;                                                                               java.util.stream.ReferencePipeline$2$1.accept                                        (ReferencePipeline.java:175)               &#10;                                                                                                   java.util.Iterator.forEachRemaining                              (Iterator.java:116)                        &#10;                                                                           java.util.Spliterators$IteratorSpliterator.forEachRemaining                              (Spliterators.java:1801)                   &#10;                                                                                    java.util.stream.AbstractPipeline.copyInto                                      (AbstractPipeline.java:481)                &#10;                                                                                    java.util.stream.AbstractPipeline.wrapAndCopyInto                               (AbstractPipeline.java:471)                &#10;                                                                                java.util.stream.ForEachOps$ForEachOp.evaluateSequential                            (ForEachOps.java:151)                      &#10;                                                                          java.util.stream.ForEachOps$ForEachOp$OfRef.evaluateSequential                            (ForEachOps.java:174)                      &#10;                                                                                    java.util.stream.AbstractPipeline.evaluate                                      (AbstractPipeline.java:234)                &#10;                                                                                   java.util.stream.ReferencePipeline.forEach                                       (ReferencePipeline.java:418)               &#10;                                              org.junit.platform.engine.support.hierarchical.HierarchicalTestExecutor.lambda$execute$3                              (HierarchicalTestExecutor.java:92)         &#10;                                                    org.junit.platform.engine.support.hierarchical.SingleTestExecutor.executeSafely                                 (SingleTestExecutor.java:66)               &#10;                                              org.junit.platform.engine.support.hierarchical.HierarchicalTestExecutor.execute                                       (HierarchicalTestExecutor.java:77)         &#10;                                              org.junit.platform.engine.support.hierarchical.HierarchicalTestExecutor.execute                                       (HierarchicalTestExecutor.java:51)         &#10;                                                org.junit.platform.engine.support.hierarchical.HierarchicalTestEngine.execute                                       (HierarchicalTestEngine.java:43)           &#10;                                                                     org.junit.platform.launcher.core.DefaultLauncher.execute                                       (DefaultLauncher.java:170)                 &#10;                                                                     org.junit.platform.launcher.core.DefaultLauncher.execute                                       (DefaultLauncher.java:154)                 &#10;                                                                     org.junit.platform.launcher.core.DefaultLauncher.execute                                       (DefaultLauncher.java:90)                  &#10;    org.gradle.api.internal.tasks.testing.junitplatform.JUnitPlatformTestClassProcessor$CollectAllTestClassesExecutor.processAllTestClasses                         (JUnitPlatformTestClassProcessor.java:92)  &#10;    org.gradle.api.internal.tasks.testing.junitplatform.JUnitPlatformTestClassProcessor$CollectAllTestClassesExecutor.access$100                                    (JUnitPlatformTestClassProcessor.java:77)  &#10;                                  org.gradle.api.internal.tasks.testing.junitplatform.JUnitPlatformTestClassProcessor.stop                                          (JUnitPlatformTestClassProcessor.java:73)  &#10;                                                        org.gradle.api.internal.tasks.testing.SuiteTestClassProcessor.stop                                          (SuiteTestClassProcessor.java:61)          &#10;                                                                                 sun.reflect.NativeMethodAccessorImpl.invoke0                                       (NativeMethodAccessorImpl.java:-2)N        &#10;                                                                                 sun.reflect.NativeMethodAccessorImpl.invoke                                        (NativeMethodAccessorImpl.java:62)         &#10;                                                                             sun.reflect.DelegatingMethodAccessorImpl.invoke                                        (DelegatingMethodAccessorImpl.java:43)     &#10;                                                                                             java.lang.reflect.Method.invoke                                        (Method.java:498)                          &#10;                                                                      org.gradle.internal.dispatch.ReflectionDispatch.dispatch                                      (ReflectionDispatch.java:35)               &#10;                                                                      org.gradle.internal.dispatch.ReflectionDispatch.dispatch                                      (ReflectionDispatch.java:24)               &#10;                                                              org.gradle.internal.dispatch.ContextClassLoaderDispatch.dispatch                                      (ContextClassLoaderDispatch.java:32)       &#10;                                       org.gradle.internal.dispatch.ProxyDispatchAdapter$DispatchingInvocationHandler.invoke                                        (ProxyDispatchAdapter.java:93)             &#10;                                                                                                com.sun.proxy.$Proxy1.stop                                          (-:-1)                                     &#10;                                                              org.gradle.api.internal.tasks.testing.worker.TestWorker.stop                                          (TestWorker.java:123)                      &#10;                                                                                 sun.reflect.NativeMethodAccessorImpl.invoke0                                       (NativeMethodAccessorImpl.java:-2)N        &#10;                                                                                 sun.reflect.NativeMethodAccessorImpl.invoke                                        (NativeMethodAccessorImpl.java:62)         &#10;                                                                             sun.reflect.DelegatingMethodAccessorImpl.invoke                                        (DelegatingMethodAccessorImpl.java:43)     &#10;                                                                                             java.lang.reflect.Method.invoke                                        (Method.java:498)                          &#10;                                                                      org.gradle.internal.dispatch.ReflectionDispatch.dispatch                                      (ReflectionDispatch.java:35)               &#10;                                                                      org.gradle.internal.dispatch.ReflectionDispatch.dispatch                                      (ReflectionDispatch.java:24)               &#10;                             org.gradle.internal.remote.internal.hub.MessageHubBackedObjectConnection$DispatchWrapper.dispatch                                      (MessageHubBackedObjectConnection.java:155)&#10;                             org.gradle.internal.remote.internal.hub.MessageHubBackedObjectConnection$DispatchWrapper.dispatch                                      (MessageHubBackedObjectConnection.java:137)&#10;                                                           org.gradle.internal.remote.internal.hub.MessageHub$Handler.run                                           (MessageHub.java:404)                      &#10;                                                 org.gradle.internal.concurrent.ExecutorPolicy$CatchAndRecordFailures.onExecute                                     (ExecutorPolicy.java:63)                   &#10;                                                                 org.gradle.internal.concurrent.ManagedExecutorImpl$1.run                                           (ManagedExecutorImpl.java:46)              &#10;                                                                              java.util.concurrent.ThreadPoolExecutor.runWorker                                     (ThreadPoolExecutor.java:1142)             &#10;                                                                       java.util.concurrent.ThreadPoolExecutor$Worker.run                                           (ThreadPoolExecutor.java:617)              &#10;                                               org.gradle.internal.concurrent.ThreadFactoryImpl$ManagedThreadRunnable.run                                           (ThreadFactoryImpl.java:55)                &#10;                                                                                                     java.lang.Thread.run                                           (Thread.java:748)                          &#10;&#10;27)                                                                                    io.mockk.impl.InternalPlatform.captureStackTrace                                 (InternalPlatform.kt:123)                  &#10;                                                                                         io.mockk.impl.stub.MockKStub.handleInvocation                                  (MockKStub.kt:206)                         &#10;                                                       io.mockk.impl.instantiation.JvmMockFactoryHelper$mockHandler$1.invocation                                        (JvmMockFactoryHelper.kt:23)               &#10;                                                                                io.mockk.proxy.jvm.advice.Interceptor.call                                              (Interceptor.kt:20)                        &#10;                                                                                 io.mockk.proxy.jvm.advice.BaseAdvice.handle                                            (BaseAdvice.kt:42)                         &#10;                                                               io.mockk.proxy.jvm.advice.jvm.JvmMockKProxyInterceptor.interceptNoSuper                                  (JvmMockKProxyInterceptor.java:45)         &#10;                                                                             com.jdroids.robotlib.command.Command(BB).isCompleted                                       (-:-1)                                     &#10;                                                                com.jdroids.robotlib.command.SchedulerImpl$periodic$2.invoke                                            (SchedulerImpl.kt:50)                      &#10;                                                                com.jdroids.robotlib.command.SchedulerImpl$periodic$2.invoke                                            (SchedulerImpl.kt:8)                       &#10;                                                               kotlin.collections.CollectionsKt__MutableCollectionsKt.filterInPlace$CollectionsKt__MutableCollectionsKt (MutableCollections.kt:164)                &#10;                                                               kotlin.collections.CollectionsKt__MutableCollectionsKt.removeAll                                         (MutableCollections.kt:153)                &#10;                                                                           com.jdroids.robotlib.command.SchedulerImpl.periodic                                          (SchedulerImpl.kt:50)                      &#10;                                                                           com.jdroids.robotlib.command.SchedulerTest.requires() interrupts commands when it should     (SchedulerTest.kt:91)                      &#10;                                                                                 sun.reflect.NativeMethodAccessorImpl.invoke0                                           (NativeMethodAccessorImpl.java:-2)N        &#10;                                                                                 sun.reflect.NativeMethodAccessorImpl.invoke                                            (NativeMethodAccessorImpl.java:62)         &#10;                                                                             sun.reflect.DelegatingMethodAccessorImpl.invoke                                            (DelegatingMethodAccessorImpl.java:43)     &#10;                                                                                             java.lang.reflect.Method.invoke                                            (Method.java:498)                          &#10;                                                                      org.junit.platform.commons.util.ReflectionUtils.invokeMethod                                      (ReflectionUtils.java:389)                 &#10;                                                                 org.junit.jupiter.engine.execution.ExecutableInvoker.invoke                                            (ExecutableInvoker.java:115)               &#10;                                                         org.junit.jupiter.engine.descriptor.TestMethodTestDescriptor.lambda$invokeTestMethod$6                         (TestMethodTestDescriptor.java:167)        &#10;                                                                org.junit.jupiter.engine.execution.ThrowableCollector.execute                                           (ThrowableCollector.java:40)               &#10;                                                         org.junit.jupiter.engine.descriptor.TestMethodTestDescriptor.invokeTestMethod                                  (TestMethodTestDescriptor.java:163)        &#10;                                                         org.junit.jupiter.engine.descriptor.TestMethodTestDescriptor.execute                                           (TestMethodTestDescriptor.java:110)        &#10;                                                         org.junit.jupiter.engine.descriptor.TestMethodTestDescriptor.execute                                           (TestMethodTestDescriptor.java:57)         &#10;                                              org.junit.platform.engine.support.hierarchical.HierarchicalTestExecutor.lambda$execute$3                                  (HierarchicalTestExecutor.java:83)         &#10;                                                    org.junit.platform.engine.support.hierarchical.SingleTestExecutor.executeSafely                                     (SingleTestExecutor.java:66)               &#10;                                              org.junit.platform.engine.support.hierarchical.HierarchicalTestExecutor.execute                                           (HierarchicalTestExecutor.java:77)         &#10;                                              org.junit.platform.engine.support.hierarchical.HierarchicalTestExecutor.lambda$null$2                                     (HierarchicalTestExecutor.java:92)         &#10;                                                                          java.util.stream.ForEachOps$ForEachOp$OfRef.accept                                            (ForEachOps.java:184)                      &#10;                                                                               java.util.stream.ReferencePipeline$2$1.accept                                            (ReferencePipeline.java:175)               &#10;                                                                                                   java.util.Iterator.forEachRemaining                                  (Iterator.java:116)                        &#10;                                                                           java.util.Spliterators$IteratorSpliterator.forEachRemaining                                  (Spliterators.java:1801)                   &#10;                                                                                    java.util.stream.AbstractPipeline.copyInto                                          (AbstractPipeline.java:481)                &#10;                                                                                    java.util.stream.AbstractPipeline.wrapAndCopyInto                                   (AbstractPipeline.java:471)                &#10;                                                                                java.util.stream.ForEachOps$ForEachOp.evaluateSequential                                (ForEachOps.java:151)                      &#10;                                                                          java.util.stream.ForEachOps$ForEachOp$OfRef.evaluateSequential                                (ForEachOps.java:174)                      &#10;                                                                                    java.util.stream.AbstractPipeline.evaluate                                          (AbstractPipeline.java:234)                &#10;                                                                                   java.util.stream.ReferencePipeline.forEach                                           (ReferencePipeline.java:418)               &#10;                                              org.junit.platform.engine.support.hierarchical.HierarchicalTestExecutor.lambda$execute$3                                  (HierarchicalTestExecutor.java:92)         &#10;                                                    org.junit.platform.engine.support.hierarchical.SingleTestExecutor.executeSafely                                     (SingleTestExecutor.java:66)               &#10;                                              org.junit.platform.engine.support.hierarchical.HierarchicalTestExecutor.execute                                           (HierarchicalTestExecutor.java:77)         &#10;                                              org.junit.platform.engine.support.hierarchical.HierarchicalTestExecutor.lambda$null$2                                     (HierarchicalTestExecutor.java:92)         &#10;                                                                          java.util.stream.ForEachOps$ForEachOp$OfRef.accept                                            (ForEachOps.java:184)                      &#10;                                                                               java.util.stream.ReferencePipeline$2$1.accept                                            (ReferencePipeline.java:175)               &#10;                                                                                                   java.util.Iterator.forEachRemaining                                  (Iterator.java:116)                        &#10;                                                                           java.util.Spliterators$IteratorSpliterator.forEachRemaining                                  (Spliterators.java:1801)                   &#10;                                                                                    java.util.stream.AbstractPipeline.copyInto                                          (AbstractPipeline.java:481)                &#10;                                                                                    java.util.stream.AbstractPipeline.wrapAndCopyInto                                   (AbstractPipeline.java:471)                &#10;                                                                                java.util.stream.ForEachOps$ForEachOp.evaluateSequential                                (ForEachOps.java:151)                      &#10;                                                                          java.util.stream.ForEachOps$ForEachOp$OfRef.evaluateSequential                                (ForEachOps.java:174)                      &#10;                                                                                    java.util.stream.AbstractPipeline.evaluate                                          (AbstractPipeline.java:234)                &#10;                                                                                   java.util.stream.ReferencePipeline.forEach                                           (ReferencePipeline.java:418)               &#10;                                              org.junit.platform.engine.support.hierarchical.HierarchicalTestExecutor.lambda$execute$3                                  (HierarchicalTestExecutor.java:92)         &#10;                                                    org.junit.platform.engine.support.hierarchical.SingleTestExecutor.executeSafely                                     (SingleTestExecutor.java:66)               &#10;                                              org.junit.platform.engine.support.hierarchical.HierarchicalTestExecutor.execute                                           (HierarchicalTestExecutor.java:77)         &#10;                                              org.junit.platform.engine.support.hierarchical.HierarchicalTestExecutor.execute                                           (HierarchicalTestExecutor.java:51)         &#10;                                                org.junit.platform.engine.support.hierarchical.HierarchicalTestEngine.execute                                           (HierarchicalTestEngine.java:43)           &#10;                                                                     org.junit.platform.launcher.core.DefaultLauncher.execute                                           (DefaultLauncher.java:170)                 &#10;                                                                     org.junit.platform.launcher.core.DefaultLauncher.execute                                           (DefaultLauncher.java:154)                 &#10;                                                                     org.junit.platform.launcher.core.DefaultLauncher.execute                                           (DefaultLauncher.java:90)                  &#10;    org.gradle.api.internal.tasks.testing.junitplatform.JUnitPlatformTestClassProcessor$CollectAllTestClassesExecutor.processAllTestClasses                             (JUnitPlatformTestClassProcessor.java:92)  &#10;    org.gradle.api.internal.tasks.testing.junitplatform.JUnitPlatformTestClassProcessor$CollectAllTestClassesExecutor.access$100                                        (JUnitPlatformTestClassProcessor.java:77)  &#10;                                  org.gradle.api.internal.tasks.testing.junitplatform.JUnitPlatformTestClassProcessor.stop                                              (JUnitPlatformTestClassProcessor.java:73)  &#10;                                                        org.gradle.api.internal.tasks.testing.SuiteTestClassProcessor.stop                                              (SuiteTestClassProcessor.java:61)          &#10;                                                                                 sun.reflect.NativeMethodAccessorImpl.invoke0                                           (NativeMethodAccessorImpl.java:-2)N        &#10;                                                                                 sun.reflect.NativeMethodAccessorImpl.invoke                                            (NativeMethodAccessorImpl.java:62)         &#10;                                                                             sun.reflect.DelegatingMethodAccessorImpl.invoke                                            (DelegatingMethodAccessorImpl.java:43)     &#10;                                                                                             java.lang.reflect.Method.invoke                                            (Method.java:498)                          &#10;                                                                      org.gradle.internal.dispatch.ReflectionDispatch.dispatch                                          (ReflectionDispatch.java:35)               &#10;                                                                      org.gradle.internal.dispatch.ReflectionDispatch.dispatch                                          (ReflectionDispatch.java:24)               &#10;                                                              org.gradle.internal.dispatch.ContextClassLoaderDispatch.dispatch                                          (ContextClassLoaderDispatch.java:32)       &#10;                                       org.gradle.internal.dispatch.ProxyDispatchAdapter$DispatchingInvocationHandler.invoke                                            (ProxyDispatchAdapter.java:93)             &#10;                                                                                                com.sun.proxy.$Proxy1.stop                                              (-:-1)                                     &#10;                                                              org.gradle.api.internal.tasks.testing.worker.TestWorker.stop                                              (TestWorker.java:123)                      &#10;                                                                                 sun.reflect.NativeMethodAccessorImpl.invoke0                                           (NativeMethodAccessorImpl.java:-2)N        &#10;                                                                                 sun.reflect.NativeMethodAccessorImpl.invoke                                            (NativeMethodAccessorImpl.java:62)         &#10;                                                                             sun.reflect.DelegatingMethodAccessorImpl.invoke                                            (DelegatingMethodAccessorImpl.java:43)     &#10;                                                                                             java.lang.reflect.Method.invoke                                            (Method.java:498)                          &#10;                                                                      org.gradle.internal.dispatch.ReflectionDispatch.dispatch                                          (ReflectionDispatch.java:35)               &#10;                                                                      org.gradle.internal.dispatch.ReflectionDispatch.dispatch                                          (ReflectionDispatch.java:24)               &#10;                             org.gradle.internal.remote.internal.hub.MessageHubBackedObjectConnection$DispatchWrapper.dispatch                                          (MessageHubBackedObjectConnection.java:155)&#10;                             org.gradle.internal.remote.internal.hub.MessageHubBackedObjectConnection$DispatchWrapper.dispatch                                          (MessageHubBackedObjectConnection.java:137)&#10;                                                           org.gradle.internal.remote.internal.hub.MessageHub$Handler.run                                               (MessageHub.java:404)                      &#10;                                                 org.gradle.internal.concurrent.ExecutorPolicy$CatchAndRecordFailures.onExecute                                         (ExecutorPolicy.java:63)                   &#10;                                                                 org.gradle.internal.concurrent.ManagedExecutorImpl$1.run                                               (ManagedExecutorImpl.java:46)              &#10;                                                                              java.util.concurrent.ThreadPoolExecutor.runWorker                                         (ThreadPoolExecutor.java:1142)             &#10;                                                                       java.util.concurrent.ThreadPoolExecutor$Worker.run                                               (ThreadPoolExecutor.java:617)              &#10;                                               org.gradle.internal.concurrent.ThreadFactoryImpl$ManagedThreadRunnable.run                                               (ThreadFactoryImpl.java:55)                &#10;                                                                                                     java.lang.Thread.run                                               (Thread.java:748)                          &#10;&#10;28)                                                                                    io.mockk.impl.InternalPlatform.captureStackTrace                             (InternalPlatform.kt:123)                  &#10;                                                                                         io.mockk.impl.stub.MockKStub.handleInvocation                              (MockKStub.kt:206)                         &#10;                                                       io.mockk.impl.instantiation.JvmMockFactoryHelper$mockHandler$1.invocation                                    (JvmMockFactoryHelper.kt:23)               &#10;                                                                                io.mockk.proxy.jvm.advice.Interceptor.call                                          (Interceptor.kt:20)                        &#10;                                                                                 io.mockk.proxy.jvm.advice.BaseAdvice.handle                                        (BaseAdvice.kt:42)                         &#10;                                                               io.mockk.proxy.jvm.advice.jvm.JvmMockKProxyInterceptor.interceptNoSuper                              (JvmMockKProxyInterceptor.java:45)         &#10;                                                                             com.jdroids.robotlib.command.Command(BB).isCompleted                                   (-:-1)                                     &#10;                                                                           com.jdroids.robotlib.command.SchedulerImpl.periodic                                      (SchedulerImpl.kt:41)                      &#10;                                                                           com.jdroids.robotlib.command.SchedulerTest.requires() interrupts commands when it should (SchedulerTest.kt:92)                      &#10;                                                                                 sun.reflect.NativeMethodAccessorImpl.invoke0                                       (NativeMethodAccessorImpl.java:-2)N        &#10;                                                                                 sun.reflect.NativeMethodAccessorImpl.invoke                                        (NativeMethodAccessorImpl.java:62)         &#10;                                                                             sun.reflect.DelegatingMethodAccessorImpl.invoke                                        (DelegatingMethodAccessorImpl.java:43)     &#10;                                                                                             java.lang.reflect.Method.invoke                                        (Method.java:498)                          &#10;                                                                      org.junit.platform.commons.util.ReflectionUtils.invokeMethod                                  (ReflectionUtils.java:389)                 &#10;                                                                 org.junit.jupiter.engine.execution.ExecutableInvoker.invoke                                        (ExecutableInvoker.java:115)               &#10;                                                         org.junit.jupiter.engine.descriptor.TestMethodTestDescriptor.lambda$invokeTestMethod$6                     (TestMethodTestDescriptor.java:167)        &#10;                                                                org.junit.jupiter.engine.execution.ThrowableCollector.execute                                       (ThrowableCollector.java:40)               &#10;                                                         org.junit.jupiter.engine.descriptor.TestMethodTestDescriptor.invokeTestMethod                              (TestMethodTestDescriptor.java:163)        &#10;                                                         org.junit.jupiter.engine.descriptor.TestMethodTestDescriptor.execute                                       (TestMethodTestDescriptor.java:110)        &#10;                                                         org.junit.jupiter.engine.descriptor.TestMethodTestDescriptor.execute                                       (TestMethodTestDescriptor.java:57)         &#10;                                              org.junit.platform.engine.support.hierarchical.HierarchicalTestExecutor.lambda$execute$3                              (HierarchicalTestExecutor.java:83)         &#10;                                                    org.junit.platform.engine.support.hierarchical.SingleTestExecutor.executeSafely                                 (SingleTestExecutor.java:66)               &#10;                                              org.junit.platform.engine.support.hierarchical.HierarchicalTestExecutor.execute                                       (HierarchicalTestExecutor.java:77)         &#10;                                              org.junit.platform.engine.support.hierarchical.HierarchicalTestExecutor.lambda$null$2                                 (HierarchicalTestExecutor.java:92)         &#10;                                                                          java.util.stream.ForEachOps$ForEachOp$OfRef.accept                                        (ForEachOps.java:184)                      &#10;                                                                               java.util.stream.ReferencePipeline$2$1.accept                                        (ReferencePipeline.java:175)               &#10;                                                                                                   java.util.Iterator.forEachRemaining                              (Iterator.java:116)                        &#10;                                                                           java.util.Spliterators$IteratorSpliterator.forEachRemaining                              (Spliterators.java:1801)                   &#10;                                                                                    java.util.stream.AbstractPipeline.copyInto                                      (AbstractPipeline.java:481)                &#10;                                                                                    java.util.stream.AbstractPipeline.wrapAndCopyInto                               (AbstractPipeline.java:471)                &#10;                                                                                java.util.stream.ForEachOps$ForEachOp.evaluateSequential                            (ForEachOps.java:151)                      &#10;                                                                          java.util.stream.ForEachOps$ForEachOp$OfRef.evaluateSequential                            (ForEachOps.java:174)                      &#10;                                                                                    java.util.stream.AbstractPipeline.evaluate                                      (AbstractPipeline.java:234)                &#10;                                                                                   java.util.stream.ReferencePipeline.forEach                                       (ReferencePipeline.java:418)               &#10;                                              org.junit.platform.engine.support.hierarchical.HierarchicalTestExecutor.lambda$execute$3                              (HierarchicalTestExecutor.java:92)         &#10;                                                    org.junit.platform.engine.support.hierarchical.SingleTestExecutor.executeSafely                                 (SingleTestExecutor.java:66)               &#10;                                              org.junit.platform.engine.support.hierarchical.HierarchicalTestExecutor.execute                                       (HierarchicalTestExecutor.java:77)         &#10;                                              org.junit.platform.engine.support.hierarchical.HierarchicalTestExecutor.lambda$null$2                                 (HierarchicalTestExecutor.java:92)         &#10;                                                                          java.util.stream.ForEachOps$ForEachOp$OfRef.accept                                        (ForEachOps.java:184)                      &#10;                                                                               java.util.stream.ReferencePipeline$2$1.accept                                        (ReferencePipeline.java:175)               &#10;                                                                                                   java.util.Iterator.forEachRemaining                              (Iterator.java:116)                        &#10;                                                                           java.util.Spliterators$IteratorSpliterator.forEachRemaining                              (Spliterators.java:1801)                   &#10;                                                                                    java.util.stream.AbstractPipeline.copyInto                                      (AbstractPipeline.java:481)                &#10;                                                                                    java.util.stream.AbstractPipeline.wrapAndCopyInto                               (AbstractPipeline.java:471)                &#10;                                                                                java.util.stream.ForEachOps$ForEachOp.evaluateSequential                            (ForEachOps.java:151)                      &#10;                                                                          java.util.stream.ForEachOps$ForEachOp$OfRef.evaluateSequential                            (ForEachOps.java:174)                      &#10;                                                                                    java.util.stream.AbstractPipeline.evaluate                                      (AbstractPipeline.java:234)                &#10;                                                                                   java.util.stream.ReferencePipeline.forEach                                       (ReferencePipeline.java:418)               &#10;                                              org.junit.platform.engine.support.hierarchical.HierarchicalTestExecutor.lambda$execute$3                              (HierarchicalTestExecutor.java:92)         &#10;                                                    org.junit.platform.engine.support.hierarchical.SingleTestExecutor.executeSafely                                 (SingleTestExecutor.java:66)               &#10;                                              org.junit.platform.engine.support.hierarchical.HierarchicalTestExecutor.execute                                       (HierarchicalTestExecutor.java:77)         &#10;                                              org.junit.platform.engine.support.hierarchical.HierarchicalTestExecutor.execute                                       (HierarchicalTestExecutor.java:51)         &#10;                                                org.junit.platform.engine.support.hierarchical.HierarchicalTestEngine.execute                                       (HierarchicalTestEngine.java:43)           &#10;                                                                     org.junit.platform.launcher.core.DefaultLauncher.execute                                       (DefaultLauncher.java:170)                 &#10;                                                                     org.junit.platform.launcher.core.DefaultLauncher.execute                                       (DefaultLauncher.java:154)                 &#10;                                                                     org.junit.platform.launcher.core.DefaultLauncher.execute                                       (DefaultLauncher.java:90)                  &#10;    org.gradle.api.internal.tasks.testing.junitplatform.JUnitPlatformTestClassProcessor$CollectAllTestClassesExecutor.processAllTestClasses                         (JUnitPlatformTestClassProcessor.java:92)  &#10;    org.gradle.api.internal.tasks.testing.junitplatform.JUnitPlatformTestClassProcessor$CollectAllTestClassesExecutor.access$100                                    (JUnitPlatformTestClassProcessor.java:77)  &#10;                                  org.gradle.api.internal.tasks.testing.junitplatform.JUnitPlatformTestClassProcessor.stop                                          (JUnitPlatformTestClassProcessor.java:73)  &#10;                                                        org.gradle.api.internal.tasks.testing.SuiteTestClassProcessor.stop                                          (SuiteTestClassProcessor.java:61)          &#10;                                                                                 sun.reflect.NativeMethodAccessorImpl.invoke0                                       (NativeMethodAccessorImpl.java:-2)N        &#10;                                                                                 sun.reflect.NativeMethodAccessorImpl.invoke                                        (NativeMethodAccessorImpl.java:62)         &#10;                                                                             sun.reflect.DelegatingMethodAccessorImpl.invoke                                        (DelegatingMethodAccessorImpl.java:43)     &#10;                                                                                             java.lang.reflect.Method.invoke                                        (Method.java:498)                          &#10;                                                                      org.gradle.internal.dispatch.ReflectionDispatch.dispatch                                      (ReflectionDispatch.java:35)               &#10;                                                                      org.gradle.internal.dispatch.ReflectionDispatch.dispatch                                      (ReflectionDispatch.java:24)               &#10;                                                              org.gradle.internal.dispatch.ContextClassLoaderDispatch.dispatch                                      (ContextClassLoaderDispatch.java:32)       &#10;                                       org.gradle.internal.dispatch.ProxyDispatchAdapter$DispatchingInvocationHandler.invoke                                        (ProxyDispatchAdapter.java:93)             &#10;                                                                                                com.sun.proxy.$Proxy1.stop                                          (-:-1)                                     &#10;                                                              org.gradle.api.internal.tasks.testing.worker.TestWorker.stop                                          (TestWorker.java:123)                      &#10;                                                                                 sun.reflect.NativeMethodAccessorImpl.invoke0                                       (NativeMethodAccessorImpl.java:-2)N        &#10;                                                                                 sun.reflect.NativeMethodAccessorImpl.invoke                                        (NativeMethodAccessorImpl.java:62)         &#10;                                                                             sun.reflect.DelegatingMethodAccessorImpl.invoke                                        (DelegatingMethodAccessorImpl.java:43)     &#10;                                                                                             java.lang.reflect.Method.invoke                                        (Method.java:498)                          &#10;                                                                      org.gradle.internal.dispatch.ReflectionDispatch.dispatch                                      (ReflectionDispatch.java:35)               &#10;                                                                      org.gradle.internal.dispatch.ReflectionDispatch.dispatch                                      (ReflectionDispatch.java:24)               &#10;                             org.gradle.internal.remote.internal.hub.MessageHubBackedObjectConnection$DispatchWrapper.dispatch                                      (MessageHubBackedObjectConnection.java:155)&#10;                             org.gradle.internal.remote.internal.hub.MessageHubBackedObjectConnection$DispatchWrapper.dispatch                                      (MessageHubBackedObjectConnection.java:137)&#10;                                                           org.gradle.internal.remote.internal.hub.MessageHub$Handler.run                                           (MessageHub.java:404)                      &#10;                                                 org.gradle.internal.concurrent.ExecutorPolicy$CatchAndRecordFailures.onExecute                                     (ExecutorPolicy.java:63)                   &#10;                                                                 org.gradle.internal.concurrent.ManagedExecutorImpl$1.run                                           (ManagedExecutorImpl.java:46)              &#10;                                                                              java.util.concurrent.ThreadPoolExecutor.runWorker                                     (ThreadPoolExecutor.java:1142)             &#10;                                                                       java.util.concurrent.ThreadPoolExecutor$Worker.run                                           (ThreadPoolExecutor.java:617)              &#10;                                               org.gradle.internal.concurrent.ThreadFactoryImpl$ManagedThreadRunnable.run                                           (ThreadFactoryImpl.java:55)                &#10;                                                                                                     java.lang.Thread.run                                           (Thread.java:748)                          &#10;&#10;29)                                                                                    io.mockk.impl.InternalPlatform.captureStackTrace                             (InternalPlatform.kt:123)                  &#10;                                                                                         io.mockk.impl.stub.MockKStub.handleInvocation                              (MockKStub.kt:206)                         &#10;                                                       io.mockk.impl.instantiation.JvmMockFactoryHelper$mockHandler$1.invocation                                    (JvmMockFactoryHelper.kt:23)               &#10;                                                                                io.mockk.proxy.jvm.advice.Interceptor.call                                          (Interceptor.kt:20)                        &#10;                                                                                 io.mockk.proxy.jvm.advice.BaseAdvice.handle                                        (BaseAdvice.kt:42)                         &#10;                                                               io.mockk.proxy.jvm.advice.jvm.JvmMockKProxyInterceptor.interceptNoSuper                              (JvmMockKProxyInterceptor.java:45)         &#10;                                                                             com.jdroids.robotlib.command.Command(BB).periodic                                      (-:-1)                                     &#10;                                                                           com.jdroids.robotlib.command.SchedulerImpl.periodic                                      (SchedulerImpl.kt:46)                      &#10;                                                                           com.jdroids.robotlib.command.SchedulerTest.requires() interrupts commands when it should (SchedulerTest.kt:92)                      &#10;                                                                                 sun.reflect.NativeMethodAccessorImpl.invoke0                                       (NativeMethodAccessorImpl.java:-2)N        &#10;                                                                                 sun.reflect.NativeMethodAccessorImpl.invoke                                        (NativeMethodAccessorImpl.java:62)         &#10;                                                                             sun.reflect.DelegatingMethodAccessorImpl.invoke                                        (DelegatingMethodAccessorImpl.java:43)     &#10;                                                                                             java.lang.reflect.Method.invoke                                        (Method.java:498)                          &#10;                                                                      org.junit.platform.commons.util.ReflectionUtils.invokeMethod                                  (ReflectionUtils.java:389)                 &#10;                                                                 org.junit.jupiter.engine.execution.ExecutableInvoker.invoke                                        (ExecutableInvoker.java:115)               &#10;                                                         org.junit.jupiter.engine.descriptor.TestMethodTestDescriptor.lambda$invokeTestMethod$6                     (TestMethodTestDescriptor.java:167)        &#10;                                                                org.junit.jupiter.engine.execution.ThrowableCollector.execute                                       (ThrowableCollector.java:40)               &#10;                                                         org.junit.jupiter.engine.descriptor.TestMethodTestDescriptor.invokeTestMethod                              (TestMethodTestDescriptor.java:163)        &#10;                                                         org.junit.jupiter.engine.descriptor.TestMethodTestDescriptor.execute                                       (TestMethodTestDescriptor.java:110)        &#10;                                                         org.junit.jupiter.engine.descriptor.TestMethodTestDescriptor.execute                                       (TestMethodTestDescriptor.java:57)         &#10;                                              org.junit.platform.engine.support.hierarchical.HierarchicalTestExecutor.lambda$execute$3                              (HierarchicalTestExecutor.java:83)         &#10;                                                    org.junit.platform.engine.support.hierarchical.SingleTestExecutor.executeSafely                                 (SingleTestExecutor.java:66)               &#10;                                              org.junit.platform.engine.support.hierarchical.HierarchicalTestExecutor.execute                                       (HierarchicalTestExecutor.java:77)         &#10;                                              org.junit.platform.engine.support.hierarchical.HierarchicalTestExecutor.lambda$null$2                                 (HierarchicalTestExecutor.java:92)         &#10;                                                                          java.util.stream.ForEachOps$ForEachOp$OfRef.accept                                        (ForEachOps.java:184)                      &#10;                                                                               java.util.stream.ReferencePipeline$2$1.accept                                        (ReferencePipeline.java:175)               &#10;                                                                                                   java.util.Iterator.forEachRemaining                              (Iterator.java:116)                        &#10;                                                                           java.util.Spliterators$IteratorSpliterator.forEachRemaining                              (Spliterators.java:1801)                   &#10;                                                                                    java.util.stream.AbstractPipeline.copyInto                                      (AbstractPipeline.java:481)                &#10;                                                                                    java.util.stream.AbstractPipeline.wrapAndCopyInto                               (AbstractPipeline.java:471)                &#10;                                                                                java.util.stream.ForEachOps$ForEachOp.evaluateSequential                            (ForEachOps.java:151)                      &#10;                                                                          java.util.stream.ForEachOps$ForEachOp$OfRef.evaluateSequential                            (ForEachOps.java:174)                      &#10;                                                                                    java.util.stream.AbstractPipeline.evaluate                                      (AbstractPipeline.java:234)                &#10;                                                                                   java.util.stream.ReferencePipeline.forEach                                       (ReferencePipeline.java:418)               &#10;                                              org.junit.platform.engine.support.hierarchical.HierarchicalTestExecutor.lambda$execute$3                              (HierarchicalTestExecutor.java:92)         &#10;                                                    org.junit.platform.engine.support.hierarchical.SingleTestExecutor.executeSafely                                 (SingleTestExecutor.java:66)               &#10;                                              org.junit.platform.engine.support.hierarchical.HierarchicalTestExecutor.execute                                       (HierarchicalTestExecutor.java:77)         &#10;                                              org.junit.platform.engine.support.hierarchical.HierarchicalTestExecutor.lambda$null$2                                 (HierarchicalTestExecutor.java:92)         &#10;                                                                          java.util.stream.ForEachOps$ForEachOp$OfRef.accept                                        (ForEachOps.java:184)                      &#10;                                                                               java.util.stream.ReferencePipeline$2$1.accept                                        (ReferencePipeline.java:175)               &#10;                                                                                                   java.util.Iterator.forEachRemaining                              (Iterator.java:116)                        &#10;                                                                           java.util.Spliterators$IteratorSpliterator.forEachRemaining                              (Spliterators.java:1801)                   &#10;                                                                                    java.util.stream.AbstractPipeline.copyInto                                      (AbstractPipeline.java:481)                &#10;                                                                                    java.util.stream.AbstractPipeline.wrapAndCopyInto                               (AbstractPipeline.java:471)                &#10;                                                                                java.util.stream.ForEachOps$ForEachOp.evaluateSequential                            (ForEachOps.java:151)                      &#10;                                                                          java.util.stream.ForEachOps$ForEachOp$OfRef.evaluateSequential                            (ForEachOps.java:174)                      &#10;                                                                                    java.util.stream.AbstractPipeline.evaluate                                      (AbstractPipeline.java:234)                &#10;                                                                                   java.util.stream.ReferencePipeline.forEach                                       (ReferencePipeline.java:418)               &#10;                                              org.junit.platform.engine.support.hierarchical.HierarchicalTestExecutor.lambda$execute$3                              (HierarchicalTestExecutor.java:92)         &#10;                                                    org.junit.platform.engine.support.hierarchical.SingleTestExecutor.executeSafely                                 (SingleTestExecutor.java:66)               &#10;                                              org.junit.platform.engine.support.hierarchical.HierarchicalTestExecutor.execute                                       (HierarchicalTestExecutor.java:77)         &#10;                                              org.junit.platform.engine.support.hierarchical.HierarchicalTestExecutor.execute                                       (HierarchicalTestExecutor.java:51)         &#10;                                                org.junit.platform.engine.support.hierarchical.HierarchicalTestEngine.execute                                       (HierarchicalTestEngine.java:43)           &#10;                                                                     org.junit.platform.launcher.core.DefaultLauncher.execute                                       (DefaultLauncher.java:170)                 &#10;                                                                     org.junit.platform.launcher.core.DefaultLauncher.execute                                       (DefaultLauncher.java:154)                 &#10;                                                                     org.junit.platform.launcher.core.DefaultLauncher.execute                                       (DefaultLauncher.java:90)                  &#10;    org.gradle.api.internal.tasks.testing.junitplatform.JUnitPlatformTestClassProcessor$CollectAllTestClassesExecutor.processAllTestClasses                         (JUnitPlatformTestClassProcessor.java:92)  &#10;    org.gradle.api.internal.tasks.testing.junitplatform.JUnitPlatformTestClassProcessor$CollectAllTestClassesExecutor.access$100                                    (JUnitPlatformTestClassProcessor.java:77)  &#10;                                  org.gradle.api.internal.tasks.testing.junitplatform.JUnitPlatformTestClassProcessor.stop                                          (JUnitPlatformTestClassProcessor.java:73)  &#10;                                                        org.gradle.api.internal.tasks.testing.SuiteTestClassProcessor.stop                                          (SuiteTestClassProcessor.java:61)          &#10;                                                                                 sun.reflect.NativeMethodAccessorImpl.invoke0                                       (NativeMethodAccessorImpl.java:-2)N        &#10;                                                                                 sun.reflect.NativeMethodAccessorImpl.invoke                                        (NativeMethodAccessorImpl.java:62)         &#10;                                                                             sun.reflect.DelegatingMethodAccessorImpl.invoke                                        (DelegatingMethodAccessorImpl.java:43)     &#10;                                                                                             java.lang.reflect.Method.invoke                                        (Method.java:498)                          &#10;                                                                      org.gradle.internal.dispatch.ReflectionDispatch.dispatch                                      (ReflectionDispatch.java:35)               &#10;                                                                      org.gradle.internal.dispatch.ReflectionDispatch.dispatch                                      (ReflectionDispatch.java:24)               &#10;                                                              org.gradle.internal.dispatch.ContextClassLoaderDispatch.dispatch                                      (ContextClassLoaderDispatch.java:32)       &#10;                                       org.gradle.internal.dispatch.ProxyDispatchAdapter$DispatchingInvocationHandler.invoke                                        (ProxyDispatchAdapter.java:93)             &#10;                                                                                                com.sun.proxy.$Proxy1.stop                                          (-:-1)                                     &#10;                                                              org.gradle.api.internal.tasks.testing.worker.TestWorker.stop                                          (TestWorker.java:123)                      &#10;                                                                                 sun.reflect.NativeMethodAccessorImpl.invoke0                                       (NativeMethodAccessorImpl.java:-2)N        &#10;                                                                                 sun.reflect.NativeMethodAccessorImpl.invoke                                        (NativeMethodAccessorImpl.java:62)         &#10;                                                                             sun.reflect.DelegatingMethodAccessorImpl.invoke                                        (DelegatingMethodAccessorImpl.java:43)     &#10;                                                                                             java.lang.reflect.Method.invoke                                        (Method.java:498)                          &#10;                                                                      org.gradle.internal.dispatch.ReflectionDispatch.dispatch                                      (ReflectionDispatch.java:35)               &#10;                                                                      org.gradle.internal.dispatch.ReflectionDispatch.dispatch                                      (ReflectionDispatch.java:24)               &#10;                             org.gradle.internal.remote.internal.hub.MessageHubBackedObjectConnection$DispatchWrapper.dispatch                                      (MessageHubBackedObjectConnection.java:155)&#10;                             org.gradle.internal.remote.internal.hub.MessageHubBackedObjectConnection$DispatchWrapper.dispatch                                      (MessageHubBackedObjectConnection.java:137)&#10;                                                           org.gradle.internal.remote.internal.hub.MessageHub$Handler.run                                           (MessageHub.java:404)                      &#10;                                                 org.gradle.internal.concurrent.ExecutorPolicy$CatchAndRecordFailures.onExecute                                     (ExecutorPolicy.java:63)                   &#10;                                                                 org.gradle.internal.concurrent.ManagedExecutorImpl$1.run                                           (ManagedExecutorImpl.java:46)              &#10;                                                                              java.util.concurrent.ThreadPoolExecutor.runWorker                                     (ThreadPoolExecutor.java:1142)             &#10;                                                                       java.util.concurrent.ThreadPoolExecutor$Worker.run                                           (ThreadPoolExecutor.java:617)              &#10;                                               org.gradle.internal.concurrent.ThreadFactoryImpl$ManagedThreadRunnable.run                                           (ThreadFactoryImpl.java:55)                &#10;                                                                                                     java.lang.Thread.run                                           (Thread.java:748)                          &#10;&#10;30)                                                                                    io.mockk.impl.InternalPlatform.captureStackTrace                                 (InternalPlatform.kt:123)                  &#10;                                                                                         io.mockk.impl.stub.MockKStub.handleInvocation                                  (MockKStub.kt:206)                         &#10;                                                       io.mockk.impl.instantiation.JvmMockFactoryHelper$mockHandler$1.invocation                                        (JvmMockFactoryHelper.kt:23)               &#10;                                                                                io.mockk.proxy.jvm.advice.Interceptor.call                                              (Interceptor.kt:20)                        &#10;                                                                                 io.mockk.proxy.jvm.advice.BaseAdvice.handle                                            (BaseAdvice.kt:42)                         &#10;                                                               io.mockk.proxy.jvm.advice.jvm.JvmMockKProxyInterceptor.interceptNoSuper                                  (JvmMockKProxyInterceptor.java:45)         &#10;                                                                             com.jdroids.robotlib.command.Command(BB).isCompleted                                       (-:-1)                                     &#10;                                                                com.jdroids.robotlib.command.SchedulerImpl$periodic$2.invoke                                            (SchedulerImpl.kt:50)                      &#10;                                                                com.jdroids.robotlib.command.SchedulerImpl$periodic$2.invoke                                            (SchedulerImpl.kt:8)                       &#10;                                                               kotlin.collections.CollectionsKt__MutableCollectionsKt.filterInPlace$CollectionsKt__MutableCollectionsKt (MutableCollections.kt:164)                &#10;                                                               kotlin.collections.CollectionsKt__MutableCollectionsKt.removeAll                                         (MutableCollections.kt:153)                &#10;                                                                           com.jdroids.robotlib.command.SchedulerImpl.periodic                                          (SchedulerImpl.kt:50)                      &#10;                                                                           com.jdroids.robotlib.command.SchedulerTest.requires() interrupts commands when it should     (SchedulerTest.kt:92)                      &#10;                                                                                 sun.reflect.NativeMethodAccessorImpl.invoke0                                           (NativeMethodAccessorImpl.java:-2)N        &#10;                                                                                 sun.reflect.NativeMethodAccessorImpl.invoke                                            (NativeMethodAccessorImpl.java:62)         &#10;                                                                             sun.reflect.DelegatingMethodAccessorImpl.invoke                                            (DelegatingMethodAccessorImpl.java:43)     &#10;                                                                                             java.lang.reflect.Method.invoke                                            (Method.java:498)                          &#10;                                                                      org.junit.platform.commons.util.ReflectionUtils.invokeMethod                                      (ReflectionUtils.java:389)                 &#10;                                                                 org.junit.jupiter.engine.execution.ExecutableInvoker.invoke                                            (ExecutableInvoker.java:115)               &#10;                                                         org.junit.jupiter.engine.descriptor.TestMethodTestDescriptor.lambda$invokeTestMethod$6                         (TestMethodTestDescriptor.java:167)        &#10;                                                                org.junit.jupiter.engine.execution.ThrowableCollector.execute                                           (ThrowableCollector.java:40)               &#10;                                                         org.junit.jupiter.engine.descriptor.TestMethodTestDescriptor.invokeTestMethod                                  (TestMethodTestDescriptor.java:163)        &#10;                                                         org.junit.jupiter.engine.descriptor.TestMethodTestDescriptor.execute                                           (TestMethodTestDescriptor.java:110)        &#10;                                                         org.junit.jupiter.engine.descriptor.TestMethodTestDescriptor.execute                                           (TestMethodTestDescriptor.java:57)         &#10;                                              org.junit.platform.engine.support.hierarchical.HierarchicalTestExecutor.lambda$execute$3                                  (HierarchicalTestExecutor.java:83)         &#10;                                                    org.junit.platform.engine.support.hierarchical.SingleTestExecutor.executeSafely                                     (SingleTestExecutor.java:66)               &#10;                                              org.junit.platform.engine.support.hierarchical.HierarchicalTestExecutor.execute                                           (HierarchicalTestExecutor.java:77)         &#10;                                              org.junit.platform.engine.support.hierarchical.HierarchicalTestExecutor.lambda$null$2                                     (HierarchicalTestExecutor.java:92)         &#10;                                                                          java.util.stream.ForEachOps$ForEachOp$OfRef.accept                                            (ForEachOps.java:184)                      &#10;                                                                               java.util.stream.ReferencePipeline$2$1.accept                                            (ReferencePipeline.java:175)               &#10;                                                                                                   java.util.Iterator.forEachRemaining                                  (Iterator.java:116)                        &#10;                                                                           java.util.Spliterators$IteratorSpliterator.forEachRemaining                                  (Spliterators.java:1801)                   &#10;                                                                                    java.util.stream.AbstractPipeline.copyInto                                          (AbstractPipeline.java:481)                &#10;                                                                                    java.util.stream.AbstractPipeline.wrapAndCopyInto                                   (AbstractPipeline.java:471)                &#10;                                                                                java.util.stream.ForEachOps$ForEachOp.evaluateSequential                                (ForEachOps.java:151)                      &#10;                                                                          java.util.stream.ForEachOps$ForEachOp$OfRef.evaluateSequential                                (ForEachOps.java:174)                      &#10;                                                                                    java.util.stream.AbstractPipeline.evaluate                                          (AbstractPipeline.java:234)                &#10;                                                                                   java.util.stream.ReferencePipeline.forEach                                           (ReferencePipeline.java:418)               &#10;                                              org.junit.platform.engine.support.hierarchical.HierarchicalTestExecutor.lambda$execute$3                                  (HierarchicalTestExecutor.java:92)         &#10;                                                    org.junit.platform.engine.support.hierarchical.SingleTestExecutor.executeSafely                                     (SingleTestExecutor.java:66)               &#10;                                              org.junit.platform.engine.support.hierarchical.HierarchicalTestExecutor.execute                                           (HierarchicalTestExecutor.java:77)         &#10;                                              org.junit.platform.engine.support.hierarchical.HierarchicalTestExecutor.lambda$null$2                                     (HierarchicalTestExecutor.java:92)         &#10;                                                                          java.util.stream.ForEachOps$ForEachOp$OfRef.accept                                            (ForEachOps.java:184)                      &#10;                                                                               java.util.stream.ReferencePipeline$2$1.accept                                            (ReferencePipeline.java:175)               &#10;                                                                                                   java.util.Iterator.forEachRemaining                                  (Iterator.java:116)                        &#10;                                                                           java.util.Spliterators$IteratorSpliterator.forEachRemaining                                  (Spliterators.java:1801)                   &#10;                                                                                    java.util.stream.AbstractPipeline.copyInto                                          (AbstractPipeline.java:481)                &#10;                                                                                    java.util.stream.AbstractPipeline.wrapAndCopyInto                                   (AbstractPipeline.java:471)                &#10;                                                                                java.util.stream.ForEachOps$ForEachOp.evaluateSequential                                (ForEachOps.java:151)                      &#10;                                                                          java.util.stream.ForEachOps$ForEachOp$OfRef.evaluateSequential                                (ForEachOps.java:174)                      &#10;                                                                                    java.util.stream.AbstractPipeline.evaluate                                          (AbstractPipeline.java:234)                &#10;                                                                                   java.util.stream.ReferencePipeline.forEach                                           (ReferencePipeline.java:418)               &#10;                                              org.junit.platform.engine.support.hierarchical.HierarchicalTestExecutor.lambda$execute$3                                  (HierarchicalTestExecutor.java:92)         &#10;                                                    org.junit.platform.engine.support.hierarchical.SingleTestExecutor.executeSafely                                     (SingleTestExecutor.java:66)               &#10;                                              org.junit.platform.engine.support.hierarchical.HierarchicalTestExecutor.execute                                           (HierarchicalTestExecutor.java:77)         &#10;                                              org.junit.platform.engine.support.hierarchical.HierarchicalTestExecutor.execute                                           (HierarchicalTestExecutor.java:51)         &#10;                                                org.junit.platform.engine.support.hierarchical.HierarchicalTestEngine.execute                                           (HierarchicalTestEngine.java:43)           &#10;                                                                     org.junit.platform.launcher.core.DefaultLauncher.execute                                           (DefaultLauncher.java:170)                 &#10;                                                                     org.junit.platform.launcher.core.DefaultLauncher.execute                                           (DefaultLauncher.java:154)                 &#10;                                                                     org.junit.platform.launcher.core.DefaultLauncher.execute                                           (DefaultLauncher.java:90)                  &#10;    org.gradle.api.internal.tasks.testing.junitplatform.JUnitPlatformTestClassProcessor$CollectAllTestClassesExecutor.processAllTestClasses                             (JUnitPlatformTestClassProcessor.java:92)  &#10;    org.gradle.api.internal.tasks.testing.junitplatform.JUnitPlatformTestClassProcessor$CollectAllTestClassesExecutor.access$100                                        (JUnitPlatformTestClassProcessor.java:77)  &#10;                                  org.gradle.api.internal.tasks.testing.junitplatform.JUnitPlatformTestClassProcessor.stop                                              (JUnitPlatformTestClassProcessor.java:73)  &#10;                                                        org.gradle.api.internal.tasks.testing.SuiteTestClassProcessor.stop                                              (SuiteTestClassProcessor.java:61)          &#10;                                                                                 sun.reflect.NativeMethodAccessorImpl.invoke0                                           (NativeMethodAccessorImpl.java:-2)N        &#10;                                                                                 sun.reflect.NativeMethodAccessorImpl.invoke                                            (NativeMethodAccessorImpl.java:62)         &#10;                                                                             sun.reflect.DelegatingMethodAccessorImpl.invoke                                            (DelegatingMethodAccessorImpl.java:43)     &#10;                                                                                             java.lang.reflect.Method.invoke                                            (Method.java:498)                          &#10;                                                                      org.gradle.internal.dispatch.ReflectionDispatch.dispatch                                          (ReflectionDispatch.java:35)               &#10;                                                                      org.gradle.internal.dispatch.ReflectionDispatch.dispatch                                          (ReflectionDispatch.java:24)               &#10;                                                              org.gradle.internal.dispatch.ContextClassLoaderDispatch.dispatch                                          (ContextClassLoaderDispatch.java:32)       &#10;                                       org.gradle.internal.dispatch.ProxyDispatchAdapter$DispatchingInvocationHandler.invoke                                            (ProxyDispatchAdapter.java:93)             &#10;                                                                                                com.sun.proxy.$Proxy1.stop                                              (-:-1)                                     &#10;                                                              org.gradle.api.internal.tasks.testing.worker.TestWorker.stop                                              (TestWorker.java:123)                      &#10;                                                                                 sun.reflect.NativeMethodAccessorImpl.invoke0                                           (NativeMethodAccessorImpl.java:-2)N        &#10;                                                                                 sun.reflect.NativeMethodAccessorImpl.invoke                                            (NativeMethodAccessorImpl.java:62)         &#10;                                                                             sun.reflect.DelegatingMethodAccessorImpl.invoke                                            (DelegatingMethodAccessorImpl.java:43)     &#10;                                                                                             java.lang.reflect.Method.invoke                                            (Method.java:498)                          &#10;                                                                      org.gradle.internal.dispatch.ReflectionDispatch.dispatch                                          (ReflectionDispatch.java:35)               &#10;                                                                      org.gradle.internal.dispatch.ReflectionDispatch.dispatch                                          (ReflectionDispatch.java:24)               &#10;                             org.gradle.internal.remote.internal.hub.MessageHubBackedObjectConnection$DispatchWrapper.dispatch                                          (MessageHubBackedObjectConnection.java:155)&#10;                             org.gradle.internal.remote.internal.hub.MessageHubBackedObjectConnection$DispatchWrapper.dispatch                                          (MessageHubBackedObjectConnection.java:137)&#10;                                                           org.gradle.internal.remote.internal.hub.MessageHub$Handler.run                                               (MessageHub.java:404)                      &#10;                                                 org.gradle.internal.concurrent.ExecutorPolicy$CatchAndRecordFailures.onExecute                                         (ExecutorPolicy.java:63)                   &#10;                                                                 org.gradle.internal.concurrent.ManagedExecutorImpl$1.run                                               (ManagedExecutorImpl.java:46)              &#10;                                                                              java.util.concurrent.ThreadPoolExecutor.runWorker                                         (ThreadPoolExecutor.java:1142)             &#10;                                                                       java.util.concurrent.ThreadPoolExecutor$Worker.run                                               (ThreadPoolExecutor.java:617)              &#10;                                               org.gradle.internal.concurrent.ThreadFactoryImpl$ManagedThreadRunnable.run                                               (ThreadFactoryImpl.java:55)                &#10;                                                                                                     java.lang.Thread.run                                               (Thread.java:748)                          &#10;&#10;31)                                                                                    io.mockk.impl.InternalPlatform.captureStackTrace                             (InternalPlatform.kt:123)                  &#10;                                                                                         io.mockk.impl.stub.MockKStub.handleInvocation                              (MockKStub.kt:206)                         &#10;                                                       io.mockk.impl.instantiation.JvmMockFactoryHelper$mockHandler$1.invocation                                    (JvmMockFactoryHelper.kt:23)               &#10;                                                                                io.mockk.proxy.jvm.advice.Interceptor.call                                          (Interceptor.kt:20)                        &#10;                                                                                 io.mockk.proxy.jvm.advice.BaseAdvice.handle                                        (BaseAdvice.kt:42)                         &#10;                                                               io.mockk.proxy.jvm.advice.jvm.JvmMockKProxyInterceptor.interceptNoSuper                              (JvmMockKProxyInterceptor.java:45)         &#10;                                                                             com.jdroids.robotlib.command.Command(BB).isCompleted                                   (-:-1)                                     &#10;                                                                           com.jdroids.robotlib.command.SchedulerImpl.periodic                                      (SchedulerImpl.kt:41)                      &#10;                                                                           com.jdroids.robotlib.command.SchedulerTest.requires() interrupts commands when it should (SchedulerTest.kt:93)                      &#10;                                                                                 sun.reflect.NativeMethodAccessorImpl.invoke0                                       (NativeMethodAccessorImpl.java:-2)N        &#10;                                                                                 sun.reflect.NativeMethodAccessorImpl.invoke                                        (NativeMethodAccessorImpl.java:62)         &#10;                                                                             sun.reflect.DelegatingMethodAccessorImpl.invoke                                        (DelegatingMethodAccessorImpl.java:43)     &#10;                                                                                             java.lang.reflect.Method.invoke                                        (Method.java:498)                          &#10;                                                                      org.junit.platform.commons.util.ReflectionUtils.invokeMethod                                  (ReflectionUtils.java:389)                 &#10;                                                                 org.junit.jupiter.engine.execution.ExecutableInvoker.invoke                                        (ExecutableInvoker.java:115)               &#10;                                                         org.junit.jupiter.engine.descriptor.TestMethodTestDescriptor.lambda$invokeTestMethod$6                     (TestMethodTestDescriptor.java:167)        &#10;                                                                org.junit.jupiter.engine.execution.ThrowableCollector.execute                                       (ThrowableCollector.java:40)               &#10;                                                         org.junit.jupiter.engine.descriptor.TestMethodTestDescriptor.invokeTestMethod                              (TestMethodTestDescriptor.java:163)        &#10;                                                         org.junit.jupiter.engine.descriptor.TestMethodTestDescriptor.execute                                       (TestMethodTestDescriptor.java:110)        &#10;                                                         org.junit.jupiter.engine.descriptor.TestMethodTestDescriptor.execute                                       (TestMethodTestDescriptor.java:57)         &#10;                                              org.junit.platform.engine.support.hierarchical.HierarchicalTestExecutor.lambda$execute$3                              (HierarchicalTestExecutor.java:83)         &#10;                                                    org.junit.platform.engine.support.hierarchical.SingleTestExecutor.executeSafely                                 (SingleTestExecutor.java:66)               &#10;                                              org.junit.platform.engine.support.hierarchical.HierarchicalTestExecutor.execute                                       (HierarchicalTestExecutor.java:77)         &#10;                                              org.junit.platform.engine.support.hierarchical.HierarchicalTestExecutor.lambda$null$2                                 (HierarchicalTestExecutor.java:92)         &#10;                                                                          java.util.stream.ForEachOps$ForEachOp$OfRef.accept                                        (ForEachOps.java:184)                      &#10;                                                                               java.util.stream.ReferencePipeline$2$1.accept                                        (ReferencePipeline.java:175)               &#10;                                                                                                   java.util.Iterator.forEachRemaining                              (Iterator.java:116)                        &#10;                                                                           java.util.Spliterators$IteratorSpliterator.forEachRemaining                              (Spliterators.java:1801)                   &#10;                                                                                    java.util.stream.AbstractPipeline.copyInto                                      (AbstractPipeline.java:481)                &#10;                                                                                    java.util.stream.AbstractPipeline.wrapAndCopyInto                               (AbstractPipeline.java:471)                &#10;                                                                                java.util.stream.ForEachOps$ForEachOp.evaluateSequential                            (ForEachOps.java:151)                      &#10;                                                                          java.util.stream.ForEachOps$ForEachOp$OfRef.evaluateSequential                            (ForEachOps.java:174)                      &#10;                                                                                    java.util.stream.AbstractPipeline.evaluate                                      (AbstractPipeline.java:234)                &#10;                                                                                   java.util.stream.ReferencePipeline.forEach                                       (ReferencePipeline.java:418)               &#10;                                              org.junit.platform.engine.support.hierarchical.HierarchicalTestExecutor.lambda$execute$3                              (HierarchicalTestExecutor.java:92)         &#10;                                                    org.junit.platform.engine.support.hierarchical.SingleTestExecutor.executeSafely                                 (SingleTestExecutor.java:66)               &#10;                                              org.junit.platform.engine.support.hierarchical.HierarchicalTestExecutor.execute                                       (HierarchicalTestExecutor.java:77)         &#10;                                              org.junit.platform.engine.support.hierarchical.HierarchicalTestExecutor.lambda$null$2                                 (HierarchicalTestExecutor.java:92)         &#10;                                                                          java.util.stream.ForEachOps$ForEachOp$OfRef.accept                                        (ForEachOps.java:184)                      &#10;                                                                               java.util.stream.ReferencePipeline$2$1.accept                                        (ReferencePipeline.java:175)               &#10;                                                                                                   java.util.Iterator.forEachRemaining                              (Iterator.java:116)                        &#10;                                                                           java.util.Spliterators$IteratorSpliterator.forEachRemaining                              (Spliterators.java:1801)                   &#10;                                                                                    java.util.stream.AbstractPipeline.copyInto                                      (AbstractPipeline.java:481)                &#10;                                                                                    java.util.stream.AbstractPipeline.wrapAndCopyInto                               (AbstractPipeline.java:471)                &#10;                                                                                java.util.stream.ForEachOps$ForEachOp.evaluateSequential                            (ForEachOps.java:151)                      &#10;                                                                          java.util.stream.ForEachOps$ForEachOp$OfRef.evaluateSequential                            (ForEachOps.java:174)                      &#10;                                                                                    java.util.stream.AbstractPipeline.evaluate                                      (AbstractPipeline.java:234)                &#10;                                                                                   java.util.stream.ReferencePipeline.forEach                                       (ReferencePipeline.java:418)               &#10;                                              org.junit.platform.engine.support.hierarchical.HierarchicalTestExecutor.lambda$execute$3                              (HierarchicalTestExecutor.java:92)         &#10;                                                    org.junit.platform.engine.support.hierarchical.SingleTestExecutor.executeSafely                                 (SingleTestExecutor.java:66)               &#10;                                              org.junit.platform.engine.support.hierarchical.HierarchicalTestExecutor.execute                                       (HierarchicalTestExecutor.java:77)         &#10;                                              org.junit.platform.engine.support.hierarchical.HierarchicalTestExecutor.execute                                       (HierarchicalTestExecutor.java:51)         &#10;                                                org.junit.platform.engine.support.hierarchical.HierarchicalTestEngine.execute                                       (HierarchicalTestEngine.java:43)           &#10;                                                                     org.junit.platform.launcher.core.DefaultLauncher.execute                                       (DefaultLauncher.java:170)                 &#10;                                                                     org.junit.platform.launcher.core.DefaultLauncher.execute                                       (DefaultLauncher.java:154)                 &#10;                                                                     org.junit.platform.launcher.core.DefaultLauncher.execute                                       (DefaultLauncher.java:90)                  &#10;    org.gradle.api.internal.tasks.testing.junitplatform.JUnitPlatformTestClassProcessor$CollectAllTestClassesExecutor.processAllTestClasses                         (JUnitPlatformTestClassProcessor.java:92)  &#10;    org.gradle.api.internal.tasks.testing.junitplatform.JUnitPlatformTestClassProcessor$CollectAllTestClassesExecutor.access$100                                    (JUnitPlatformTestClassProcessor.java:77)  &#10;                                  org.gradle.api.internal.tasks.testing.junitplatform.JUnitPlatformTestClassProcessor.stop                                          (JUnitPlatformTestClassProcessor.java:73)  &#10;                                                        org.gradle.api.internal.tasks.testing.SuiteTestClassProcessor.stop                                          (SuiteTestClassProcessor.java:61)          &#10;                                                                                 sun.reflect.NativeMethodAccessorImpl.invoke0                                       (NativeMethodAccessorImpl.java:-2)N        &#10;                                                                                 sun.reflect.NativeMethodAccessorImpl.invoke                                        (NativeMethodAccessorImpl.java:62)         &#10;                                                                             sun.reflect.DelegatingMethodAccessorImpl.invoke                                        (DelegatingMethodAccessorImpl.java:43)     &#10;                                                                                             java.lang.reflect.Method.invoke                                        (Method.java:498)                          &#10;                                                                      org.gradle.internal.dispatch.ReflectionDispatch.dispatch                                      (ReflectionDispatch.java:35)               &#10;                                                                      org.gradle.internal.dispatch.ReflectionDispatch.dispatch                                      (ReflectionDispatch.java:24)               &#10;                                                              org.gradle.internal.dispatch.ContextClassLoaderDispatch.dispatch                                      (ContextClassLoaderDispatch.java:32)       &#10;                                       org.gradle.internal.dispatch.ProxyDispatchAdapter$DispatchingInvocationHandler.invoke                                        (ProxyDispatchAdapter.java:93)             &#10;                                                                                                com.sun.proxy.$Proxy1.stop                                          (-:-1)                                     &#10;                                                              org.gradle.api.internal.tasks.testing.worker.TestWorker.stop                                          (TestWorker.java:123)                      &#10;                                                                                 sun.reflect.NativeMethodAccessorImpl.invoke0                                       (NativeMethodAccessorImpl.java:-2)N        &#10;                                                                                 sun.reflect.NativeMethodAccessorImpl.invoke                                        (NativeMethodAccessorImpl.java:62)         &#10;                                                                             sun.reflect.DelegatingMethodAccessorImpl.invoke                                        (DelegatingMethodAccessorImpl.java:43)     &#10;                                                                                             java.lang.reflect.Method.invoke                                        (Method.java:498)                          &#10;                                                                      org.gradle.internal.dispatch.ReflectionDispatch.dispatch                                      (ReflectionDispatch.java:35)               &#10;                                                                      org.gradle.internal.dispatch.ReflectionDispatch.dispatch                                      (ReflectionDispatch.java:24)               &#10;                             org.gradle.internal.remote.internal.hub.MessageHubBackedObjectConnection$DispatchWrapper.dispatch                                      (MessageHubBackedObjectConnection.java:155)&#10;                             org.gradle.internal.remote.internal.hub.MessageHubBackedObjectConnection$DispatchWrapper.dispatch                                      (MessageHubBackedObjectConnection.java:137)&#10;                                                           org.gradle.internal.remote.internal.hub.MessageHub$Handler.run                                           (MessageHub.java:404)                      &#10;                                                 org.gradle.internal.concurrent.ExecutorPolicy$CatchAndRecordFailures.onExecute                                     (ExecutorPolicy.java:63)                   &#10;                                                                 org.gradle.internal.concurrent.ManagedExecutorImpl$1.run                                           (ManagedExecutorImpl.java:46)              &#10;                                                                              java.util.concurrent.ThreadPoolExecutor.runWorker                                     (ThreadPoolExecutor.java:1142)             &#10;                                                                       java.util.concurrent.ThreadPoolExecutor$Worker.run                                           (ThreadPoolExecutor.java:617)              &#10;                                               org.gradle.internal.concurrent.ThreadFactoryImpl$ManagedThreadRunnable.run                                           (ThreadFactoryImpl.java:55)                &#10;                                                                                                     java.lang.Thread.run                                           (Thread.java:748)                          &#10;&#10;32)                                                                                    io.mockk.impl.InternalPlatform.captureStackTrace                             (InternalPlatform.kt:123)                  &#10;                                                                                         io.mockk.impl.stub.MockKStub.handleInvocation                              (MockKStub.kt:206)                         &#10;                                                       io.mockk.impl.instantiation.JvmMockFactoryHelper$mockHandler$1.invocation                                    (JvmMockFactoryHelper.kt:23)               &#10;                                                                                io.mockk.proxy.jvm.advice.Interceptor.call                                          (Interceptor.kt:20)                        &#10;                                                                                 io.mockk.proxy.jvm.advice.BaseAdvice.handle                                        (BaseAdvice.kt:42)                         &#10;                                                               io.mockk.proxy.jvm.advice.jvm.JvmMockKProxyInterceptor.interceptNoSuper                              (JvmMockKProxyInterceptor.java:45)         &#10;                                                                             com.jdroids.robotlib.command.Command(BB).periodic                                      (-:-1)                                     &#10;                                                                           com.jdroids.robotlib.command.SchedulerImpl.periodic                                      (SchedulerImpl.kt:46)                      &#10;                                                                           com.jdroids.robotlib.command.SchedulerTest.requires() interrupts commands when it should (SchedulerTest.kt:93)                      &#10;                                                                                 sun.reflect.NativeMethodAccessorImpl.invoke0                                       (NativeMethodAccessorImpl.java:-2)N        &#10;                                                                                 sun.reflect.NativeMethodAccessorImpl.invoke                                        (NativeMethodAccessorImpl.java:62)         &#10;                                                                             sun.reflect.DelegatingMethodAccessorImpl.invoke                                        (DelegatingMethodAccessorImpl.java:43)     &#10;                                                                                             java.lang.reflect.Method.invoke                                        (Method.java:498)                          &#10;                                                                      org.junit.platform.commons.util.ReflectionUtils.invokeMethod                                  (ReflectionUtils.java:389)                 &#10;                                                                 org.junit.jupiter.engine.execution.ExecutableInvoker.invoke                                        (ExecutableInvoker.java:115)               &#10;                                                         org.junit.jupiter.engine.descriptor.TestMethodTestDescriptor.lambda$invokeTestMethod$6                     (TestMethodTestDescriptor.java:167)        &#10;                                                                org.junit.jupiter.engine.execution.ThrowableCollector.execute                                       (ThrowableCollector.java:40)               &#10;                                                         org.junit.jupiter.engine.descriptor.TestMethodTestDescriptor.invokeTestMethod                              (TestMethodTestDescriptor.java:163)        &#10;                                                         org.junit.jupiter.engine.descriptor.TestMethodTestDescriptor.execute                                       (TestMethodTestDescriptor.java:110)        &#10;                                                         org.junit.jupiter.engine.descriptor.TestMethodTestDescriptor.execute                                       (TestMethodTestDescriptor.java:57)         &#10;                                              org.junit.platform.engine.support.hierarchical.HierarchicalTestExecutor.lambda$execute$3                              (HierarchicalTestExecutor.java:83)         &#10;                                                    org.junit.platform.engine.support.hierarchical.SingleTestExecutor.executeSafely                                 (SingleTestExecutor.java:66)               &#10;                                              org.junit.platform.engine.support.hierarchical.HierarchicalTestExecutor.execute                                       (HierarchicalTestExecutor.java:77)         &#10;                                              org.junit.platform.engine.support.hierarchical.HierarchicalTestExecutor.lambda$null$2                                 (HierarchicalTestExecutor.java:92)         &#10;                                                                          java.util.stream.ForEachOps$ForEachOp$OfRef.accept                                        (ForEachOps.java:184)                      &#10;                                                                               java.util.stream.ReferencePipeline$2$1.accept                                        (ReferencePipeline.java:175)               &#10;                                                                                                   java.util.Iterator.forEachRemaining                              (Iterator.java:116)                        &#10;                                                                           java.util.Spliterators$IteratorSpliterator.forEachRemaining                              (Spliterators.java:1801)                   &#10;                                                                                    java.util.stream.AbstractPipeline.copyInto                                      (AbstractPipeline.java:481)                &#10;                                                                                    java.util.stream.AbstractPipeline.wrapAndCopyInto                               (AbstractPipeline.java:471)                &#10;                                                                                java.util.stream.ForEachOps$ForEachOp.evaluateSequential                            (ForEachOps.java:151)                      &#10;                                                                          java.util.stream.ForEachOps$ForEachOp$OfRef.evaluateSequential                            (ForEachOps.java:174)                      &#10;                                                                                    java.util.stream.AbstractPipeline.evaluate                                      (AbstractPipeline.java:234)                &#10;                                                                                   java.util.stream.ReferencePipeline.forEach                                       (ReferencePipeline.java:418)               &#10;                                              org.junit.platform.engine.support.hierarchical.HierarchicalTestExecutor.lambda$execute$3                              (HierarchicalTestExecutor.java:92)         &#10;                                                    org.junit.platform.engine.support.hierarchical.SingleTestExecutor.executeSafely                                 (SingleTestExecutor.java:66)               &#10;                                              org.junit.platform.engine.support.hierarchical.HierarchicalTestExecutor.execute                                       (HierarchicalTestExecutor.java:77)         &#10;                                              org.junit.platform.engine.support.hierarchical.HierarchicalTestExecutor.lambda$null$2                                 (HierarchicalTestExecutor.java:92)         &#10;                                                                          java.util.stream.ForEachOps$ForEachOp$OfRef.accept                                        (ForEachOps.java:184)                      &#10;                                                                               java.util.stream.ReferencePipeline$2$1.accept                                        (ReferencePipeline.java:175)               &#10;                                                                                                   java.util.Iterator.forEachRemaining                              (Iterator.java:116)                        &#10;                                                                           java.util.Spliterators$IteratorSpliterator.forEachRemaining                              (Spliterators.java:1801)                   &#10;                                                                                    java.util.stream.AbstractPipeline.copyInto                                      (AbstractPipeline.java:481)                &#10;                                                                                    java.util.stream.AbstractPipeline.wrapAndCopyInto                               (AbstractPipeline.java:471)                &#10;                                                                                java.util.stream.ForEachOps$ForEachOp.evaluateSequential                            (ForEachOps.java:151)                      &#10;                                                                          java.util.stream.ForEachOps$ForEachOp$OfRef.evaluateSequential                            (ForEachOps.java:174)                      &#10;                                                                                    java.util.stream.AbstractPipeline.evaluate                                      (AbstractPipeline.java:234)                &#10;                                                                                   java.util.stream.ReferencePipeline.forEach                                       (ReferencePipeline.java:418)               &#10;                                              org.junit.platform.engine.support.hierarchical.HierarchicalTestExecutor.lambda$execute$3                              (HierarchicalTestExecutor.java:92)         &#10;                                                    org.junit.platform.engine.support.hierarchical.SingleTestExecutor.executeSafely                                 (SingleTestExecutor.java:66)               &#10;                                              org.junit.platform.engine.support.hierarchical.HierarchicalTestExecutor.execute                                       (HierarchicalTestExecutor.java:77)         &#10;                                              org.junit.platform.engine.support.hierarchical.HierarchicalTestExecutor.execute                                       (HierarchicalTestExecutor.java:51)         &#10;                                                org.junit.platform.engine.support.hierarchical.HierarchicalTestEngine.execute                                       (HierarchicalTestEngine.java:43)           &#10;                                                                     org.junit.platform.launcher.core.DefaultLauncher.execute                                       (DefaultLauncher.java:170)                 &#10;                                                                     org.junit.platform.launcher.core.DefaultLauncher.execute                                       (DefaultLauncher.java:154)                 &#10;                                                                     org.junit.platform.launcher.core.DefaultLauncher.execute                                       (DefaultLauncher.java:90)                  &#10;    org.gradle.api.internal.tasks.testing.junitplatform.JUnitPlatformTestClassProcessor$CollectAllTestClassesExecutor.processAllTestClasses                         (JUnitPlatformTestClassProcessor.java:92)  &#10;    org.gradle.api.internal.tasks.testing.junitplatform.JUnitPlatformTestClassProcessor$CollectAllTestClassesExecutor.access$100                                    (JUnitPlatformTestClassProcessor.java:77)  &#10;                                  org.gradle.api.internal.tasks.testing.junitplatform.JUnitPlatformTestClassProcessor.stop                                          (JUnitPlatformTestClassProcessor.java:73)  &#10;                                                        org.gradle.api.internal.tasks.testing.SuiteTestClassProcessor.stop                                          (SuiteTestClassProcessor.java:61)          &#10;                                                                                 sun.reflect.NativeMethodAccessorImpl.invoke0                                       (NativeMethodAccessorImpl.java:-2)N        &#10;                                                                                 sun.reflect.NativeMethodAccessorImpl.invoke                                        (NativeMethodAccessorImpl.java:62)         &#10;                                                                             sun.reflect.DelegatingMethodAccessorImpl.invoke                                        (DelegatingMethodAccessorImpl.java:43)     &#10;                                                                                             java.lang.reflect.Method.invoke                                        (Method.java:498)                          &#10;                                                                      org.gradle.internal.dispatch.ReflectionDispatch.dispatch                                      (ReflectionDispatch.java:35)               &#10;                                                                      org.gradle.internal.dispatch.ReflectionDispatch.dispatch                                      (ReflectionDispatch.java:24)               &#10;                                                              org.gradle.internal.dispatch.ContextClassLoaderDispatch.dispatch                                      (ContextClassLoaderDispatch.java:32)       &#10;                                       org.gradle.internal.dispatch.ProxyDispatchAdapter$DispatchingInvocationHandler.invoke                                        (ProxyDispatchAdapter.java:93)             &#10;                                                                                                com.sun.proxy.$Proxy1.stop                                          (-:-1)                                     &#10;                                                              org.gradle.api.internal.tasks.testing.worker.TestWorker.stop                                          (TestWorker.java:123)                      &#10;                                                                                 sun.reflect.NativeMethodAccessorImpl.invoke0                                       (NativeMethodAccessorImpl.java:-2)N        &#10;                                                                                 sun.reflect.NativeMethodAccessorImpl.invoke                                        (NativeMethodAccessorImpl.java:62)         &#10;                                                                             sun.reflect.DelegatingMethodAccessorImpl.invoke                                        (DelegatingMethodAccessorImpl.java:43)     &#10;                                                                                             java.lang.reflect.Method.invoke                                        (Method.java:498)                          &#10;                                                                      org.gradle.internal.dispatch.ReflectionDispatch.dispatch                                      (ReflectionDispatch.java:35)               &#10;                                                                      org.gradle.internal.dispatch.ReflectionDispatch.dispatch                                      (ReflectionDispatch.java:24)               &#10;                             org.gradle.internal.remote.internal.hub.MessageHubBackedObjectConnection$DispatchWrapper.dispatch                                      (MessageHubBackedObjectConnection.java:155)&#10;                             org.gradle.internal.remote.internal.hub.MessageHubBackedObjectConnection$DispatchWrapper.dispatch                                      (MessageHubBackedObjectConnection.java:137)&#10;                                                           org.gradle.internal.remote.internal.hub.MessageHub$Handler.run                                           (MessageHub.java:404)                      &#10;                                                 org.gradle.internal.concurrent.ExecutorPolicy$CatchAndRecordFailures.onExecute                                     (ExecutorPolicy.java:63)                   &#10;                                                                 org.gradle.internal.concurrent.ManagedExecutorImpl$1.run                                           (ManagedExecutorImpl.java:46)              &#10;                                                                              java.util.concurrent.ThreadPoolExecutor.runWorker                                     (ThreadPoolExecutor.java:1142)             &#10;                                                                       java.util.concurrent.ThreadPoolExecutor$Worker.run                                           (ThreadPoolExecutor.java:617)              &#10;                                               org.gradle.internal.concurrent.ThreadFactoryImpl$ManagedThreadRunnable.run                                           (ThreadFactoryImpl.java:55)                &#10;                                                                                                     java.lang.Thread.run                                           (Thread.java:748)                          &#10;&#10;33)                                                                                    io.mockk.impl.InternalPlatform.captureStackTrace                                 (InternalPlatform.kt:123)                  &#10;                                                                                         io.mockk.impl.stub.MockKStub.handleInvocation                                  (MockKStub.kt:206)                         &#10;                                                       io.mockk.impl.instantiation.JvmMockFactoryHelper$mockHandler$1.invocation                                        (JvmMockFactoryHelper.kt:23)               &#10;                                                                                io.mockk.proxy.jvm.advice.Interceptor.call                                              (Interceptor.kt:20)                        &#10;                                                                                 io.mockk.proxy.jvm.advice.BaseAdvice.handle                                            (BaseAdvice.kt:42)                         &#10;                                                               io.mockk.proxy.jvm.advice.jvm.JvmMockKProxyInterceptor.interceptNoSuper                                  (JvmMockKProxyInterceptor.java:45)         &#10;                                                                             com.jdroids.robotlib.command.Command(BB).isCompleted                                       (-:-1)                                     &#10;                                                                com.jdroids.robotlib.command.SchedulerImpl$periodic$2.invoke                                            (SchedulerImpl.kt:50)                      &#10;                                                                com.jdroids.robotlib.command.SchedulerImpl$periodic$2.invoke                                            (SchedulerImpl.kt:8)                       &#10;                                                               kotlin.collections.CollectionsKt__MutableCollectionsKt.filterInPlace$CollectionsKt__MutableCollectionsKt (MutableCollections.kt:164)                &#10;                                                               kotlin.collections.CollectionsKt__MutableCollectionsKt.removeAll                                         (MutableCollections.kt:153)                &#10;                                                                           com.jdroids.robotlib.command.SchedulerImpl.periodic                                          (SchedulerImpl.kt:50)                      &#10;                                                                           com.jdroids.robotlib.command.SchedulerTest.requires() interrupts commands when it should     (SchedulerTest.kt:93)                      &#10;                                                                                 sun.reflect.NativeMethodAccessorImpl.invoke0                                           (NativeMethodAccessorImpl.java:-2)N        &#10;                                                                                 sun.reflect.NativeMethodAccessorImpl.invoke                                            (NativeMethodAccessorImpl.java:62)         &#10;                                                                             sun.reflect.DelegatingMethodAccessorImpl.invoke                                            (DelegatingMethodAccessorImpl.java:43)     &#10;                                                                                             java.lang.reflect.Method.invoke                                            (Method.java:498)                          &#10;                                                                      org.junit.platform.commons.util.ReflectionUtils.invokeMethod                                      (ReflectionUtils.java:389)                 &#10;                                                                 org.junit.jupiter.engine.execution.ExecutableInvoker.invoke                                            (ExecutableInvoker.java:115)               &#10;                                                         org.junit.jupiter.engine.descriptor.TestMethodTestDescriptor.lambda$invokeTestMethod$6                         (TestMethodTestDescriptor.java:167)        &#10;                                                                org.junit.jupiter.engine.execution.ThrowableCollector.execute                                           (ThrowableCollector.java:40)               &#10;                                                         org.junit.jupiter.engine.descriptor.TestMethodTestDescriptor.invokeTestMethod                                  (TestMethodTestDescriptor.java:163)        &#10;                                                         org.junit.jupiter.engine.descriptor.TestMethodTestDescriptor.execute                                           (TestMethodTestDescriptor.java:110)        &#10;                                                         org.junit.jupiter.engine.descriptor.TestMethodTestDescriptor.execute                                           (TestMethodTestDescriptor.java:57)         &#10;                                              org.junit.platform.engine.support.hierarchical.HierarchicalTestExecutor.lambda$execute$3                                  (HierarchicalTestExecutor.java:83)         &#10;                                                    org.junit.platform.engine.support.hierarchical.SingleTestExecutor.executeSafely                                     (SingleTestExecutor.java:66)               &#10;                                              org.junit.platform.engine.support.hierarchical.HierarchicalTestExecutor.execute                                           (HierarchicalTestExecutor.java:77)         &#10;                                              org.junit.platform.engine.support.hierarchical.HierarchicalTestExecutor.lambda$null$2                                     (HierarchicalTestExecutor.java:92)         &#10;                                                                          java.util.stream.ForEachOps$ForEachOp$OfRef.accept                                            (ForEachOps.java:184)                      &#10;                                                                               java.util.stream.ReferencePipeline$2$1.accept                                            (ReferencePipeline.java:175)               &#10;                                                                                                   java.util.Iterator.forEachRemaining                                  (Iterator.java:116)                        &#10;                                                                           java.util.Spliterators$IteratorSpliterator.forEachRemaining                                  (Spliterators.java:1801)                   &#10;                                                                                    java.util.stream.AbstractPipeline.copyInto                                          (AbstractPipeline.java:481)                &#10;                                                                                    java.util.stream.AbstractPipeline.wrapAndCopyInto                                   (AbstractPipeline.java:471)                &#10;                                                                                java.util.stream.ForEachOps$ForEachOp.evaluateSequential                                (ForEachOps.java:151)                      &#10;                                                                          java.util.stream.ForEachOps$ForEachOp$OfRef.evaluateSequential                                (ForEachOps.java:174)                      &#10;                                                                                    java.util.stream.AbstractPipeline.evaluate                                          (AbstractPipeline.java:234)                &#10;                                                                                   java.util.stream.ReferencePipeline.forEach                                           (ReferencePipeline.java:418)               &#10;                                              org.junit.platform.engine.support.hierarchical.HierarchicalTestExecutor.lambda$execute$3                                  (HierarchicalTestExecutor.java:92)         &#10;                                                    org.junit.platform.engine.support.hierarchical.SingleTestExecutor.executeSafely                                     (SingleTestExecutor.java:66)               &#10;                                              org.junit.platform.engine.support.hierarchical.HierarchicalTestExecutor.execute                                           (HierarchicalTestExecutor.java:77)         &#10;                                              org.junit.platform.engine.support.hierarchical.HierarchicalTestExecutor.lambda$null$2                                     (HierarchicalTestExecutor.java:92)         &#10;                                                                          java.util.stream.ForEachOps$ForEachOp$OfRef.accept                                            (ForEachOps.java:184)                      &#10;                                                                               java.util.stream.ReferencePipeline$2$1.accept                                            (ReferencePipeline.java:175)               &#10;                                                                                                   java.util.Iterator.forEachRemaining                                  (Iterator.java:116)                        &#10;                                                                           java.util.Spliterators$IteratorSpliterator.forEachRemaining                                  (Spliterators.java:1801)                   &#10;                                                                                    java.util.stream.AbstractPipeline.copyInto                                          (AbstractPipeline.java:481)                &#10;                                                                                    java.util.stream.AbstractPipeline.wrapAndCopyInto                                   (AbstractPipeline.java:471)                &#10;                                                                                java.util.stream.ForEachOps$ForEachOp.evaluateSequential                                (ForEachOps.java:151)                      &#10;                                                                          java.util.stream.ForEachOps$ForEachOp$OfRef.evaluateSequential                                (ForEachOps.java:174)                      &#10;                                                                                    java.util.stream.AbstractPipeline.evaluate                                          (AbstractPipeline.java:234)                &#10;                                                                                   java.util.stream.ReferencePipeline.forEach                                           (ReferencePipeline.java:418)               &#10;                                              org.junit.platform.engine.support.hierarchical.HierarchicalTestExecutor.lambda$execute$3                                  (HierarchicalTestExecutor.java:92)         &#10;                                                    org.junit.platform.engine.support.hierarchical.SingleTestExecutor.executeSafely                                     (SingleTestExecutor.java:66)               &#10;                                              org.junit.platform.engine.support.hierarchical.HierarchicalTestExecutor.execute                                           (HierarchicalTestExecutor.java:77)         &#10;                                              org.junit.platform.engine.support.hierarchical.HierarchicalTestExecutor.execute                                           (HierarchicalTestExecutor.java:51)         &#10;                                                org.junit.platform.engine.support.hierarchical.HierarchicalTestEngine.execute                                           (HierarchicalTestEngine.java:43)           &#10;                                                                     org.junit.platform.launcher.core.DefaultLauncher.execute                                           (DefaultLauncher.java:170)                 &#10;                                                                     org.junit.platform.launcher.core.DefaultLauncher.execute                                           (DefaultLauncher.java:154)                 &#10;                                                                     org.junit.platform.launcher.core.DefaultLauncher.execute                                           (DefaultLauncher.java:90)                  &#10;    org.gradle.api.internal.tasks.testing.junitplatform.JUnitPlatformTestClassProcessor$CollectAllTestClassesExecutor.processAllTestClasses                             (JUnitPlatformTestClassProcessor.java:92)  &#10;    org.gradle.api.internal.tasks.testing.junitplatform.JUnitPlatformTestClassProcessor$CollectAllTestClassesExecutor.access$100                                        (JUnitPlatformTestClassProcessor.java:77)  &#10;                                  org.gradle.api.internal.tasks.testing.junitplatform.JUnitPlatformTestClassProcessor.stop                                              (JUnitPlatformTestClassProcessor.java:73)  &#10;                                                        org.gradle.api.internal.tasks.testing.SuiteTestClassProcessor.stop                                              (SuiteTestClassProcessor.java:61)          &#10;                                                                                 sun.reflect.NativeMethodAccessorImpl.invoke0                                           (NativeMethodAccessorImpl.java:-2)N        &#10;                                                                                 sun.reflect.NativeMethodAccessorImpl.invoke                                            (NativeMethodAccessorImpl.java:62)         &#10;                                                                             sun.reflect.DelegatingMethodAccessorImpl.invoke                                            (DelegatingMethodAccessorImpl.java:43)     &#10;                                                                                             java.lang.reflect.Method.invoke                                            (Method.java:498)                          &#10;                                                                      org.gradle.internal.dispatch.ReflectionDispatch.dispatch                                          (ReflectionDispatch.java:35)               &#10;                                                                      org.gradle.internal.dispatch.ReflectionDispatch.dispatch                                          (ReflectionDispatch.java:24)               &#10;                                                              org.gradle.internal.dispatch.ContextClassLoaderDispatch.dispatch                                          (ContextClassLoaderDispatch.java:32)       &#10;                                       org.gradle.internal.dispatch.ProxyDispatchAdapter$DispatchingInvocationHandler.invoke                                            (ProxyDispatchAdapter.java:93)             &#10;                                                                                                com.sun.proxy.$Proxy1.stop                                              (-:-1)                                     &#10;                                                              org.gradle.api.internal.tasks.testing.worker.TestWorker.stop                                              (TestWorker.java:123)                      &#10;                                                                                 sun.reflect.NativeMethodAccessorImpl.invoke0                                           (NativeMethodAccessorImpl.java:-2)N        &#10;                                                                                 sun.reflect.NativeMethodAccessorImpl.invoke                                            (NativeMethodAccessorImpl.java:62)         &#10;                                                                             sun.reflect.DelegatingMethodAccessorImpl.invoke                                            (DelegatingMethodAccessorImpl.java:43)     &#10;                                                                                             java.lang.reflect.Method.invoke                                            (Method.java:498)                          &#10;                                                                      org.gradle.internal.dispatch.ReflectionDispatch.dispatch                                          (ReflectionDispatch.java:35)               &#10;                                                                      org.gradle.internal.dispatch.ReflectionDispatch.dispatch                                          (ReflectionDispatch.java:24)               &#10;                             org.gradle.internal.remote.internal.hub.MessageHubBackedObjectConnection$DispatchWrapper.dispatch                                          (MessageHubBackedObjectConnection.java:155)&#10;                             org.gradle.internal.remote.internal.hub.MessageHubBackedObjectConnection$DispatchWrapper.dispatch                                          (MessageHubBackedObjectConnection.java:137)&#10;                                                           org.gradle.internal.remote.internal.hub.MessageHub$Handler.run                                               (MessageHub.java:404)                      &#10;                                                 org.gradle.internal.concurrent.ExecutorPolicy$CatchAndRecordFailures.onExecute                                         (ExecutorPolicy.java:63)                   &#10;                                                                 org.gradle.internal.concurrent.ManagedExecutorImpl$1.run                                               (ManagedExecutorImpl.java:46)              &#10;                                                                              java.util.concurrent.ThreadPoolExecutor.runWorker                                         (ThreadPoolExecutor.java:1142)             &#10;                                                                       java.util.concurrent.ThreadPoolExecutor$Worker.run                                               (ThreadPoolExecutor.java:617)              &#10;                                               org.gradle.internal.concurrent.ThreadFactoryImpl$ManagedThreadRunnable.run                                               (ThreadFactoryImpl.java:55)                &#10;                                                                                                     java.lang.Thread.run                                               (Thread.java:748)                          " type="java.lang.AssertionError">java.lang.AssertionError: Verification failed: call 1 of 1: Command(#2).periodic()). 3 matching calls found, but needs at least 2 and at most 2 calls
Calls:
1) Command(#2).hashCode()
2) Command(#2).hashCode()
3) Command(#2).hashCode()
4) Command(#2).start()
5) Command(#2).hashCode()
6) Command(#2).hashCode()
7) Command(#2).isInterruptible()
8) Command(#2).hashCode()
9) Command(#2).isInterruptible()
10) Command(#2).interrupt()
11) Command(#2).hashCode()
12) Command(#2).isInterruptible()
13) Command(#2).hashCode()
14) Command(#2).hashCode()
15) Command(#2).hashCode()
16) Command(#2).hashCode()
17) Command(#2).start()
18) Command(#2).hashCode()
19) Command(#2).hashCode()
20) Command(#2).isInterruptible()
21) Command(#2).interrupt()
22) Command(#2).hashCode()
23) Command(#2).isInterruptible()
24) Command(#2).hashCode()
25) Command(#2).isCompleted()
26) Command(#2).periodic()
27) Command(#2).isCompleted()
28) Command(#2).isCompleted()
29) Command(#2).periodic()
30) Command(#2).isCompleted()
31) Command(#2).isCompleted()
32) Command(#2).periodic()
33) Command(#2).isCompleted()

Stack traces:
1)                                                                                    io.mockk.impl.InternalPlatform.captureStackTrace                 (InternalPlatform.kt:123)                  
                                                                                        io.mockk.impl.stub.MockKStub.handleInvocation                  (MockKStub.kt:206)                         
                                                      io.mockk.impl.instantiation.JvmMockFactoryHelper$mockHandler$1.invocation                        (JvmMockFactoryHelper.kt:23)               
                                                                               io.mockk.proxy.jvm.advice.Interceptor.call                              (Interceptor.kt:20)                        
                                                                                io.mockk.proxy.jvm.advice.BaseAdvice.handle                            (BaseAdvice.kt:42)                         
                                                              io.mockk.proxy.jvm.advice.jvm.JvmMockKProxyInterceptor.intercept                         (JvmMockKProxyInterceptor.java:31)         
                                                                            com.jdroids.robotlib.command.Command(BB).hashCode                          (-:-1)                                     
                                                                                                   java.util.HashMap.hash                              (HashMap.java:338)                         
                                                                                                   java.util.HashMap.get                               (HashMap.java:556)                         
                                                                          com.jdroids.robotlib.command.SchedulerImpl.requires                          (SchedulerImpl.kt:82)                      
                                                                          com.jdroids.robotlib.command.SchedulerTest.requires() crashes when it should (SchedulerTest.kt:108)                     
                                                                                sun.reflect.NativeMethodAccessorImpl.invoke0                           (NativeMethodAccessorImpl.java:-2)N        
                                                                                sun.reflect.NativeMethodAccessorImpl.invoke                            (NativeMethodAccessorImpl.java:62)         
                                                                            sun.reflect.DelegatingMethodAccessorImpl.invoke                            (DelegatingMethodAccessorImpl.java:43)     
                                                                                            java.lang.reflect.Method.invoke                            (Method.java:498)                          
                                                                     org.junit.platform.commons.util.ReflectionUtils.invokeMethod                      (ReflectionUtils.java:389)                 
                                                                org.junit.jupiter.engine.execution.ExecutableInvoker.invoke                            (ExecutableInvoker.java:115)               
                                                        org.junit.jupiter.engine.descriptor.TestMethodTestDescriptor.lambda$invokeTestMethod$6         (TestMethodTestDescriptor.java:167)        
                                                               org.junit.jupiter.engine.execution.ThrowableCollector.execute                           (ThrowableCollector.java:40)               
                                                        org.junit.jupiter.engine.descriptor.TestMethodTestDescriptor.invokeTestMethod                  (TestMethodTestDescriptor.java:163)        
                                                        org.junit.jupiter.engine.descriptor.TestMethodTestDescriptor.execute                           (TestMethodTestDescriptor.java:110)        
                                                        org.junit.jupiter.engine.descriptor.TestMethodTestDescriptor.execute                           (TestMethodTestDescriptor.java:57)         
                                             org.junit.platform.engine.support.hierarchical.HierarchicalTestExecutor.lambda$execute$3                  (HierarchicalTestExecutor.java:83)         
                                                   org.junit.platform.engine.support.hierarchical.SingleTestExecutor.executeSafely                     (SingleTestExecutor.java:66)               
                                             org.junit.platform.engine.support.hierarchical.HierarchicalTestExecutor.execute                           (HierarchicalTestExecutor.java:77)         
                                             org.junit.platform.engine.support.hierarchical.HierarchicalTestExecutor.lambda$null$2                     (HierarchicalTestExecutor.java:92)         
                                                                         java.util.stream.ForEachOps$ForEachOp$OfRef.accept                            (ForEachOps.java:184)                      
                                                                              java.util.stream.ReferencePipeline$2$1.accept                            (ReferencePipeline.java:175)               
                                                                                                  java.util.Iterator.forEachRemaining                  (Iterator.java:116)                        
                                                                          java.util.Spliterators$IteratorSpliterator.forEachRemaining                  (Spliterators.java:1801)                   
                                                                                   java.util.stream.AbstractPipeline.copyInto                          (AbstractPipeline.java:481)                
                                                                                   java.util.stream.AbstractPipeline.wrapAndCopyInto                   (AbstractPipeline.java:471)                
                                                                               java.util.stream.ForEachOps$ForEachOp.evaluateSequential                (ForEachOps.java:151)                      
                                                                         java.util.stream.ForEachOps$ForEachOp$OfRef.evaluateSequential                (ForEachOps.java:174)                      
                                                                                   java.util.stream.AbstractPipeline.evaluate                          (AbstractPipeline.java:234)                
                                                                                  java.util.stream.ReferencePipeline.forEach                           (ReferencePipeline.java:418)               
                                             org.junit.platform.engine.support.hierarchical.HierarchicalTestExecutor.lambda$execute$3                  (HierarchicalTestExecutor.java:92)         
                                                   org.junit.platform.engine.support.hierarchical.SingleTestExecutor.executeSafely                     (SingleTestExecutor.java:66)               
                                             org.junit.platform.engine.support.hierarchical.HierarchicalTestExecutor.execute                           (HierarchicalTestExecutor.java:77)         
                                             org.junit.platform.engine.support.hierarchical.HierarchicalTestExecutor.lambda$null$2                     (HierarchicalTestExecutor.java:92)         
                                                                         java.util.stream.ForEachOps$ForEachOp$OfRef.accept                            (ForEachOps.java:184)                      
                                                                              java.util.stream.ReferencePipeline$2$1.accept                            (ReferencePipeline.java:175)               
                                                                                                  java.util.Iterator.forEachRemaining                  (Iterator.java:116)                        
                                                                          java.util.Spliterators$IteratorSpliterator.forEachRemaining                  (Spliterators.java:1801)                   
                                                                                   java.util.stream.AbstractPipeline.copyInto                          (AbstractPipeline.java:481)                
                                                                                   java.util.stream.AbstractPipeline.wrapAndCopyInto                   (AbstractPipeline.java:471)                
                                                                               java.util.stream.ForEachOps$ForEachOp.evaluateSequential                (ForEachOps.java:151)                      
                                                                         java.util.stream.ForEachOps$ForEachOp$OfRef.evaluateSequential                (ForEachOps.java:174)                      
                                                                                   java.util.stream.AbstractPipeline.evaluate                          (AbstractPipeline.java:234)                
                                                                                  java.util.stream.ReferencePipeline.forEach                           (ReferencePipeline.java:418)               
                                             org.junit.platform.engine.support.hierarchical.HierarchicalTestExecutor.lambda$execute$3                  (HierarchicalTestExecutor.java:92)         
                                                   org.junit.platform.engine.support.hierarchical.SingleTestExecutor.executeSafely                     (SingleTestExecutor.java:66)               
                                             org.junit.platform.engine.support.hierarchical.HierarchicalTestExecutor.execute                           (HierarchicalTestExecutor.java:77)         
                                             org.junit.platform.engine.support.hierarchical.HierarchicalTestExecutor.execute                           (HierarchicalTestExecutor.java:51)         
                                               org.junit.platform.engine.support.hierarchical.HierarchicalTestEngine.execute                           (HierarchicalTestEngine.java:43)           
                                                                    org.junit.platform.launcher.core.DefaultLauncher.execute                           (DefaultLauncher.java:170)                 
                                                                    org.junit.platform.launcher.core.DefaultLauncher.execute                           (DefaultLauncher.java:154)                 
                                                                    org.junit.platform.launcher.core.DefaultLauncher.execute                           (DefaultLauncher.java:90)                  
   org.gradle.api.internal.tasks.testing.junitplatform.JUnitPlatformTestClassProcessor$CollectAllTestClassesExecutor.processAllTestClasses             (JUnitPlatformTestClassProcessor.java:92)  
   org.gradle.api.internal.tasks.testing.junitplatform.JUnitPlatformTestClassProcessor$CollectAllTestClassesExecutor.access$100                        (JUnitPlatformTestClassProcessor.java:77)  
                                 org.gradle.api.internal.tasks.testing.junitplatform.JUnitPlatformTestClassProcessor.stop                              (JUnitPlatformTestClassProcessor.java:73)  
                                                       org.gradle.api.internal.tasks.testing.SuiteTestClassProcessor.stop                              (SuiteTestClassProcessor.java:61)          
                                                                                sun.reflect.NativeMethodAccessorImpl.invoke0                           (NativeMethodAccessorImpl.java:-2)N        
                                                                                sun.reflect.NativeMethodAccessorImpl.invoke                            (NativeMethodAccessorImpl.java:62)         
                                                                            sun.reflect.DelegatingMethodAccessorImpl.invoke                            (DelegatingMethodAccessorImpl.java:43)     
                                                                                            java.lang.reflect.Method.invoke                            (Method.java:498)                          
                                                                     org.gradle.internal.dispatch.ReflectionDispatch.dispatch                          (ReflectionDispatch.java:35)               
                                                                     org.gradle.internal.dispatch.ReflectionDispatch.dispatch                          (ReflectionDispatch.java:24)               
                                                             org.gradle.internal.dispatch.ContextClassLoaderDispatch.dispatch                          (ContextClassLoaderDispatch.java:32)       
                                      org.gradle.internal.dispatch.ProxyDispatchAdapter$DispatchingInvocationHandler.invoke                            (ProxyDispatchAdapter.java:93)             
                                                                                               com.sun.proxy.$Proxy1.stop                              (-:-1)                                     
                                                             org.gradle.api.internal.tasks.testing.worker.TestWorker.stop                              (TestWorker.java:123)                      
                                                                                sun.reflect.NativeMethodAccessorImpl.invoke0                           (NativeMethodAccessorImpl.java:-2)N        
                                                                                sun.reflect.NativeMethodAccessorImpl.invoke                            (NativeMethodAccessorImpl.java:62)         
                                                                            sun.reflect.DelegatingMethodAccessorImpl.invoke                            (DelegatingMethodAccessorImpl.java:43)     
                                                                                            java.lang.reflect.Method.invoke                            (Method.java:498)                          
                                                                     org.gradle.internal.dispatch.ReflectionDispatch.dispatch                          (ReflectionDispatch.java:35)               
                                                                     org.gradle.internal.dispatch.ReflectionDispatch.dispatch                          (ReflectionDispatch.java:24)               
                            org.gradle.internal.remote.internal.hub.MessageHubBackedObjectConnection$DispatchWrapper.dispatch                          (MessageHubBackedObjectConnection.java:155)
                            org.gradle.internal.remote.internal.hub.MessageHubBackedObjectConnection$DispatchWrapper.dispatch                          (MessageHubBackedObjectConnection.java:137)
                                                          org.gradle.internal.remote.internal.hub.MessageHub$Handler.run                               (MessageHub.java:404)                      
                                                org.gradle.internal.concurrent.ExecutorPolicy$CatchAndRecordFailures.onExecute                         (ExecutorPolicy.java:63)                   
                                                                org.gradle.internal.concurrent.ManagedExecutorImpl$1.run                               (ManagedExecutorImpl.java:46)              
                                                                             java.util.concurrent.ThreadPoolExecutor.runWorker                         (ThreadPoolExecutor.java:1142)             
                                                                      java.util.concurrent.ThreadPoolExecutor$Worker.run                               (ThreadPoolExecutor.java:617)              
                                              org.gradle.internal.concurrent.ThreadFactoryImpl$ManagedThreadRunnable.run                               (ThreadFactoryImpl.java:55)                
                                                                                                    java.lang.Thread.run                               (Thread.java:748)                          

2)                                                                                    io.mockk.impl.InternalPlatform.captureStackTrace                 (InternalPlatform.kt:123)                  
                                                                                        io.mockk.impl.stub.MockKStub.handleInvocation                  (MockKStub.kt:206)                         
                                                      io.mockk.impl.instantiation.JvmMockFactoryHelper$mockHandler$1.invocation                        (JvmMockFactoryHelper.kt:23)               
                                                                               io.mockk.proxy.jvm.advice.Interceptor.call                              (Interceptor.kt:20)                        
                                                                                io.mockk.proxy.jvm.advice.BaseAdvice.handle                            (BaseAdvice.kt:42)                         
                                                              io.mockk.proxy.jvm.advice.jvm.JvmMockKProxyInterceptor.intercept                         (JvmMockKProxyInterceptor.java:31)         
                                                                            com.jdroids.robotlib.command.Command(BB).hashCode                          (-:-1)                                     
                                                                                                   java.util.HashMap.hash                              (HashMap.java:338)                         
                                                                                                   java.util.HashMap.put                               (HashMap.java:611)                         
                                                                          com.jdroids.robotlib.command.SchedulerImpl.requires                          (SchedulerImpl.kt:83)                      
                                                                          com.jdroids.robotlib.command.SchedulerTest.requires() crashes when it should (SchedulerTest.kt:108)                     
                                                                                sun.reflect.NativeMethodAccessorImpl.invoke0                           (NativeMethodAccessorImpl.java:-2)N        
                                                                                sun.reflect.NativeMethodAccessorImpl.invoke                            (NativeMethodAccessorImpl.java:62)         
                                                                            sun.reflect.DelegatingMethodAccessorImpl.invoke                            (DelegatingMethodAccessorImpl.java:43)     
                                                                                            java.lang.reflect.Method.invoke                            (Method.java:498)                          
                                                                     org.junit.platform.commons.util.ReflectionUtils.invokeMethod                      (ReflectionUtils.java:389)                 
                                                                org.junit.jupiter.engine.execution.ExecutableInvoker.invoke                            (ExecutableInvoker.java:115)               
                                                        org.junit.jupiter.engine.descriptor.TestMethodTestDescriptor.lambda$invokeTestMethod$6         (TestMethodTestDescriptor.java:167)        
                                                               org.junit.jupiter.engine.execution.ThrowableCollector.execute                           (ThrowableCollector.java:40)               
                                                        org.junit.jupiter.engine.descriptor.TestMethodTestDescriptor.invokeTestMethod                  (TestMethodTestDescriptor.java:163)        
                                                        org.junit.jupiter.engine.descriptor.TestMethodTestDescriptor.execute                           (TestMethodTestDescriptor.java:110)        
                                                        org.junit.jupiter.engine.descriptor.TestMethodTestDescriptor.execute                           (TestMethodTestDescriptor.java:57)         
                                             org.junit.platform.engine.support.hierarchical.HierarchicalTestExecutor.lambda$execute$3                  (HierarchicalTestExecutor.java:83)         
                                                   org.junit.platform.engine.support.hierarchical.SingleTestExecutor.executeSafely                     (SingleTestExecutor.java:66)               
                                             org.junit.platform.engine.support.hierarchical.HierarchicalTestExecutor.execute                           (HierarchicalTestExecutor.java:77)         
                                             org.junit.platform.engine.support.hierarchical.HierarchicalTestExecutor.lambda$null$2                     (HierarchicalTestExecutor.java:92)         
                                                                         java.util.stream.ForEachOps$ForEachOp$OfRef.accept                            (ForEachOps.java:184)                      
                                                                              java.util.stream.ReferencePipeline$2$1.accept                            (ReferencePipeline.java:175)               
                                                                                                  java.util.Iterator.forEachRemaining                  (Iterator.java:116)                        
                                                                          java.util.Spliterators$IteratorSpliterator.forEachRemaining                  (Spliterators.java:1801)                   
                                                                                   java.util.stream.AbstractPipeline.copyInto                          (AbstractPipeline.java:481)                
                                                                                   java.util.stream.AbstractPipeline.wrapAndCopyInto                   (AbstractPipeline.java:471)                
                                                                               java.util.stream.ForEachOps$ForEachOp.evaluateSequential                (ForEachOps.java:151)                      
                                                                         java.util.stream.ForEachOps$ForEachOp$OfRef.evaluateSequential                (ForEachOps.java:174)                      
                                                                                   java.util.stream.AbstractPipeline.evaluate                          (AbstractPipeline.java:234)                
                                                                                  java.util.stream.ReferencePipeline.forEach                           (ReferencePipeline.java:418)               
                                             org.junit.platform.engine.support.hierarchical.HierarchicalTestExecutor.lambda$execute$3                  (HierarchicalTestExecutor.java:92)         
                                                   org.junit.platform.engine.support.hierarchical.SingleTestExecutor.executeSafely                     (SingleTestExecutor.java:66)               
                                             org.junit.platform.engine.support.hierarchical.HierarchicalTestExecutor.execute                           (HierarchicalTestExecutor.java:77)         
                                             org.junit.platform.engine.support.hierarchical.HierarchicalTestExecutor.lambda$null$2                     (HierarchicalTestExecutor.java:92)         
                                                                         java.util.stream.ForEachOps$ForEachOp$OfRef.accept                            (ForEachOps.java:184)                      
                                                                              java.util.stream.ReferencePipeline$2$1.accept                            (ReferencePipeline.java:175)               
                                                                                                  java.util.Iterator.forEachRemaining                  (Iterator.java:116)                        
                                                                          java.util.Spliterators$IteratorSpliterator.forEachRemaining                  (Spliterators.java:1801)                   
                                                                                   java.util.stream.AbstractPipeline.copyInto                          (AbstractPipeline.java:481)                
                                                                                   java.util.stream.AbstractPipeline.wrapAndCopyInto                   (AbstractPipeline.java:471)                
                                                                               java.util.stream.ForEachOps$ForEachOp.evaluateSequential                (ForEachOps.java:151)                      
                                                                         java.util.stream.ForEachOps$ForEachOp$OfRef.evaluateSequential                (ForEachOps.java:174)                      
                                                                                   java.util.stream.AbstractPipeline.evaluate                          (AbstractPipeline.java:234)                
                                                                                  java.util.stream.ReferencePipeline.forEach                           (ReferencePipeline.java:418)               
                                             org.junit.platform.engine.support.hierarchical.HierarchicalTestExecutor.lambda$execute$3                  (HierarchicalTestExecutor.java:92)         
                                                   org.junit.platform.engine.support.hierarchical.SingleTestExecutor.executeSafely                     (SingleTestExecutor.java:66)               
                                             org.junit.platform.engine.support.hierarchical.HierarchicalTestExecutor.execute                           (HierarchicalTestExecutor.java:77)         
                                             org.junit.platform.engine.support.hierarchical.HierarchicalTestExecutor.execute                           (HierarchicalTestExecutor.java:51)         
                                               org.junit.platform.engine.support.hierarchical.HierarchicalTestEngine.execute                           (HierarchicalTestEngine.java:43)           
                                                                    org.junit.platform.launcher.core.DefaultLauncher.execute                           (DefaultLauncher.java:170)                 
                                                                    org.junit.platform.launcher.core.DefaultLauncher.execute                           (DefaultLauncher.java:154)                 
                                                                    org.junit.platform.launcher.core.DefaultLauncher.execute                           (DefaultLauncher.java:90)                  
   org.gradle.api.internal.tasks.testing.junitplatform.JUnitPlatformTestClassProcessor$CollectAllTestClassesExecutor.processAllTestClasses             (JUnitPlatformTestClassProcessor.java:92)  
   org.gradle.api.internal.tasks.testing.junitplatform.JUnitPlatformTestClassProcessor$CollectAllTestClassesExecutor.access$100                        (JUnitPlatformTestClassProcessor.java:77)  
                                 org.gradle.api.internal.tasks.testing.junitplatform.JUnitPlatformTestClassProcessor.stop                              (JUnitPlatformTestClassProcessor.java:73)  
                                                       org.gradle.api.internal.tasks.testing.SuiteTestClassProcessor.stop                              (SuiteTestClassProcessor.java:61)          
                                                                                sun.reflect.NativeMethodAccessorImpl.invoke0                           (NativeMethodAccessorImpl.java:-2)N        
                                                                                sun.reflect.NativeMethodAccessorImpl.invoke                            (NativeMethodAccessorImpl.java:62)         
                                                                            sun.reflect.DelegatingMethodAccessorImpl.invoke                            (DelegatingMethodAccessorImpl.java:43)     
                                                                                            java.lang.reflect.Method.invoke                            (Method.java:498)                          
                                                                     org.gradle.internal.dispatch.ReflectionDispatch.dispatch                          (ReflectionDispatch.java:35)               
                                                                     org.gradle.internal.dispatch.ReflectionDispatch.dispatch                          (ReflectionDispatch.java:24)               
                                                             org.gradle.internal.dispatch.ContextClassLoaderDispatch.dispatch                          (ContextClassLoaderDispatch.java:32)       
                                      org.gradle.internal.dispatch.ProxyDispatchAdapter$DispatchingInvocationHandler.invoke                            (ProxyDispatchAdapter.java:93)             
                                                                                               com.sun.proxy.$Proxy1.stop                              (-:-1)                                     
                                                             org.gradle.api.internal.tasks.testing.worker.TestWorker.stop                              (TestWorker.java:123)                      
                                                                                sun.reflect.NativeMethodAccessorImpl.invoke0                           (NativeMethodAccessorImpl.java:-2)N        
                                                                                sun.reflect.NativeMethodAccessorImpl.invoke                            (NativeMethodAccessorImpl.java:62)         
                                                                            sun.reflect.DelegatingMethodAccessorImpl.invoke                            (DelegatingMethodAccessorImpl.java:43)     
                                                                                            java.lang.reflect.Method.invoke                            (Method.java:498)                          
                                                                     org.gradle.internal.dispatch.ReflectionDispatch.dispatch                          (ReflectionDispatch.java:35)               
                                                                     org.gradle.internal.dispatch.ReflectionDispatch.dispatch                          (ReflectionDispatch.java:24)               
                            org.gradle.internal.remote.internal.hub.MessageHubBackedObjectConnection$DispatchWrapper.dispatch                          (MessageHubBackedObjectConnection.java:155)
                            org.gradle.internal.remote.internal.hub.MessageHubBackedObjectConnection$DispatchWrapper.dispatch                          (MessageHubBackedObjectConnection.java:137)
                                                          org.gradle.internal.remote.internal.hub.MessageHub$Handler.run                               (MessageHub.java:404)                      
                                                org.gradle.internal.concurrent.ExecutorPolicy$CatchAndRecordFailures.onExecute                         (ExecutorPolicy.java:63)                   
                                                                org.gradle.internal.concurrent.ManagedExecutorImpl$1.run                               (ManagedExecutorImpl.java:46)              
                                                                             java.util.concurrent.ThreadPoolExecutor.runWorker                         (ThreadPoolExecutor.java:1142)             
                                                                      java.util.concurrent.ThreadPoolExecutor$Worker.run                               (ThreadPoolExecutor.java:617)              
                                              org.gradle.internal.concurrent.ThreadFactoryImpl$ManagedThreadRunnable.run                               (ThreadFactoryImpl.java:55)                
                                                                                                    java.lang.Thread.run                               (Thread.java:748)                          

3)                                                                                    io.mockk.impl.InternalPlatform.captureStackTrace                 (InternalPlatform.kt:123)                  
                                                                                        io.mockk.impl.stub.MockKStub.handleInvocation                  (MockKStub.kt:206)                         
                                                      io.mockk.impl.instantiation.JvmMockFactoryHelper$mockHandler$1.invocation                        (JvmMockFactoryHelper.kt:23)               
                                                                               io.mockk.proxy.jvm.advice.Interceptor.call                              (Interceptor.kt:20)                        
                                                                                io.mockk.proxy.jvm.advice.BaseAdvice.handle                            (BaseAdvice.kt:42)                         
                                                              io.mockk.proxy.jvm.advice.jvm.JvmMockKProxyInterceptor.intercept                         (JvmMockKProxyInterceptor.java:31)         
                                                                            com.jdroids.robotlib.command.Command(BB).hashCode                          (-:-1)                                     
                                                                                                   java.util.HashMap.hash                              (HashMap.java:338)                         
                                                                                                   java.util.HashMap.get                               (HashMap.java:556)                         
                                                                          com.jdroids.robotlib.command.SchedulerImpl.requires                          (SchedulerImpl.kt:86)                      
                                                                          com.jdroids.robotlib.command.SchedulerTest.requires() crashes when it should (SchedulerTest.kt:108)                     
                                                                                sun.reflect.NativeMethodAccessorImpl.invoke0                           (NativeMethodAccessorImpl.java:-2)N        
                                                                                sun.reflect.NativeMethodAccessorImpl.invoke                            (NativeMethodAccessorImpl.java:62)         
                                                                            sun.reflect.DelegatingMethodAccessorImpl.invoke                            (DelegatingMethodAccessorImpl.java:43)     
                                                                                            java.lang.reflect.Method.invoke                            (Method.java:498)                          
                                                                     org.junit.platform.commons.util.ReflectionUtils.invokeMethod                      (ReflectionUtils.java:389)                 
                                                                org.junit.jupiter.engine.execution.ExecutableInvoker.invoke                            (ExecutableInvoker.java:115)               
                                                        org.junit.jupiter.engine.descriptor.TestMethodTestDescriptor.lambda$invokeTestMethod$6         (TestMethodTestDescriptor.java:167)        
                                                               org.junit.jupiter.engine.execution.ThrowableCollector.execute                           (ThrowableCollector.java:40)               
                                                        org.junit.jupiter.engine.descriptor.TestMethodTestDescriptor.invokeTestMethod                  (TestMethodTestDescriptor.java:163)        
                                                        org.junit.jupiter.engine.descriptor.TestMethodTestDescriptor.execute                           (TestMethodTestDescriptor.java:110)        
                                                        org.junit.jupiter.engine.descriptor.TestMethodTestDescriptor.execute                           (TestMethodTestDescriptor.java:57)         
                                             org.junit.platform.engine.support.hierarchical.HierarchicalTestExecutor.lambda$execute$3                  (HierarchicalTestExecutor.java:83)         
                                                   org.junit.platform.engine.support.hierarchical.SingleTestExecutor.executeSafely                     (SingleTestExecutor.java:66)               
                                             org.junit.platform.engine.support.hierarchical.HierarchicalTestExecutor.execute                           (HierarchicalTestExecutor.java:77)         
                                             org.junit.platform.engine.support.hierarchical.HierarchicalTestExecutor.lambda$null$2                     (HierarchicalTestExecutor.java:92)         
                                                                         java.util.stream.ForEachOps$ForEachOp$OfRef.accept                            (ForEachOps.java:184)                      
                                                                              java.util.stream.ReferencePipeline$2$1.accept                            (ReferencePipeline.java:175)               
                                                                                                  java.util.Iterator.forEachRemaining                  (Iterator.java:116)                        
                                                                          java.util.Spliterators$IteratorSpliterator.forEachRemaining                  (Spliterators.java:1801)                   
                                                                                   java.util.stream.AbstractPipeline.copyInto                          (AbstractPipeline.java:481)                
                                                                                   java.util.stream.AbstractPipeline.wrapAndCopyInto                   (AbstractPipeline.java:471)                
                                                                               java.util.stream.ForEachOps$ForEachOp.evaluateSequential                (ForEachOps.java:151)                      
                                                                         java.util.stream.ForEachOps$ForEachOp$OfRef.evaluateSequential                (ForEachOps.java:174)                      
                                                                                   java.util.stream.AbstractPipeline.evaluate                          (AbstractPipeline.java:234)                
                                                                                  java.util.stream.ReferencePipeline.forEach                           (ReferencePipeline.java:418)               
                                             org.junit.platform.engine.support.hierarchical.HierarchicalTestExecutor.lambda$execute$3                  (HierarchicalTestExecutor.java:92)         
                                                   org.junit.platform.engine.support.hierarchical.SingleTestExecutor.executeSafely                     (SingleTestExecutor.java:66)               
                                             org.junit.platform.engine.support.hierarchical.HierarchicalTestExecutor.execute                           (HierarchicalTestExecutor.java:77)         
                                             org.junit.platform.engine.support.hierarchical.HierarchicalTestExecutor.lambda$null$2                     (HierarchicalTestExecutor.java:92)         
                                                                         java.util.stream.ForEachOps$ForEachOp$OfRef.accept                            (ForEachOps.java:184)                      
                                                                              java.util.stream.ReferencePipeline$2$1.accept                            (ReferencePipeline.java:175)               
                                                                                                  java.util.Iterator.forEachRemaining                  (Iterator.java:116)                        
                                                                          java.util.Spliterators$IteratorSpliterator.forEachRemaining                  (Spliterators.java:1801)                   
                                                                                   java.util.stream.AbstractPipeline.copyInto                          (AbstractPipeline.java:481)                
                                                                                   java.util.stream.AbstractPipeline.wrapAndCopyInto                   (AbstractPipeline.java:471)                
                                                                               java.util.stream.ForEachOps$ForEachOp.evaluateSequential                (ForEachOps.java:151)                      
                                                                         java.util.stream.ForEachOps$ForEachOp$OfRef.evaluateSequential                (ForEachOps.java:174)                      
                                                                                   java.util.stream.AbstractPipeline.evaluate                          (AbstractPipeline.java:234)                
                                                                                  java.util.stream.ReferencePipeline.forEach                           (ReferencePipeline.java:418)               
                                             org.junit.platform.engine.support.hierarchical.HierarchicalTestExecutor.lambda$execute$3                  (HierarchicalTestExecutor.java:92)         
                                                   org.junit.platform.engine.support.hierarchical.SingleTestExecutor.executeSafely                     (SingleTestExecutor.java:66)               
                                             org.junit.platform.engine.support.hierarchical.HierarchicalTestExecutor.execute                           (HierarchicalTestExecutor.java:77)         
                                             org.junit.platform.engine.support.hierarchical.HierarchicalTestExecutor.execute                           (HierarchicalTestExecutor.java:51)         
                                               org.junit.platform.engine.support.hierarchical.HierarchicalTestEngine.execute                           (HierarchicalTestEngine.java:43)           
                                                                    org.junit.platform.launcher.core.DefaultLauncher.execute                           (DefaultLauncher.java:170)                 
                                                                    org.junit.platform.launcher.core.DefaultLauncher.execute                           (DefaultLauncher.java:154)                 
                                                                    org.junit.platform.launcher.core.DefaultLauncher.execute                           (DefaultLauncher.java:90)                  
   org.gradle.api.internal.tasks.testing.junitplatform.JUnitPlatformTestClassProcessor$CollectAllTestClassesExecutor.processAllTestClasses             (JUnitPlatformTestClassProcessor.java:92)  
   org.gradle.api.internal.tasks.testing.junitplatform.JUnitPlatformTestClassProcessor$CollectAllTestClassesExecutor.access$100                        (JUnitPlatformTestClassProcessor.java:77)  
                                 org.gradle.api.internal.tasks.testing.junitplatform.JUnitPlatformTestClassProcessor.stop                              (JUnitPlatformTestClassProcessor.java:73)  
                                                       org.gradle.api.internal.tasks.testing.SuiteTestClassProcessor.stop                              (SuiteTestClassProcessor.java:61)          
                                                                                sun.reflect.NativeMethodAccessorImpl.invoke0                           (NativeMethodAccessorImpl.java:-2)N        
                                                                                sun.reflect.NativeMethodAccessorImpl.invoke                            (NativeMethodAccessorImpl.java:62)         
                                                                            sun.reflect.DelegatingMethodAccessorImpl.invoke                            (DelegatingMethodAccessorImpl.java:43)     
                                                                                            java.lang.reflect.Method.invoke                            (Method.java:498)                          
                                                                     org.gradle.internal.dispatch.ReflectionDispatch.dispatch                          (ReflectionDispatch.java:35)               
                                                                     org.gradle.internal.dispatch.ReflectionDispatch.dispatch                          (ReflectionDispatch.java:24)               
                                                             org.gradle.internal.dispatch.ContextClassLoaderDispatch.dispatch                          (ContextClassLoaderDispatch.java:32)       
                                      org.gradle.internal.dispatch.ProxyDispatchAdapter$DispatchingInvocationHandler.invoke                            (ProxyDispatchAdapter.java:93)             
                                                                                               com.sun.proxy.$Proxy1.stop                              (-:-1)                                     
                                                             org.gradle.api.internal.tasks.testing.worker.TestWorker.stop                              (TestWorker.java:123)                      
                                                                                sun.reflect.NativeMethodAccessorImpl.invoke0                           (NativeMethodAccessorImpl.java:-2)N        
                                                                                sun.reflect.NativeMethodAccessorImpl.invoke                            (NativeMethodAccessorImpl.java:62)         
                                                                            sun.reflect.DelegatingMethodAccessorImpl.invoke                            (DelegatingMethodAccessorImpl.java:43)     
                                                                                            java.lang.reflect.Method.invoke                            (Method.java:498)                          
                                                                     org.gradle.internal.dispatch.ReflectionDispatch.dispatch                          (ReflectionDispatch.java:35)               
                                                                     org.gradle.internal.dispatch.ReflectionDispatch.dispatch                          (ReflectionDispatch.java:24)               
                            org.gradle.internal.remote.internal.hub.MessageHubBackedObjectConnection$DispatchWrapper.dispatch                          (MessageHubBackedObjectConnection.java:155)
                            org.gradle.internal.remote.internal.hub.MessageHubBackedObjectConnection$DispatchWrapper.dispatch                          (MessageHubBackedObjectConnection.java:137)
                                                          org.gradle.internal.remote.internal.hub.MessageHub$Handler.run                               (MessageHub.java:404)                      
                                                org.gradle.internal.concurrent.ExecutorPolicy$CatchAndRecordFailures.onExecute                         (ExecutorPolicy.java:63)                   
                                                                org.gradle.internal.concurrent.ManagedExecutorImpl$1.run                               (ManagedExecutorImpl.java:46)              
                                                                             java.util.concurrent.ThreadPoolExecutor.runWorker                         (ThreadPoolExecutor.java:1142)             
                                                                      java.util.concurrent.ThreadPoolExecutor$Worker.run                               (ThreadPoolExecutor.java:617)              
                                              org.gradle.internal.concurrent.ThreadFactoryImpl$ManagedThreadRunnable.run                               (ThreadFactoryImpl.java:55)                
                                                                                                    java.lang.Thread.run                               (Thread.java:748)                          

4)                                                                                    io.mockk.impl.InternalPlatform.captureStackTrace                 (InternalPlatform.kt:123)                  
                                                                                        io.mockk.impl.stub.MockKStub.handleInvocation                  (MockKStub.kt:206)                         
                                                      io.mockk.impl.instantiation.JvmMockFactoryHelper$mockHandler$1.invocation                        (JvmMockFactoryHelper.kt:23)               
                                                                               io.mockk.proxy.jvm.advice.Interceptor.call                              (Interceptor.kt:20)                        
                                                                                io.mockk.proxy.jvm.advice.BaseAdvice.handle                            (BaseAdvice.kt:42)                         
                                                              io.mockk.proxy.jvm.advice.jvm.JvmMockKProxyInterceptor.interceptNoSuper                  (JvmMockKProxyInterceptor.java:45)         
                                                                            com.jdroids.robotlib.command.Command(BB).start                             (-:-1)                                     
                                                                          com.jdroids.robotlib.command.SchedulerImpl.run                               (SchedulerImpl.kt:31)                      
                                                                          com.jdroids.robotlib.command.SchedulerTest.requires() crashes when it should (SchedulerTest.kt:110)                     
                                                                                sun.reflect.NativeMethodAccessorImpl.invoke0                           (NativeMethodAccessorImpl.java:-2)N        
                                                                                sun.reflect.NativeMethodAccessorImpl.invoke                            (NativeMethodAccessorImpl.java:62)         
                                                                            sun.reflect.DelegatingMethodAccessorImpl.invoke                            (DelegatingMethodAccessorImpl.java:43)     
                                                                                            java.lang.reflect.Method.invoke                            (Method.java:498)                          
                                                                     org.junit.platform.commons.util.ReflectionUtils.invokeMethod                      (ReflectionUtils.java:389)                 
                                                                org.junit.jupiter.engine.execution.ExecutableInvoker.invoke                            (ExecutableInvoker.java:115)               
                                                        org.junit.jupiter.engine.descriptor.TestMethodTestDescriptor.lambda$invokeTestMethod$6         (TestMethodTestDescriptor.java:167)        
                                                               org.junit.jupiter.engine.execution.ThrowableCollector.execute                           (ThrowableCollector.java:40)               
                                                        org.junit.jupiter.engine.descriptor.TestMethodTestDescriptor.invokeTestMethod                  (TestMethodTestDescriptor.java:163)        
                                                        org.junit.jupiter.engine.descriptor.TestMethodTestDescriptor.execute                           (TestMethodTestDescriptor.java:110)        
                                                        org.junit.jupiter.engine.descriptor.TestMethodTestDescriptor.execute                           (TestMethodTestDescriptor.java:57)         
                                             org.junit.platform.engine.support.hierarchical.HierarchicalTestExecutor.lambda$execute$3                  (HierarchicalTestExecutor.java:83)         
                                                   org.junit.platform.engine.support.hierarchical.SingleTestExecutor.executeSafely                     (SingleTestExecutor.java:66)               
                                             org.junit.platform.engine.support.hierarchical.HierarchicalTestExecutor.execute                           (HierarchicalTestExecutor.java:77)         
                                             org.junit.platform.engine.support.hierarchical.HierarchicalTestExecutor.lambda$null$2                     (HierarchicalTestExecutor.java:92)         
                                                                         java.util.stream.ForEachOps$ForEachOp$OfRef.accept                            (ForEachOps.java:184)                      
                                                                              java.util.stream.ReferencePipeline$2$1.accept                            (ReferencePipeline.java:175)               
                                                                                                  java.util.Iterator.forEachRemaining                  (Iterator.java:116)                        
                                                                          java.util.Spliterators$IteratorSpliterator.forEachRemaining                  (Spliterators.java:1801)                   
                                                                                   java.util.stream.AbstractPipeline.copyInto                          (AbstractPipeline.java:481)                
                                                                                   java.util.stream.AbstractPipeline.wrapAndCopyInto                   (AbstractPipeline.java:471)                
                                                                               java.util.stream.ForEachOps$ForEachOp.evaluateSequential                (ForEachOps.java:151)                      
                                                                         java.util.stream.ForEachOps$ForEachOp$OfRef.evaluateSequential                (ForEachOps.java:174)                      
                                                                                   java.util.stream.AbstractPipeline.evaluate                          (AbstractPipeline.java:234)                
                                                                                  java.util.stream.ReferencePipeline.forEach                           (ReferencePipeline.java:418)               
                                             org.junit.platform.engine.support.hierarchical.HierarchicalTestExecutor.lambda$execute$3                  (HierarchicalTestExecutor.java:92)         
                                                   org.junit.platform.engine.support.hierarchical.SingleTestExecutor.executeSafely                     (SingleTestExecutor.java:66)               
                                             org.junit.platform.engine.support.hierarchical.HierarchicalTestExecutor.execute                           (HierarchicalTestExecutor.java:77)         
                                             org.junit.platform.engine.support.hierarchical.HierarchicalTestExecutor.lambda$null$2                     (HierarchicalTestExecutor.java:92)         
                                                                         java.util.stream.ForEachOps$ForEachOp$OfRef.accept                            (ForEachOps.java:184)                      
                                                                              java.util.stream.ReferencePipeline$2$1.accept                            (ReferencePipeline.java:175)               
                                                                                                  java.util.Iterator.forEachRemaining                  (Iterator.java:116)                        
                                                                          java.util.Spliterators$IteratorSpliterator.forEachRemaining                  (Spliterators.java:1801)                   
                                                                                   java.util.stream.AbstractPipeline.copyInto                          (AbstractPipeline.java:481)                
                                                                                   java.util.stream.AbstractPipeline.wrapAndCopyInto                   (AbstractPipeline.java:471)                
                                                                               java.util.stream.ForEachOps$ForEachOp.evaluateSequential                (ForEachOps.java:151)                      
                                                                         java.util.stream.ForEachOps$ForEachOp$OfRef.evaluateSequential                (ForEachOps.java:174)                      
                                                                                   java.util.stream.AbstractPipeline.evaluate                          (AbstractPipeline.java:234)                
                                                                                  java.util.stream.ReferencePipeline.forEach                           (ReferencePipeline.java:418)               
                                             org.junit.platform.engine.support.hierarchical.HierarchicalTestExecutor.lambda$execute$3                  (HierarchicalTestExecutor.java:92)         
                                                   org.junit.platform.engine.support.hierarchical.SingleTestExecutor.executeSafely                     (SingleTestExecutor.java:66)               
                                             org.junit.platform.engine.support.hierarchical.HierarchicalTestExecutor.execute                           (HierarchicalTestExecutor.java:77)         
                                             org.junit.platform.engine.support.hierarchical.HierarchicalTestExecutor.execute                           (HierarchicalTestExecutor.java:51)         
                                               org.junit.platform.engine.support.hierarchical.HierarchicalTestEngine.execute                           (HierarchicalTestEngine.java:43)           
                                                                    org.junit.platform.launcher.core.DefaultLauncher.execute                           (DefaultLauncher.java:170)                 
                                                                    org.junit.platform.launcher.core.DefaultLauncher.execute                           (DefaultLauncher.java:154)                 
                                                                    org.junit.platform.launcher.core.DefaultLauncher.execute                           (DefaultLauncher.java:90)                  
   org.gradle.api.internal.tasks.testing.junitplatform.JUnitPlatformTestClassProcessor$CollectAllTestClassesExecutor.processAllTestClasses             (JUnitPlatformTestClassProcessor.java:92)  
   org.gradle.api.internal.tasks.testing.junitplatform.JUnitPlatformTestClassProcessor$CollectAllTestClassesExecutor.access$100                        (JUnitPlatformTestClassProcessor.java:77)  
                                 org.gradle.api.internal.tasks.testing.junitplatform.JUnitPlatformTestClassProcessor.stop                              (JUnitPlatformTestClassProcessor.java:73)  
                                                       org.gradle.api.internal.tasks.testing.SuiteTestClassProcessor.stop                              (SuiteTestClassProcessor.java:61)          
                                                                                sun.reflect.NativeMethodAccessorImpl.invoke0                           (NativeMethodAccessorImpl.java:-2)N        
                                                                                sun.reflect.NativeMethodAccessorImpl.invoke                            (NativeMethodAccessorImpl.java:62)         
                                                                            sun.reflect.DelegatingMethodAccessorImpl.invoke                            (DelegatingMethodAccessorImpl.java:43)     
                                                                                            java.lang.reflect.Method.invoke                            (Method.java:498)                          
                                                                     org.gradle.internal.dispatch.ReflectionDispatch.dispatch                          (ReflectionDispatch.java:35)               
                                                                     org.gradle.internal.dispatch.ReflectionDispatch.dispatch                          (ReflectionDispatch.java:24)               
                                                             org.gradle.internal.dispatch.ContextClassLoaderDispatch.dispatch                          (ContextClassLoaderDispatch.java:32)       
                                      org.gradle.internal.dispatch.ProxyDispatchAdapter$DispatchingInvocationHandler.invoke                            (ProxyDispatchAdapter.java:93)             
                                                                                               com.sun.proxy.$Proxy1.stop                              (-:-1)                                     
                                                             org.gradle.api.internal.tasks.testing.worker.TestWorker.stop                              (TestWorker.java:123)                      
                                                                                sun.reflect.NativeMethodAccessorImpl.invoke0                           (NativeMethodAccessorImpl.java:-2)N        
                                                                                sun.reflect.NativeMethodAccessorImpl.invoke                            (NativeMethodAccessorImpl.java:62)         
                                                                            sun.reflect.DelegatingMethodAccessorImpl.invoke                            (DelegatingMethodAccessorImpl.java:43)     
                                                                                            java.lang.reflect.Method.invoke                            (Method.java:498)                          
                                                                     org.gradle.internal.dispatch.ReflectionDispatch.dispatch                          (ReflectionDispatch.java:35)               
                                                                     org.gradle.internal.dispatch.ReflectionDispatch.dispatch                          (ReflectionDispatch.java:24)               
                            org.gradle.internal.remote.internal.hub.MessageHubBackedObjectConnection$DispatchWrapper.dispatch                          (MessageHubBackedObjectConnection.java:155)
                            org.gradle.internal.remote.internal.hub.MessageHubBackedObjectConnection$DispatchWrapper.dispatch                          (MessageHubBackedObjectConnection.java:137)
                                                          org.gradle.internal.remote.internal.hub.MessageHub$Handler.run                               (MessageHub.java:404)                      
                                                org.gradle.internal.concurrent.ExecutorPolicy$CatchAndRecordFailures.onExecute                         (ExecutorPolicy.java:63)                   
                                                                org.gradle.internal.concurrent.ManagedExecutorImpl$1.run                               (ManagedExecutorImpl.java:46)              
                                                                             java.util.concurrent.ThreadPoolExecutor.runWorker                         (ThreadPoolExecutor.java:1142)             
                                                                      java.util.concurrent.ThreadPoolExecutor$Worker.run                               (ThreadPoolExecutor.java:617)              
                                              org.gradle.internal.concurrent.ThreadFactoryImpl$ManagedThreadRunnable.run                               (ThreadFactoryImpl.java:55)                
                                                                                                    java.lang.Thread.run                               (Thread.java:748)                          

5)                                                                                    io.mockk.impl.InternalPlatform.captureStackTrace                 (InternalPlatform.kt:123)                  
                                                                                        io.mockk.impl.stub.MockKStub.handleInvocation                  (MockKStub.kt:206)                         
                                                      io.mockk.impl.instantiation.JvmMockFactoryHelper$mockHandler$1.invocation                        (JvmMockFactoryHelper.kt:23)               
                                                                               io.mockk.proxy.jvm.advice.Interceptor.call                              (Interceptor.kt:20)                        
                                                                                io.mockk.proxy.jvm.advice.BaseAdvice.handle                            (BaseAdvice.kt:42)                         
                                                              io.mockk.proxy.jvm.advice.jvm.JvmMockKProxyInterceptor.intercept                         (JvmMockKProxyInterceptor.java:31)         
                                                                            com.jdroids.robotlib.command.Command(BB).hashCode                          (-:-1)                                     
                                                                                                   java.util.HashMap.hash                              (HashMap.java:338)                         
                                                                                                   java.util.HashMap.put                               (HashMap.java:611)                         
                                                                                                   java.util.HashSet.add                               (HashSet.java:219)                         
                                                                          com.jdroids.robotlib.command.SchedulerImpl.run                               (SchedulerImpl.kt:32)                      
                                                                          com.jdroids.robotlib.command.SchedulerTest.requires() crashes when it should (SchedulerTest.kt:110)                     
                                                                                sun.reflect.NativeMethodAccessorImpl.invoke0                           (NativeMethodAccessorImpl.java:-2)N        
                                                                                sun.reflect.NativeMethodAccessorImpl.invoke                            (NativeMethodAccessorImpl.java:62)         
                                                                            sun.reflect.DelegatingMethodAccessorImpl.invoke                            (DelegatingMethodAccessorImpl.java:43)     
                                                                                            java.lang.reflect.Method.invoke                            (Method.java:498)                          
                                                                     org.junit.platform.commons.util.ReflectionUtils.invokeMethod                      (ReflectionUtils.java:389)                 
                                                                org.junit.jupiter.engine.execution.ExecutableInvoker.invoke                            (ExecutableInvoker.java:115)               
                                                        org.junit.jupiter.engine.descriptor.TestMethodTestDescriptor.lambda$invokeTestMethod$6         (TestMethodTestDescriptor.java:167)        
                                                               org.junit.jupiter.engine.execution.ThrowableCollector.execute                           (ThrowableCollector.java:40)               
                                                        org.junit.jupiter.engine.descriptor.TestMethodTestDescriptor.invokeTestMethod                  (TestMethodTestDescriptor.java:163)        
                                                        org.junit.jupiter.engine.descriptor.TestMethodTestDescriptor.execute                           (TestMethodTestDescriptor.java:110)        
                                                        org.junit.jupiter.engine.descriptor.TestMethodTestDescriptor.execute                           (TestMethodTestDescriptor.java:57)         
                                             org.junit.platform.engine.support.hierarchical.HierarchicalTestExecutor.lambda$execute$3                  (HierarchicalTestExecutor.java:83)         
                                                   org.junit.platform.engine.support.hierarchical.SingleTestExecutor.executeSafely                     (SingleTestExecutor.java:66)               
                                             org.junit.platform.engine.support.hierarchical.HierarchicalTestExecutor.execute                           (HierarchicalTestExecutor.java:77)         
                                             org.junit.platform.engine.support.hierarchical.HierarchicalTestExecutor.lambda$null$2                     (HierarchicalTestExecutor.java:92)         
                                                                         java.util.stream.ForEachOps$ForEachOp$OfRef.accept                            (ForEachOps.java:184)                      
                                                                              java.util.stream.ReferencePipeline$2$1.accept                            (ReferencePipeline.java:175)               
                                                                                                  java.util.Iterator.forEachRemaining                  (Iterator.java:116)                        
                                                                          java.util.Spliterators$IteratorSpliterator.forEachRemaining                  (Spliterators.java:1801)                   
                                                                                   java.util.stream.AbstractPipeline.copyInto                          (AbstractPipeline.java:481)                
                                                                                   java.util.stream.AbstractPipeline.wrapAndCopyInto                   (AbstractPipeline.java:471)                
                                                                               java.util.stream.ForEachOps$ForEachOp.evaluateSequential                (ForEachOps.java:151)                      
                                                                         java.util.stream.ForEachOps$ForEachOp$OfRef.evaluateSequential                (ForEachOps.java:174)                      
                                                                                   java.util.stream.AbstractPipeline.evaluate                          (AbstractPipeline.java:234)                
                                                                                  java.util.stream.ReferencePipeline.forEach                           (ReferencePipeline.java:418)               
                                             org.junit.platform.engine.support.hierarchical.HierarchicalTestExecutor.lambda$execute$3                  (HierarchicalTestExecutor.java:92)         
                                                   org.junit.platform.engine.support.hierarchical.SingleTestExecutor.executeSafely                     (SingleTestExecutor.java:66)               
                                             org.junit.platform.engine.support.hierarchical.HierarchicalTestExecutor.execute                           (HierarchicalTestExecutor.java:77)         
                                             org.junit.platform.engine.support.hierarchical.HierarchicalTestExecutor.lambda$null$2                     (HierarchicalTestExecutor.java:92)         
                                                                         java.util.stream.ForEachOps$ForEachOp$OfRef.accept                            (ForEachOps.java:184)                      
                                                                              java.util.stream.ReferencePipeline$2$1.accept                            (ReferencePipeline.java:175)               
                                                                                                  java.util.Iterator.forEachRemaining                  (Iterator.java:116)                        
                                                                          java.util.Spliterators$IteratorSpliterator.forEachRemaining                  (Spliterators.java:1801)                   
                                                                                   java.util.stream.AbstractPipeline.copyInto                          (AbstractPipeline.java:481)                
                                                                                   java.util.stream.AbstractPipeline.wrapAndCopyInto                   (AbstractPipeline.java:471)                
                                                                               java.util.stream.ForEachOps$ForEachOp.evaluateSequential                (ForEachOps.java:151)                      
                                                                         java.util.stream.ForEachOps$ForEachOp$OfRef.evaluateSequential                (ForEachOps.java:174)                      
                                                                                   java.util.stream.AbstractPipeline.evaluate                          (AbstractPipeline.java:234)                
                                                                                  java.util.stream.ReferencePipeline.forEach                           (ReferencePipeline.java:418)               
                                             org.junit.platform.engine.support.hierarchical.HierarchicalTestExecutor.lambda$execute$3                  (HierarchicalTestExecutor.java:92)         
                                                   org.junit.platform.engine.support.hierarchical.SingleTestExecutor.executeSafely                     (SingleTestExecutor.java:66)               
                                             org.junit.platform.engine.support.hierarchical.HierarchicalTestExecutor.execute                           (HierarchicalTestExecutor.java:77)         
                                             org.junit.platform.engine.support.hierarchical.HierarchicalTestExecutor.execute                           (HierarchicalTestExecutor.java:51)         
                                               org.junit.platform.engine.support.hierarchical.HierarchicalTestEngine.execute                           (HierarchicalTestEngine.java:43)           
                                                                    org.junit.platform.launcher.core.DefaultLauncher.execute                           (DefaultLauncher.java:170)                 
                                                                    org.junit.platform.launcher.core.DefaultLauncher.execute                           (DefaultLauncher.java:154)                 
                                                                    org.junit.platform.launcher.core.DefaultLauncher.execute                           (DefaultLauncher.java:90)                  
   org.gradle.api.internal.tasks.testing.junitplatform.JUnitPlatformTestClassProcessor$CollectAllTestClassesExecutor.processAllTestClasses             (JUnitPlatformTestClassProcessor.java:92)  
   org.gradle.api.internal.tasks.testing.junitplatform.JUnitPlatformTestClassProcessor$CollectAllTestClassesExecutor.access$100                        (JUnitPlatformTestClassProcessor.java:77)  
                                 org.gradle.api.internal.tasks.testing.junitplatform.JUnitPlatformTestClassProcessor.stop                              (JUnitPlatformTestClassProcessor.java:73)  
                                                       org.gradle.api.internal.tasks.testing.SuiteTestClassProcessor.stop                              (SuiteTestClassProcessor.java:61)          
                                                                                sun.reflect.NativeMethodAccessorImpl.invoke0                           (NativeMethodAccessorImpl.java:-2)N        
                                                                                sun.reflect.NativeMethodAccessorImpl.invoke                            (NativeMethodAccessorImpl.java:62)         
                                                                            sun.reflect.DelegatingMethodAccessorImpl.invoke                            (DelegatingMethodAccessorImpl.java:43)     
                                                                                            java.lang.reflect.Method.invoke                            (Method.java:498)                          
                                                                     org.gradle.internal.dispatch.ReflectionDispatch.dispatch                          (ReflectionDispatch.java:35)               
                                                                     org.gradle.internal.dispatch.ReflectionDispatch.dispatch                          (ReflectionDispatch.java:24)               
                                                             org.gradle.internal.dispatch.ContextClassLoaderDispatch.dispatch                          (ContextClassLoaderDispatch.java:32)       
                                      org.gradle.internal.dispatch.ProxyDispatchAdapter$DispatchingInvocationHandler.invoke                            (ProxyDispatchAdapter.java:93)             
                                                                                               com.sun.proxy.$Proxy1.stop                              (-:-1)                                     
                                                             org.gradle.api.internal.tasks.testing.worker.TestWorker.stop                              (TestWorker.java:123)                      
                                                                                sun.reflect.NativeMethodAccessorImpl.invoke0                           (NativeMethodAccessorImpl.java:-2)N        
                                                                                sun.reflect.NativeMethodAccessorImpl.invoke                            (NativeMethodAccessorImpl.java:62)         
                                                                            sun.reflect.DelegatingMethodAccessorImpl.invoke                            (DelegatingMethodAccessorImpl.java:43)     
                                                                                            java.lang.reflect.Method.invoke                            (Method.java:498)                          
                                                                     org.gradle.internal.dispatch.ReflectionDispatch.dispatch                          (ReflectionDispatch.java:35)               
                                                                     org.gradle.internal.dispatch.ReflectionDispatch.dispatch                          (ReflectionDispatch.java:24)               
                            org.gradle.internal.remote.internal.hub.MessageHubBackedObjectConnection$DispatchWrapper.dispatch                          (MessageHubBackedObjectConnection.java:155)
                            org.gradle.internal.remote.internal.hub.MessageHubBackedObjectConnection$DispatchWrapper.dispatch                          (MessageHubBackedObjectConnection.java:137)
                                                          org.gradle.internal.remote.internal.hub.MessageHub$Handler.run                               (MessageHub.java:404)                      
                                                org.gradle.internal.concurrent.ExecutorPolicy$CatchAndRecordFailures.onExecute                         (ExecutorPolicy.java:63)                   
                                                                org.gradle.internal.concurrent.ManagedExecutorImpl$1.run                               (ManagedExecutorImpl.java:46)              
                                                                             java.util.concurrent.ThreadPoolExecutor.runWorker                         (ThreadPoolExecutor.java:1142)             
                                                                      java.util.concurrent.ThreadPoolExecutor$Worker.run                               (ThreadPoolExecutor.java:617)              
                                              org.gradle.internal.concurrent.ThreadFactoryImpl$ManagedThreadRunnable.run                               (ThreadFactoryImpl.java:55)                
                                                                                                    java.lang.Thread.run                               (Thread.java:748)                          

6)                                                                                    io.mockk.impl.InternalPlatform.captureStackTrace                                 (InternalPlatform.kt:123)                  
                                                                                        io.mockk.impl.stub.MockKStub.handleInvocation                                  (MockKStub.kt:206)                         
                                                      io.mockk.impl.instantiation.JvmMockFactoryHelper$mockHandler$1.invocation                                        (JvmMockFactoryHelper.kt:23)               
                                                                               io.mockk.proxy.jvm.advice.Interceptor.call                                              (Interceptor.kt:20)                        
                                                                                io.mockk.proxy.jvm.advice.BaseAdvice.handle                                            (BaseAdvice.kt:42)                         
                                                              io.mockk.proxy.jvm.advice.jvm.JvmMockKProxyInterceptor.intercept                                         (JvmMockKProxyInterceptor.java:31)         
                                                                            com.jdroids.robotlib.command.Command(BB).hashCode                                          (-:-1)                                     
                                                                                                   java.util.HashMap.hash                                              (HashMap.java:338)                         
                                                                                                   java.util.HashMap.get                                               (HashMap.java:556)                         
                                                               com.jdroids.robotlib.command.SchedulerImpl$requires$1.invoke                                            (SchedulerImpl.kt:65)                      
                                                               com.jdroids.robotlib.command.SchedulerImpl$requires$1.invoke                                            (SchedulerImpl.kt:8)                       
                                                              kotlin.collections.CollectionsKt__MutableCollectionsKt.filterInPlace$CollectionsKt__MutableCollectionsKt (MutableCollections.kt:164)                
                                                              kotlin.collections.CollectionsKt__MutableCollectionsKt.removeAll                                         (MutableCollections.kt:153)                
                                                                          com.jdroids.robotlib.command.SchedulerImpl.requires                                          (SchedulerImpl.kt:64)                      
                                     com.jdroids.robotlib.command.SchedulerTest$requires() crashes when it should$10.execute                                           (SchedulerTest.kt:119)                     
                                                                                  org.junit.jupiter.api.AssertThrows.assertThrows                                      (AssertThrows.java:50)                     
                                                                                  org.junit.jupiter.api.AssertThrows.assertThrows                                      (AssertThrows.java:38)                     
                                                                                    org.junit.jupiter.api.Assertions.assertThrows                                      (Assertions.java:1108)                     
                                                                          com.jdroids.robotlib.command.SchedulerTest.requires() crashes when it should                 (SchedulerTest.kt:119)                     
                                                                                sun.reflect.NativeMethodAccessorImpl.invoke0                                           (NativeMethodAccessorImpl.java:-2)N        
                                                                                sun.reflect.NativeMethodAccessorImpl.invoke                                            (NativeMethodAccessorImpl.java:62)         
                                                                            sun.reflect.DelegatingMethodAccessorImpl.invoke                                            (DelegatingMethodAccessorImpl.java:43)     
                                                                                            java.lang.reflect.Method.invoke                                            (Method.java:498)                          
                                                                     org.junit.platform.commons.util.ReflectionUtils.invokeMethod                                      (ReflectionUtils.java:389)                 
                                                                org.junit.jupiter.engine.execution.ExecutableInvoker.invoke                                            (ExecutableInvoker.java:115)               
                                                        org.junit.jupiter.engine.descriptor.TestMethodTestDescriptor.lambda$invokeTestMethod$6                         (TestMethodTestDescriptor.java:167)        
                                                               org.junit.jupiter.engine.execution.ThrowableCollector.execute                                           (ThrowableCollector.java:40)               
                                                        org.junit.jupiter.engine.descriptor.TestMethodTestDescriptor.invokeTestMethod                                  (TestMethodTestDescriptor.java:163)        
                                                        org.junit.jupiter.engine.descriptor.TestMethodTestDescriptor.execute                                           (TestMethodTestDescriptor.java:110)        
                                                        org.junit.jupiter.engine.descriptor.TestMethodTestDescriptor.execute                                           (TestMethodTestDescriptor.java:57)         
                                             org.junit.platform.engine.support.hierarchical.HierarchicalTestExecutor.lambda$execute$3                                  (HierarchicalTestExecutor.java:83)         
                                                   org.junit.platform.engine.support.hierarchical.SingleTestExecutor.executeSafely                                     (SingleTestExecutor.java:66)               
                                             org.junit.platform.engine.support.hierarchical.HierarchicalTestExecutor.execute                                           (HierarchicalTestExecutor.java:77)         
                                             org.junit.platform.engine.support.hierarchical.HierarchicalTestExecutor.lambda$null$2                                     (HierarchicalTestExecutor.java:92)         
                                                                         java.util.stream.ForEachOps$ForEachOp$OfRef.accept                                            (ForEachOps.java:184)                      
                                                                              java.util.stream.ReferencePipeline$2$1.accept                                            (ReferencePipeline.java:175)               
                                                                                                  java.util.Iterator.forEachRemaining                                  (Iterator.java:116)                        
                                                                          java.util.Spliterators$IteratorSpliterator.forEachRemaining                                  (Spliterators.java:1801)                   
                                                                                   java.util.stream.AbstractPipeline.copyInto                                          (AbstractPipeline.java:481)                
                                                                                   java.util.stream.AbstractPipeline.wrapAndCopyInto                                   (AbstractPipeline.java:471)                
                                                                               java.util.stream.ForEachOps$ForEachOp.evaluateSequential                                (ForEachOps.java:151)                      
                                                                         java.util.stream.ForEachOps$ForEachOp$OfRef.evaluateSequential                                (ForEachOps.java:174)                      
                                                                                   java.util.stream.AbstractPipeline.evaluate                                          (AbstractPipeline.java:234)                
                                                                                  java.util.stream.ReferencePipeline.forEach                                           (ReferencePipeline.java:418)               
                                             org.junit.platform.engine.support.hierarchical.HierarchicalTestExecutor.lambda$execute$3                                  (HierarchicalTestExecutor.java:92)         
                                                   org.junit.platform.engine.support.hierarchical.SingleTestExecutor.executeSafely                                     (SingleTestExecutor.java:66)               
                                             org.junit.platform.engine.support.hierarchical.HierarchicalTestExecutor.execute                                           (HierarchicalTestExecutor.java:77)         
                                             org.junit.platform.engine.support.hierarchical.HierarchicalTestExecutor.lambda$null$2                                     (HierarchicalTestExecutor.java:92)         
                                                                         java.util.stream.ForEachOps$ForEachOp$OfRef.accept                                            (ForEachOps.java:184)                      
                                                                              java.util.stream.ReferencePipeline$2$1.accept                                            (ReferencePipeline.java:175)               
                                                                                                  java.util.Iterator.forEachRemaining                                  (Iterator.java:116)                        
                                                                          java.util.Spliterators$IteratorSpliterator.forEachRemaining                                  (Spliterators.java:1801)                   
                                                                                   java.util.stream.AbstractPipeline.copyInto                                          (AbstractPipeline.java:481)                
                                                                                   java.util.stream.AbstractPipeline.wrapAndCopyInto                                   (AbstractPipeline.java:471)                
                                                                               java.util.stream.ForEachOps$ForEachOp.evaluateSequential                                (ForEachOps.java:151)                      
                                                                         java.util.stream.ForEachOps$ForEachOp$OfRef.evaluateSequential                                (ForEachOps.java:174)                      
                                                                                   java.util.stream.AbstractPipeline.evaluate                                          (AbstractPipeline.java:234)                
                                                                                  java.util.stream.ReferencePipeline.forEach                                           (ReferencePipeline.java:418)               
                                             org.junit.platform.engine.support.hierarchical.HierarchicalTestExecutor.lambda$execute$3                                  (HierarchicalTestExecutor.java:92)         
                                                   org.junit.platform.engine.support.hierarchical.SingleTestExecutor.executeSafely                                     (SingleTestExecutor.java:66)               
                                             org.junit.platform.engine.support.hierarchical.HierarchicalTestExecutor.execute                                           (HierarchicalTestExecutor.java:77)         
                                             org.junit.platform.engine.support.hierarchical.HierarchicalTestExecutor.execute                                           (HierarchicalTestExecutor.java:51)         
                                               org.junit.platform.engine.support.hierarchical.HierarchicalTestEngine.execute                                           (HierarchicalTestEngine.java:43)           
                                                                    org.junit.platform.launcher.core.DefaultLauncher.execute                                           (DefaultLauncher.java:170)                 
                                                                    org.junit.platform.launcher.core.DefaultLauncher.execute                                           (DefaultLauncher.java:154)                 
                                                                    org.junit.platform.launcher.core.DefaultLauncher.execute                                           (DefaultLauncher.java:90)                  
   org.gradle.api.internal.tasks.testing.junitplatform.JUnitPlatformTestClassProcessor$CollectAllTestClassesExecutor.processAllTestClasses                             (JUnitPlatformTestClassProcessor.java:92)  
   org.gradle.api.internal.tasks.testing.junitplatform.JUnitPlatformTestClassProcessor$CollectAllTestClassesExecutor.access$100                                        (JUnitPlatformTestClassProcessor.java:77)  
                                 org.gradle.api.internal.tasks.testing.junitplatform.JUnitPlatformTestClassProcessor.stop                                              (JUnitPlatformTestClassProcessor.java:73)  
                                                       org.gradle.api.internal.tasks.testing.SuiteTestClassProcessor.stop                                              (SuiteTestClassProcessor.java:61)          
                                                                                sun.reflect.NativeMethodAccessorImpl.invoke0                                           (NativeMethodAccessorImpl.java:-2)N        
                                                                                sun.reflect.NativeMethodAccessorImpl.invoke                                            (NativeMethodAccessorImpl.java:62)         
                                                                            sun.reflect.DelegatingMethodAccessorImpl.invoke                                            (DelegatingMethodAccessorImpl.java:43)     
                                                                                            java.lang.reflect.Method.invoke                                            (Method.java:498)                          
                                                                     org.gradle.internal.dispatch.ReflectionDispatch.dispatch                                          (ReflectionDispatch.java:35)               
                                                                     org.gradle.internal.dispatch.ReflectionDispatch.dispatch                                          (ReflectionDispatch.java:24)               
                                                             org.gradle.internal.dispatch.ContextClassLoaderDispatch.dispatch                                          (ContextClassLoaderDispatch.java:32)       
                                      org.gradle.internal.dispatch.ProxyDispatchAdapter$DispatchingInvocationHandler.invoke                                            (ProxyDispatchAdapter.java:93)             
                                                                                               com.sun.proxy.$Proxy1.stop                                              (-:-1)                                     
                                                             org.gradle.api.internal.tasks.testing.worker.TestWorker.stop                                              (TestWorker.java:123)                      
                                                                                sun.reflect.NativeMethodAccessorImpl.invoke0                                           (NativeMethodAccessorImpl.java:-2)N        
                                                                                sun.reflect.NativeMethodAccessorImpl.invoke                                            (NativeMethodAccessorImpl.java:62)         
                                                                            sun.reflect.DelegatingMethodAccessorImpl.invoke                                            (DelegatingMethodAccessorImpl.java:43)     
                                                                                            java.lang.reflect.Method.invoke                                            (Method.java:498)                          
                                                                     org.gradle.internal.dispatch.ReflectionDispatch.dispatch                                          (ReflectionDispatch.java:35)               
                                                                     org.gradle.internal.dispatch.ReflectionDispatch.dispatch                                          (ReflectionDispatch.java:24)               
                            org.gradle.internal.remote.internal.hub.MessageHubBackedObjectConnection$DispatchWrapper.dispatch                                          (MessageHubBackedObjectConnection.java:155)
                            org.gradle.internal.remote.internal.hub.MessageHubBackedObjectConnection$DispatchWrapper.dispatch                                          (MessageHubBackedObjectConnection.java:137)
                                                          org.gradle.internal.remote.internal.hub.MessageHub$Handler.run                                               (MessageHub.java:404)                      
                                                org.gradle.internal.concurrent.ExecutorPolicy$CatchAndRecordFailures.onExecute                                         (ExecutorPolicy.java:63)                   
                                                                org.gradle.internal.concurrent.ManagedExecutorImpl$1.run                                               (ManagedExecutorImpl.java:46)              
                                                                             java.util.concurrent.ThreadPoolExecutor.runWorker                                         (ThreadPoolExecutor.java:1142)             
                                                                      java.util.concurrent.ThreadPoolExecutor$Worker.run                                               (ThreadPoolExecutor.java:617)              
                                              org.gradle.internal.concurrent.ThreadFactoryImpl$ManagedThreadRunnable.run                                               (ThreadFactoryImpl.java:55)                
                                                                                                    java.lang.Thread.run                                               (Thread.java:748)                          

7)                                                                                    io.mockk.impl.InternalPlatform.captureStackTrace                                 (InternalPlatform.kt:123)                  
                                                                                        io.mockk.impl.stub.MockKStub.handleInvocation                                  (MockKStub.kt:206)                         
                                                      io.mockk.impl.instantiation.JvmMockFactoryHelper$mockHandler$1.invocation                                        (JvmMockFactoryHelper.kt:23)               
                                                                               io.mockk.proxy.jvm.advice.Interceptor.call                                              (Interceptor.kt:20)                        
                                                                                io.mockk.proxy.jvm.advice.BaseAdvice.handle                                            (BaseAdvice.kt:42)                         
                                                              io.mockk.proxy.jvm.advice.jvm.JvmMockKProxyInterceptor.interceptNoSuper                                  (JvmMockKProxyInterceptor.java:45)         
                                                                            com.jdroids.robotlib.command.Command(BB).isInterruptible                                   (-:-1)                                     
                                                               com.jdroids.robotlib.command.SchedulerImpl$requires$1.invoke                                            (SchedulerImpl.kt:66)                      
                                                               com.jdroids.robotlib.command.SchedulerImpl$requires$1.invoke                                            (SchedulerImpl.kt:8)                       
                                                              kotlin.collections.CollectionsKt__MutableCollectionsKt.filterInPlace$CollectionsKt__MutableCollectionsKt (MutableCollections.kt:164)                
                                                              kotlin.collections.CollectionsKt__MutableCollectionsKt.removeAll                                         (MutableCollections.kt:153)                
                                                                          com.jdroids.robotlib.command.SchedulerImpl.requires                                          (SchedulerImpl.kt:64)                      
                                     com.jdroids.robotlib.command.SchedulerTest$requires() crashes when it should$10.execute                                           (SchedulerTest.kt:119)                     
                                                                                  org.junit.jupiter.api.AssertThrows.assertThrows                                      (AssertThrows.java:50)                     
                                                                                  org.junit.jupiter.api.AssertThrows.assertThrows                                      (AssertThrows.java:38)                     
                                                                                    org.junit.jupiter.api.Assertions.assertThrows                                      (Assertions.java:1108)                     
                                                                          com.jdroids.robotlib.command.SchedulerTest.requires() crashes when it should                 (SchedulerTest.kt:119)                     
                                                                                sun.reflect.NativeMethodAccessorImpl.invoke0                                           (NativeMethodAccessorImpl.java:-2)N        
                                                                                sun.reflect.NativeMethodAccessorImpl.invoke                                            (NativeMethodAccessorImpl.java:62)         
                                                                            sun.reflect.DelegatingMethodAccessorImpl.invoke                                            (DelegatingMethodAccessorImpl.java:43)     
                                                                                            java.lang.reflect.Method.invoke                                            (Method.java:498)                          
                                                                     org.junit.platform.commons.util.ReflectionUtils.invokeMethod                                      (ReflectionUtils.java:389)                 
                                                                org.junit.jupiter.engine.execution.ExecutableInvoker.invoke                                            (ExecutableInvoker.java:115)               
                                                        org.junit.jupiter.engine.descriptor.TestMethodTestDescriptor.lambda$invokeTestMethod$6                         (TestMethodTestDescriptor.java:167)        
                                                               org.junit.jupiter.engine.execution.ThrowableCollector.execute                                           (ThrowableCollector.java:40)               
                                                        org.junit.jupiter.engine.descriptor.TestMethodTestDescriptor.invokeTestMethod                                  (TestMethodTestDescriptor.java:163)        
                                                        org.junit.jupiter.engine.descriptor.TestMethodTestDescriptor.execute                                           (TestMethodTestDescriptor.java:110)        
                                                        org.junit.jupiter.engine.descriptor.TestMethodTestDescriptor.execute                                           (TestMethodTestDescriptor.java:57)         
                                             org.junit.platform.engine.support.hierarchical.HierarchicalTestExecutor.lambda$execute$3                                  (HierarchicalTestExecutor.java:83)         
                                                   org.junit.platform.engine.support.hierarchical.SingleTestExecutor.executeSafely                                     (SingleTestExecutor.java:66)               
                                             org.junit.platform.engine.support.hierarchical.HierarchicalTestExecutor.execute                                           (HierarchicalTestExecutor.java:77)         
                                             org.junit.platform.engine.support.hierarchical.HierarchicalTestExecutor.lambda$null$2                                     (HierarchicalTestExecutor.java:92)         
                                                                         java.util.stream.ForEachOps$ForEachOp$OfRef.accept                                            (ForEachOps.java:184)                      
                                                                              java.util.stream.ReferencePipeline$2$1.accept                                            (ReferencePipeline.java:175)               
                                                                                                  java.util.Iterator.forEachRemaining                                  (Iterator.java:116)                        
                                                                          java.util.Spliterators$IteratorSpliterator.forEachRemaining                                  (Spliterators.java:1801)                   
                                                                                   java.util.stream.AbstractPipeline.copyInto                                          (AbstractPipeline.java:481)                
                                                                                   java.util.stream.AbstractPipeline.wrapAndCopyInto                                   (AbstractPipeline.java:471)                
                                                                               java.util.stream.ForEachOps$ForEachOp.evaluateSequential                                (ForEachOps.java:151)                      
                                                                         java.util.stream.ForEachOps$ForEachOp$OfRef.evaluateSequential                                (ForEachOps.java:174)                      
                                                                                   java.util.stream.AbstractPipeline.evaluate                                          (AbstractPipeline.java:234)                
                                                                                  java.util.stream.ReferencePipeline.forEach                                           (ReferencePipeline.java:418)               
                                             org.junit.platform.engine.support.hierarchical.HierarchicalTestExecutor.lambda$execute$3                                  (HierarchicalTestExecutor.java:92)         
                                                   org.junit.platform.engine.support.hierarchical.SingleTestExecutor.executeSafely                                     (SingleTestExecutor.java:66)               
                                             org.junit.platform.engine.support.hierarchical.HierarchicalTestExecutor.execute                                           (HierarchicalTestExecutor.java:77)         
                                             org.junit.platform.engine.support.hierarchical.HierarchicalTestExecutor.lambda$null$2                                     (HierarchicalTestExecutor.java:92)         
                                                                         java.util.stream.ForEachOps$ForEachOp$OfRef.accept                                            (ForEachOps.java:184)                      
                                                                              java.util.stream.ReferencePipeline$2$1.accept                                            (ReferencePipeline.java:175)               
                                                                                                  java.util.Iterator.forEachRemaining                                  (Iterator.java:116)                        
                                                                          java.util.Spliterators$IteratorSpliterator.forEachRemaining                                  (Spliterators.java:1801)                   
                                                                                   java.util.stream.AbstractPipeline.copyInto                                          (AbstractPipeline.java:481)                
                                                                                   java.util.stream.AbstractPipeline.wrapAndCopyInto                                   (AbstractPipeline.java:471)                
                                                                               java.util.stream.ForEachOps$ForEachOp.evaluateSequential                                (ForEachOps.java:151)                      
                                                                         java.util.stream.ForEachOps$ForEachOp$OfRef.evaluateSequential                                (ForEachOps.java:174)                      
                                                                                   java.util.stream.AbstractPipeline.evaluate                                          (AbstractPipeline.java:234)                
                                                                                  java.util.stream.ReferencePipeline.forEach                                           (ReferencePipeline.java:418)               
                                             org.junit.platform.engine.support.hierarchical.HierarchicalTestExecutor.lambda$execute$3                                  (HierarchicalTestExecutor.java:92)         
                                                   org.junit.platform.engine.support.hierarchical.SingleTestExecutor.executeSafely                                     (SingleTestExecutor.java:66)               
                                             org.junit.platform.engine.support.hierarchical.HierarchicalTestExecutor.execute                                           (HierarchicalTestExecutor.java:77)         
                                             org.junit.platform.engine.support.hierarchical.HierarchicalTestExecutor.execute                                           (HierarchicalTestExecutor.java:51)         
                                               org.junit.platform.engine.support.hierarchical.HierarchicalTestEngine.execute                                           (HierarchicalTestEngine.java:43)           
                                                                    org.junit.platform.launcher.core.DefaultLauncher.execute                                           (DefaultLauncher.java:170)                 
                                                                    org.junit.platform.launcher.core.DefaultLauncher.execute                                           (DefaultLauncher.java:154)                 
                                                                    org.junit.platform.launcher.core.DefaultLauncher.execute                                           (DefaultLauncher.java:90)                  
   org.gradle.api.internal.tasks.testing.junitplatform.JUnitPlatformTestClassProcessor$CollectAllTestClassesExecutor.processAllTestClasses                             (JUnitPlatformTestClassProcessor.java:92)  
   org.gradle.api.internal.tasks.testing.junitplatform.JUnitPlatformTestClassProcessor$CollectAllTestClassesExecutor.access$100                                        (JUnitPlatformTestClassProcessor.java:77)  
                                 org.gradle.api.internal.tasks.testing.junitplatform.JUnitPlatformTestClassProcessor.stop                                              (JUnitPlatformTestClassProcessor.java:73)  
                                                       org.gradle.api.internal.tasks.testing.SuiteTestClassProcessor.stop                                              (SuiteTestClassProcessor.java:61)          
                                                                                sun.reflect.NativeMethodAccessorImpl.invoke0                                           (NativeMethodAccessorImpl.java:-2)N        
                                                                                sun.reflect.NativeMethodAccessorImpl.invoke                                            (NativeMethodAccessorImpl.java:62)         
                                                                            sun.reflect.DelegatingMethodAccessorImpl.invoke                                            (DelegatingMethodAccessorImpl.java:43)     
                                                                                            java.lang.reflect.Method.invoke                                            (Method.java:498)                          
                                                                     org.gradle.internal.dispatch.ReflectionDispatch.dispatch                                          (ReflectionDispatch.java:35)               
                                                                     org.gradle.internal.dispatch.ReflectionDispatch.dispatch                                          (ReflectionDispatch.java:24)               
                                                             org.gradle.internal.dispatch.ContextClassLoaderDispatch.dispatch                                          (ContextClassLoaderDispatch.java:32)       
                                      org.gradle.internal.dispatch.ProxyDispatchAdapter$DispatchingInvocationHandler.invoke                                            (ProxyDispatchAdapter.java:93)             
                                                                                               com.sun.proxy.$Proxy1.stop                                              (-:-1)                                     
                                                             org.gradle.api.internal.tasks.testing.worker.TestWorker.stop                                              (TestWorker.java:123)                      
                                                                                sun.reflect.NativeMethodAccessorImpl.invoke0                                           (NativeMethodAccessorImpl.java:-2)N        
                                                                                sun.reflect.NativeMethodAccessorImpl.invoke                                            (NativeMethodAccessorImpl.java:62)         
                                                                            sun.reflect.DelegatingMethodAccessorImpl.invoke                                            (DelegatingMethodAccessorImpl.java:43)     
                                                                                            java.lang.reflect.Method.invoke                                            (Method.java:498)                          
                                                                     org.gradle.internal.dispatch.ReflectionDispatch.dispatch                                          (ReflectionDispatch.java:35)               
                                                                     org.gradle.internal.dispatch.ReflectionDispatch.dispatch                                          (ReflectionDispatch.java:24)               
                            org.gradle.internal.remote.internal.hub.MessageHubBackedObjectConnection$DispatchWrapper.dispatch                                          (MessageHubBackedObjectConnection.java:155)
                            org.gradle.internal.remote.internal.hub.MessageHubBackedObjectConnection$DispatchWrapper.dispatch                                          (MessageHubBackedObjectConnection.java:137)
                                                          org.gradle.internal.remote.internal.hub.MessageHub$Handler.run                                               (MessageHub.java:404)                      
                                                org.gradle.internal.concurrent.ExecutorPolicy$CatchAndRecordFailures.onExecute                                         (ExecutorPolicy.java:63)                   
                                                                org.gradle.internal.concurrent.ManagedExecutorImpl$1.run                                               (ManagedExecutorImpl.java:46)              
                                                                             java.util.concurrent.ThreadPoolExecutor.runWorker                                         (ThreadPoolExecutor.java:1142)             
                                                                      java.util.concurrent.ThreadPoolExecutor$Worker.run                                               (ThreadPoolExecutor.java:617)              
                                              org.gradle.internal.concurrent.ThreadFactoryImpl$ManagedThreadRunnable.run                                               (ThreadFactoryImpl.java:55)                
                                                                                                    java.lang.Thread.run                                               (Thread.java:748)                          

8)                                                                                    io.mockk.impl.InternalPlatform.captureStackTrace                                 (InternalPlatform.kt:123)                  
                                                                                        io.mockk.impl.stub.MockKStub.handleInvocation                                  (MockKStub.kt:206)                         
                                                      io.mockk.impl.instantiation.JvmMockFactoryHelper$mockHandler$1.invocation                                        (JvmMockFactoryHelper.kt:23)               
                                                                               io.mockk.proxy.jvm.advice.Interceptor.call                                              (Interceptor.kt:20)                        
                                                                                io.mockk.proxy.jvm.advice.BaseAdvice.handle                                            (BaseAdvice.kt:42)                         
                                                              io.mockk.proxy.jvm.advice.jvm.JvmMockKProxyInterceptor.intercept                                         (JvmMockKProxyInterceptor.java:31)         
                                                                            com.jdroids.robotlib.command.Command(BB).hashCode                                          (-:-1)                                     
                                                                                                   java.util.HashMap.hash                                              (HashMap.java:338)                         
                                                                                                   java.util.HashMap.get                                               (HashMap.java:556)                         
                                                               com.jdroids.robotlib.command.SchedulerImpl$requires$1.invoke                                            (SchedulerImpl.kt:65)                      
                                                               com.jdroids.robotlib.command.SchedulerImpl$requires$1.invoke                                            (SchedulerImpl.kt:8)                       
                                                              kotlin.collections.CollectionsKt__MutableCollectionsKt.filterInPlace$CollectionsKt__MutableCollectionsKt (MutableCollections.kt:164)                
                                                              kotlin.collections.CollectionsKt__MutableCollectionsKt.removeAll                                         (MutableCollections.kt:153)                
                                                                          com.jdroids.robotlib.command.SchedulerImpl.requires                                          (SchedulerImpl.kt:64)                      
                                                                          com.jdroids.robotlib.command.SchedulerTest.requires() interrupts commands when it should     (SchedulerTest.kt:76)                      
                                                                                sun.reflect.NativeMethodAccessorImpl.invoke0                                           (NativeMethodAccessorImpl.java:-2)N        
                                                                                sun.reflect.NativeMethodAccessorImpl.invoke                                            (NativeMethodAccessorImpl.java:62)         
                                                                            sun.reflect.DelegatingMethodAccessorImpl.invoke                                            (DelegatingMethodAccessorImpl.java:43)     
                                                                                            java.lang.reflect.Method.invoke                                            (Method.java:498)                          
                                                                     org.junit.platform.commons.util.ReflectionUtils.invokeMethod                                      (ReflectionUtils.java:389)                 
                                                                org.junit.jupiter.engine.execution.ExecutableInvoker.invoke                                            (ExecutableInvoker.java:115)               
                                                        org.junit.jupiter.engine.descriptor.TestMethodTestDescriptor.lambda$invokeTestMethod$6                         (TestMethodTestDescriptor.java:167)        
                                                               org.junit.jupiter.engine.execution.ThrowableCollector.execute                                           (ThrowableCollector.java:40)               
                                                        org.junit.jupiter.engine.descriptor.TestMethodTestDescriptor.invokeTestMethod                                  (TestMethodTestDescriptor.java:163)        
                                                        org.junit.jupiter.engine.descriptor.TestMethodTestDescriptor.execute                                           (TestMethodTestDescriptor.java:110)        
                                                        org.junit.jupiter.engine.descriptor.TestMethodTestDescriptor.execute                                           (TestMethodTestDescriptor.java:57)         
                                             org.junit.platform.engine.support.hierarchical.HierarchicalTestExecutor.lambda$execute$3                                  (HierarchicalTestExecutor.java:83)         
                                                   org.junit.platform.engine.support.hierarchical.SingleTestExecutor.executeSafely                                     (SingleTestExecutor.java:66)               
                                             org.junit.platform.engine.support.hierarchical.HierarchicalTestExecutor.execute                                           (HierarchicalTestExecutor.java:77)         
                                             org.junit.platform.engine.support.hierarchical.HierarchicalTestExecutor.lambda$null$2                                     (HierarchicalTestExecutor.java:92)         
                                                                         java.util.stream.ForEachOps$ForEachOp$OfRef.accept                                            (ForEachOps.java:184)                      
                                                                              java.util.stream.ReferencePipeline$2$1.accept                                            (ReferencePipeline.java:175)               
                                                                                                  java.util.Iterator.forEachRemaining                                  (Iterator.java:116)                        
                                                                          java.util.Spliterators$IteratorSpliterator.forEachRemaining                                  (Spliterators.java:1801)                   
                                                                                   java.util.stream.AbstractPipeline.copyInto                                          (AbstractPipeline.java:481)                
                                                                                   java.util.stream.AbstractPipeline.wrapAndCopyInto                                   (AbstractPipeline.java:471)                
                                                                               java.util.stream.ForEachOps$ForEachOp.evaluateSequential                                (ForEachOps.java:151)                      
                                                                         java.util.stream.ForEachOps$ForEachOp$OfRef.evaluateSequential                                (ForEachOps.java:174)                      
                                                                                   java.util.stream.AbstractPipeline.evaluate                                          (AbstractPipeline.java:234)                
                                                                                  java.util.stream.ReferencePipeline.forEach                                           (ReferencePipeline.java:418)               
                                             org.junit.platform.engine.support.hierarchical.HierarchicalTestExecutor.lambda$execute$3                                  (HierarchicalTestExecutor.java:92)         
                                                   org.junit.platform.engine.support.hierarchical.SingleTestExecutor.executeSafely                                     (SingleTestExecutor.java:66)               
                                             org.junit.platform.engine.support.hierarchical.HierarchicalTestExecutor.execute                                           (HierarchicalTestExecutor.java:77)         
                                             org.junit.platform.engine.support.hierarchical.HierarchicalTestExecutor.lambda$null$2                                     (HierarchicalTestExecutor.java:92)         
                                                                         java.util.stream.ForEachOps$ForEachOp$OfRef.accept                                            (ForEachOps.java:184)                      
                                                                              java.util.stream.ReferencePipeline$2$1.accept                                            (ReferencePipeline.java:175)               
                                                                                                  java.util.Iterator.forEachRemaining                                  (Iterator.java:116)                        
                                                                          java.util.Spliterators$IteratorSpliterator.forEachRemaining                                  (Spliterators.java:1801)                   
                                                                                   java.util.stream.AbstractPipeline.copyInto                                          (AbstractPipeline.java:481)                
                                                                                   java.util.stream.AbstractPipeline.wrapAndCopyInto                                   (AbstractPipeline.java:471)                
                                                                               java.util.stream.ForEachOps$ForEachOp.evaluateSequential                                (ForEachOps.java:151)                      
                                                                         java.util.stream.ForEachOps$ForEachOp$OfRef.evaluateSequential                                (ForEachOps.java:174)                      
                                                                                   java.util.stream.AbstractPipeline.evaluate                                          (AbstractPipeline.java:234)                
                                                                                  java.util.stream.ReferencePipeline.forEach                                           (ReferencePipeline.java:418)               
                                             org.junit.platform.engine.support.hierarchical.HierarchicalTestExecutor.lambda$execute$3                                  (HierarchicalTestExecutor.java:92)         
                                                   org.junit.platform.engine.support.hierarchical.SingleTestExecutor.executeSafely                                     (SingleTestExecutor.java:66)               
                                             org.junit.platform.engine.support.hierarchical.HierarchicalTestExecutor.execute                                           (HierarchicalTestExecutor.java:77)         
                                             org.junit.platform.engine.support.hierarchical.HierarchicalTestExecutor.execute                                           (HierarchicalTestExecutor.java:51)         
                                               org.junit.platform.engine.support.hierarchical.HierarchicalTestEngine.execute                                           (HierarchicalTestEngine.java:43)           
                                                                    org.junit.platform.launcher.core.DefaultLauncher.execute                                           (DefaultLauncher.java:170)                 
                                                                    org.junit.platform.launcher.core.DefaultLauncher.execute                                           (DefaultLauncher.java:154)                 
                                                                    org.junit.platform.launcher.core.DefaultLauncher.execute                                           (DefaultLauncher.java:90)                  
   org.gradle.api.internal.tasks.testing.junitplatform.JUnitPlatformTestClassProcessor$CollectAllTestClassesExecutor.processAllTestClasses                             (JUnitPlatformTestClassProcessor.java:92)  
   org.gradle.api.internal.tasks.testing.junitplatform.JUnitPlatformTestClassProcessor$CollectAllTestClassesExecutor.access$100                                        (JUnitPlatformTestClassProcessor.java:77)  
                                 org.gradle.api.internal.tasks.testing.junitplatform.JUnitPlatformTestClassProcessor.stop                                              (JUnitPlatformTestClassProcessor.java:73)  
                                                       org.gradle.api.internal.tasks.testing.SuiteTestClassProcessor.stop                                              (SuiteTestClassProcessor.java:61)          
                                                                                sun.reflect.NativeMethodAccessorImpl.invoke0                                           (NativeMethodAccessorImpl.java:-2)N        
                                                                                sun.reflect.NativeMethodAccessorImpl.invoke                                            (NativeMethodAccessorImpl.java:62)         
                                                                            sun.reflect.DelegatingMethodAccessorImpl.invoke                                            (DelegatingMethodAccessorImpl.java:43)     
                                                                                            java.lang.reflect.Method.invoke                                            (Method.java:498)                          
                                                                     org.gradle.internal.dispatch.ReflectionDispatch.dispatch                                          (ReflectionDispatch.java:35)               
                                                                     org.gradle.internal.dispatch.ReflectionDispatch.dispatch                                          (ReflectionDispatch.java:24)               
                                                             org.gradle.internal.dispatch.ContextClassLoaderDispatch.dispatch                                          (ContextClassLoaderDispatch.java:32)       
                                      org.gradle.internal.dispatch.ProxyDispatchAdapter$DispatchingInvocationHandler.invoke                                            (ProxyDispatchAdapter.java:93)             
                                                                                               com.sun.proxy.$Proxy1.stop                                              (-:-1)                                     
                                                             org.gradle.api.internal.tasks.testing.worker.TestWorker.stop                                              (TestWorker.java:123)                      
                                                                                sun.reflect.NativeMethodAccessorImpl.invoke0                                           (NativeMethodAccessorImpl.java:-2)N        
                                                                                sun.reflect.NativeMethodAccessorImpl.invoke                                            (NativeMethodAccessorImpl.java:62)         
                                                                            sun.reflect.DelegatingMethodAccessorImpl.invoke                                            (DelegatingMethodAccessorImpl.java:43)     
                                                                                            java.lang.reflect.Method.invoke                                            (Method.java:498)                          
                                                                     org.gradle.internal.dispatch.ReflectionDispatch.dispatch                                          (ReflectionDispatch.java:35)               
                                                                     org.gradle.internal.dispatch.ReflectionDispatch.dispatch                                          (ReflectionDispatch.java:24)               
                            org.gradle.internal.remote.internal.hub.MessageHubBackedObjectConnection$DispatchWrapper.dispatch                                          (MessageHubBackedObjectConnection.java:155)
                            org.gradle.internal.remote.internal.hub.MessageHubBackedObjectConnection$DispatchWrapper.dispatch                                          (MessageHubBackedObjectConnection.java:137)
                                                          org.gradle.internal.remote.internal.hub.MessageHub$Handler.run                                               (MessageHub.java:404)                      
                                                org.gradle.internal.concurrent.ExecutorPolicy$CatchAndRecordFailures.onExecute                                         (ExecutorPolicy.java:63)                   
                                                                org.gradle.internal.concurrent.ManagedExecutorImpl$1.run                                               (ManagedExecutorImpl.java:46)              
                                                                             java.util.concurrent.ThreadPoolExecutor.runWorker                                         (ThreadPoolExecutor.java:1142)             
                                                                      java.util.concurrent.ThreadPoolExecutor$Worker.run                                               (ThreadPoolExecutor.java:617)              
                                              org.gradle.internal.concurrent.ThreadFactoryImpl$ManagedThreadRunnable.run                                               (ThreadFactoryImpl.java:55)                
                                                                                                    java.lang.Thread.run                                               (Thread.java:748)                          

9)                                                                                    io.mockk.impl.InternalPlatform.captureStackTrace                                 (InternalPlatform.kt:123)                  
                                                                                        io.mockk.impl.stub.MockKStub.handleInvocation                                  (MockKStub.kt:206)                         
                                                      io.mockk.impl.instantiation.JvmMockFactoryHelper$mockHandler$1.invocation                                        (JvmMockFactoryHelper.kt:23)               
                                                                               io.mockk.proxy.jvm.advice.Interceptor.call                                              (Interceptor.kt:20)                        
                                                                                io.mockk.proxy.jvm.advice.BaseAdvice.handle                                            (BaseAdvice.kt:42)                         
                                                              io.mockk.proxy.jvm.advice.jvm.JvmMockKProxyInterceptor.interceptNoSuper                                  (JvmMockKProxyInterceptor.java:45)         
                                                                            com.jdroids.robotlib.command.Command(BB).isInterruptible                                   (-:-1)                                     
                                                               com.jdroids.robotlib.command.SchedulerImpl$requires$1.invoke                                            (SchedulerImpl.kt:66)                      
                                                               com.jdroids.robotlib.command.SchedulerImpl$requires$1.invoke                                            (SchedulerImpl.kt:8)                       
                                                              kotlin.collections.CollectionsKt__MutableCollectionsKt.filterInPlace$CollectionsKt__MutableCollectionsKt (MutableCollections.kt:164)                
                                                              kotlin.collections.CollectionsKt__MutableCollectionsKt.removeAll                                         (MutableCollections.kt:153)                
                                                                          com.jdroids.robotlib.command.SchedulerImpl.requires                                          (SchedulerImpl.kt:64)                      
                                                                          com.jdroids.robotlib.command.SchedulerTest.requires() interrupts commands when it should     (SchedulerTest.kt:76)                      
                                                                                sun.reflect.NativeMethodAccessorImpl.invoke0                                           (NativeMethodAccessorImpl.java:-2)N        
                                                                                sun.reflect.NativeMethodAccessorImpl.invoke                                            (NativeMethodAccessorImpl.java:62)         
                                                                            sun.reflect.DelegatingMethodAccessorImpl.invoke                                            (DelegatingMethodAccessorImpl.java:43)     
                                                                                            java.lang.reflect.Method.invoke                                            (Method.java:498)                          
                                                                     org.junit.platform.commons.util.ReflectionUtils.invokeMethod                                      (ReflectionUtils.java:389)                 
                                                                org.junit.jupiter.engine.execution.ExecutableInvoker.invoke                                            (ExecutableInvoker.java:115)               
                                                        org.junit.jupiter.engine.descriptor.TestMethodTestDescriptor.lambda$invokeTestMethod$6                         (TestMethodTestDescriptor.java:167)        
                                                               org.junit.jupiter.engine.execution.ThrowableCollector.execute                                           (ThrowableCollector.java:40)               
                                                        org.junit.jupiter.engine.descriptor.TestMethodTestDescriptor.invokeTestMethod                                  (TestMethodTestDescriptor.java:163)        
                                                        org.junit.jupiter.engine.descriptor.TestMethodTestDescriptor.execute                                           (TestMethodTestDescriptor.java:110)        
                                                        org.junit.jupiter.engine.descriptor.TestMethodTestDescriptor.execute                                           (TestMethodTestDescriptor.java:57)         
                                             org.junit.platform.engine.support.hierarchical.HierarchicalTestExecutor.lambda$execute$3                                  (HierarchicalTestExecutor.java:83)         
                                                   org.junit.platform.engine.support.hierarchical.SingleTestExecutor.executeSafely                                     (SingleTestExecutor.java:66)               
                                             org.junit.platform.engine.support.hierarchical.HierarchicalTestExecutor.execute                                           (HierarchicalTestExecutor.java:77)         
                                             org.junit.platform.engine.support.hierarchical.HierarchicalTestExecutor.lambda$null$2                                     (HierarchicalTestExecutor.java:92)         
                                                                         java.util.stream.ForEachOps$ForEachOp$OfRef.accept                                            (ForEachOps.java:184)                      
                                                                              java.util.stream.ReferencePipeline$2$1.accept                                            (ReferencePipeline.java:175)               
                                                                                                  java.util.Iterator.forEachRemaining                                  (Iterator.java:116)                        
                                                                          java.util.Spliterators$IteratorSpliterator.forEachRemaining                                  (Spliterators.java:1801)                   
                                                                                   java.util.stream.AbstractPipeline.copyInto                                          (AbstractPipeline.java:481)                
                                                                                   java.util.stream.AbstractPipeline.wrapAndCopyInto                                   (AbstractPipeline.java:471)                
                                                                               java.util.stream.ForEachOps$ForEachOp.evaluateSequential                                (ForEachOps.java:151)                      
                                                                         java.util.stream.ForEachOps$ForEachOp$OfRef.evaluateSequential                                (ForEachOps.java:174)                      
                                                                                   java.util.stream.AbstractPipeline.evaluate                                          (AbstractPipeline.java:234)                
                                                                                  java.util.stream.ReferencePipeline.forEach                                           (ReferencePipeline.java:418)               
                                             org.junit.platform.engine.support.hierarchical.HierarchicalTestExecutor.lambda$execute$3                                  (HierarchicalTestExecutor.java:92)         
                                                   org.junit.platform.engine.support.hierarchical.SingleTestExecutor.executeSafely                                     (SingleTestExecutor.java:66)               
                                             org.junit.platform.engine.support.hierarchical.HierarchicalTestExecutor.execute                                           (HierarchicalTestExecutor.java:77)         
                                             org.junit.platform.engine.support.hierarchical.HierarchicalTestExecutor.lambda$null$2                                     (HierarchicalTestExecutor.java:92)         
                                                                         java.util.stream.ForEachOps$ForEachOp$OfRef.accept                                            (ForEachOps.java:184)                      
                                                                              java.util.stream.ReferencePipeline$2$1.accept                                            (ReferencePipeline.java:175)               
                                                                                                  java.util.Iterator.forEachRemaining                                  (Iterator.java:116)                        
                                                                          java.util.Spliterators$IteratorSpliterator.forEachRemaining                                  (Spliterators.java:1801)                   
                                                                                   java.util.stream.AbstractPipeline.copyInto                                          (AbstractPipeline.java:481)                
                                                                                   java.util.stream.AbstractPipeline.wrapAndCopyInto                                   (AbstractPipeline.java:471)                
                                                                               java.util.stream.ForEachOps$ForEachOp.evaluateSequential                                (ForEachOps.java:151)                      
                                                                         java.util.stream.ForEachOps$ForEachOp$OfRef.evaluateSequential                                (ForEachOps.java:174)                      
                                                                                   java.util.stream.AbstractPipeline.evaluate                                          (AbstractPipeline.java:234)                
                                                                                  java.util.stream.ReferencePipeline.forEach                                           (ReferencePipeline.java:418)               
                                             org.junit.platform.engine.support.hierarchical.HierarchicalTestExecutor.lambda$execute$3                                  (HierarchicalTestExecutor.java:92)         
                                                   org.junit.platform.engine.support.hierarchical.SingleTestExecutor.executeSafely                                     (SingleTestExecutor.java:66)               
                                             org.junit.platform.engine.support.hierarchical.HierarchicalTestExecutor.execute                                           (HierarchicalTestExecutor.java:77)         
                                             org.junit.platform.engine.support.hierarchical.HierarchicalTestExecutor.execute                                           (HierarchicalTestExecutor.java:51)         
                                               org.junit.platform.engine.support.hierarchical.HierarchicalTestEngine.execute                                           (HierarchicalTestEngine.java:43)           
                                                                    org.junit.platform.launcher.core.DefaultLauncher.execute                                           (DefaultLauncher.java:170)                 
                                                                    org.junit.platform.launcher.core.DefaultLauncher.execute                                           (DefaultLauncher.java:154)                 
                                                                    org.junit.platform.launcher.core.DefaultLauncher.execute                                           (DefaultLauncher.java:90)                  
   org.gradle.api.internal.tasks.testing.junitplatform.JUnitPlatformTestClassProcessor$CollectAllTestClassesExecutor.processAllTestClasses                             (JUnitPlatformTestClassProcessor.java:92)  
   org.gradle.api.internal.tasks.testing.junitplatform.JUnitPlatformTestClassProcessor$CollectAllTestClassesExecutor.access$100                                        (JUnitPlatformTestClassProcessor.java:77)  
                                 org.gradle.api.internal.tasks.testing.junitplatform.JUnitPlatformTestClassProcessor.stop                                              (JUnitPlatformTestClassProcessor.java:73)  
                                                       org.gradle.api.internal.tasks.testing.SuiteTestClassProcessor.stop                                              (SuiteTestClassProcessor.java:61)          
                                                                                sun.reflect.NativeMethodAccessorImpl.invoke0                                           (NativeMethodAccessorImpl.java:-2)N        
                                                                                sun.reflect.NativeMethodAccessorImpl.invoke                                            (NativeMethodAccessorImpl.java:62)         
                                                                            sun.reflect.DelegatingMethodAccessorImpl.invoke                                            (DelegatingMethodAccessorImpl.java:43)     
                                                                                            java.lang.reflect.Method.invoke                                            (Method.java:498)                          
                                                                     org.gradle.internal.dispatch.ReflectionDispatch.dispatch                                          (ReflectionDispatch.java:35)               
                                                                     org.gradle.internal.dispatch.ReflectionDispatch.dispatch                                          (ReflectionDispatch.java:24)               
                                                             org.gradle.internal.dispatch.ContextClassLoaderDispatch.dispatch                                          (ContextClassLoaderDispatch.java:32)       
                                      org.gradle.internal.dispatch.ProxyDispatchAdapter$DispatchingInvocationHandler.invoke                                            (ProxyDispatchAdapter.java:93)             
                                                                                               com.sun.proxy.$Proxy1.stop                                              (-:-1)                                     
                                                             org.gradle.api.internal.tasks.testing.worker.TestWorker.stop                                              (TestWorker.java:123)                      
                                                                                sun.reflect.NativeMethodAccessorImpl.invoke0                                           (NativeMethodAccessorImpl.java:-2)N        
                                                                                sun.reflect.NativeMethodAccessorImpl.invoke                                            (NativeMethodAccessorImpl.java:62)         
                                                                            sun.reflect.DelegatingMethodAccessorImpl.invoke                                            (DelegatingMethodAccessorImpl.java:43)     
                                                                                            java.lang.reflect.Method.invoke                                            (Method.java:498)                          
                                                                     org.gradle.internal.dispatch.ReflectionDispatch.dispatch                                          (ReflectionDispatch.java:35)               
                                                                     org.gradle.internal.dispatch.ReflectionDispatch.dispatch                                          (ReflectionDispatch.java:24)               
                            org.gradle.internal.remote.internal.hub.MessageHubBackedObjectConnection$DispatchWrapper.dispatch                                          (MessageHubBackedObjectConnection.java:155)
                            org.gradle.internal.remote.internal.hub.MessageHubBackedObjectConnection$DispatchWrapper.dispatch                                          (MessageHubBackedObjectConnection.java:137)
                                                          org.gradle.internal.remote.internal.hub.MessageHub$Handler.run                                               (MessageHub.java:404)                      
                                                org.gradle.internal.concurrent.ExecutorPolicy$CatchAndRecordFailures.onExecute                                         (ExecutorPolicy.java:63)                   
                                                                org.gradle.internal.concurrent.ManagedExecutorImpl$1.run                                               (ManagedExecutorImpl.java:46)              
                                                                             java.util.concurrent.ThreadPoolExecutor.runWorker                                         (ThreadPoolExecutor.java:1142)             
                                                                      java.util.concurrent.ThreadPoolExecutor$Worker.run                                               (ThreadPoolExecutor.java:617)              
                                              org.gradle.internal.concurrent.ThreadFactoryImpl$ManagedThreadRunnable.run                                               (ThreadFactoryImpl.java:55)                
                                                                                                    java.lang.Thread.run                                               (Thread.java:748)                          

10)                                                                                    io.mockk.impl.InternalPlatform.captureStackTrace                                 (InternalPlatform.kt:123)                  
                                                                                         io.mockk.impl.stub.MockKStub.handleInvocation                                  (MockKStub.kt:206)                         
                                                       io.mockk.impl.instantiation.JvmMockFactoryHelper$mockHandler$1.invocation                                        (JvmMockFactoryHelper.kt:23)               
                                                                                io.mockk.proxy.jvm.advice.Interceptor.call                                              (Interceptor.kt:20)                        
                                                                                 io.mockk.proxy.jvm.advice.BaseAdvice.handle                                            (BaseAdvice.kt:42)                         
                                                               io.mockk.proxy.jvm.advice.jvm.JvmMockKProxyInterceptor.interceptNoSuper                                  (JvmMockKProxyInterceptor.java:45)         
                                                                             com.jdroids.robotlib.command.Command(BB).interrupt                                         (-:-1)                                     
                                                                com.jdroids.robotlib.command.SchedulerImpl$requires$1.invoke                                            (SchedulerImpl.kt:67)                      
                                                                com.jdroids.robotlib.command.SchedulerImpl$requires$1.invoke                                            (SchedulerImpl.kt:8)                       
                                                               kotlin.collections.CollectionsKt__MutableCollectionsKt.filterInPlace$CollectionsKt__MutableCollectionsKt (MutableCollections.kt:164)                
                                                               kotlin.collections.CollectionsKt__MutableCollectionsKt.removeAll                                         (MutableCollections.kt:153)                
                                                                           com.jdroids.robotlib.command.SchedulerImpl.requires                                          (SchedulerImpl.kt:64)                      
                                                                           com.jdroids.robotlib.command.SchedulerTest.requires() interrupts commands when it should     (SchedulerTest.kt:76)                      
                                                                                 sun.reflect.NativeMethodAccessorImpl.invoke0                                           (NativeMethodAccessorImpl.java:-2)N        
                                                                                 sun.reflect.NativeMethodAccessorImpl.invoke                                            (NativeMethodAccessorImpl.java:62)         
                                                                             sun.reflect.DelegatingMethodAccessorImpl.invoke                                            (DelegatingMethodAccessorImpl.java:43)     
                                                                                             java.lang.reflect.Method.invoke                                            (Method.java:498)                          
                                                                      org.junit.platform.commons.util.ReflectionUtils.invokeMethod                                      (ReflectionUtils.java:389)                 
                                                                 org.junit.jupiter.engine.execution.ExecutableInvoker.invoke                                            (ExecutableInvoker.java:115)               
                                                         org.junit.jupiter.engine.descriptor.TestMethodTestDescriptor.lambda$invokeTestMethod$6                         (TestMethodTestDescriptor.java:167)        
                                                                org.junit.jupiter.engine.execution.ThrowableCollector.execute                                           (ThrowableCollector.java:40)               
                                                         org.junit.jupiter.engine.descriptor.TestMethodTestDescriptor.invokeTestMethod                                  (TestMethodTestDescriptor.java:163)        
                                                         org.junit.jupiter.engine.descriptor.TestMethodTestDescriptor.execute                                           (TestMethodTestDescriptor.java:110)        
                                                         org.junit.jupiter.engine.descriptor.TestMethodTestDescriptor.execute                                           (TestMethodTestDescriptor.java:57)         
                                              org.junit.platform.engine.support.hierarchical.HierarchicalTestExecutor.lambda$execute$3                                  (HierarchicalTestExecutor.java:83)         
                                                    org.junit.platform.engine.support.hierarchical.SingleTestExecutor.executeSafely                                     (SingleTestExecutor.java:66)               
                                              org.junit.platform.engine.support.hierarchical.HierarchicalTestExecutor.execute                                           (HierarchicalTestExecutor.java:77)         
                                              org.junit.platform.engine.support.hierarchical.HierarchicalTestExecutor.lambda$null$2                                     (HierarchicalTestExecutor.java:92)         
                                                                          java.util.stream.ForEachOps$ForEachOp$OfRef.accept                                            (ForEachOps.java:184)                      
                                                                               java.util.stream.ReferencePipeline$2$1.accept                                            (ReferencePipeline.java:175)               
                                                                                                   java.util.Iterator.forEachRemaining                                  (Iterator.java:116)                        
                                                                           java.util.Spliterators$IteratorSpliterator.forEachRemaining                                  (Spliterators.java:1801)                   
                                                                                    java.util.stream.AbstractPipeline.copyInto                                          (AbstractPipeline.java:481)                
                                                                                    java.util.stream.AbstractPipeline.wrapAndCopyInto                                   (AbstractPipeline.java:471)                
                                                                                java.util.stream.ForEachOps$ForEachOp.evaluateSequential                                (ForEachOps.java:151)                      
                                                                          java.util.stream.ForEachOps$ForEachOp$OfRef.evaluateSequential                                (ForEachOps.java:174)                      
                                                                                    java.util.stream.AbstractPipeline.evaluate                                          (AbstractPipeline.java:234)                
                                                                                   java.util.stream.ReferencePipeline.forEach                                           (ReferencePipeline.java:418)               
                                              org.junit.platform.engine.support.hierarchical.HierarchicalTestExecutor.lambda$execute$3                                  (HierarchicalTestExecutor.java:92)         
                                                    org.junit.platform.engine.support.hierarchical.SingleTestExecutor.executeSafely                                     (SingleTestExecutor.java:66)               
                                              org.junit.platform.engine.support.hierarchical.HierarchicalTestExecutor.execute                                           (HierarchicalTestExecutor.java:77)         
                                              org.junit.platform.engine.support.hierarchical.HierarchicalTestExecutor.lambda$null$2                                     (HierarchicalTestExecutor.java:92)         
                                                                          java.util.stream.ForEachOps$ForEachOp$OfRef.accept                                            (ForEachOps.java:184)                      
                                                                               java.util.stream.ReferencePipeline$2$1.accept                                            (ReferencePipeline.java:175)               
                                                                                                   java.util.Iterator.forEachRemaining                                  (Iterator.java:116)                        
                                                                           java.util.Spliterators$IteratorSpliterator.forEachRemaining                                  (Spliterators.java:1801)                   
                                                                                    java.util.stream.AbstractPipeline.copyInto                                          (AbstractPipeline.java:481)                
                                                                                    java.util.stream.AbstractPipeline.wrapAndCopyInto                                   (AbstractPipeline.java:471)                
                                                                                java.util.stream.ForEachOps$ForEachOp.evaluateSequential                                (ForEachOps.java:151)                      
                                                                          java.util.stream.ForEachOps$ForEachOp$OfRef.evaluateSequential                                (ForEachOps.java:174)                      
                                                                                    java.util.stream.AbstractPipeline.evaluate                                          (AbstractPipeline.java:234)                
                                                                                   java.util.stream.ReferencePipeline.forEach                                           (ReferencePipeline.java:418)               
                                              org.junit.platform.engine.support.hierarchical.HierarchicalTestExecutor.lambda$execute$3                                  (HierarchicalTestExecutor.java:92)         
                                                    org.junit.platform.engine.support.hierarchical.SingleTestExecutor.executeSafely                                     (SingleTestExecutor.java:66)               
                                              org.junit.platform.engine.support.hierarchical.HierarchicalTestExecutor.execute                                           (HierarchicalTestExecutor.java:77)         
                                              org.junit.platform.engine.support.hierarchical.HierarchicalTestExecutor.execute                                           (HierarchicalTestExecutor.java:51)         
                                                org.junit.platform.engine.support.hierarchical.HierarchicalTestEngine.execute                                           (HierarchicalTestEngine.java:43)           
                                                                     org.junit.platform.launcher.core.DefaultLauncher.execute                                           (DefaultLauncher.java:170)                 
                                                                     org.junit.platform.launcher.core.DefaultLauncher.execute                                           (DefaultLauncher.java:154)                 
                                                                     org.junit.platform.launcher.core.DefaultLauncher.execute                                           (DefaultLauncher.java:90)                  
    org.gradle.api.internal.tasks.testing.junitplatform.JUnitPlatformTestClassProcessor$CollectAllTestClassesExecutor.processAllTestClasses                             (JUnitPlatformTestClassProcessor.java:92)  
    org.gradle.api.internal.tasks.testing.junitplatform.JUnitPlatformTestClassProcessor$CollectAllTestClassesExecutor.access$100                                        (JUnitPlatformTestClassProcessor.java:77)  
                                  org.gradle.api.internal.tasks.testing.junitplatform.JUnitPlatformTestClassProcessor.stop                                              (JUnitPlatformTestClassProcessor.java:73)  
                                                        org.gradle.api.internal.tasks.testing.SuiteTestClassProcessor.stop                                              (SuiteTestClassProcessor.java:61)          
                                                                                 sun.reflect.NativeMethodAccessorImpl.invoke0                                           (NativeMethodAccessorImpl.java:-2)N        
                                                                                 sun.reflect.NativeMethodAccessorImpl.invoke                                            (NativeMethodAccessorImpl.java:62)         
                                                                             sun.reflect.DelegatingMethodAccessorImpl.invoke                                            (DelegatingMethodAccessorImpl.java:43)     
                                                                                             java.lang.reflect.Method.invoke                                            (Method.java:498)                          
                                                                      org.gradle.internal.dispatch.ReflectionDispatch.dispatch                                          (ReflectionDispatch.java:35)               
                                                                      org.gradle.internal.dispatch.ReflectionDispatch.dispatch                                          (ReflectionDispatch.java:24)               
                                                              org.gradle.internal.dispatch.ContextClassLoaderDispatch.dispatch                                          (ContextClassLoaderDispatch.java:32)       
                                       org.gradle.internal.dispatch.ProxyDispatchAdapter$DispatchingInvocationHandler.invoke                                            (ProxyDispatchAdapter.java:93)             
                                                                                                com.sun.proxy.$Proxy1.stop                                              (-:-1)                                     
                                                              org.gradle.api.internal.tasks.testing.worker.TestWorker.stop                                              (TestWorker.java:123)                      
                                                                                 sun.reflect.NativeMethodAccessorImpl.invoke0                                           (NativeMethodAccessorImpl.java:-2)N        
                                                                                 sun.reflect.NativeMethodAccessorImpl.invoke                                            (NativeMethodAccessorImpl.java:62)         
                                                                             sun.reflect.DelegatingMethodAccessorImpl.invoke                                            (DelegatingMethodAccessorImpl.java:43)     
                                                                                             java.lang.reflect.Method.invoke                                            (Method.java:498)                          
                                                                      org.gradle.internal.dispatch.ReflectionDispatch.dispatch                                          (ReflectionDispatch.java:35)               
                                                                      org.gradle.internal.dispatch.ReflectionDispatch.dispatch                                          (ReflectionDispatch.java:24)               
                             org.gradle.internal.remote.internal.hub.MessageHubBackedObjectConnection$DispatchWrapper.dispatch                                          (MessageHubBackedObjectConnection.java:155)
                             org.gradle.internal.remote.internal.hub.MessageHubBackedObjectConnection$DispatchWrapper.dispatch                                          (MessageHubBackedObjectConnection.java:137)
                                                           org.gradle.internal.remote.internal.hub.MessageHub$Handler.run                                               (MessageHub.java:404)                      
                                                 org.gradle.internal.concurrent.ExecutorPolicy$CatchAndRecordFailures.onExecute                                         (ExecutorPolicy.java:63)                   
                                                                 org.gradle.internal.concurrent.ManagedExecutorImpl$1.run                                               (ManagedExecutorImpl.java:46)              
                                                                              java.util.concurrent.ThreadPoolExecutor.runWorker                                         (ThreadPoolExecutor.java:1142)             
                                                                       java.util.concurrent.ThreadPoolExecutor$Worker.run                                               (ThreadPoolExecutor.java:617)              
                                               org.gradle.internal.concurrent.ThreadFactoryImpl$ManagedThreadRunnable.run                                               (ThreadFactoryImpl.java:55)                
                                                                                                     java.lang.Thread.run                                               (Thread.java:748)                          

11)                                                                                    io.mockk.impl.InternalPlatform.captureStackTrace                                 (InternalPlatform.kt:123)                  
                                                                                         io.mockk.impl.stub.MockKStub.handleInvocation                                  (MockKStub.kt:206)                         
                                                       io.mockk.impl.instantiation.JvmMockFactoryHelper$mockHandler$1.invocation                                        (JvmMockFactoryHelper.kt:23)               
                                                                                io.mockk.proxy.jvm.advice.Interceptor.call                                              (Interceptor.kt:20)                        
                                                                                 io.mockk.proxy.jvm.advice.BaseAdvice.handle                                            (BaseAdvice.kt:42)                         
                                                               io.mockk.proxy.jvm.advice.jvm.JvmMockKProxyInterceptor.intercept                                         (JvmMockKProxyInterceptor.java:31)         
                                                                             com.jdroids.robotlib.command.Command(BB).hashCode                                          (-:-1)                                     
                                                                                                    java.util.HashMap.hash                                              (HashMap.java:338)                         
                                                                                                    java.util.HashMap.remove                                            (HashMap.java:798)                         
                                                                           com.jdroids.robotlib.command.SchedulerImpl.clearSubsystemRequirements                        (SchedulerImpl.kt:95)                      
                                                                com.jdroids.robotlib.command.SchedulerImpl$requires$1.invoke                                            (SchedulerImpl.kt:68)                      
                                                                com.jdroids.robotlib.command.SchedulerImpl$requires$1.invoke                                            (SchedulerImpl.kt:8)                       
                                                               kotlin.collections.CollectionsKt__MutableCollectionsKt.filterInPlace$CollectionsKt__MutableCollectionsKt (MutableCollections.kt:164)                
                                                               kotlin.collections.CollectionsKt__MutableCollectionsKt.removeAll                                         (MutableCollections.kt:153)                
                                                                           com.jdroids.robotlib.command.SchedulerImpl.requires                                          (SchedulerImpl.kt:64)                      
                                                                           com.jdroids.robotlib.command.SchedulerTest.requires() interrupts commands when it should     (SchedulerTest.kt:76)                      
                                                                                 sun.reflect.NativeMethodAccessorImpl.invoke0                                           (NativeMethodAccessorImpl.java:-2)N        
                                                                                 sun.reflect.NativeMethodAccessorImpl.invoke                                            (NativeMethodAccessorImpl.java:62)         
                                                                             sun.reflect.DelegatingMethodAccessorImpl.invoke                                            (DelegatingMethodAccessorImpl.java:43)     
                                                                                             java.lang.reflect.Method.invoke                                            (Method.java:498)                          
                                                                      org.junit.platform.commons.util.ReflectionUtils.invokeMethod                                      (ReflectionUtils.java:389)                 
                                                                 org.junit.jupiter.engine.execution.ExecutableInvoker.invoke                                            (ExecutableInvoker.java:115)               
                                                         org.junit.jupiter.engine.descriptor.TestMethodTestDescriptor.lambda$invokeTestMethod$6                         (TestMethodTestDescriptor.java:167)        
                                                                org.junit.jupiter.engine.execution.ThrowableCollector.execute                                           (ThrowableCollector.java:40)               
                                                         org.junit.jupiter.engine.descriptor.TestMethodTestDescriptor.invokeTestMethod                                  (TestMethodTestDescriptor.java:163)        
                                                         org.junit.jupiter.engine.descriptor.TestMethodTestDescriptor.execute                                           (TestMethodTestDescriptor.java:110)        
                                                         org.junit.jupiter.engine.descriptor.TestMethodTestDescriptor.execute                                           (TestMethodTestDescriptor.java:57)         
                                              org.junit.platform.engine.support.hierarchical.HierarchicalTestExecutor.lambda$execute$3                                  (HierarchicalTestExecutor.java:83)         
                                                    org.junit.platform.engine.support.hierarchical.SingleTestExecutor.executeSafely                                     (SingleTestExecutor.java:66)               
                                              org.junit.platform.engine.support.hierarchical.HierarchicalTestExecutor.execute                                           (HierarchicalTestExecutor.java:77)         
                                              org.junit.platform.engine.support.hierarchical.HierarchicalTestExecutor.lambda$null$2                                     (HierarchicalTestExecutor.java:92)         
                                                                          java.util.stream.ForEachOps$ForEachOp$OfRef.accept                                            (ForEachOps.java:184)                      
                                                                               java.util.stream.ReferencePipeline$2$1.accept                                            (ReferencePipeline.java:175)               
                                                                                                   java.util.Iterator.forEachRemaining                                  (Iterator.java:116)                        
                                                                           java.util.Spliterators$IteratorSpliterator.forEachRemaining                                  (Spliterators.java:1801)                   
                                                                                    java.util.stream.AbstractPipeline.copyInto                                          (AbstractPipeline.java:481)                
                                                                                    java.util.stream.AbstractPipeline.wrapAndCopyInto                                   (AbstractPipeline.java:471)                
                                                                                java.util.stream.ForEachOps$ForEachOp.evaluateSequential                                (ForEachOps.java:151)                      
                                                                          java.util.stream.ForEachOps$ForEachOp$OfRef.evaluateSequential                                (ForEachOps.java:174)                      
                                                                                    java.util.stream.AbstractPipeline.evaluate                                          (AbstractPipeline.java:234)                
                                                                                   java.util.stream.ReferencePipeline.forEach                                           (ReferencePipeline.java:418)               
                                              org.junit.platform.engine.support.hierarchical.HierarchicalTestExecutor.lambda$execute$3                                  (HierarchicalTestExecutor.java:92)         
                                                    org.junit.platform.engine.support.hierarchical.SingleTestExecutor.executeSafely                                     (SingleTestExecutor.java:66)               
                                              org.junit.platform.engine.support.hierarchical.HierarchicalTestExecutor.execute                                           (HierarchicalTestExecutor.java:77)         
                                              org.junit.platform.engine.support.hierarchical.HierarchicalTestExecutor.lambda$null$2                                     (HierarchicalTestExecutor.java:92)         
                                                                          java.util.stream.ForEachOps$ForEachOp$OfRef.accept                                            (ForEachOps.java:184)                      
                                                                               java.util.stream.ReferencePipeline$2$1.accept                                            (ReferencePipeline.java:175)               
                                                                                                   java.util.Iterator.forEachRemaining                                  (Iterator.java:116)                        
                                                                           java.util.Spliterators$IteratorSpliterator.forEachRemaining                                  (Spliterators.java:1801)                   
                                                                                    java.util.stream.AbstractPipeline.copyInto                                          (AbstractPipeline.java:481)                
                                                                                    java.util.stream.AbstractPipeline.wrapAndCopyInto                                   (AbstractPipeline.java:471)                
                                                                                java.util.stream.ForEachOps$ForEachOp.evaluateSequential                                (ForEachOps.java:151)                      
                                                                          java.util.stream.ForEachOps$ForEachOp$OfRef.evaluateSequential                                (ForEachOps.java:174)                      
                                                                                    java.util.stream.AbstractPipeline.evaluate                                          (AbstractPipeline.java:234)                
                                                                                   java.util.stream.ReferencePipeline.forEach                                           (ReferencePipeline.java:418)               
                                              org.junit.platform.engine.support.hierarchical.HierarchicalTestExecutor.lambda$execute$3                                  (HierarchicalTestExecutor.java:92)         
                                                    org.junit.platform.engine.support.hierarchical.SingleTestExecutor.executeSafely                                     (SingleTestExecutor.java:66)               
                                              org.junit.platform.engine.support.hierarchical.HierarchicalTestExecutor.execute                                           (HierarchicalTestExecutor.java:77)         
                                              org.junit.platform.engine.support.hierarchical.HierarchicalTestExecutor.execute                                           (HierarchicalTestExecutor.java:51)         
                                                org.junit.platform.engine.support.hierarchical.HierarchicalTestEngine.execute                                           (HierarchicalTestEngine.java:43)           
                                                                     org.junit.platform.launcher.core.DefaultLauncher.execute                                           (DefaultLauncher.java:170)                 
                                                                     org.junit.platform.launcher.core.DefaultLauncher.execute                                           (DefaultLauncher.java:154)                 
                                                                     org.junit.platform.launcher.core.DefaultLauncher.execute                                           (DefaultLauncher.java:90)                  
    org.gradle.api.internal.tasks.testing.junitplatform.JUnitPlatformTestClassProcessor$CollectAllTestClassesExecutor.processAllTestClasses                             (JUnitPlatformTestClassProcessor.java:92)  
    org.gradle.api.internal.tasks.testing.junitplatform.JUnitPlatformTestClassProcessor$CollectAllTestClassesExecutor.access$100                                        (JUnitPlatformTestClassProcessor.java:77)  
                                  org.gradle.api.internal.tasks.testing.junitplatform.JUnitPlatformTestClassProcessor.stop                                              (JUnitPlatformTestClassProcessor.java:73)  
                                                        org.gradle.api.internal.tasks.testing.SuiteTestClassProcessor.stop                                              (SuiteTestClassProcessor.java:61)          
                                                                                 sun.reflect.NativeMethodAccessorImpl.invoke0                                           (NativeMethodAccessorImpl.java:-2)N        
                                                                                 sun.reflect.NativeMethodAccessorImpl.invoke                                            (NativeMethodAccessorImpl.java:62)         
                                                                             sun.reflect.DelegatingMethodAccessorImpl.invoke                                            (DelegatingMethodAccessorImpl.java:43)     
                                                                                             java.lang.reflect.Method.invoke                                            (Method.java:498)                          
                                                                      org.gradle.internal.dispatch.ReflectionDispatch.dispatch                                          (ReflectionDispatch.java:35)               
                                                                      org.gradle.internal.dispatch.ReflectionDispatch.dispatch                                          (ReflectionDispatch.java:24)               
                                                              org.gradle.internal.dispatch.ContextClassLoaderDispatch.dispatch                                          (ContextClassLoaderDispatch.java:32)       
                                       org.gradle.internal.dispatch.ProxyDispatchAdapter$DispatchingInvocationHandler.invoke                                            (ProxyDispatchAdapter.java:93)             
                                                                                                com.sun.proxy.$Proxy1.stop                                              (-:-1)                                     
                                                              org.gradle.api.internal.tasks.testing.worker.TestWorker.stop                                              (TestWorker.java:123)                      
                                                                                 sun.reflect.NativeMethodAccessorImpl.invoke0                                           (NativeMethodAccessorImpl.java:-2)N        
                                                                                 sun.reflect.NativeMethodAccessorImpl.invoke                                            (NativeMethodAccessorImpl.java:62)         
                                                                             sun.reflect.DelegatingMethodAccessorImpl.invoke                                            (DelegatingMethodAccessorImpl.java:43)     
                                                                                             java.lang.reflect.Method.invoke                                            (Method.java:498)                          
                                                                      org.gradle.internal.dispatch.ReflectionDispatch.dispatch                                          (ReflectionDispatch.java:35)               
                                                                      org.gradle.internal.dispatch.ReflectionDispatch.dispatch                                          (ReflectionDispatch.java:24)               
                             org.gradle.internal.remote.internal.hub.MessageHubBackedObjectConnection$DispatchWrapper.dispatch                                          (MessageHubBackedObjectConnection.java:155)
                             org.gradle.internal.remote.internal.hub.MessageHubBackedObjectConnection$DispatchWrapper.dispatch                                          (MessageHubBackedObjectConnection.java:137)
                                                           org.gradle.internal.remote.internal.hub.MessageHub$Handler.run                                               (MessageHub.java:404)                      
                                                 org.gradle.internal.concurrent.ExecutorPolicy$CatchAndRecordFailures.onExecute                                         (ExecutorPolicy.java:63)                   
                                                                 org.gradle.internal.concurrent.ManagedExecutorImpl$1.run                                               (ManagedExecutorImpl.java:46)              
                                                                              java.util.concurrent.ThreadPoolExecutor.runWorker                                         (ThreadPoolExecutor.java:1142)             
                                                                       java.util.concurrent.ThreadPoolExecutor$Worker.run                                               (ThreadPoolExecutor.java:617)              
                                               org.gradle.internal.concurrent.ThreadFactoryImpl$ManagedThreadRunnable.run                                               (ThreadFactoryImpl.java:55)                
                                                                                                     java.lang.Thread.run                                               (Thread.java:748)                          

12)                                                                                    io.mockk.impl.InternalPlatform.captureStackTrace                                 (InternalPlatform.kt:123)                  
                                                                                         io.mockk.impl.stub.MockKStub.handleInvocation                                  (MockKStub.kt:206)                         
                                                       io.mockk.impl.instantiation.JvmMockFactoryHelper$mockHandler$1.invocation                                        (JvmMockFactoryHelper.kt:23)               
                                                                                io.mockk.proxy.jvm.advice.Interceptor.call                                              (Interceptor.kt:20)                        
                                                                                 io.mockk.proxy.jvm.advice.BaseAdvice.handle                                            (BaseAdvice.kt:42)                         
                                                               io.mockk.proxy.jvm.advice.jvm.JvmMockKProxyInterceptor.interceptNoSuper                                  (JvmMockKProxyInterceptor.java:45)         
                                                                             com.jdroids.robotlib.command.Command(BB).isInterruptible                                   (-:-1)                                     
                                                                com.jdroids.robotlib.command.SchedulerImpl$requires$2.invoke                                            (SchedulerImpl.kt:79)                      
                                                                com.jdroids.robotlib.command.SchedulerImpl$requires$2.invoke                                            (SchedulerImpl.kt:8)                       
                                                               kotlin.collections.CollectionsKt__MutableCollectionsKt.filterInPlace$CollectionsKt__MutableCollectionsKt (MutableCollections.kt:164)                
                                                               kotlin.collections.CollectionsKt__MutableCollectionsKt.removeAll                                         (MutableCollections.kt:153)                
                                                                           com.jdroids.robotlib.command.SchedulerImpl.requires                                          (SchedulerImpl.kt:79)                      
                                                                           com.jdroids.robotlib.command.SchedulerTest.requires() interrupts commands when it should     (SchedulerTest.kt:76)                      
                                                                                 sun.reflect.NativeMethodAccessorImpl.invoke0                                           (NativeMethodAccessorImpl.java:-2)N        
                                                                                 sun.reflect.NativeMethodAccessorImpl.invoke                                            (NativeMethodAccessorImpl.java:62)         
                                                                             sun.reflect.DelegatingMethodAccessorImpl.invoke                                            (DelegatingMethodAccessorImpl.java:43)     
                                                                                             java.lang.reflect.Method.invoke                                            (Method.java:498)                          
                                                                      org.junit.platform.commons.util.ReflectionUtils.invokeMethod                                      (ReflectionUtils.java:389)                 
                                                                 org.junit.jupiter.engine.execution.ExecutableInvoker.invoke                                            (ExecutableInvoker.java:115)               
                                                         org.junit.jupiter.engine.descriptor.TestMethodTestDescriptor.lambda$invokeTestMethod$6                         (TestMethodTestDescriptor.java:167)        
                                                                org.junit.jupiter.engine.execution.ThrowableCollector.execute                                           (ThrowableCollector.java:40)               
                                                         org.junit.jupiter.engine.descriptor.TestMethodTestDescriptor.invokeTestMethod                                  (TestMethodTestDescriptor.java:163)        
                                                         org.junit.jupiter.engine.descriptor.TestMethodTestDescriptor.execute                                           (TestMethodTestDescriptor.java:110)        
                                                         org.junit.jupiter.engine.descriptor.TestMethodTestDescriptor.execute                                           (TestMethodTestDescriptor.java:57)         
                                              org.junit.platform.engine.support.hierarchical.HierarchicalTestExecutor.lambda$execute$3                                  (HierarchicalTestExecutor.java:83)         
                                                    org.junit.platform.engine.support.hierarchical.SingleTestExecutor.executeSafely                                     (SingleTestExecutor.java:66)               
                                              org.junit.platform.engine.support.hierarchical.HierarchicalTestExecutor.execute                                           (HierarchicalTestExecutor.java:77)         
                                              org.junit.platform.engine.support.hierarchical.HierarchicalTestExecutor.lambda$null$2                                     (HierarchicalTestExecutor.java:92)         
                                                                          java.util.stream.ForEachOps$ForEachOp$OfRef.accept                                            (ForEachOps.java:184)                      
                                                                               java.util.stream.ReferencePipeline$2$1.accept                                            (ReferencePipeline.java:175)               
                                                                                                   java.util.Iterator.forEachRemaining                                  (Iterator.java:116)                        
                                                                           java.util.Spliterators$IteratorSpliterator.forEachRemaining                                  (Spliterators.java:1801)                   
                                                                                    java.util.stream.AbstractPipeline.copyInto                                          (AbstractPipeline.java:481)                
                                                                                    java.util.stream.AbstractPipeline.wrapAndCopyInto                                   (AbstractPipeline.java:471)                
                                                                                java.util.stream.ForEachOps$ForEachOp.evaluateSequential                                (ForEachOps.java:151)                      
                                                                          java.util.stream.ForEachOps$ForEachOp$OfRef.evaluateSequential                                (ForEachOps.java:174)                      
                                                                                    java.util.stream.AbstractPipeline.evaluate                                          (AbstractPipeline.java:234)                
                                                                                   java.util.stream.ReferencePipeline.forEach                                           (ReferencePipeline.java:418)               
                                              org.junit.platform.engine.support.hierarchical.HierarchicalTestExecutor.lambda$execute$3                                  (HierarchicalTestExecutor.java:92)         
                                                    org.junit.platform.engine.support.hierarchical.SingleTestExecutor.executeSafely                                     (SingleTestExecutor.java:66)               
                                              org.junit.platform.engine.support.hierarchical.HierarchicalTestExecutor.execute                                           (HierarchicalTestExecutor.java:77)         
                                              org.junit.platform.engine.support.hierarchical.HierarchicalTestExecutor.lambda$null$2                                     (HierarchicalTestExecutor.java:92)         
                                                                          java.util.stream.ForEachOps$ForEachOp$OfRef.accept                                            (ForEachOps.java:184)                      
                                                                               java.util.stream.ReferencePipeline$2$1.accept                                            (ReferencePipeline.java:175)               
                                                                                                   java.util.Iterator.forEachRemaining                                  (Iterator.java:116)                        
                                                                           java.util.Spliterators$IteratorSpliterator.forEachRemaining                                  (Spliterators.java:1801)                   
                                                                                    java.util.stream.AbstractPipeline.copyInto                                          (AbstractPipeline.java:481)                
                                                                                    java.util.stream.AbstractPipeline.wrapAndCopyInto                                   (AbstractPipeline.java:471)                
                                                                                java.util.stream.ForEachOps$ForEachOp.evaluateSequential                                (ForEachOps.java:151)                      
                                                                          java.util.stream.ForEachOps$ForEachOp$OfRef.evaluateSequential                                (ForEachOps.java:174)                      
                                                                                    java.util.stream.AbstractPipeline.evaluate                                          (AbstractPipeline.java:234)                
                                                                                   java.util.stream.ReferencePipeline.forEach                                           (ReferencePipeline.java:418)               
                                              org.junit.platform.engine.support.hierarchical.HierarchicalTestExecutor.lambda$execute$3                                  (HierarchicalTestExecutor.java:92)         
                                                    org.junit.platform.engine.support.hierarchical.SingleTestExecutor.executeSafely                                     (SingleTestExecutor.java:66)               
                                              org.junit.platform.engine.support.hierarchical.HierarchicalTestExecutor.execute                                           (HierarchicalTestExecutor.java:77)         
                                              org.junit.platform.engine.support.hierarchical.HierarchicalTestExecutor.execute                                           (HierarchicalTestExecutor.java:51)         
                                                org.junit.platform.engine.support.hierarchical.HierarchicalTestEngine.execute                                           (HierarchicalTestEngine.java:43)           
                                                                     org.junit.platform.launcher.core.DefaultLauncher.execute                                           (DefaultLauncher.java:170)                 
                                                                     org.junit.platform.launcher.core.DefaultLauncher.execute                                           (DefaultLauncher.java:154)                 
                                                                     org.junit.platform.launcher.core.DefaultLauncher.execute                                           (DefaultLauncher.java:90)                  
    org.gradle.api.internal.tasks.testing.junitplatform.JUnitPlatformTestClassProcessor$CollectAllTestClassesExecutor.processAllTestClasses                             (JUnitPlatformTestClassProcessor.java:92)  
    org.gradle.api.internal.tasks.testing.junitplatform.JUnitPlatformTestClassProcessor$CollectAllTestClassesExecutor.access$100                                        (JUnitPlatformTestClassProcessor.java:77)  
                                  org.gradle.api.internal.tasks.testing.junitplatform.JUnitPlatformTestClassProcessor.stop                                              (JUnitPlatformTestClassProcessor.java:73)  
                                                        org.gradle.api.internal.tasks.testing.SuiteTestClassProcessor.stop                                              (SuiteTestClassProcessor.java:61)          
                                                                                 sun.reflect.NativeMethodAccessorImpl.invoke0                                           (NativeMethodAccessorImpl.java:-2)N        
                                                                                 sun.reflect.NativeMethodAccessorImpl.invoke                                            (NativeMethodAccessorImpl.java:62)         
                                                                             sun.reflect.DelegatingMethodAccessorImpl.invoke                                            (DelegatingMethodAccessorImpl.java:43)     
                                                                                             java.lang.reflect.Method.invoke                                            (Method.java:498)                          
                                                                      org.gradle.internal.dispatch.ReflectionDispatch.dispatch                                          (ReflectionDispatch.java:35)               
                                                                      org.gradle.internal.dispatch.ReflectionDispatch.dispatch                                          (ReflectionDispatch.java:24)               
                                                              org.gradle.internal.dispatch.ContextClassLoaderDispatch.dispatch                                          (ContextClassLoaderDispatch.java:32)       
                                       org.gradle.internal.dispatch.ProxyDispatchAdapter$DispatchingInvocationHandler.invoke                                            (ProxyDispatchAdapter.java:93)             
                                                                                                com.sun.proxy.$Proxy1.stop                                              (-:-1)                                     
                                                              org.gradle.api.internal.tasks.testing.worker.TestWorker.stop                                              (TestWorker.java:123)                      
                                                                                 sun.reflect.NativeMethodAccessorImpl.invoke0                                           (NativeMethodAccessorImpl.java:-2)N        
                                                                                 sun.reflect.NativeMethodAccessorImpl.invoke                                            (NativeMethodAccessorImpl.java:62)         
                                                                             sun.reflect.DelegatingMethodAccessorImpl.invoke                                            (DelegatingMethodAccessorImpl.java:43)     
                                                                                             java.lang.reflect.Method.invoke                                            (Method.java:498)                          
                                                                      org.gradle.internal.dispatch.ReflectionDispatch.dispatch                                          (ReflectionDispatch.java:35)               
                                                                      org.gradle.internal.dispatch.ReflectionDispatch.dispatch                                          (ReflectionDispatch.java:24)               
                             org.gradle.internal.remote.internal.hub.MessageHubBackedObjectConnection$DispatchWrapper.dispatch                                          (MessageHubBackedObjectConnection.java:155)
                             org.gradle.internal.remote.internal.hub.MessageHubBackedObjectConnection$DispatchWrapper.dispatch                                          (MessageHubBackedObjectConnection.java:137)
                                                           org.gradle.internal.remote.internal.hub.MessageHub$Handler.run                                               (MessageHub.java:404)                      
                                                 org.gradle.internal.concurrent.ExecutorPolicy$CatchAndRecordFailures.onExecute                                         (ExecutorPolicy.java:63)                   
                                                                 org.gradle.internal.concurrent.ManagedExecutorImpl$1.run                                               (ManagedExecutorImpl.java:46)              
                                                                              java.util.concurrent.ThreadPoolExecutor.runWorker                                         (ThreadPoolExecutor.java:1142)             
                                                                       java.util.concurrent.ThreadPoolExecutor$Worker.run                                               (ThreadPoolExecutor.java:617)              
                                               org.gradle.internal.concurrent.ThreadFactoryImpl$ManagedThreadRunnable.run                                               (ThreadFactoryImpl.java:55)                
                                                                                                     java.lang.Thread.run                                               (Thread.java:748)                          

13)                                                                                    io.mockk.impl.InternalPlatform.captureStackTrace                                 (InternalPlatform.kt:123)                  
                                                                                         io.mockk.impl.stub.MockKStub.handleInvocation                                  (MockKStub.kt:206)                         
                                                       io.mockk.impl.instantiation.JvmMockFactoryHelper$mockHandler$1.invocation                                        (JvmMockFactoryHelper.kt:23)               
                                                                                io.mockk.proxy.jvm.advice.Interceptor.call                                              (Interceptor.kt:20)                        
                                                                                 io.mockk.proxy.jvm.advice.BaseAdvice.handle                                            (BaseAdvice.kt:42)                         
                                                               io.mockk.proxy.jvm.advice.jvm.JvmMockKProxyInterceptor.intercept                                         (JvmMockKProxyInterceptor.java:31)         
                                                                             com.jdroids.robotlib.command.Command(BB).hashCode                                          (-:-1)                                     
                                                                                                    java.util.HashMap.hash                                              (HashMap.java:338)                         
                                                                                                    java.util.HashMap.get                                               (HashMap.java:556)                         
                                                                com.jdroids.robotlib.command.SchedulerImpl$requires$2.invoke                                            (SchedulerImpl.kt:80)                      
                                                                com.jdroids.robotlib.command.SchedulerImpl$requires$2.invoke                                            (SchedulerImpl.kt:8)                       
                                                               kotlin.collections.CollectionsKt__MutableCollectionsKt.filterInPlace$CollectionsKt__MutableCollectionsKt (MutableCollections.kt:164)                
                                                               kotlin.collections.CollectionsKt__MutableCollectionsKt.removeAll                                         (MutableCollections.kt:153)                
                                                                           com.jdroids.robotlib.command.SchedulerImpl.requires                                          (SchedulerImpl.kt:79)                      
                                                                           com.jdroids.robotlib.command.SchedulerTest.requires() interrupts commands when it should     (SchedulerTest.kt:76)                      
                                                                                 sun.reflect.NativeMethodAccessorImpl.invoke0                                           (NativeMethodAccessorImpl.java:-2)N        
                                                                                 sun.reflect.NativeMethodAccessorImpl.invoke                                            (NativeMethodAccessorImpl.java:62)         
                                                                             sun.reflect.DelegatingMethodAccessorImpl.invoke                                            (DelegatingMethodAccessorImpl.java:43)     
                                                                                             java.lang.reflect.Method.invoke                                            (Method.java:498)                          
                                                                      org.junit.platform.commons.util.ReflectionUtils.invokeMethod                                      (ReflectionUtils.java:389)                 
                                                                 org.junit.jupiter.engine.execution.ExecutableInvoker.invoke                                            (ExecutableInvoker.java:115)               
                                                         org.junit.jupiter.engine.descriptor.TestMethodTestDescriptor.lambda$invokeTestMethod$6                         (TestMethodTestDescriptor.java:167)        
                                                                org.junit.jupiter.engine.execution.ThrowableCollector.execute                                           (ThrowableCollector.java:40)               
                                                         org.junit.jupiter.engine.descriptor.TestMethodTestDescriptor.invokeTestMethod                                  (TestMethodTestDescriptor.java:163)        
                                                         org.junit.jupiter.engine.descriptor.TestMethodTestDescriptor.execute                                           (TestMethodTestDescriptor.java:110)        
                                                         org.junit.jupiter.engine.descriptor.TestMethodTestDescriptor.execute                                           (TestMethodTestDescriptor.java:57)         
                                              org.junit.platform.engine.support.hierarchical.HierarchicalTestExecutor.lambda$execute$3                                  (HierarchicalTestExecutor.java:83)         
                                                    org.junit.platform.engine.support.hierarchical.SingleTestExecutor.executeSafely                                     (SingleTestExecutor.java:66)               
                                              org.junit.platform.engine.support.hierarchical.HierarchicalTestExecutor.execute                                           (HierarchicalTestExecutor.java:77)         
                                              org.junit.platform.engine.support.hierarchical.HierarchicalTestExecutor.lambda$null$2                                     (HierarchicalTestExecutor.java:92)         
                                                                          java.util.stream.ForEachOps$ForEachOp$OfRef.accept                                            (ForEachOps.java:184)                      
                                                                               java.util.stream.ReferencePipeline$2$1.accept                                            (ReferencePipeline.java:175)               
                                                                                                   java.util.Iterator.forEachRemaining                                  (Iterator.java:116)                        
                                                                           java.util.Spliterators$IteratorSpliterator.forEachRemaining                                  (Spliterators.java:1801)                   
                                                                                    java.util.stream.AbstractPipeline.copyInto                                          (AbstractPipeline.java:481)                
                                                                                    java.util.stream.AbstractPipeline.wrapAndCopyInto                                   (AbstractPipeline.java:471)                
                                                                                java.util.stream.ForEachOps$ForEachOp.evaluateSequential                                (ForEachOps.java:151)                      
                                                                          java.util.stream.ForEachOps$ForEachOp$OfRef.evaluateSequential                                (ForEachOps.java:174)                      
                                                                                    java.util.stream.AbstractPipeline.evaluate                                          (AbstractPipeline.java:234)                
                                                                                   java.util.stream.ReferencePipeline.forEach                                           (ReferencePipeline.java:418)               
                                              org.junit.platform.engine.support.hierarchical.HierarchicalTestExecutor.lambda$execute$3                                  (HierarchicalTestExecutor.java:92)         
                                                    org.junit.platform.engine.support.hierarchical.SingleTestExecutor.executeSafely                                     (SingleTestExecutor.java:66)               
                                              org.junit.platform.engine.support.hierarchical.HierarchicalTestExecutor.execute                                           (HierarchicalTestExecutor.java:77)         
                                              org.junit.platform.engine.support.hierarchical.HierarchicalTestExecutor.lambda$null$2                                     (HierarchicalTestExecutor.java:92)         
                                                                          java.util.stream.ForEachOps$ForEachOp$OfRef.accept                                            (ForEachOps.java:184)                      
                                                                               java.util.stream.ReferencePipeline$2$1.accept                                            (ReferencePipeline.java:175)               
                                                                                                   java.util.Iterator.forEachRemaining                                  (Iterator.java:116)                        
                                                                           java.util.Spliterators$IteratorSpliterator.forEachRemaining                                  (Spliterators.java:1801)                   
                                                                                    java.util.stream.AbstractPipeline.copyInto                                          (AbstractPipeline.java:481)                
                                                                                    java.util.stream.AbstractPipeline.wrapAndCopyInto                                   (AbstractPipeline.java:471)                
                                                                                java.util.stream.ForEachOps$ForEachOp.evaluateSequential                                (ForEachOps.java:151)                      
                                                                          java.util.stream.ForEachOps$ForEachOp$OfRef.evaluateSequential                                (ForEachOps.java:174)                      
                                                                                    java.util.stream.AbstractPipeline.evaluate                                          (AbstractPipeline.java:234)                
                                                                                   java.util.stream.ReferencePipeline.forEach                                           (ReferencePipeline.java:418)               
                                              org.junit.platform.engine.support.hierarchical.HierarchicalTestExecutor.lambda$execute$3                                  (HierarchicalTestExecutor.java:92)         
                                                    org.junit.platform.engine.support.hierarchical.SingleTestExecutor.executeSafely                                     (SingleTestExecutor.java:66)               
                                              org.junit.platform.engine.support.hierarchical.HierarchicalTestExecutor.execute                                           (HierarchicalTestExecutor.java:77)         
                                              org.junit.platform.engine.support.hierarchical.HierarchicalTestExecutor.execute                                           (HierarchicalTestExecutor.java:51)         
                                                org.junit.platform.engine.support.hierarchical.HierarchicalTestEngine.execute                                           (HierarchicalTestEngine.java:43)           
                                                                     org.junit.platform.launcher.core.DefaultLauncher.execute                                           (DefaultLauncher.java:170)                 
                                                                     org.junit.platform.launcher.core.DefaultLauncher.execute                                           (DefaultLauncher.java:154)                 
                                                                     org.junit.platform.launcher.core.DefaultLauncher.execute                                           (DefaultLauncher.java:90)                  
    org.gradle.api.internal.tasks.testing.junitplatform.JUnitPlatformTestClassProcessor$CollectAllTestClassesExecutor.processAllTestClasses                             (JUnitPlatformTestClassProcessor.java:92)  
    org.gradle.api.internal.tasks.testing.junitplatform.JUnitPlatformTestClassProcessor$CollectAllTestClassesExecutor.access$100                                        (JUnitPlatformTestClassProcessor.java:77)  
                                  org.gradle.api.internal.tasks.testing.junitplatform.JUnitPlatformTestClassProcessor.stop                                              (JUnitPlatformTestClassProcessor.java:73)  
                                                        org.gradle.api.internal.tasks.testing.SuiteTestClassProcessor.stop                                              (SuiteTestClassProcessor.java:61)          
                                                                                 sun.reflect.NativeMethodAccessorImpl.invoke0                                           (NativeMethodAccessorImpl.java:-2)N        
                                                                                 sun.reflect.NativeMethodAccessorImpl.invoke                                            (NativeMethodAccessorImpl.java:62)         
                                                                             sun.reflect.DelegatingMethodAccessorImpl.invoke                                            (DelegatingMethodAccessorImpl.java:43)     
                                                                                             java.lang.reflect.Method.invoke                                            (Method.java:498)                          
                                                                      org.gradle.internal.dispatch.ReflectionDispatch.dispatch                                          (ReflectionDispatch.java:35)               
                                                                      org.gradle.internal.dispatch.ReflectionDispatch.dispatch                                          (ReflectionDispatch.java:24)               
                                                              org.gradle.internal.dispatch.ContextClassLoaderDispatch.dispatch                                          (ContextClassLoaderDispatch.java:32)       
                                       org.gradle.internal.dispatch.ProxyDispatchAdapter$DispatchingInvocationHandler.invoke                                            (ProxyDispatchAdapter.java:93)             
                                                                                                com.sun.proxy.$Proxy1.stop                                              (-:-1)                                     
                                                              org.gradle.api.internal.tasks.testing.worker.TestWorker.stop                                              (TestWorker.java:123)                      
                                                                                 sun.reflect.NativeMethodAccessorImpl.invoke0                                           (NativeMethodAccessorImpl.java:-2)N        
                                                                                 sun.reflect.NativeMethodAccessorImpl.invoke                                            (NativeMethodAccessorImpl.java:62)         
                                                                             sun.reflect.DelegatingMethodAccessorImpl.invoke                                            (DelegatingMethodAccessorImpl.java:43)     
                                                                                             java.lang.reflect.Method.invoke                                            (Method.java:498)                          
                                                                      org.gradle.internal.dispatch.ReflectionDispatch.dispatch                                          (ReflectionDispatch.java:35)               
                                                                      org.gradle.internal.dispatch.ReflectionDispatch.dispatch                                          (ReflectionDispatch.java:24)               
                             org.gradle.internal.remote.internal.hub.MessageHubBackedObjectConnection$DispatchWrapper.dispatch                                          (MessageHubBackedObjectConnection.java:155)
                             org.gradle.internal.remote.internal.hub.MessageHubBackedObjectConnection$DispatchWrapper.dispatch                                          (MessageHubBackedObjectConnection.java:137)
                                                           org.gradle.internal.remote.internal.hub.MessageHub$Handler.run                                               (MessageHub.java:404)                      
                                                 org.gradle.internal.concurrent.ExecutorPolicy$CatchAndRecordFailures.onExecute                                         (ExecutorPolicy.java:63)                   
                                                                 org.gradle.internal.concurrent.ManagedExecutorImpl$1.run                                               (ManagedExecutorImpl.java:46)              
                                                                              java.util.concurrent.ThreadPoolExecutor.runWorker                                         (ThreadPoolExecutor.java:1142)             
                                                                       java.util.concurrent.ThreadPoolExecutor$Worker.run                                               (ThreadPoolExecutor.java:617)              
                                               org.gradle.internal.concurrent.ThreadFactoryImpl$ManagedThreadRunnable.run                                               (ThreadFactoryImpl.java:55)                
                                                                                                     java.lang.Thread.run                                               (Thread.java:748)                          

14)                                                                                    io.mockk.impl.InternalPlatform.captureStackTrace                             (InternalPlatform.kt:123)                  
                                                                                         io.mockk.impl.stub.MockKStub.handleInvocation                              (MockKStub.kt:206)                         
                                                       io.mockk.impl.instantiation.JvmMockFactoryHelper$mockHandler$1.invocation                                    (JvmMockFactoryHelper.kt:23)               
                                                                                io.mockk.proxy.jvm.advice.Interceptor.call                                          (Interceptor.kt:20)                        
                                                                                 io.mockk.proxy.jvm.advice.BaseAdvice.handle                                        (BaseAdvice.kt:42)                         
                                                               io.mockk.proxy.jvm.advice.jvm.JvmMockKProxyInterceptor.intercept                                     (JvmMockKProxyInterceptor.java:31)         
                                                                             com.jdroids.robotlib.command.Command(BB).hashCode                                      (-:-1)                                     
                                                                                                    java.util.HashMap.hash                                          (HashMap.java:338)                         
                                                                                                    java.util.HashMap.get                                           (HashMap.java:556)                         
                                                                           com.jdroids.robotlib.command.SchedulerImpl.requires                                      (SchedulerImpl.kt:82)                      
                                                                           com.jdroids.robotlib.command.SchedulerTest.requires() interrupts commands when it should (SchedulerTest.kt:76)                      
                                                                                 sun.reflect.NativeMethodAccessorImpl.invoke0                                       (NativeMethodAccessorImpl.java:-2)N        
                                                                                 sun.reflect.NativeMethodAccessorImpl.invoke                                        (NativeMethodAccessorImpl.java:62)         
                                                                             sun.reflect.DelegatingMethodAccessorImpl.invoke                                        (DelegatingMethodAccessorImpl.java:43)     
                                                                                             java.lang.reflect.Method.invoke                                        (Method.java:498)                          
                                                                      org.junit.platform.commons.util.ReflectionUtils.invokeMethod                                  (ReflectionUtils.java:389)                 
                                                                 org.junit.jupiter.engine.execution.ExecutableInvoker.invoke                                        (ExecutableInvoker.java:115)               
                                                         org.junit.jupiter.engine.descriptor.TestMethodTestDescriptor.lambda$invokeTestMethod$6                     (TestMethodTestDescriptor.java:167)        
                                                                org.junit.jupiter.engine.execution.ThrowableCollector.execute                                       (ThrowableCollector.java:40)               
                                                         org.junit.jupiter.engine.descriptor.TestMethodTestDescriptor.invokeTestMethod                              (TestMethodTestDescriptor.java:163)        
                                                         org.junit.jupiter.engine.descriptor.TestMethodTestDescriptor.execute                                       (TestMethodTestDescriptor.java:110)        
                                                         org.junit.jupiter.engine.descriptor.TestMethodTestDescriptor.execute                                       (TestMethodTestDescriptor.java:57)         
                                              org.junit.platform.engine.support.hierarchical.HierarchicalTestExecutor.lambda$execute$3                              (HierarchicalTestExecutor.java:83)         
                                                    org.junit.platform.engine.support.hierarchical.SingleTestExecutor.executeSafely                                 (SingleTestExecutor.java:66)               
                                              org.junit.platform.engine.support.hierarchical.HierarchicalTestExecutor.execute                                       (HierarchicalTestExecutor.java:77)         
                                              org.junit.platform.engine.support.hierarchical.HierarchicalTestExecutor.lambda$null$2                                 (HierarchicalTestExecutor.java:92)         
                                                                          java.util.stream.ForEachOps$ForEachOp$OfRef.accept                                        (ForEachOps.java:184)                      
                                                                               java.util.stream.ReferencePipeline$2$1.accept                                        (ReferencePipeline.java:175)               
                                                                                                   java.util.Iterator.forEachRemaining                              (Iterator.java:116)                        
                                                                           java.util.Spliterators$IteratorSpliterator.forEachRemaining                              (Spliterators.java:1801)                   
                                                                                    java.util.stream.AbstractPipeline.copyInto                                      (AbstractPipeline.java:481)                
                                                                                    java.util.stream.AbstractPipeline.wrapAndCopyInto                               (AbstractPipeline.java:471)                
                                                                                java.util.stream.ForEachOps$ForEachOp.evaluateSequential                            (ForEachOps.java:151)                      
                                                                          java.util.stream.ForEachOps$ForEachOp$OfRef.evaluateSequential                            (ForEachOps.java:174)                      
                                                                                    java.util.stream.AbstractPipeline.evaluate                                      (AbstractPipeline.java:234)                
                                                                                   java.util.stream.ReferencePipeline.forEach                                       (ReferencePipeline.java:418)               
                                              org.junit.platform.engine.support.hierarchical.HierarchicalTestExecutor.lambda$execute$3                              (HierarchicalTestExecutor.java:92)         
                                                    org.junit.platform.engine.support.hierarchical.SingleTestExecutor.executeSafely                                 (SingleTestExecutor.java:66)               
                                              org.junit.platform.engine.support.hierarchical.HierarchicalTestExecutor.execute                                       (HierarchicalTestExecutor.java:77)         
                                              org.junit.platform.engine.support.hierarchical.HierarchicalTestExecutor.lambda$null$2                                 (HierarchicalTestExecutor.java:92)         
                                                                          java.util.stream.ForEachOps$ForEachOp$OfRef.accept                                        (ForEachOps.java:184)                      
                                                                               java.util.stream.ReferencePipeline$2$1.accept                                        (ReferencePipeline.java:175)               
                                                                                                   java.util.Iterator.forEachRemaining                              (Iterator.java:116)                        
                                                                           java.util.Spliterators$IteratorSpliterator.forEachRemaining                              (Spliterators.java:1801)                   
                                                                                    java.util.stream.AbstractPipeline.copyInto                                      (AbstractPipeline.java:481)                
                                                                                    java.util.stream.AbstractPipeline.wrapAndCopyInto                               (AbstractPipeline.java:471)                
                                                                                java.util.stream.ForEachOps$ForEachOp.evaluateSequential                            (ForEachOps.java:151)                      
                                                                          java.util.stream.ForEachOps$ForEachOp$OfRef.evaluateSequential                            (ForEachOps.java:174)                      
                                                                                    java.util.stream.AbstractPipeline.evaluate                                      (AbstractPipeline.java:234)                
                                                                                   java.util.stream.ReferencePipeline.forEach                                       (ReferencePipeline.java:418)               
                                              org.junit.platform.engine.support.hierarchical.HierarchicalTestExecutor.lambda$execute$3                              (HierarchicalTestExecutor.java:92)         
                                                    org.junit.platform.engine.support.hierarchical.SingleTestExecutor.executeSafely                                 (SingleTestExecutor.java:66)               
                                              org.junit.platform.engine.support.hierarchical.HierarchicalTestExecutor.execute                                       (HierarchicalTestExecutor.java:77)         
                                              org.junit.platform.engine.support.hierarchical.HierarchicalTestExecutor.execute                                       (HierarchicalTestExecutor.java:51)         
                                                org.junit.platform.engine.support.hierarchical.HierarchicalTestEngine.execute                                       (HierarchicalTestEngine.java:43)           
                                                                     org.junit.platform.launcher.core.DefaultLauncher.execute                                       (DefaultLauncher.java:170)                 
                                                                     org.junit.platform.launcher.core.DefaultLauncher.execute                                       (DefaultLauncher.java:154)                 
                                                                     org.junit.platform.launcher.core.DefaultLauncher.execute                                       (DefaultLauncher.java:90)                  
    org.gradle.api.internal.tasks.testing.junitplatform.JUnitPlatformTestClassProcessor$CollectAllTestClassesExecutor.processAllTestClasses                         (JUnitPlatformTestClassProcessor.java:92)  
    org.gradle.api.internal.tasks.testing.junitplatform.JUnitPlatformTestClassProcessor$CollectAllTestClassesExecutor.access$100                                    (JUnitPlatformTestClassProcessor.java:77)  
                                  org.gradle.api.internal.tasks.testing.junitplatform.JUnitPlatformTestClassProcessor.stop                                          (JUnitPlatformTestClassProcessor.java:73)  
                                                        org.gradle.api.internal.tasks.testing.SuiteTestClassProcessor.stop                                          (SuiteTestClassProcessor.java:61)          
                                                                                 sun.reflect.NativeMethodAccessorImpl.invoke0                                       (NativeMethodAccessorImpl.java:-2)N        
                                                                                 sun.reflect.NativeMethodAccessorImpl.invoke                                        (NativeMethodAccessorImpl.java:62)         
                                                                             sun.reflect.DelegatingMethodAccessorImpl.invoke                                        (DelegatingMethodAccessorImpl.java:43)     
                                                                                             java.lang.reflect.Method.invoke                                        (Method.java:498)                          
                                                                      org.gradle.internal.dispatch.ReflectionDispatch.dispatch                                      (ReflectionDispatch.java:35)               
                                                                      org.gradle.internal.dispatch.ReflectionDispatch.dispatch                                      (ReflectionDispatch.java:24)               
                                                              org.gradle.internal.dispatch.ContextClassLoaderDispatch.dispatch                                      (ContextClassLoaderDispatch.java:32)       
                                       org.gradle.internal.dispatch.ProxyDispatchAdapter$DispatchingInvocationHandler.invoke                                        (ProxyDispatchAdapter.java:93)             
                                                                                                com.sun.proxy.$Proxy1.stop                                          (-:-1)                                     
                                                              org.gradle.api.internal.tasks.testing.worker.TestWorker.stop                                          (TestWorker.java:123)                      
                                                                                 sun.reflect.NativeMethodAccessorImpl.invoke0                                       (NativeMethodAccessorImpl.java:-2)N        
                                                                                 sun.reflect.NativeMethodAccessorImpl.invoke                                        (NativeMethodAccessorImpl.java:62)         
                                                                             sun.reflect.DelegatingMethodAccessorImpl.invoke                                        (DelegatingMethodAccessorImpl.java:43)     
                                                                                             java.lang.reflect.Method.invoke                                        (Method.java:498)                          
                                                                      org.gradle.internal.dispatch.ReflectionDispatch.dispatch                                      (ReflectionDispatch.java:35)               
                                                                      org.gradle.internal.dispatch.ReflectionDispatch.dispatch                                      (ReflectionDispatch.java:24)               
                             org.gradle.internal.remote.internal.hub.MessageHubBackedObjectConnection$DispatchWrapper.dispatch                                      (MessageHubBackedObjectConnection.java:155)
                             org.gradle.internal.remote.internal.hub.MessageHubBackedObjectConnection$DispatchWrapper.dispatch                                      (MessageHubBackedObjectConnection.java:137)
                                                           org.gradle.internal.remote.internal.hub.MessageHub$Handler.run                                           (MessageHub.java:404)                      
                                                 org.gradle.internal.concurrent.ExecutorPolicy$CatchAndRecordFailures.onExecute                                     (ExecutorPolicy.java:63)                   
                                                                 org.gradle.internal.concurrent.ManagedExecutorImpl$1.run                                           (ManagedExecutorImpl.java:46)              
                                                                              java.util.concurrent.ThreadPoolExecutor.runWorker                                     (ThreadPoolExecutor.java:1142)             
                                                                       java.util.concurrent.ThreadPoolExecutor$Worker.run                                           (ThreadPoolExecutor.java:617)              
                                               org.gradle.internal.concurrent.ThreadFactoryImpl$ManagedThreadRunnable.run                                           (ThreadFactoryImpl.java:55)                
                                                                                                     java.lang.Thread.run                                           (Thread.java:748)                          

15)                                                                                    io.mockk.impl.InternalPlatform.captureStackTrace                             (InternalPlatform.kt:123)                  
                                                                                         io.mockk.impl.stub.MockKStub.handleInvocation                              (MockKStub.kt:206)                         
                                                       io.mockk.impl.instantiation.JvmMockFactoryHelper$mockHandler$1.invocation                                    (JvmMockFactoryHelper.kt:23)               
                                                                                io.mockk.proxy.jvm.advice.Interceptor.call                                          (Interceptor.kt:20)                        
                                                                                 io.mockk.proxy.jvm.advice.BaseAdvice.handle                                        (BaseAdvice.kt:42)                         
                                                               io.mockk.proxy.jvm.advice.jvm.JvmMockKProxyInterceptor.intercept                                     (JvmMockKProxyInterceptor.java:31)         
                                                                             com.jdroids.robotlib.command.Command(BB).hashCode                                      (-:-1)                                     
                                                                                                    java.util.HashMap.hash                                          (HashMap.java:338)                         
                                                                                                    java.util.HashMap.put                                           (HashMap.java:611)                         
                                                                           com.jdroids.robotlib.command.SchedulerImpl.requires                                      (SchedulerImpl.kt:83)                      
                                                                           com.jdroids.robotlib.command.SchedulerTest.requires() interrupts commands when it should (SchedulerTest.kt:76)                      
                                                                                 sun.reflect.NativeMethodAccessorImpl.invoke0                                       (NativeMethodAccessorImpl.java:-2)N        
                                                                                 sun.reflect.NativeMethodAccessorImpl.invoke                                        (NativeMethodAccessorImpl.java:62)         
                                                                             sun.reflect.DelegatingMethodAccessorImpl.invoke                                        (DelegatingMethodAccessorImpl.java:43)     
                                                                                             java.lang.reflect.Method.invoke                                        (Method.java:498)                          
                                                                      org.junit.platform.commons.util.ReflectionUtils.invokeMethod                                  (ReflectionUtils.java:389)                 
                                                                 org.junit.jupiter.engine.execution.ExecutableInvoker.invoke                                        (ExecutableInvoker.java:115)               
                                                         org.junit.jupiter.engine.descriptor.TestMethodTestDescriptor.lambda$invokeTestMethod$6                     (TestMethodTestDescriptor.java:167)        
                                                                org.junit.jupiter.engine.execution.ThrowableCollector.execute                                       (ThrowableCollector.java:40)               
                                                         org.junit.jupiter.engine.descriptor.TestMethodTestDescriptor.invokeTestMethod                              (TestMethodTestDescriptor.java:163)        
                                                         org.junit.jupiter.engine.descriptor.TestMethodTestDescriptor.execute                                       (TestMethodTestDescriptor.java:110)        
                                                         org.junit.jupiter.engine.descriptor.TestMethodTestDescriptor.execute                                       (TestMethodTestDescriptor.java:57)         
                                              org.junit.platform.engine.support.hierarchical.HierarchicalTestExecutor.lambda$execute$3                              (HierarchicalTestExecutor.java:83)         
                                                    org.junit.platform.engine.support.hierarchical.SingleTestExecutor.executeSafely                                 (SingleTestExecutor.java:66)               
                                              org.junit.platform.engine.support.hierarchical.HierarchicalTestExecutor.execute                                       (HierarchicalTestExecutor.java:77)         
                                              org.junit.platform.engine.support.hierarchical.HierarchicalTestExecutor.lambda$null$2                                 (HierarchicalTestExecutor.java:92)         
                                                                          java.util.stream.ForEachOps$ForEachOp$OfRef.accept                                        (ForEachOps.java:184)                      
                                                                               java.util.stream.ReferencePipeline$2$1.accept                                        (ReferencePipeline.java:175)               
                                                                                                   java.util.Iterator.forEachRemaining                              (Iterator.java:116)                        
                                                                           java.util.Spliterators$IteratorSpliterator.forEachRemaining                              (Spliterators.java:1801)                   
                                                                                    java.util.stream.AbstractPipeline.copyInto                                      (AbstractPipeline.java:481)                
                                                                                    java.util.stream.AbstractPipeline.wrapAndCopyInto                               (AbstractPipeline.java:471)                
                                                                                java.util.stream.ForEachOps$ForEachOp.evaluateSequential                            (ForEachOps.java:151)                      
                                                                          java.util.stream.ForEachOps$ForEachOp$OfRef.evaluateSequential                            (ForEachOps.java:174)                      
                                                                                    java.util.stream.AbstractPipeline.evaluate                                      (AbstractPipeline.java:234)                
                                                                                   java.util.stream.ReferencePipeline.forEach                                       (ReferencePipeline.java:418)               
                                              org.junit.platform.engine.support.hierarchical.HierarchicalTestExecutor.lambda$execute$3                              (HierarchicalTestExecutor.java:92)         
                                                    org.junit.platform.engine.support.hierarchical.SingleTestExecutor.executeSafely                                 (SingleTestExecutor.java:66)               
                                              org.junit.platform.engine.support.hierarchical.HierarchicalTestExecutor.execute                                       (HierarchicalTestExecutor.java:77)         
                                              org.junit.platform.engine.support.hierarchical.HierarchicalTestExecutor.lambda$null$2                                 (HierarchicalTestExecutor.java:92)         
                                                                          java.util.stream.ForEachOps$ForEachOp$OfRef.accept                                        (ForEachOps.java:184)                      
                                                                               java.util.stream.ReferencePipeline$2$1.accept                                        (ReferencePipeline.java:175)               
                                                                                                   java.util.Iterator.forEachRemaining                              (Iterator.java:116)                        
                                                                           java.util.Spliterators$IteratorSpliterator.forEachRemaining                              (Spliterators.java:1801)                   
                                                                                    java.util.stream.AbstractPipeline.copyInto                                      (AbstractPipeline.java:481)                
                                                                                    java.util.stream.AbstractPipeline.wrapAndCopyInto                               (AbstractPipeline.java:471)                
                                                                                java.util.stream.ForEachOps$ForEachOp.evaluateSequential                            (ForEachOps.java:151)                      
                                                                          java.util.stream.ForEachOps$ForEachOp$OfRef.evaluateSequential                            (ForEachOps.java:174)                      
                                                                                    java.util.stream.AbstractPipeline.evaluate                                      (AbstractPipeline.java:234)                
                                                                                   java.util.stream.ReferencePipeline.forEach                                       (ReferencePipeline.java:418)               
                                              org.junit.platform.engine.support.hierarchical.HierarchicalTestExecutor.lambda$execute$3                              (HierarchicalTestExecutor.java:92)         
                                                    org.junit.platform.engine.support.hierarchical.SingleTestExecutor.executeSafely                                 (SingleTestExecutor.java:66)               
                                              org.junit.platform.engine.support.hierarchical.HierarchicalTestExecutor.execute                                       (HierarchicalTestExecutor.java:77)         
                                              org.junit.platform.engine.support.hierarchical.HierarchicalTestExecutor.execute                                       (HierarchicalTestExecutor.java:51)         
                                                org.junit.platform.engine.support.hierarchical.HierarchicalTestEngine.execute                                       (HierarchicalTestEngine.java:43)           
                                                                     org.junit.platform.launcher.core.DefaultLauncher.execute                                       (DefaultLauncher.java:170)                 
                                                                     org.junit.platform.launcher.core.DefaultLauncher.execute                                       (DefaultLauncher.java:154)                 
                                                                     org.junit.platform.launcher.core.DefaultLauncher.execute                                       (DefaultLauncher.java:90)                  
    org.gradle.api.internal.tasks.testing.junitplatform.JUnitPlatformTestClassProcessor$CollectAllTestClassesExecutor.processAllTestClasses                         (JUnitPlatformTestClassProcessor.java:92)  
    org.gradle.api.internal.tasks.testing.junitplatform.JUnitPlatformTestClassProcessor$CollectAllTestClassesExecutor.access$100                                    (JUnitPlatformTestClassProcessor.java:77)  
                                  org.gradle.api.internal.tasks.testing.junitplatform.JUnitPlatformTestClassProcessor.stop                                          (JUnitPlatformTestClassProcessor.java:73)  
                                                        org.gradle.api.internal.tasks.testing.SuiteTestClassProcessor.stop                                          (SuiteTestClassProcessor.java:61)          
                                                                                 sun.reflect.NativeMethodAccessorImpl.invoke0                                       (NativeMethodAccessorImpl.java:-2)N        
                                                                                 sun.reflect.NativeMethodAccessorImpl.invoke                                        (NativeMethodAccessorImpl.java:62)         
                                                                             sun.reflect.DelegatingMethodAccessorImpl.invoke                                        (DelegatingMethodAccessorImpl.java:43)     
                                                                                             java.lang.reflect.Method.invoke                                        (Method.java:498)                          
                                                                      org.gradle.internal.dispatch.ReflectionDispatch.dispatch                                      (ReflectionDispatch.java:35)               
                                                                      org.gradle.internal.dispatch.ReflectionDispatch.dispatch                                      (ReflectionDispatch.java:24)               
                                                              org.gradle.internal.dispatch.ContextClassLoaderDispatch.dispatch                                      (ContextClassLoaderDispatch.java:32)       
                                       org.gradle.internal.dispatch.ProxyDispatchAdapter$DispatchingInvocationHandler.invoke                                        (ProxyDispatchAdapter.java:93)             
                                                                                                com.sun.proxy.$Proxy1.stop                                          (-:-1)                                     
                                                              org.gradle.api.internal.tasks.testing.worker.TestWorker.stop                                          (TestWorker.java:123)                      
                                                                                 sun.reflect.NativeMethodAccessorImpl.invoke0                                       (NativeMethodAccessorImpl.java:-2)N        
                                                                                 sun.reflect.NativeMethodAccessorImpl.invoke                                        (NativeMethodAccessorImpl.java:62)         
                                                                             sun.reflect.DelegatingMethodAccessorImpl.invoke                                        (DelegatingMethodAccessorImpl.java:43)     
                                                                                             java.lang.reflect.Method.invoke                                        (Method.java:498)                          
                                                                      org.gradle.internal.dispatch.ReflectionDispatch.dispatch                                      (ReflectionDispatch.java:35)               
                                                                      org.gradle.internal.dispatch.ReflectionDispatch.dispatch                                      (ReflectionDispatch.java:24)               
                             org.gradle.internal.remote.internal.hub.MessageHubBackedObjectConnection$DispatchWrapper.dispatch                                      (MessageHubBackedObjectConnection.java:155)
                             org.gradle.internal.remote.internal.hub.MessageHubBackedObjectConnection$DispatchWrapper.dispatch                                      (MessageHubBackedObjectConnection.java:137)
                                                           org.gradle.internal.remote.internal.hub.MessageHub$Handler.run                                           (MessageHub.java:404)                      
                                                 org.gradle.internal.concurrent.ExecutorPolicy$CatchAndRecordFailures.onExecute                                     (ExecutorPolicy.java:63)                   
                                                                 org.gradle.internal.concurrent.ManagedExecutorImpl$1.run                                           (ManagedExecutorImpl.java:46)              
                                                                              java.util.concurrent.ThreadPoolExecutor.runWorker                                     (ThreadPoolExecutor.java:1142)             
                                                                       java.util.concurrent.ThreadPoolExecutor$Worker.run                                           (ThreadPoolExecutor.java:617)              
                                               org.gradle.internal.concurrent.ThreadFactoryImpl$ManagedThreadRunnable.run                                           (ThreadFactoryImpl.java:55)                
                                                                                                     java.lang.Thread.run                                           (Thread.java:748)                          

16)                                                                                    io.mockk.impl.InternalPlatform.captureStackTrace                             (InternalPlatform.kt:123)                  
                                                                                         io.mockk.impl.stub.MockKStub.handleInvocation                              (MockKStub.kt:206)                         
                                                       io.mockk.impl.instantiation.JvmMockFactoryHelper$mockHandler$1.invocation                                    (JvmMockFactoryHelper.kt:23)               
                                                                                io.mockk.proxy.jvm.advice.Interceptor.call                                          (Interceptor.kt:20)                        
                                                                                 io.mockk.proxy.jvm.advice.BaseAdvice.handle                                        (BaseAdvice.kt:42)                         
                                                               io.mockk.proxy.jvm.advice.jvm.JvmMockKProxyInterceptor.intercept                                     (JvmMockKProxyInterceptor.java:31)         
                                                                             com.jdroids.robotlib.command.Command(BB).hashCode                                      (-:-1)                                     
                                                                                                    java.util.HashMap.hash                                          (HashMap.java:338)                         
                                                                                                    java.util.HashMap.get                                           (HashMap.java:556)                         
                                                                           com.jdroids.robotlib.command.SchedulerImpl.requires                                      (SchedulerImpl.kt:86)                      
                                                                           com.jdroids.robotlib.command.SchedulerTest.requires() interrupts commands when it should (SchedulerTest.kt:76)                      
                                                                                 sun.reflect.NativeMethodAccessorImpl.invoke0                                       (NativeMethodAccessorImpl.java:-2)N        
                                                                                 sun.reflect.NativeMethodAccessorImpl.invoke                                        (NativeMethodAccessorImpl.java:62)         
                                                                             sun.reflect.DelegatingMethodAccessorImpl.invoke                                        (DelegatingMethodAccessorImpl.java:43)     
                                                                                             java.lang.reflect.Method.invoke                                        (Method.java:498)                          
                                                                      org.junit.platform.commons.util.ReflectionUtils.invokeMethod                                  (ReflectionUtils.java:389)                 
                                                                 org.junit.jupiter.engine.execution.ExecutableInvoker.invoke                                        (ExecutableInvoker.java:115)               
                                                         org.junit.jupiter.engine.descriptor.TestMethodTestDescriptor.lambda$invokeTestMethod$6                     (TestMethodTestDescriptor.java:167)        
                                                                org.junit.jupiter.engine.execution.ThrowableCollector.execute                                       (ThrowableCollector.java:40)               
                                                         org.junit.jupiter.engine.descriptor.TestMethodTestDescriptor.invokeTestMethod                              (TestMethodTestDescriptor.java:163)        
                                                         org.junit.jupiter.engine.descriptor.TestMethodTestDescriptor.execute                                       (TestMethodTestDescriptor.java:110)        
                                                         org.junit.jupiter.engine.descriptor.TestMethodTestDescriptor.execute                                       (TestMethodTestDescriptor.java:57)         
                                              org.junit.platform.engine.support.hierarchical.HierarchicalTestExecutor.lambda$execute$3                              (HierarchicalTestExecutor.java:83)         
                                                    org.junit.platform.engine.support.hierarchical.SingleTestExecutor.executeSafely                                 (SingleTestExecutor.java:66)               
                                              org.junit.platform.engine.support.hierarchical.HierarchicalTestExecutor.execute                                       (HierarchicalTestExecutor.java:77)         
                                              org.junit.platform.engine.support.hierarchical.HierarchicalTestExecutor.lambda$null$2                                 (HierarchicalTestExecutor.java:92)         
                                                                          java.util.stream.ForEachOps$ForEachOp$OfRef.accept                                        (ForEachOps.java:184)                      
                                                                               java.util.stream.ReferencePipeline$2$1.accept                                        (ReferencePipeline.java:175)               
                                                                                                   java.util.Iterator.forEachRemaining                              (Iterator.java:116)                        
                                                                           java.util.Spliterators$IteratorSpliterator.forEachRemaining                              (Spliterators.java:1801)                   
                                                                                    java.util.stream.AbstractPipeline.copyInto                                      (AbstractPipeline.java:481)                
                                                                                    java.util.stream.AbstractPipeline.wrapAndCopyInto                               (AbstractPipeline.java:471)                
                                                                                java.util.stream.ForEachOps$ForEachOp.evaluateSequential                            (ForEachOps.java:151)                      
                                                                          java.util.stream.ForEachOps$ForEachOp$OfRef.evaluateSequential                            (ForEachOps.java:174)                      
                                                                                    java.util.stream.AbstractPipeline.evaluate                                      (AbstractPipeline.java:234)                
                                                                                   java.util.stream.ReferencePipeline.forEach                                       (ReferencePipeline.java:418)               
                                              org.junit.platform.engine.support.hierarchical.HierarchicalTestExecutor.lambda$execute$3                              (HierarchicalTestExecutor.java:92)         
                                                    org.junit.platform.engine.support.hierarchical.SingleTestExecutor.executeSafely                                 (SingleTestExecutor.java:66)               
                                              org.junit.platform.engine.support.hierarchical.HierarchicalTestExecutor.execute                                       (HierarchicalTestExecutor.java:77)         
                                              org.junit.platform.engine.support.hierarchical.HierarchicalTestExecutor.lambda$null$2                                 (HierarchicalTestExecutor.java:92)         
                                                                          java.util.stream.ForEachOps$ForEachOp$OfRef.accept                                        (ForEachOps.java:184)                      
                                                                               java.util.stream.ReferencePipeline$2$1.accept                                        (ReferencePipeline.java:175)               
                                                                                                   java.util.Iterator.forEachRemaining                              (Iterator.java:116)                        
                                                                           java.util.Spliterators$IteratorSpliterator.forEachRemaining                              (Spliterators.java:1801)                   
                                                                                    java.util.stream.AbstractPipeline.copyInto                                      (AbstractPipeline.java:481)                
                                                                                    java.util.stream.AbstractPipeline.wrapAndCopyInto                               (AbstractPipeline.java:471)                
                                                                                java.util.stream.ForEachOps$ForEachOp.evaluateSequential                            (ForEachOps.java:151)                      
                                                                          java.util.stream.ForEachOps$ForEachOp$OfRef.evaluateSequential                            (ForEachOps.java:174)                      
                                                                                    java.util.stream.AbstractPipeline.evaluate                                      (AbstractPipeline.java:234)                
                                                                                   java.util.stream.ReferencePipeline.forEach                                       (ReferencePipeline.java:418)               
                                              org.junit.platform.engine.support.hierarchical.HierarchicalTestExecutor.lambda$execute$3                              (HierarchicalTestExecutor.java:92)         
                                                    org.junit.platform.engine.support.hierarchical.SingleTestExecutor.executeSafely                                 (SingleTestExecutor.java:66)               
                                              org.junit.platform.engine.support.hierarchical.HierarchicalTestExecutor.execute                                       (HierarchicalTestExecutor.java:77)         
                                              org.junit.platform.engine.support.hierarchical.HierarchicalTestExecutor.execute                                       (HierarchicalTestExecutor.java:51)         
                                                org.junit.platform.engine.support.hierarchical.HierarchicalTestEngine.execute                                       (HierarchicalTestEngine.java:43)           
                                                                     org.junit.platform.launcher.core.DefaultLauncher.execute                                       (DefaultLauncher.java:170)                 
                                                                     org.junit.platform.launcher.core.DefaultLauncher.execute                                       (DefaultLauncher.java:154)                 
                                                                     org.junit.platform.launcher.core.DefaultLauncher.execute                                       (DefaultLauncher.java:90)                  
    org.gradle.api.internal.tasks.testing.junitplatform.JUnitPlatformTestClassProcessor$CollectAllTestClassesExecutor.processAllTestClasses                         (JUnitPlatformTestClassProcessor.java:92)  
    org.gradle.api.internal.tasks.testing.junitplatform.JUnitPlatformTestClassProcessor$CollectAllTestClassesExecutor.access$100                                    (JUnitPlatformTestClassProcessor.java:77)  
                                  org.gradle.api.internal.tasks.testing.junitplatform.JUnitPlatformTestClassProcessor.stop                                          (JUnitPlatformTestClassProcessor.java:73)  
                                                        org.gradle.api.internal.tasks.testing.SuiteTestClassProcessor.stop                                          (SuiteTestClassProcessor.java:61)          
                                                                                 sun.reflect.NativeMethodAccessorImpl.invoke0                                       (NativeMethodAccessorImpl.java:-2)N        
                                                                                 sun.reflect.NativeMethodAccessorImpl.invoke                                        (NativeMethodAccessorImpl.java:62)         
                                                                             sun.reflect.DelegatingMethodAccessorImpl.invoke                                        (DelegatingMethodAccessorImpl.java:43)     
                                                                                             java.lang.reflect.Method.invoke                                        (Method.java:498)                          
                                                                      org.gradle.internal.dispatch.ReflectionDispatch.dispatch                                      (ReflectionDispatch.java:35)               
                                                                      org.gradle.internal.dispatch.ReflectionDispatch.dispatch                                      (ReflectionDispatch.java:24)               
                                                              org.gradle.internal.dispatch.ContextClassLoaderDispatch.dispatch                                      (ContextClassLoaderDispatch.java:32)       
                                       org.gradle.internal.dispatch.ProxyDispatchAdapter$DispatchingInvocationHandler.invoke                                        (ProxyDispatchAdapter.java:93)             
                                                                                                com.sun.proxy.$Proxy1.stop                                          (-:-1)                                     
                                                              org.gradle.api.internal.tasks.testing.worker.TestWorker.stop                                          (TestWorker.java:123)                      
                                                                                 sun.reflect.NativeMethodAccessorImpl.invoke0                                       (NativeMethodAccessorImpl.java:-2)N        
                                                                                 sun.reflect.NativeMethodAccessorImpl.invoke                                        (NativeMethodAccessorImpl.java:62)         
                                                                             sun.reflect.DelegatingMethodAccessorImpl.invoke                                        (DelegatingMethodAccessorImpl.java:43)     
                                                                                             java.lang.reflect.Method.invoke                                        (Method.java:498)                          
                                                                      org.gradle.internal.dispatch.ReflectionDispatch.dispatch                                      (ReflectionDispatch.java:35)               
                                                                      org.gradle.internal.dispatch.ReflectionDispatch.dispatch                                      (ReflectionDispatch.java:24)               
                             org.gradle.internal.remote.internal.hub.MessageHubBackedObjectConnection$DispatchWrapper.dispatch                                      (MessageHubBackedObjectConnection.java:155)
                             org.gradle.internal.remote.internal.hub.MessageHubBackedObjectConnection$DispatchWrapper.dispatch                                      (MessageHubBackedObjectConnection.java:137)
                                                           org.gradle.internal.remote.internal.hub.MessageHub$Handler.run                                           (MessageHub.java:404)                      
                                                 org.gradle.internal.concurrent.ExecutorPolicy$CatchAndRecordFailures.onExecute                                     (ExecutorPolicy.java:63)                   
                                                                 org.gradle.internal.concurrent.ManagedExecutorImpl$1.run                                           (ManagedExecutorImpl.java:46)              
                                                                              java.util.concurrent.ThreadPoolExecutor.runWorker                                     (ThreadPoolExecutor.java:1142)             
                                                                       java.util.concurrent.ThreadPoolExecutor$Worker.run                                           (ThreadPoolExecutor.java:617)              
                                               org.gradle.internal.concurrent.ThreadFactoryImpl$ManagedThreadRunnable.run                                           (ThreadFactoryImpl.java:55)                
                                                                                                     java.lang.Thread.run                                           (Thread.java:748)                          

17)                                                                                    io.mockk.impl.InternalPlatform.captureStackTrace                             (InternalPlatform.kt:123)                  
                                                                                         io.mockk.impl.stub.MockKStub.handleInvocation                              (MockKStub.kt:206)                         
                                                       io.mockk.impl.instantiation.JvmMockFactoryHelper$mockHandler$1.invocation                                    (JvmMockFactoryHelper.kt:23)               
                                                                                io.mockk.proxy.jvm.advice.Interceptor.call                                          (Interceptor.kt:20)                        
                                                                                 io.mockk.proxy.jvm.advice.BaseAdvice.handle                                        (BaseAdvice.kt:42)                         
                                                               io.mockk.proxy.jvm.advice.jvm.JvmMockKProxyInterceptor.interceptNoSuper                              (JvmMockKProxyInterceptor.java:45)         
                                                                             com.jdroids.robotlib.command.Command(BB).start                                         (-:-1)                                     
                                                                           com.jdroids.robotlib.command.SchedulerImpl.run                                           (SchedulerImpl.kt:31)                      
                                                                           com.jdroids.robotlib.command.SchedulerTest.requires() interrupts commands when it should (SchedulerTest.kt:78)                      
                                                                                 sun.reflect.NativeMethodAccessorImpl.invoke0                                       (NativeMethodAccessorImpl.java:-2)N        
                                                                                 sun.reflect.NativeMethodAccessorImpl.invoke                                        (NativeMethodAccessorImpl.java:62)         
                                                                             sun.reflect.DelegatingMethodAccessorImpl.invoke                                        (DelegatingMethodAccessorImpl.java:43)     
                                                                                             java.lang.reflect.Method.invoke                                        (Method.java:498)                          
                                                                      org.junit.platform.commons.util.ReflectionUtils.invokeMethod                                  (ReflectionUtils.java:389)                 
                                                                 org.junit.jupiter.engine.execution.ExecutableInvoker.invoke                                        (ExecutableInvoker.java:115)               
                                                         org.junit.jupiter.engine.descriptor.TestMethodTestDescriptor.lambda$invokeTestMethod$6                     (TestMethodTestDescriptor.java:167)        
                                                                org.junit.jupiter.engine.execution.ThrowableCollector.execute                                       (ThrowableCollector.java:40)               
                                                         org.junit.jupiter.engine.descriptor.TestMethodTestDescriptor.invokeTestMethod                              (TestMethodTestDescriptor.java:163)        
                                                         org.junit.jupiter.engine.descriptor.TestMethodTestDescriptor.execute                                       (TestMethodTestDescriptor.java:110)        
                                                         org.junit.jupiter.engine.descriptor.TestMethodTestDescriptor.execute                                       (TestMethodTestDescriptor.java:57)         
                                              org.junit.platform.engine.support.hierarchical.HierarchicalTestExecutor.lambda$execute$3                              (HierarchicalTestExecutor.java:83)         
                                                    org.junit.platform.engine.support.hierarchical.SingleTestExecutor.executeSafely                                 (SingleTestExecutor.java:66)               
                                              org.junit.platform.engine.support.hierarchical.HierarchicalTestExecutor.execute                                       (HierarchicalTestExecutor.java:77)         
                                              org.junit.platform.engine.support.hierarchical.HierarchicalTestExecutor.lambda$null$2                                 (HierarchicalTestExecutor.java:92)         
                                                                          java.util.stream.ForEachOps$ForEachOp$OfRef.accept                                        (ForEachOps.java:184)                      
                                                                               java.util.stream.ReferencePipeline$2$1.accept                                        (ReferencePipeline.java:175)               
                                                                                                   java.util.Iterator.forEachRemaining                              (Iterator.java:116)                        
                                                                           java.util.Spliterators$IteratorSpliterator.forEachRemaining                              (Spliterators.java:1801)                   
                                                                                    java.util.stream.AbstractPipeline.copyInto                                      (AbstractPipeline.java:481)                
                                                                                    java.util.stream.AbstractPipeline.wrapAndCopyInto                               (AbstractPipeline.java:471)                
                                                                                java.util.stream.ForEachOps$ForEachOp.evaluateSequential                            (ForEachOps.java:151)                      
                                                                          java.util.stream.ForEachOps$ForEachOp$OfRef.evaluateSequential                            (ForEachOps.java:174)                      
                                                                                    java.util.stream.AbstractPipeline.evaluate                                      (AbstractPipeline.java:234)                
                                                                                   java.util.stream.ReferencePipeline.forEach                                       (ReferencePipeline.java:418)               
                                              org.junit.platform.engine.support.hierarchical.HierarchicalTestExecutor.lambda$execute$3                              (HierarchicalTestExecutor.java:92)         
                                                    org.junit.platform.engine.support.hierarchical.SingleTestExecutor.executeSafely                                 (SingleTestExecutor.java:66)               
                                              org.junit.platform.engine.support.hierarchical.HierarchicalTestExecutor.execute                                       (HierarchicalTestExecutor.java:77)         
                                              org.junit.platform.engine.support.hierarchical.HierarchicalTestExecutor.lambda$null$2                                 (HierarchicalTestExecutor.java:92)         
                                                                          java.util.stream.ForEachOps$ForEachOp$OfRef.accept                                        (ForEachOps.java:184)                      
                                                                               java.util.stream.ReferencePipeline$2$1.accept                                        (ReferencePipeline.java:175)               
                                                                                                   java.util.Iterator.forEachRemaining                              (Iterator.java:116)                        
                                                                           java.util.Spliterators$IteratorSpliterator.forEachRemaining                              (Spliterators.java:1801)                   
                                                                                    java.util.stream.AbstractPipeline.copyInto                                      (AbstractPipeline.java:481)                
                                                                                    java.util.stream.AbstractPipeline.wrapAndCopyInto                               (AbstractPipeline.java:471)                
                                                                                java.util.stream.ForEachOps$ForEachOp.evaluateSequential                            (ForEachOps.java:151)                      
                                                                          java.util.stream.ForEachOps$ForEachOp$OfRef.evaluateSequential                            (ForEachOps.java:174)                      
                                                                                    java.util.stream.AbstractPipeline.evaluate                                      (AbstractPipeline.java:234)                
                                                                                   java.util.stream.ReferencePipeline.forEach                                       (ReferencePipeline.java:418)               
                                              org.junit.platform.engine.support.hierarchical.HierarchicalTestExecutor.lambda$execute$3                              (HierarchicalTestExecutor.java:92)         
                                                    org.junit.platform.engine.support.hierarchical.SingleTestExecutor.executeSafely                                 (SingleTestExecutor.java:66)               
                                              org.junit.platform.engine.support.hierarchical.HierarchicalTestExecutor.execute                                       (HierarchicalTestExecutor.java:77)         
                                              org.junit.platform.engine.support.hierarchical.HierarchicalTestExecutor.execute                                       (HierarchicalTestExecutor.java:51)         
                                                org.junit.platform.engine.support.hierarchical.HierarchicalTestEngine.execute                                       (HierarchicalTestEngine.java:43)           
                                                                     org.junit.platform.launcher.core.DefaultLauncher.execute                                       (DefaultLauncher.java:170)                 
                                                                     org.junit.platform.launcher.core.DefaultLauncher.execute                                       (DefaultLauncher.java:154)                 
                                                                     org.junit.platform.launcher.core.DefaultLauncher.execute                                       (DefaultLauncher.java:90)                  
    org.gradle.api.internal.tasks.testing.junitplatform.JUnitPlatformTestClassProcessor$CollectAllTestClassesExecutor.processAllTestClasses                         (JUnitPlatformTestClassProcessor.java:92)  
    org.gradle.api.internal.tasks.testing.junitplatform.JUnitPlatformTestClassProcessor$CollectAllTestClassesExecutor.access$100                                    (JUnitPlatformTestClassProcessor.java:77)  
                                  org.gradle.api.internal.tasks.testing.junitplatform.JUnitPlatformTestClassProcessor.stop                                          (JUnitPlatformTestClassProcessor.java:73)  
                                                        org.gradle.api.internal.tasks.testing.SuiteTestClassProcessor.stop                                          (SuiteTestClassProcessor.java:61)          
                                                                                 sun.reflect.NativeMethodAccessorImpl.invoke0                                       (NativeMethodAccessorImpl.java:-2)N        
                                                                                 sun.reflect.NativeMethodAccessorImpl.invoke                                        (NativeMethodAccessorImpl.java:62)         
                                                                             sun.reflect.DelegatingMethodAccessorImpl.invoke                                        (DelegatingMethodAccessorImpl.java:43)     
                                                                                             java.lang.reflect.Method.invoke                                        (Method.java:498)                          
                                                                      org.gradle.internal.dispatch.ReflectionDispatch.dispatch                                      (ReflectionDispatch.java:35)               
                                                                      org.gradle.internal.dispatch.ReflectionDispatch.dispatch                                      (ReflectionDispatch.java:24)               
                                                              org.gradle.internal.dispatch.ContextClassLoaderDispatch.dispatch                                      (ContextClassLoaderDispatch.java:32)       
                                       org.gradle.internal.dispatch.ProxyDispatchAdapter$DispatchingInvocationHandler.invoke                                        (ProxyDispatchAdapter.java:93)             
                                                                                                com.sun.proxy.$Proxy1.stop                                          (-:-1)                                     
                                                              org.gradle.api.internal.tasks.testing.worker.TestWorker.stop                                          (TestWorker.java:123)                      
                                                                                 sun.reflect.NativeMethodAccessorImpl.invoke0                                       (NativeMethodAccessorImpl.java:-2)N        
                                                                                 sun.reflect.NativeMethodAccessorImpl.invoke                                        (NativeMethodAccessorImpl.java:62)         
                                                                             sun.reflect.DelegatingMethodAccessorImpl.invoke                                        (DelegatingMethodAccessorImpl.java:43)     
                                                                                             java.lang.reflect.Method.invoke                                        (Method.java:498)                          
                                                                      org.gradle.internal.dispatch.ReflectionDispatch.dispatch                                      (ReflectionDispatch.java:35)               
                                                                      org.gradle.internal.dispatch.ReflectionDispatch.dispatch                                      (ReflectionDispatch.java:24)               
                             org.gradle.internal.remote.internal.hub.MessageHubBackedObjectConnection$DispatchWrapper.dispatch                                      (MessageHubBackedObjectConnection.java:155)
                             org.gradle.internal.remote.internal.hub.MessageHubBackedObjectConnection$DispatchWrapper.dispatch                                      (MessageHubBackedObjectConnection.java:137)
                                                           org.gradle.internal.remote.internal.hub.MessageHub$Handler.run                                           (MessageHub.java:404)                      
                                                 org.gradle.internal.concurrent.ExecutorPolicy$CatchAndRecordFailures.onExecute                                     (ExecutorPolicy.java:63)                   
                                                                 org.gradle.internal.concurrent.ManagedExecutorImpl$1.run                                           (ManagedExecutorImpl.java:46)              
                                                                              java.util.concurrent.ThreadPoolExecutor.runWorker                                     (ThreadPoolExecutor.java:1142)             
                                                                       java.util.concurrent.ThreadPoolExecutor$Worker.run                                           (ThreadPoolExecutor.java:617)              
                                               org.gradle.internal.concurrent.ThreadFactoryImpl$ManagedThreadRunnable.run                                           (ThreadFactoryImpl.java:55)                
                                                                                                     java.lang.Thread.run                                           (Thread.java:748)                          

18)                                                                                    io.mockk.impl.InternalPlatform.captureStackTrace                             (InternalPlatform.kt:123)                  
                                                                                         io.mockk.impl.stub.MockKStub.handleInvocation                              (MockKStub.kt:206)                         
                                                       io.mockk.impl.instantiation.JvmMockFactoryHelper$mockHandler$1.invocation                                    (JvmMockFactoryHelper.kt:23)               
                                                                                io.mockk.proxy.jvm.advice.Interceptor.call                                          (Interceptor.kt:20)                        
                                                                                 io.mockk.proxy.jvm.advice.BaseAdvice.handle                                        (BaseAdvice.kt:42)                         
                                                               io.mockk.proxy.jvm.advice.jvm.JvmMockKProxyInterceptor.intercept                                     (JvmMockKProxyInterceptor.java:31)         
                                                                             com.jdroids.robotlib.command.Command(BB).hashCode                                      (-:-1)                                     
                                                                                                    java.util.HashMap.hash                                          (HashMap.java:338)                         
                                                                                                    java.util.HashMap.put                                           (HashMap.java:611)                         
                                                                                                    java.util.HashSet.add                                           (HashSet.java:219)                         
                                                                           com.jdroids.robotlib.command.SchedulerImpl.run                                           (SchedulerImpl.kt:32)                      
                                                                           com.jdroids.robotlib.command.SchedulerTest.requires() interrupts commands when it should (SchedulerTest.kt:78)                      
                                                                                 sun.reflect.NativeMethodAccessorImpl.invoke0                                       (NativeMethodAccessorImpl.java:-2)N        
                                                                                 sun.reflect.NativeMethodAccessorImpl.invoke                                        (NativeMethodAccessorImpl.java:62)         
                                                                             sun.reflect.DelegatingMethodAccessorImpl.invoke                                        (DelegatingMethodAccessorImpl.java:43)     
                                                                                             java.lang.reflect.Method.invoke                                        (Method.java:498)                          
                                                                      org.junit.platform.commons.util.ReflectionUtils.invokeMethod                                  (ReflectionUtils.java:389)                 
                                                                 org.junit.jupiter.engine.execution.ExecutableInvoker.invoke                                        (ExecutableInvoker.java:115)               
                                                         org.junit.jupiter.engine.descriptor.TestMethodTestDescriptor.lambda$invokeTestMethod$6                     (TestMethodTestDescriptor.java:167)        
                                                                org.junit.jupiter.engine.execution.ThrowableCollector.execute                                       (ThrowableCollector.java:40)               
                                                         org.junit.jupiter.engine.descriptor.TestMethodTestDescriptor.invokeTestMethod                              (TestMethodTestDescriptor.java:163)        
                                                         org.junit.jupiter.engine.descriptor.TestMethodTestDescriptor.execute                                       (TestMethodTestDescriptor.java:110)        
                                                         org.junit.jupiter.engine.descriptor.TestMethodTestDescriptor.execute                                       (TestMethodTestDescriptor.java:57)         
                                              org.junit.platform.engine.support.hierarchical.HierarchicalTestExecutor.lambda$execute$3                              (HierarchicalTestExecutor.java:83)         
                                                    org.junit.platform.engine.support.hierarchical.SingleTestExecutor.executeSafely                                 (SingleTestExecutor.java:66)               
                                              org.junit.platform.engine.support.hierarchical.HierarchicalTestExecutor.execute                                       (HierarchicalTestExecutor.java:77)         
                                              org.junit.platform.engine.support.hierarchical.HierarchicalTestExecutor.lambda$null$2                                 (HierarchicalTestExecutor.java:92)         
                                                                          java.util.stream.ForEachOps$ForEachOp$OfRef.accept                                        (ForEachOps.java:184)                      
                                                                               java.util.stream.ReferencePipeline$2$1.accept                                        (ReferencePipeline.java:175)               
                                                                                                   java.util.Iterator.forEachRemaining                              (Iterator.java:116)                        
                                                                           java.util.Spliterators$IteratorSpliterator.forEachRemaining                              (Spliterators.java:1801)                   
                                                                                    java.util.stream.AbstractPipeline.copyInto                                      (AbstractPipeline.java:481)                
                                                                                    java.util.stream.AbstractPipeline.wrapAndCopyInto                               (AbstractPipeline.java:471)                
                                                                                java.util.stream.ForEachOps$ForEachOp.evaluateSequential                            (ForEachOps.java:151)                      
                                                                          java.util.stream.ForEachOps$ForEachOp$OfRef.evaluateSequential                            (ForEachOps.java:174)                      
                                                                                    java.util.stream.AbstractPipeline.evaluate                                      (AbstractPipeline.java:234)                
                                                                                   java.util.stream.ReferencePipeline.forEach                                       (ReferencePipeline.java:418)               
                                              org.junit.platform.engine.support.hierarchical.HierarchicalTestExecutor.lambda$execute$3                              (HierarchicalTestExecutor.java:92)         
                                                    org.junit.platform.engine.support.hierarchical.SingleTestExecutor.executeSafely                                 (SingleTestExecutor.java:66)               
                                              org.junit.platform.engine.support.hierarchical.HierarchicalTestExecutor.execute                                       (HierarchicalTestExecutor.java:77)         
                                              org.junit.platform.engine.support.hierarchical.HierarchicalTestExecutor.lambda$null$2                                 (HierarchicalTestExecutor.java:92)         
                                                                          java.util.stream.ForEachOps$ForEachOp$OfRef.accept                                        (ForEachOps.java:184)                      
                                                                               java.util.stream.ReferencePipeline$2$1.accept                                        (ReferencePipeline.java:175)               
                                                                                                   java.util.Iterator.forEachRemaining                              (Iterator.java:116)                        
                                                                           java.util.Spliterators$IteratorSpliterator.forEachRemaining                              (Spliterators.java:1801)                   
                                                                                    java.util.stream.AbstractPipeline.copyInto                                      (AbstractPipeline.java:481)                
                                                                                    java.util.stream.AbstractPipeline.wrapAndCopyInto                               (AbstractPipeline.java:471)                
                                                                                java.util.stream.ForEachOps$ForEachOp.evaluateSequential                            (ForEachOps.java:151)                      
                                                                          java.util.stream.ForEachOps$ForEachOp$OfRef.evaluateSequential                            (ForEachOps.java:174)                      
                                                                                    java.util.stream.AbstractPipeline.evaluate                                      (AbstractPipeline.java:234)                
                                                                                   java.util.stream.ReferencePipeline.forEach                                       (ReferencePipeline.java:418)               
                                              org.junit.platform.engine.support.hierarchical.HierarchicalTestExecutor.lambda$execute$3                              (HierarchicalTestExecutor.java:92)         
                                                    org.junit.platform.engine.support.hierarchical.SingleTestExecutor.executeSafely                                 (SingleTestExecutor.java:66)               
                                              org.junit.platform.engine.support.hierarchical.HierarchicalTestExecutor.execute                                       (HierarchicalTestExecutor.java:77)         
                                              org.junit.platform.engine.support.hierarchical.HierarchicalTestExecutor.execute                                       (HierarchicalTestExecutor.java:51)         
                                                org.junit.platform.engine.support.hierarchical.HierarchicalTestEngine.execute                                       (HierarchicalTestEngine.java:43)           
                                                                     org.junit.platform.launcher.core.DefaultLauncher.execute                                       (DefaultLauncher.java:170)                 
                                                                     org.junit.platform.launcher.core.DefaultLauncher.execute                                       (DefaultLauncher.java:154)                 
                                                                     org.junit.platform.launcher.core.DefaultLauncher.execute                                       (DefaultLauncher.java:90)                  
    org.gradle.api.internal.tasks.testing.junitplatform.JUnitPlatformTestClassProcessor$CollectAllTestClassesExecutor.processAllTestClasses                         (JUnitPlatformTestClassProcessor.java:92)  
    org.gradle.api.internal.tasks.testing.junitplatform.JUnitPlatformTestClassProcessor$CollectAllTestClassesExecutor.access$100                                    (JUnitPlatformTestClassProcessor.java:77)  
                                  org.gradle.api.internal.tasks.testing.junitplatform.JUnitPlatformTestClassProcessor.stop                                          (JUnitPlatformTestClassProcessor.java:73)  
                                                        org.gradle.api.internal.tasks.testing.SuiteTestClassProcessor.stop                                          (SuiteTestClassProcessor.java:61)          
                                                                                 sun.reflect.NativeMethodAccessorImpl.invoke0                                       (NativeMethodAccessorImpl.java:-2)N        
                                                                                 sun.reflect.NativeMethodAccessorImpl.invoke                                        (NativeMethodAccessorImpl.java:62)         
                                                                             sun.reflect.DelegatingMethodAccessorImpl.invoke                                        (DelegatingMethodAccessorImpl.java:43)     
                                                                                             java.lang.reflect.Method.invoke                                        (Method.java:498)                          
                                                                      org.gradle.internal.dispatch.ReflectionDispatch.dispatch                                      (ReflectionDispatch.java:35)               
                                                                      org.gradle.internal.dispatch.ReflectionDispatch.dispatch                                      (ReflectionDispatch.java:24)               
                                                              org.gradle.internal.dispatch.ContextClassLoaderDispatch.dispatch                                      (ContextClassLoaderDispatch.java:32)       
                                       org.gradle.internal.dispatch.ProxyDispatchAdapter$DispatchingInvocationHandler.invoke                                        (ProxyDispatchAdapter.java:93)             
                                                                                                com.sun.proxy.$Proxy1.stop                                          (-:-1)                                     
                                                              org.gradle.api.internal.tasks.testing.worker.TestWorker.stop                                          (TestWorker.java:123)                      
                                                                                 sun.reflect.NativeMethodAccessorImpl.invoke0                                       (NativeMethodAccessorImpl.java:-2)N        
                                                                                 sun.reflect.NativeMethodAccessorImpl.invoke                                        (NativeMethodAccessorImpl.java:62)         
                                                                             sun.reflect.DelegatingMethodAccessorImpl.invoke                                        (DelegatingMethodAccessorImpl.java:43)     
                                                                                             java.lang.reflect.Method.invoke                                        (Method.java:498)                          
                                                                      org.gradle.internal.dispatch.ReflectionDispatch.dispatch                                      (ReflectionDispatch.java:35)               
                                                                      org.gradle.internal.dispatch.ReflectionDispatch.dispatch                                      (ReflectionDispatch.java:24)               
                             org.gradle.internal.remote.internal.hub.MessageHubBackedObjectConnection$DispatchWrapper.dispatch                                      (MessageHubBackedObjectConnection.java:155)
                             org.gradle.internal.remote.internal.hub.MessageHubBackedObjectConnection$DispatchWrapper.dispatch                                      (MessageHubBackedObjectConnection.java:137)
                                                           org.gradle.internal.remote.internal.hub.MessageHub$Handler.run                                           (MessageHub.java:404)                      
                                                 org.gradle.internal.concurrent.ExecutorPolicy$CatchAndRecordFailures.onExecute                                     (ExecutorPolicy.java:63)                   
                                                                 org.gradle.internal.concurrent.ManagedExecutorImpl$1.run                                           (ManagedExecutorImpl.java:46)              
                                                                              java.util.concurrent.ThreadPoolExecutor.runWorker                                     (ThreadPoolExecutor.java:1142)             
                                                                       java.util.concurrent.ThreadPoolExecutor$Worker.run                                           (ThreadPoolExecutor.java:617)              
                                               org.gradle.internal.concurrent.ThreadFactoryImpl$ManagedThreadRunnable.run                                           (ThreadFactoryImpl.java:55)                
                                                                                                     java.lang.Thread.run                                           (Thread.java:748)                          

19)                                                                                    io.mockk.impl.InternalPlatform.captureStackTrace                                 (InternalPlatform.kt:123)                  
                                                                                         io.mockk.impl.stub.MockKStub.handleInvocation                                  (MockKStub.kt:206)                         
                                                       io.mockk.impl.instantiation.JvmMockFactoryHelper$mockHandler$1.invocation                                        (JvmMockFactoryHelper.kt:23)               
                                                                                io.mockk.proxy.jvm.advice.Interceptor.call                                              (Interceptor.kt:20)                        
                                                                                 io.mockk.proxy.jvm.advice.BaseAdvice.handle                                            (BaseAdvice.kt:42)                         
                                                               io.mockk.proxy.jvm.advice.jvm.JvmMockKProxyInterceptor.intercept                                         (JvmMockKProxyInterceptor.java:31)         
                                                                             com.jdroids.robotlib.command.Command(BB).hashCode                                          (-:-1)                                     
                                                                                                    java.util.HashMap.hash                                              (HashMap.java:338)                         
                                                                                                    java.util.HashMap.get                                               (HashMap.java:556)                         
                                                                com.jdroids.robotlib.command.SchedulerImpl$requires$1.invoke                                            (SchedulerImpl.kt:65)                      
                                                                com.jdroids.robotlib.command.SchedulerImpl$requires$1.invoke                                            (SchedulerImpl.kt:8)                       
                                                               kotlin.collections.CollectionsKt__MutableCollectionsKt.filterInPlace$CollectionsKt__MutableCollectionsKt (MutableCollections.kt:164)                
                                                               kotlin.collections.CollectionsKt__MutableCollectionsKt.removeAll                                         (MutableCollections.kt:153)                
                                                                           com.jdroids.robotlib.command.SchedulerImpl.requires                                          (SchedulerImpl.kt:64)                      
                                                                           com.jdroids.robotlib.command.SchedulerTest.requires() interrupts commands when it should     (SchedulerTest.kt:87)                      
                                                                                 sun.reflect.NativeMethodAccessorImpl.invoke0                                           (NativeMethodAccessorImpl.java:-2)N        
                                                                                 sun.reflect.NativeMethodAccessorImpl.invoke                                            (NativeMethodAccessorImpl.java:62)         
                                                                             sun.reflect.DelegatingMethodAccessorImpl.invoke                                            (DelegatingMethodAccessorImpl.java:43)     
                                                                                             java.lang.reflect.Method.invoke                                            (Method.java:498)                          
                                                                      org.junit.platform.commons.util.ReflectionUtils.invokeMethod                                      (ReflectionUtils.java:389)                 
                                                                 org.junit.jupiter.engine.execution.ExecutableInvoker.invoke                                            (ExecutableInvoker.java:115)               
                                                         org.junit.jupiter.engine.descriptor.TestMethodTestDescriptor.lambda$invokeTestMethod$6                         (TestMethodTestDescriptor.java:167)        
                                                                org.junit.jupiter.engine.execution.ThrowableCollector.execute                                           (ThrowableCollector.java:40)               
                                                         org.junit.jupiter.engine.descriptor.TestMethodTestDescriptor.invokeTestMethod                                  (TestMethodTestDescriptor.java:163)        
                                                         org.junit.jupiter.engine.descriptor.TestMethodTestDescriptor.execute                                           (TestMethodTestDescriptor.java:110)        
                                                         org.junit.jupiter.engine.descriptor.TestMethodTestDescriptor.execute                                           (TestMethodTestDescriptor.java:57)         
                                              org.junit.platform.engine.support.hierarchical.HierarchicalTestExecutor.lambda$execute$3                                  (HierarchicalTestExecutor.java:83)         
                                                    org.junit.platform.engine.support.hierarchical.SingleTestExecutor.executeSafely                                     (SingleTestExecutor.java:66)               
                                              org.junit.platform.engine.support.hierarchical.HierarchicalTestExecutor.execute                                           (HierarchicalTestExecutor.java:77)         
                                              org.junit.platform.engine.support.hierarchical.HierarchicalTestExecutor.lambda$null$2                                     (HierarchicalTestExecutor.java:92)         
                                                                          java.util.stream.ForEachOps$ForEachOp$OfRef.accept                                            (ForEachOps.java:184)                      
                                                                               java.util.stream.ReferencePipeline$2$1.accept                                            (ReferencePipeline.java:175)               
                                                                                                   java.util.Iterator.forEachRemaining                                  (Iterator.java:116)                        
                                                                           java.util.Spliterators$IteratorSpliterator.forEachRemaining                                  (Spliterators.java:1801)                   
                                                                                    java.util.stream.AbstractPipeline.copyInto                                          (AbstractPipeline.java:481)                
                                                                                    java.util.stream.AbstractPipeline.wrapAndCopyInto                                   (AbstractPipeline.java:471)                
                                                                                java.util.stream.ForEachOps$ForEachOp.evaluateSequential                                (ForEachOps.java:151)                      
                                                                          java.util.stream.ForEachOps$ForEachOp$OfRef.evaluateSequential                                (ForEachOps.java:174)                      
                                                                                    java.util.stream.AbstractPipeline.evaluate                                          (AbstractPipeline.java:234)                
                                                                                   java.util.stream.ReferencePipeline.forEach                                           (ReferencePipeline.java:418)               
                                              org.junit.platform.engine.support.hierarchical.HierarchicalTestExecutor.lambda$execute$3                                  (HierarchicalTestExecutor.java:92)         
                                                    org.junit.platform.engine.support.hierarchical.SingleTestExecutor.executeSafely                                     (SingleTestExecutor.java:66)               
                                              org.junit.platform.engine.support.hierarchical.HierarchicalTestExecutor.execute                                           (HierarchicalTestExecutor.java:77)         
                                              org.junit.platform.engine.support.hierarchical.HierarchicalTestExecutor.lambda$null$2                                     (HierarchicalTestExecutor.java:92)         
                                                                          java.util.stream.ForEachOps$ForEachOp$OfRef.accept                                            (ForEachOps.java:184)                      
                                                                               java.util.stream.ReferencePipeline$2$1.accept                                            (ReferencePipeline.java:175)               
                                                                                                   java.util.Iterator.forEachRemaining                                  (Iterator.java:116)                        
                                                                           java.util.Spliterators$IteratorSpliterator.forEachRemaining                                  (Spliterators.java:1801)                   
                                                                                    java.util.stream.AbstractPipeline.copyInto                                          (AbstractPipeline.java:481)                
                                                                                    java.util.stream.AbstractPipeline.wrapAndCopyInto                                   (AbstractPipeline.java:471)                
                                                                                java.util.stream.ForEachOps$ForEachOp.evaluateSequential                                (ForEachOps.java:151)                      
                                                                          java.util.stream.ForEachOps$ForEachOp$OfRef.evaluateSequential                                (ForEachOps.java:174)                      
                                                                                    java.util.stream.AbstractPipeline.evaluate                                          (AbstractPipeline.java:234)                
                                                                                   java.util.stream.ReferencePipeline.forEach                                           (ReferencePipeline.java:418)               
                                              org.junit.platform.engine.support.hierarchical.HierarchicalTestExecutor.lambda$execute$3                                  (HierarchicalTestExecutor.java:92)         
                                                    org.junit.platform.engine.support.hierarchical.SingleTestExecutor.executeSafely                                     (SingleTestExecutor.java:66)               
                                              org.junit.platform.engine.support.hierarchical.HierarchicalTestExecutor.execute                                           (HierarchicalTestExecutor.java:77)         
                                              org.junit.platform.engine.support.hierarchical.HierarchicalTestExecutor.execute                                           (HierarchicalTestExecutor.java:51)         
                                                org.junit.platform.engine.support.hierarchical.HierarchicalTestEngine.execute                                           (HierarchicalTestEngine.java:43)           
                                                                     org.junit.platform.launcher.core.DefaultLauncher.execute                                           (DefaultLauncher.java:170)                 
                                                                     org.junit.platform.launcher.core.DefaultLauncher.execute                                           (DefaultLauncher.java:154)                 
                                                                     org.junit.platform.launcher.core.DefaultLauncher.execute                                           (DefaultLauncher.java:90)                  
    org.gradle.api.internal.tasks.testing.junitplatform.JUnitPlatformTestClassProcessor$CollectAllTestClassesExecutor.processAllTestClasses                             (JUnitPlatformTestClassProcessor.java:92)  
    org.gradle.api.internal.tasks.testing.junitplatform.JUnitPlatformTestClassProcessor$CollectAllTestClassesExecutor.access$100                                        (JUnitPlatformTestClassProcessor.java:77)  
                                  org.gradle.api.internal.tasks.testing.junitplatform.JUnitPlatformTestClassProcessor.stop                                              (JUnitPlatformTestClassProcessor.java:73)  
                                                        org.gradle.api.internal.tasks.testing.SuiteTestClassProcessor.stop                                              (SuiteTestClassProcessor.java:61)          
                                                                                 sun.reflect.NativeMethodAccessorImpl.invoke0                                           (NativeMethodAccessorImpl.java:-2)N        
                                                                                 sun.reflect.NativeMethodAccessorImpl.invoke                                            (NativeMethodAccessorImpl.java:62)         
                                                                             sun.reflect.DelegatingMethodAccessorImpl.invoke                                            (DelegatingMethodAccessorImpl.java:43)     
                                                                                             java.lang.reflect.Method.invoke                                            (Method.java:498)                          
                                                                      org.gradle.internal.dispatch.ReflectionDispatch.dispatch                                          (ReflectionDispatch.java:35)               
                                                                      org.gradle.internal.dispatch.ReflectionDispatch.dispatch                                          (ReflectionDispatch.java:24)               
                                                              org.gradle.internal.dispatch.ContextClassLoaderDispatch.dispatch                                          (ContextClassLoaderDispatch.java:32)       
                                       org.gradle.internal.dispatch.ProxyDispatchAdapter$DispatchingInvocationHandler.invoke                                            (ProxyDispatchAdapter.java:93)             
                                                                                                com.sun.proxy.$Proxy1.stop                                              (-:-1)                                     
                                                              org.gradle.api.internal.tasks.testing.worker.TestWorker.stop                                              (TestWorker.java:123)                      
                                                                                 sun.reflect.NativeMethodAccessorImpl.invoke0                                           (NativeMethodAccessorImpl.java:-2)N        
                                                                                 sun.reflect.NativeMethodAccessorImpl.invoke                                            (NativeMethodAccessorImpl.java:62)         
                                                                             sun.reflect.DelegatingMethodAccessorImpl.invoke                                            (DelegatingMethodAccessorImpl.java:43)     
                                                                                             java.lang.reflect.Method.invoke                                            (Method.java:498)                          
                                                                      org.gradle.internal.dispatch.ReflectionDispatch.dispatch                                          (ReflectionDispatch.java:35)               
                                                                      org.gradle.internal.dispatch.ReflectionDispatch.dispatch                                          (ReflectionDispatch.java:24)               
                             org.gradle.internal.remote.internal.hub.MessageHubBackedObjectConnection$DispatchWrapper.dispatch                                          (MessageHubBackedObjectConnection.java:155)
                             org.gradle.internal.remote.internal.hub.MessageHubBackedObjectConnection$DispatchWrapper.dispatch                                          (MessageHubBackedObjectConnection.java:137)
                                                           org.gradle.internal.remote.internal.hub.MessageHub$Handler.run                                               (MessageHub.java:404)                      
                                                 org.gradle.internal.concurrent.ExecutorPolicy$CatchAndRecordFailures.onExecute                                         (ExecutorPolicy.java:63)                   
                                                                 org.gradle.internal.concurrent.ManagedExecutorImpl$1.run                                               (ManagedExecutorImpl.java:46)              
                                                                              java.util.concurrent.ThreadPoolExecutor.runWorker                                         (ThreadPoolExecutor.java:1142)             
                                                                       java.util.concurrent.ThreadPoolExecutor$Worker.run                                               (ThreadPoolExecutor.java:617)              
                                               org.gradle.internal.concurrent.ThreadFactoryImpl$ManagedThreadRunnable.run                                               (ThreadFactoryImpl.java:55)                
                                                                                                     java.lang.Thread.run                                               (Thread.java:748)                          

20)                                                                                    io.mockk.impl.InternalPlatform.captureStackTrace                                 (InternalPlatform.kt:123)                  
                                                                                         io.mockk.impl.stub.MockKStub.handleInvocation                                  (MockKStub.kt:206)                         
                                                       io.mockk.impl.instantiation.JvmMockFactoryHelper$mockHandler$1.invocation                                        (JvmMockFactoryHelper.kt:23)               
                                                                                io.mockk.proxy.jvm.advice.Interceptor.call                                              (Interceptor.kt:20)                        
                                                                                 io.mockk.proxy.jvm.advice.BaseAdvice.handle                                            (BaseAdvice.kt:42)                         
                                                               io.mockk.proxy.jvm.advice.jvm.JvmMockKProxyInterceptor.interceptNoSuper                                  (JvmMockKProxyInterceptor.java:45)         
                                                                             com.jdroids.robotlib.command.Command(BB).isInterruptible                                   (-:-1)                                     
                                                                com.jdroids.robotlib.command.SchedulerImpl$requires$1.invoke                                            (SchedulerImpl.kt:66)                      
                                                                com.jdroids.robotlib.command.SchedulerImpl$requires$1.invoke                                            (SchedulerImpl.kt:8)                       
                                                               kotlin.collections.CollectionsKt__MutableCollectionsKt.filterInPlace$CollectionsKt__MutableCollectionsKt (MutableCollections.kt:164)                
                                                               kotlin.collections.CollectionsKt__MutableCollectionsKt.removeAll                                         (MutableCollections.kt:153)                
                                                                           com.jdroids.robotlib.command.SchedulerImpl.requires                                          (SchedulerImpl.kt:64)                      
                                                                           com.jdroids.robotlib.command.SchedulerTest.requires() interrupts commands when it should     (SchedulerTest.kt:87)                      
                                                                                 sun.reflect.NativeMethodAccessorImpl.invoke0                                           (NativeMethodAccessorImpl.java:-2)N        
                                                                                 sun.reflect.NativeMethodAccessorImpl.invoke                                            (NativeMethodAccessorImpl.java:62)         
                                                                             sun.reflect.DelegatingMethodAccessorImpl.invoke                                            (DelegatingMethodAccessorImpl.java:43)     
                                                                                             java.lang.reflect.Method.invoke                                            (Method.java:498)                          
                                                                      org.junit.platform.commons.util.ReflectionUtils.invokeMethod                                      (ReflectionUtils.java:389)                 
                                                                 org.junit.jupiter.engine.execution.ExecutableInvoker.invoke                                            (ExecutableInvoker.java:115)               
                                                         org.junit.jupiter.engine.descriptor.TestMethodTestDescriptor.lambda$invokeTestMethod$6                         (TestMethodTestDescriptor.java:167)        
                                                                org.junit.jupiter.engine.execution.ThrowableCollector.execute                                           (ThrowableCollector.java:40)               
                                                         org.junit.jupiter.engine.descriptor.TestMethodTestDescriptor.invokeTestMethod                                  (TestMethodTestDescriptor.java:163)        
                                                         org.junit.jupiter.engine.descriptor.TestMethodTestDescriptor.execute                                           (TestMethodTestDescriptor.java:110)        
                                                         org.junit.jupiter.engine.descriptor.TestMethodTestDescriptor.execute                                           (TestMethodTestDescriptor.java:57)         
                                              org.junit.platform.engine.support.hierarchical.HierarchicalTestExecutor.lambda$execute$3                                  (HierarchicalTestExecutor.java:83)         
                                                    org.junit.platform.engine.support.hierarchical.SingleTestExecutor.executeSafely                                     (SingleTestExecutor.java:66)               
                                              org.junit.platform.engine.support.hierarchical.HierarchicalTestExecutor.execute                                           (HierarchicalTestExecutor.java:77)         
                                              org.junit.platform.engine.support.hierarchical.HierarchicalTestExecutor.lambda$null$2                                     (HierarchicalTestExecutor.java:92)         
                                                                          java.util.stream.ForEachOps$ForEachOp$OfRef.accept                                            (ForEachOps.java:184)                      
                                                                               java.util.stream.ReferencePipeline$2$1.accept                                            (ReferencePipeline.java:175)               
                                                                                                   java.util.Iterator.forEachRemaining                                  (Iterator.java:116)                        
                                                                           java.util.Spliterators$IteratorSpliterator.forEachRemaining                                  (Spliterators.java:1801)                   
                                                                                    java.util.stream.AbstractPipeline.copyInto                                          (AbstractPipeline.java:481)                
                                                                                    java.util.stream.AbstractPipeline.wrapAndCopyInto                                   (AbstractPipeline.java:471)                
                                                                                java.util.stream.ForEachOps$ForEachOp.evaluateSequential                                (ForEachOps.java:151)                      
                                                                          java.util.stream.ForEachOps$ForEachOp$OfRef.evaluateSequential                                (ForEachOps.java:174)                      
                                                                                    java.util.stream.AbstractPipeline.evaluate                                          (AbstractPipeline.java:234)                
                                                                                   java.util.stream.ReferencePipeline.forEach                                           (ReferencePipeline.java:418)               
                                              org.junit.platform.engine.support.hierarchical.HierarchicalTestExecutor.lambda$execute$3                                  (HierarchicalTestExecutor.java:92)         
                                                    org.junit.platform.engine.support.hierarchical.SingleTestExecutor.executeSafely                                     (SingleTestExecutor.java:66)               
                                              org.junit.platform.engine.support.hierarchical.HierarchicalTestExecutor.execute                                           (HierarchicalTestExecutor.java:77)         
                                              org.junit.platform.engine.support.hierarchical.HierarchicalTestExecutor.lambda$null$2                                     (HierarchicalTestExecutor.java:92)         
                                                                          java.util.stream.ForEachOps$ForEachOp$OfRef.accept                                            (ForEachOps.java:184)                      
                                                                               java.util.stream.ReferencePipeline$2$1.accept                                            (ReferencePipeline.java:175)               
                                                                                                   java.util.Iterator.forEachRemaining                                  (Iterator.java:116)                        
                                                                           java.util.Spliterators$IteratorSpliterator.forEachRemaining                                  (Spliterators.java:1801)                   
                                                                                    java.util.stream.AbstractPipeline.copyInto                                          (AbstractPipeline.java:481)                
                                                                                    java.util.stream.AbstractPipeline.wrapAndCopyInto                                   (AbstractPipeline.java:471)                
                                                                                java.util.stream.ForEachOps$ForEachOp.evaluateSequential                                (ForEachOps.java:151)                      
                                                                          java.util.stream.ForEachOps$ForEachOp$OfRef.evaluateSequential                                (ForEachOps.java:174)                      
                                                                                    java.util.stream.AbstractPipeline.evaluate                                          (AbstractPipeline.java:234)                
                                                                                   java.util.stream.ReferencePipeline.forEach                                           (ReferencePipeline.java:418)               
                                              org.junit.platform.engine.support.hierarchical.HierarchicalTestExecutor.lambda$execute$3                                  (HierarchicalTestExecutor.java:92)         
                                                    org.junit.platform.engine.support.hierarchical.SingleTestExecutor.executeSafely                                     (SingleTestExecutor.java:66)               
                                              org.junit.platform.engine.support.hierarchical.HierarchicalTestExecutor.execute                                           (HierarchicalTestExecutor.java:77)         
                                              org.junit.platform.engine.support.hierarchical.HierarchicalTestExecutor.execute                                           (HierarchicalTestExecutor.java:51)         
                                                org.junit.platform.engine.support.hierarchical.HierarchicalTestEngine.execute                                           (HierarchicalTestEngine.java:43)           
                                                                     org.junit.platform.launcher.core.DefaultLauncher.execute                                           (DefaultLauncher.java:170)                 
                                                                     org.junit.platform.launcher.core.DefaultLauncher.execute                                           (DefaultLauncher.java:154)                 
                                                                     org.junit.platform.launcher.core.DefaultLauncher.execute                                           (DefaultLauncher.java:90)                  
    org.gradle.api.internal.tasks.testing.junitplatform.JUnitPlatformTestClassProcessor$CollectAllTestClassesExecutor.processAllTestClasses                             (JUnitPlatformTestClassProcessor.java:92)  
    org.gradle.api.internal.tasks.testing.junitplatform.JUnitPlatformTestClassProcessor$CollectAllTestClassesExecutor.access$100                                        (JUnitPlatformTestClassProcessor.java:77)  
                                  org.gradle.api.internal.tasks.testing.junitplatform.JUnitPlatformTestClassProcessor.stop                                              (JUnitPlatformTestClassProcessor.java:73)  
                                                        org.gradle.api.internal.tasks.testing.SuiteTestClassProcessor.stop                                              (SuiteTestClassProcessor.java:61)          
                                                                                 sun.reflect.NativeMethodAccessorImpl.invoke0                                           (NativeMethodAccessorImpl.java:-2)N        
                                                                                 sun.reflect.NativeMethodAccessorImpl.invoke                                            (NativeMethodAccessorImpl.java:62)         
                                                                             sun.reflect.DelegatingMethodAccessorImpl.invoke                                            (DelegatingMethodAccessorImpl.java:43)     
                                                                                             java.lang.reflect.Method.invoke                                            (Method.java:498)                          
                                                                      org.gradle.internal.dispatch.ReflectionDispatch.dispatch                                          (ReflectionDispatch.java:35)               
                                                                      org.gradle.internal.dispatch.ReflectionDispatch.dispatch                                          (ReflectionDispatch.java:24)               
                                                              org.gradle.internal.dispatch.ContextClassLoaderDispatch.dispatch                                          (ContextClassLoaderDispatch.java:32)       
                                       org.gradle.internal.dispatch.ProxyDispatchAdapter$DispatchingInvocationHandler.invoke                                            (ProxyDispatchAdapter.java:93)             
                                                                                                com.sun.proxy.$Proxy1.stop                                              (-:-1)                                     
                                                              org.gradle.api.internal.tasks.testing.worker.TestWorker.stop                                              (TestWorker.java:123)                      
                                                                                 sun.reflect.NativeMethodAccessorImpl.invoke0                                           (NativeMethodAccessorImpl.java:-2)N        
                                                                                 sun.reflect.NativeMethodAccessorImpl.invoke                                            (NativeMethodAccessorImpl.java:62)         
                                                                             sun.reflect.DelegatingMethodAccessorImpl.invoke                                            (DelegatingMethodAccessorImpl.java:43)     
                                                                                             java.lang.reflect.Method.invoke                                            (Method.java:498)                          
                                                                      org.gradle.internal.dispatch.ReflectionDispatch.dispatch                                          (ReflectionDispatch.java:35)               
                                                                      org.gradle.internal.dispatch.ReflectionDispatch.dispatch                                          (ReflectionDispatch.java:24)               
                             org.gradle.internal.remote.internal.hub.MessageHubBackedObjectConnection$DispatchWrapper.dispatch                                          (MessageHubBackedObjectConnection.java:155)
                             org.gradle.internal.remote.internal.hub.MessageHubBackedObjectConnection$DispatchWrapper.dispatch                                          (MessageHubBackedObjectConnection.java:137)
                                                           org.gradle.internal.remote.internal.hub.MessageHub$Handler.run                                               (MessageHub.java:404)                      
                                                 org.gradle.internal.concurrent.ExecutorPolicy$CatchAndRecordFailures.onExecute                                         (ExecutorPolicy.java:63)                   
                                                                 org.gradle.internal.concurrent.ManagedExecutorImpl$1.run                                               (ManagedExecutorImpl.java:46)              
                                                                              java.util.concurrent.ThreadPoolExecutor.runWorker                                         (ThreadPoolExecutor.java:1142)             
                                                                       java.util.concurrent.ThreadPoolExecutor$Worker.run                                               (ThreadPoolExecutor.java:617)              
                                               org.gradle.internal.concurrent.ThreadFactoryImpl$ManagedThreadRunnable.run                                               (ThreadFactoryImpl.java:55)                
                                                                                                     java.lang.Thread.run                                               (Thread.java:748)                          

21)                                                                                    io.mockk.impl.InternalPlatform.captureStackTrace                                 (InternalPlatform.kt:123)                  
                                                                                         io.mockk.impl.stub.MockKStub.handleInvocation                                  (MockKStub.kt:206)                         
                                                       io.mockk.impl.instantiation.JvmMockFactoryHelper$mockHandler$1.invocation                                        (JvmMockFactoryHelper.kt:23)               
                                                                                io.mockk.proxy.jvm.advice.Interceptor.call                                              (Interceptor.kt:20)                        
                                                                                 io.mockk.proxy.jvm.advice.BaseAdvice.handle                                            (BaseAdvice.kt:42)                         
                                                               io.mockk.proxy.jvm.advice.jvm.JvmMockKProxyInterceptor.interceptNoSuper                                  (JvmMockKProxyInterceptor.java:45)         
                                                                             com.jdroids.robotlib.command.Command(BB).interrupt                                         (-:-1)                                     
                                                                com.jdroids.robotlib.command.SchedulerImpl$requires$1.invoke                                            (SchedulerImpl.kt:67)                      
                                                                com.jdroids.robotlib.command.SchedulerImpl$requires$1.invoke                                            (SchedulerImpl.kt:8)                       
                                                               kotlin.collections.CollectionsKt__MutableCollectionsKt.filterInPlace$CollectionsKt__MutableCollectionsKt (MutableCollections.kt:164)                
                                                               kotlin.collections.CollectionsKt__MutableCollectionsKt.removeAll                                         (MutableCollections.kt:153)                
                                                                           com.jdroids.robotlib.command.SchedulerImpl.requires                                          (SchedulerImpl.kt:64)                      
                                                                           com.jdroids.robotlib.command.SchedulerTest.requires() interrupts commands when it should     (SchedulerTest.kt:87)                      
                                                                                 sun.reflect.NativeMethodAccessorImpl.invoke0                                           (NativeMethodAccessorImpl.java:-2)N        
                                                                                 sun.reflect.NativeMethodAccessorImpl.invoke                                            (NativeMethodAccessorImpl.java:62)         
                                                                             sun.reflect.DelegatingMethodAccessorImpl.invoke                                            (DelegatingMethodAccessorImpl.java:43)     
                                                                                             java.lang.reflect.Method.invoke                                            (Method.java:498)                          
                                                                      org.junit.platform.commons.util.ReflectionUtils.invokeMethod                                      (ReflectionUtils.java:389)                 
                                                                 org.junit.jupiter.engine.execution.ExecutableInvoker.invoke                                            (ExecutableInvoker.java:115)               
                                                         org.junit.jupiter.engine.descriptor.TestMethodTestDescriptor.lambda$invokeTestMethod$6                         (TestMethodTestDescriptor.java:167)        
                                                                org.junit.jupiter.engine.execution.ThrowableCollector.execute                                           (ThrowableCollector.java:40)               
                                                         org.junit.jupiter.engine.descriptor.TestMethodTestDescriptor.invokeTestMethod                                  (TestMethodTestDescriptor.java:163)        
                                                         org.junit.jupiter.engine.descriptor.TestMethodTestDescriptor.execute                                           (TestMethodTestDescriptor.java:110)        
                                                         org.junit.jupiter.engine.descriptor.TestMethodTestDescriptor.execute                                           (TestMethodTestDescriptor.java:57)         
                                              org.junit.platform.engine.support.hierarchical.HierarchicalTestExecutor.lambda$execute$3                                  (HierarchicalTestExecutor.java:83)         
                                                    org.junit.platform.engine.support.hierarchical.SingleTestExecutor.executeSafely                                     (SingleTestExecutor.java:66)               
                                              org.junit.platform.engine.support.hierarchical.HierarchicalTestExecutor.execute                                           (HierarchicalTestExecutor.java:77)         
                                              org.junit.platform.engine.support.hierarchical.HierarchicalTestExecutor.lambda$null$2                                     (HierarchicalTestExecutor.java:92)         
                                                                          java.util.stream.ForEachOps$ForEachOp$OfRef.accept                                            (ForEachOps.java:184)                      
                                                                               java.util.stream.ReferencePipeline$2$1.accept                                            (ReferencePipeline.java:175)               
                                                                                                   java.util.Iterator.forEachRemaining                                  (Iterator.java:116)                        
                                                                           java.util.Spliterators$IteratorSpliterator.forEachRemaining                                  (Spliterators.java:1801)                   
                                                                                    java.util.stream.AbstractPipeline.copyInto                                          (AbstractPipeline.java:481)                
                                                                                    java.util.stream.AbstractPipeline.wrapAndCopyInto                                   (AbstractPipeline.java:471)                
                                                                                java.util.stream.ForEachOps$ForEachOp.evaluateSequential                                (ForEachOps.java:151)                      
                                                                          java.util.stream.ForEachOps$ForEachOp$OfRef.evaluateSequential                                (ForEachOps.java:174)                      
                                                                                    java.util.stream.AbstractPipeline.evaluate                                          (AbstractPipeline.java:234)                
                                                                                   java.util.stream.ReferencePipeline.forEach                                           (ReferencePipeline.java:418)               
                                              org.junit.platform.engine.support.hierarchical.HierarchicalTestExecutor.lambda$execute$3                                  (HierarchicalTestExecutor.java:92)         
                                                    org.junit.platform.engine.support.hierarchical.SingleTestExecutor.executeSafely                                     (SingleTestExecutor.java:66)               
                                              org.junit.platform.engine.support.hierarchical.HierarchicalTestExecutor.execute                                           (HierarchicalTestExecutor.java:77)         
                                              org.junit.platform.engine.support.hierarchical.HierarchicalTestExecutor.lambda$null$2                                     (HierarchicalTestExecutor.java:92)         
                                                                          java.util.stream.ForEachOps$ForEachOp$OfRef.accept                                            (ForEachOps.java:184)                      
                                                                               java.util.stream.ReferencePipeline$2$1.accept                                            (ReferencePipeline.java:175)               
                                                                                                   java.util.Iterator.forEachRemaining                                  (Iterator.java:116)                        
                                                                           java.util.Spliterators$IteratorSpliterator.forEachRemaining                                  (Spliterators.java:1801)                   
                                                                                    java.util.stream.AbstractPipeline.copyInto                                          (AbstractPipeline.java:481)                
                                                                                    java.util.stream.AbstractPipeline.wrapAndCopyInto                                   (AbstractPipeline.java:471)                
                                                                                java.util.stream.ForEachOps$ForEachOp.evaluateSequential                                (ForEachOps.java:151)                      
                                                                          java.util.stream.ForEachOps$ForEachOp$OfRef.evaluateSequential                                (ForEachOps.java:174)                      
                                                                                    java.util.stream.AbstractPipeline.evaluate                                          (AbstractPipeline.java:234)                
                                                                                   java.util.stream.ReferencePipeline.forEach                                           (ReferencePipeline.java:418)               
                                              org.junit.platform.engine.support.hierarchical.HierarchicalTestExecutor.lambda$execute$3                                  (HierarchicalTestExecutor.java:92)         
                                                    org.junit.platform.engine.support.hierarchical.SingleTestExecutor.executeSafely                                     (SingleTestExecutor.java:66)               
                                              org.junit.platform.engine.support.hierarchical.HierarchicalTestExecutor.execute                                           (HierarchicalTestExecutor.java:77)         
                                              org.junit.platform.engine.support.hierarchical.HierarchicalTestExecutor.execute                                           (HierarchicalTestExecutor.java:51)         
                                                org.junit.platform.engine.support.hierarchical.HierarchicalTestEngine.execute                                           (HierarchicalTestEngine.java:43)           
                                                                     org.junit.platform.launcher.core.DefaultLauncher.execute                                           (DefaultLauncher.java:170)                 
                                                                     org.junit.platform.launcher.core.DefaultLauncher.execute                                           (DefaultLauncher.java:154)                 
                                                                     org.junit.platform.launcher.core.DefaultLauncher.execute                                           (DefaultLauncher.java:90)                  
    org.gradle.api.internal.tasks.testing.junitplatform.JUnitPlatformTestClassProcessor$CollectAllTestClassesExecutor.processAllTestClasses                             (JUnitPlatformTestClassProcessor.java:92)  
    org.gradle.api.internal.tasks.testing.junitplatform.JUnitPlatformTestClassProcessor$CollectAllTestClassesExecutor.access$100                                        (JUnitPlatformTestClassProcessor.java:77)  
                                  org.gradle.api.internal.tasks.testing.junitplatform.JUnitPlatformTestClassProcessor.stop                                              (JUnitPlatformTestClassProcessor.java:73)  
                                                        org.gradle.api.internal.tasks.testing.SuiteTestClassProcessor.stop                                              (SuiteTestClassProcessor.java:61)          
                                                                                 sun.reflect.NativeMethodAccessorImpl.invoke0                                           (NativeMethodAccessorImpl.java:-2)N        
                                                                                 sun.reflect.NativeMethodAccessorImpl.invoke                                            (NativeMethodAccessorImpl.java:62)         
                                                                             sun.reflect.DelegatingMethodAccessorImpl.invoke                                            (DelegatingMethodAccessorImpl.java:43)     
                                                                                             java.lang.reflect.Method.invoke                                            (Method.java:498)                          
                                                                      org.gradle.internal.dispatch.ReflectionDispatch.dispatch                                          (ReflectionDispatch.java:35)               
                                                                      org.gradle.internal.dispatch.ReflectionDispatch.dispatch                                          (ReflectionDispatch.java:24)               
                                                              org.gradle.internal.dispatch.ContextClassLoaderDispatch.dispatch                                          (ContextClassLoaderDispatch.java:32)       
                                       org.gradle.internal.dispatch.ProxyDispatchAdapter$DispatchingInvocationHandler.invoke                                            (ProxyDispatchAdapter.java:93)             
                                                                                                com.sun.proxy.$Proxy1.stop                                              (-:-1)                                     
                                                              org.gradle.api.internal.tasks.testing.worker.TestWorker.stop                                              (TestWorker.java:123)                      
                                                                                 sun.reflect.NativeMethodAccessorImpl.invoke0                                           (NativeMethodAccessorImpl.java:-2)N        
                                                                                 sun.reflect.NativeMethodAccessorImpl.invoke                                            (NativeMethodAccessorImpl.java:62)         
                                                                             sun.reflect.DelegatingMethodAccessorImpl.invoke                                            (DelegatingMethodAccessorImpl.java:43)     
                                                                                             java.lang.reflect.Method.invoke                                            (Method.java:498)                          
                                                                      org.gradle.internal.dispatch.ReflectionDispatch.dispatch                                          (ReflectionDispatch.java:35)               
                                                                      org.gradle.internal.dispatch.ReflectionDispatch.dispatch                                          (ReflectionDispatch.java:24)               
                             org.gradle.internal.remote.internal.hub.MessageHubBackedObjectConnection$DispatchWrapper.dispatch                                          (MessageHubBackedObjectConnection.java:155)
                             org.gradle.internal.remote.internal.hub.MessageHubBackedObjectConnection$DispatchWrapper.dispatch                                          (MessageHubBackedObjectConnection.java:137)
                                                           org.gradle.internal.remote.internal.hub.MessageHub$Handler.run                                               (MessageHub.java:404)                      
                                                 org.gradle.internal.concurrent.ExecutorPolicy$CatchAndRecordFailures.onExecute                                         (ExecutorPolicy.java:63)                   
                                                                 org.gradle.internal.concurrent.ManagedExecutorImpl$1.run                                               (ManagedExecutorImpl.java:46)              
                                                                              java.util.concurrent.ThreadPoolExecutor.runWorker                                         (ThreadPoolExecutor.java:1142)             
                                                                       java.util.concurrent.ThreadPoolExecutor$Worker.run                                               (ThreadPoolExecutor.java:617)              
                                               org.gradle.internal.concurrent.ThreadFactoryImpl$ManagedThreadRunnable.run                                               (ThreadFactoryImpl.java:55)                
                                                                                                     java.lang.Thread.run                                               (Thread.java:748)                          

22)                                                                                    io.mockk.impl.InternalPlatform.captureStackTrace                                 (InternalPlatform.kt:123)                  
                                                                                         io.mockk.impl.stub.MockKStub.handleInvocation                                  (MockKStub.kt:206)                         
                                                       io.mockk.impl.instantiation.JvmMockFactoryHelper$mockHandler$1.invocation                                        (JvmMockFactoryHelper.kt:23)               
                                                                                io.mockk.proxy.jvm.advice.Interceptor.call                                              (Interceptor.kt:20)                        
                                                                                 io.mockk.proxy.jvm.advice.BaseAdvice.handle                                            (BaseAdvice.kt:42)                         
                                                               io.mockk.proxy.jvm.advice.jvm.JvmMockKProxyInterceptor.intercept                                         (JvmMockKProxyInterceptor.java:31)         
                                                                             com.jdroids.robotlib.command.Command(BB).hashCode                                          (-:-1)                                     
                                                                                                    java.util.HashMap.hash                                              (HashMap.java:338)                         
                                                                                                    java.util.HashMap.remove                                            (HashMap.java:798)                         
                                                                           com.jdroids.robotlib.command.SchedulerImpl.clearSubsystemRequirements                        (SchedulerImpl.kt:95)                      
                                                                com.jdroids.robotlib.command.SchedulerImpl$requires$1.invoke                                            (SchedulerImpl.kt:68)                      
                                                                com.jdroids.robotlib.command.SchedulerImpl$requires$1.invoke                                            (SchedulerImpl.kt:8)                       
                                                               kotlin.collections.CollectionsKt__MutableCollectionsKt.filterInPlace$CollectionsKt__MutableCollectionsKt (MutableCollections.kt:164)                
                                                               kotlin.collections.CollectionsKt__MutableCollectionsKt.removeAll                                         (MutableCollections.kt:153)                
                                                                           com.jdroids.robotlib.command.SchedulerImpl.requires                                          (SchedulerImpl.kt:64)                      
                                                                           com.jdroids.robotlib.command.SchedulerTest.requires() interrupts commands when it should     (SchedulerTest.kt:87)                      
                                                                                 sun.reflect.NativeMethodAccessorImpl.invoke0                                           (NativeMethodAccessorImpl.java:-2)N        
                                                                                 sun.reflect.NativeMethodAccessorImpl.invoke                                            (NativeMethodAccessorImpl.java:62)         
                                                                             sun.reflect.DelegatingMethodAccessorImpl.invoke                                            (DelegatingMethodAccessorImpl.java:43)     
                                                                                             java.lang.reflect.Method.invoke                                            (Method.java:498)                          
                                                                      org.junit.platform.commons.util.ReflectionUtils.invokeMethod                                      (ReflectionUtils.java:389)                 
                                                                 org.junit.jupiter.engine.execution.ExecutableInvoker.invoke                                            (ExecutableInvoker.java:115)               
                                                         org.junit.jupiter.engine.descriptor.TestMethodTestDescriptor.lambda$invokeTestMethod$6                         (TestMethodTestDescriptor.java:167)        
                                                                org.junit.jupiter.engine.execution.ThrowableCollector.execute                                           (ThrowableCollector.java:40)               
                                                         org.junit.jupiter.engine.descriptor.TestMethodTestDescriptor.invokeTestMethod                                  (TestMethodTestDescriptor.java:163)        
                                                         org.junit.jupiter.engine.descriptor.TestMethodTestDescriptor.execute                                           (TestMethodTestDescriptor.java:110)        
                                                         org.junit.jupiter.engine.descriptor.TestMethodTestDescriptor.execute                                           (TestMethodTestDescriptor.java:57)         
                                              org.junit.platform.engine.support.hierarchical.HierarchicalTestExecutor.lambda$execute$3                                  (HierarchicalTestExecutor.java:83)         
                                                    org.junit.platform.engine.support.hierarchical.SingleTestExecutor.executeSafely                                     (SingleTestExecutor.java:66)               
                                              org.junit.platform.engine.support.hierarchical.HierarchicalTestExecutor.execute                                           (HierarchicalTestExecutor.java:77)         
                                              org.junit.platform.engine.support.hierarchical.HierarchicalTestExecutor.lambda$null$2                                     (HierarchicalTestExecutor.java:92)         
                                                                          java.util.stream.ForEachOps$ForEachOp$OfRef.accept                                            (ForEachOps.java:184)                      
                                                                               java.util.stream.ReferencePipeline$2$1.accept                                            (ReferencePipeline.java:175)               
                                                                                                   java.util.Iterator.forEachRemaining                                  (Iterator.java:116)                        
                                                                           java.util.Spliterators$IteratorSpliterator.forEachRemaining                                  (Spliterators.java:1801)                   
                                                                                    java.util.stream.AbstractPipeline.copyInto                                          (AbstractPipeline.java:481)                
                                                                                    java.util.stream.AbstractPipeline.wrapAndCopyInto                                   (AbstractPipeline.java:471)                
                                                                                java.util.stream.ForEachOps$ForEachOp.evaluateSequential                                (ForEachOps.java:151)                      
                                                                          java.util.stream.ForEachOps$ForEachOp$OfRef.evaluateSequential                                (ForEachOps.java:174)                      
                                                                                    java.util.stream.AbstractPipeline.evaluate                                          (AbstractPipeline.java:234)                
                                                                                   java.util.stream.ReferencePipeline.forEach                                           (ReferencePipeline.java:418)               
                                              org.junit.platform.engine.support.hierarchical.HierarchicalTestExecutor.lambda$execute$3                                  (HierarchicalTestExecutor.java:92)         
                                                    org.junit.platform.engine.support.hierarchical.SingleTestExecutor.executeSafely                                     (SingleTestExecutor.java:66)               
                                              org.junit.platform.engine.support.hierarchical.HierarchicalTestExecutor.execute                                           (HierarchicalTestExecutor.java:77)         
                                              org.junit.platform.engine.support.hierarchical.HierarchicalTestExecutor.lambda$null$2                                     (HierarchicalTestExecutor.java:92)         
                                                                          java.util.stream.ForEachOps$ForEachOp$OfRef.accept                                            (ForEachOps.java:184)                      
                                                                               java.util.stream.ReferencePipeline$2$1.accept                                            (ReferencePipeline.java:175)               
                                                                                                   java.util.Iterator.forEachRemaining                                  (Iterator.java:116)                        
                                                                           java.util.Spliterators$IteratorSpliterator.forEachRemaining                                  (Spliterators.java:1801)                   
                                                                                    java.util.stream.AbstractPipeline.copyInto                                          (AbstractPipeline.java:481)                
                                                                                    java.util.stream.AbstractPipeline.wrapAndCopyInto                                   (AbstractPipeline.java:471)                
                                                                                java.util.stream.ForEachOps$ForEachOp.evaluateSequential                                (ForEachOps.java:151)                      
                                                                          java.util.stream.ForEachOps$ForEachOp$OfRef.evaluateSequential                                (ForEachOps.java:174)                      
                                                                                    java.util.stream.AbstractPipeline.evaluate                                          (AbstractPipeline.java:234)                
                                                                                   java.util.stream.ReferencePipeline.forEach                                           (ReferencePipeline.java:418)               
                                              org.junit.platform.engine.support.hierarchical.HierarchicalTestExecutor.lambda$execute$3                                  (HierarchicalTestExecutor.java:92)         
                                                    org.junit.platform.engine.support.hierarchical.SingleTestExecutor.executeSafely                                     (SingleTestExecutor.java:66)               
                                              org.junit.platform.engine.support.hierarchical.HierarchicalTestExecutor.execute                                           (HierarchicalTestExecutor.java:77)         
                                              org.junit.platform.engine.support.hierarchical.HierarchicalTestExecutor.execute                                           (HierarchicalTestExecutor.java:51)         
                                                org.junit.platform.engine.support.hierarchical.HierarchicalTestEngine.execute                                           (HierarchicalTestEngine.java:43)           
                                                                     org.junit.platform.launcher.core.DefaultLauncher.execute                                           (DefaultLauncher.java:170)                 
                                                                     org.junit.platform.launcher.core.DefaultLauncher.execute                                           (DefaultLauncher.java:154)                 
                                                                     org.junit.platform.launcher.core.DefaultLauncher.execute                                           (DefaultLauncher.java:90)                  
    org.gradle.api.internal.tasks.testing.junitplatform.JUnitPlatformTestClassProcessor$CollectAllTestClassesExecutor.processAllTestClasses                             (JUnitPlatformTestClassProcessor.java:92)  
    org.gradle.api.internal.tasks.testing.junitplatform.JUnitPlatformTestClassProcessor$CollectAllTestClassesExecutor.access$100                                        (JUnitPlatformTestClassProcessor.java:77)  
                                  org.gradle.api.internal.tasks.testing.junitplatform.JUnitPlatformTestClassProcessor.stop                                              (JUnitPlatformTestClassProcessor.java:73)  
                                                        org.gradle.api.internal.tasks.testing.SuiteTestClassProcessor.stop                                              (SuiteTestClassProcessor.java:61)          
                                                                                 sun.reflect.NativeMethodAccessorImpl.invoke0                                           (NativeMethodAccessorImpl.java:-2)N        
                                                                                 sun.reflect.NativeMethodAccessorImpl.invoke                                            (NativeMethodAccessorImpl.java:62)         
                                                                             sun.reflect.DelegatingMethodAccessorImpl.invoke                                            (DelegatingMethodAccessorImpl.java:43)     
                                                                                             java.lang.reflect.Method.invoke                                            (Method.java:498)                          
                                                                      org.gradle.internal.dispatch.ReflectionDispatch.dispatch                                          (ReflectionDispatch.java:35)               
                                                                      org.gradle.internal.dispatch.ReflectionDispatch.dispatch                                          (ReflectionDispatch.java:24)               
                                                              org.gradle.internal.dispatch.ContextClassLoaderDispatch.dispatch                                          (ContextClassLoaderDispatch.java:32)       
                                       org.gradle.internal.dispatch.ProxyDispatchAdapter$DispatchingInvocationHandler.invoke                                            (ProxyDispatchAdapter.java:93)             
                                                                                                com.sun.proxy.$Proxy1.stop                                              (-:-1)                                     
                                                              org.gradle.api.internal.tasks.testing.worker.TestWorker.stop                                              (TestWorker.java:123)                      
                                                                                 sun.reflect.NativeMethodAccessorImpl.invoke0                                           (NativeMethodAccessorImpl.java:-2)N        
                                                                                 sun.reflect.NativeMethodAccessorImpl.invoke                                            (NativeMethodAccessorImpl.java:62)         
                                                                             sun.reflect.DelegatingMethodAccessorImpl.invoke                                            (DelegatingMethodAccessorImpl.java:43)     
                                                                                             java.lang.reflect.Method.invoke                                            (Method.java:498)                          
                                                                      org.gradle.internal.dispatch.ReflectionDispatch.dispatch                                          (ReflectionDispatch.java:35)               
                                                                      org.gradle.internal.dispatch.ReflectionDispatch.dispatch                                          (ReflectionDispatch.java:24)               
                             org.gradle.internal.remote.internal.hub.MessageHubBackedObjectConnection$DispatchWrapper.dispatch                                          (MessageHubBackedObjectConnection.java:155)
                             org.gradle.internal.remote.internal.hub.MessageHubBackedObjectConnection$DispatchWrapper.dispatch                                          (MessageHubBackedObjectConnection.java:137)
                                                           org.gradle.internal.remote.internal.hub.MessageHub$Handler.run                                               (MessageHub.java:404)                      
                                                 org.gradle.internal.concurrent.ExecutorPolicy$CatchAndRecordFailures.onExecute                                         (ExecutorPolicy.java:63)                   
                                                                 org.gradle.internal.concurrent.ManagedExecutorImpl$1.run                                               (ManagedExecutorImpl.java:46)              
                                                                              java.util.concurrent.ThreadPoolExecutor.runWorker                                         (ThreadPoolExecutor.java:1142)             
                                                                       java.util.concurrent.ThreadPoolExecutor$Worker.run                                               (ThreadPoolExecutor.java:617)              
                                               org.gradle.internal.concurrent.ThreadFactoryImpl$ManagedThreadRunnable.run                                               (ThreadFactoryImpl.java:55)                
                                                                                                     java.lang.Thread.run                                               (Thread.java:748)                          

23)                                                                                    io.mockk.impl.InternalPlatform.captureStackTrace                                 (InternalPlatform.kt:123)                  
                                                                                         io.mockk.impl.stub.MockKStub.handleInvocation                                  (MockKStub.kt:206)                         
                                                       io.mockk.impl.instantiation.JvmMockFactoryHelper$mockHandler$1.invocation                                        (JvmMockFactoryHelper.kt:23)               
                                                                                io.mockk.proxy.jvm.advice.Interceptor.call                                              (Interceptor.kt:20)                        
                                                                                 io.mockk.proxy.jvm.advice.BaseAdvice.handle                                            (BaseAdvice.kt:42)                         
                                                               io.mockk.proxy.jvm.advice.jvm.JvmMockKProxyInterceptor.interceptNoSuper                                  (JvmMockKProxyInterceptor.java:45)         
                                                                             com.jdroids.robotlib.command.Command(BB).isInterruptible                                   (-:-1)                                     
                                                                com.jdroids.robotlib.command.SchedulerImpl$requires$2.invoke                                            (SchedulerImpl.kt:79)                      
                                                                com.jdroids.robotlib.command.SchedulerImpl$requires$2.invoke                                            (SchedulerImpl.kt:8)                       
                                                               kotlin.collections.CollectionsKt__MutableCollectionsKt.filterInPlace$CollectionsKt__MutableCollectionsKt (MutableCollections.kt:164)                
                                                               kotlin.collections.CollectionsKt__MutableCollectionsKt.removeAll                                         (MutableCollections.kt:153)                
                                                                           com.jdroids.robotlib.command.SchedulerImpl.requires                                          (SchedulerImpl.kt:79)                      
                                                                           com.jdroids.robotlib.command.SchedulerTest.requires() interrupts commands when it should     (SchedulerTest.kt:87)                      
                                                                                 sun.reflect.NativeMethodAccessorImpl.invoke0                                           (NativeMethodAccessorImpl.java:-2)N        
                                                                                 sun.reflect.NativeMethodAccessorImpl.invoke                                            (NativeMethodAccessorImpl.java:62)         
                                                                             sun.reflect.DelegatingMethodAccessorImpl.invoke                                            (DelegatingMethodAccessorImpl.java:43)     
                                                                                             java.lang.reflect.Method.invoke                                            (Method.java:498)                          
                                                                      org.junit.platform.commons.util.ReflectionUtils.invokeMethod                                      (ReflectionUtils.java:389)                 
                                                                 org.junit.jupiter.engine.execution.ExecutableInvoker.invoke                                            (ExecutableInvoker.java:115)               
                                                         org.junit.jupiter.engine.descriptor.TestMethodTestDescriptor.lambda$invokeTestMethod$6                         (TestMethodTestDescriptor.java:167)        
                                                                org.junit.jupiter.engine.execution.ThrowableCollector.execute                                           (ThrowableCollector.java:40)               
                                                         org.junit.jupiter.engine.descriptor.TestMethodTestDescriptor.invokeTestMethod                                  (TestMethodTestDescriptor.java:163)        
                                                         org.junit.jupiter.engine.descriptor.TestMethodTestDescriptor.execute                                           (TestMethodTestDescriptor.java:110)        
                                                         org.junit.jupiter.engine.descriptor.TestMethodTestDescriptor.execute                                           (TestMethodTestDescriptor.java:57)         
                                              org.junit.platform.engine.support.hierarchical.HierarchicalTestExecutor.lambda$execute$3                                  (HierarchicalTestExecutor.java:83)         
                                                    org.junit.platform.engine.support.hierarchical.SingleTestExecutor.executeSafely                                     (SingleTestExecutor.java:66)               
                                              org.junit.platform.engine.support.hierarchical.HierarchicalTestExecutor.execute                                           (HierarchicalTestExecutor.java:77)         
                                              org.junit.platform.engine.support.hierarchical.HierarchicalTestExecutor.lambda$null$2                                     (HierarchicalTestExecutor.java:92)         
                                                                          java.util.stream.ForEachOps$ForEachOp$OfRef.accept                                            (ForEachOps.java:184)                      
                                                                               java.util.stream.ReferencePipeline$2$1.accept                                            (ReferencePipeline.java:175)               
                                                                                                   java.util.Iterator.forEachRemaining                                  (Iterator.java:116)                        
                                                                           java.util.Spliterators$IteratorSpliterator.forEachRemaining                                  (Spliterators.java:1801)                   
                                                                                    java.util.stream.AbstractPipeline.copyInto                                          (AbstractPipeline.java:481)                
                                                                                    java.util.stream.AbstractPipeline.wrapAndCopyInto                                   (AbstractPipeline.java:471)                
                                                                                java.util.stream.ForEachOps$ForEachOp.evaluateSequential                                (ForEachOps.java:151)                      
                                                                          java.util.stream.ForEachOps$ForEachOp$OfRef.evaluateSequential                                (ForEachOps.java:174)                      
                                                                                    java.util.stream.AbstractPipeline.evaluate                                          (AbstractPipeline.java:234)                
                                                                                   java.util.stream.ReferencePipeline.forEach                                           (ReferencePipeline.java:418)               
                                              org.junit.platform.engine.support.hierarchical.HierarchicalTestExecutor.lambda$execute$3                                  (HierarchicalTestExecutor.java:92)         
                                                    org.junit.platform.engine.support.hierarchical.SingleTestExecutor.executeSafely                                     (SingleTestExecutor.java:66)               
                                              org.junit.platform.engine.support.hierarchical.HierarchicalTestExecutor.execute                                           (HierarchicalTestExecutor.java:77)         
                                              org.junit.platform.engine.support.hierarchical.HierarchicalTestExecutor.lambda$null$2                                     (HierarchicalTestExecutor.java:92)         
                                                                          java.util.stream.ForEachOps$ForEachOp$OfRef.accept                                            (ForEachOps.java:184)                      
                                                                               java.util.stream.ReferencePipeline$2$1.accept                                            (ReferencePipeline.java:175)               
                                                                                                   java.util.Iterator.forEachRemaining                                  (Iterator.java:116)                        
                                                                           java.util.Spliterators$IteratorSpliterator.forEachRemaining                                  (Spliterators.java:1801)                   
                                                                                    java.util.stream.AbstractPipeline.copyInto                                          (AbstractPipeline.java:481)                
                                                                                    java.util.stream.AbstractPipeline.wrapAndCopyInto                                   (AbstractPipeline.java:471)                
                                                                                java.util.stream.ForEachOps$ForEachOp.evaluateSequential                                (ForEachOps.java:151)                      
                                                                          java.util.stream.ForEachOps$ForEachOp$OfRef.evaluateSequential                                (ForEachOps.java:174)                      
                                                                                    java.util.stream.AbstractPipeline.evaluate                                          (AbstractPipeline.java:234)                
                                                                                   java.util.stream.ReferencePipeline.forEach                                           (ReferencePipeline.java:418)               
                                              org.junit.platform.engine.support.hierarchical.HierarchicalTestExecutor.lambda$execute$3                                  (HierarchicalTestExecutor.java:92)         
                                                    org.junit.platform.engine.support.hierarchical.SingleTestExecutor.executeSafely                                     (SingleTestExecutor.java:66)               
                                              org.junit.platform.engine.support.hierarchical.HierarchicalTestExecutor.execute                                           (HierarchicalTestExecutor.java:77)         
                                              org.junit.platform.engine.support.hierarchical.HierarchicalTestExecutor.execute                                           (HierarchicalTestExecutor.java:51)         
                                                org.junit.platform.engine.support.hierarchical.HierarchicalTestEngine.execute                                           (HierarchicalTestEngine.java:43)           
                                                                     org.junit.platform.launcher.core.DefaultLauncher.execute                                           (DefaultLauncher.java:170)                 
                                                                     org.junit.platform.launcher.core.DefaultLauncher.execute                                           (DefaultLauncher.java:154)                 
                                                                     org.junit.platform.launcher.core.DefaultLauncher.execute                                           (DefaultLauncher.java:90)                  
    org.gradle.api.internal.tasks.testing.junitplatform.JUnitPlatformTestClassProcessor$CollectAllTestClassesExecutor.processAllTestClasses                             (JUnitPlatformTestClassProcessor.java:92)  
    org.gradle.api.internal.tasks.testing.junitplatform.JUnitPlatformTestClassProcessor$CollectAllTestClassesExecutor.access$100                                        (JUnitPlatformTestClassProcessor.java:77)  
                                  org.gradle.api.internal.tasks.testing.junitplatform.JUnitPlatformTestClassProcessor.stop                                              (JUnitPlatformTestClassProcessor.java:73)  
                                                        org.gradle.api.internal.tasks.testing.SuiteTestClassProcessor.stop                                              (SuiteTestClassProcessor.java:61)          
                                                                                 sun.reflect.NativeMethodAccessorImpl.invoke0                                           (NativeMethodAccessorImpl.java:-2)N        
                                                                                 sun.reflect.NativeMethodAccessorImpl.invoke                                            (NativeMethodAccessorImpl.java:62)         
                                                                             sun.reflect.DelegatingMethodAccessorImpl.invoke                                            (DelegatingMethodAccessorImpl.java:43)     
                                                                                             java.lang.reflect.Method.invoke                                            (Method.java:498)                          
                                                                      org.gradle.internal.dispatch.ReflectionDispatch.dispatch                                          (ReflectionDispatch.java:35)               
                                                                      org.gradle.internal.dispatch.ReflectionDispatch.dispatch                                          (ReflectionDispatch.java:24)               
                                                              org.gradle.internal.dispatch.ContextClassLoaderDispatch.dispatch                                          (ContextClassLoaderDispatch.java:32)       
                                       org.gradle.internal.dispatch.ProxyDispatchAdapter$DispatchingInvocationHandler.invoke                                            (ProxyDispatchAdapter.java:93)             
                                                                                                com.sun.proxy.$Proxy1.stop                                              (-:-1)                                     
                                                              org.gradle.api.internal.tasks.testing.worker.TestWorker.stop                                              (TestWorker.java:123)                      
                                                                                 sun.reflect.NativeMethodAccessorImpl.invoke0                                           (NativeMethodAccessorImpl.java:-2)N        
                                                                                 sun.reflect.NativeMethodAccessorImpl.invoke                                            (NativeMethodAccessorImpl.java:62)         
                                                                             sun.reflect.DelegatingMethodAccessorImpl.invoke                                            (DelegatingMethodAccessorImpl.java:43)     
                                                                                             java.lang.reflect.Method.invoke                                            (Method.java:498)                          
                                                                      org.gradle.internal.dispatch.ReflectionDispatch.dispatch                                          (ReflectionDispatch.java:35)               
                                                                      org.gradle.internal.dispatch.ReflectionDispatch.dispatch                                          (ReflectionDispatch.java:24)               
                             org.gradle.internal.remote.internal.hub.MessageHubBackedObjectConnection$DispatchWrapper.dispatch                                          (MessageHubBackedObjectConnection.java:155)
                             org.gradle.internal.remote.internal.hub.MessageHubBackedObjectConnection$DispatchWrapper.dispatch                                          (MessageHubBackedObjectConnection.java:137)
                                                           org.gradle.internal.remote.internal.hub.MessageHub$Handler.run                                               (MessageHub.java:404)                      
                                                 org.gradle.internal.concurrent.ExecutorPolicy$CatchAndRecordFailures.onExecute                                         (ExecutorPolicy.java:63)                   
                                                                 org.gradle.internal.concurrent.ManagedExecutorImpl$1.run                                               (ManagedExecutorImpl.java:46)              
                                                                              java.util.concurrent.ThreadPoolExecutor.runWorker                                         (ThreadPoolExecutor.java:1142)             
                                                                       java.util.concurrent.ThreadPoolExecutor$Worker.run                                               (ThreadPoolExecutor.java:617)              
                                               org.gradle.internal.concurrent.ThreadFactoryImpl$ManagedThreadRunnable.run                                               (ThreadFactoryImpl.java:55)                
                                                                                                     java.lang.Thread.run                                               (Thread.java:748)                          

24)                                                                                    io.mockk.impl.InternalPlatform.captureStackTrace                                 (InternalPlatform.kt:123)                  
                                                                                         io.mockk.impl.stub.MockKStub.handleInvocation                                  (MockKStub.kt:206)                         
                                                       io.mockk.impl.instantiation.JvmMockFactoryHelper$mockHandler$1.invocation                                        (JvmMockFactoryHelper.kt:23)               
                                                                                io.mockk.proxy.jvm.advice.Interceptor.call                                              (Interceptor.kt:20)                        
                                                                                 io.mockk.proxy.jvm.advice.BaseAdvice.handle                                            (BaseAdvice.kt:42)                         
                                                               io.mockk.proxy.jvm.advice.jvm.JvmMockKProxyInterceptor.intercept                                         (JvmMockKProxyInterceptor.java:31)         
                                                                             com.jdroids.robotlib.command.Command(BB).hashCode                                          (-:-1)                                     
                                                                                                    java.util.HashMap.hash                                              (HashMap.java:338)                         
                                                                                                    java.util.HashMap.get                                               (HashMap.java:556)                         
                                                                com.jdroids.robotlib.command.SchedulerImpl$requires$2.invoke                                            (SchedulerImpl.kt:80)                      
                                                                com.jdroids.robotlib.command.SchedulerImpl$requires$2.invoke                                            (SchedulerImpl.kt:8)                       
                                                               kotlin.collections.CollectionsKt__MutableCollectionsKt.filterInPlace$CollectionsKt__MutableCollectionsKt (MutableCollections.kt:164)                
                                                               kotlin.collections.CollectionsKt__MutableCollectionsKt.removeAll                                         (MutableCollections.kt:153)                
                                                                           com.jdroids.robotlib.command.SchedulerImpl.requires                                          (SchedulerImpl.kt:79)                      
                                                                           com.jdroids.robotlib.command.SchedulerTest.requires() interrupts commands when it should     (SchedulerTest.kt:87)                      
                                                                                 sun.reflect.NativeMethodAccessorImpl.invoke0                                           (NativeMethodAccessorImpl.java:-2)N        
                                                                                 sun.reflect.NativeMethodAccessorImpl.invoke                                            (NativeMethodAccessorImpl.java:62)         
                                                                             sun.reflect.DelegatingMethodAccessorImpl.invoke                                            (DelegatingMethodAccessorImpl.java:43)     
                                                                                             java.lang.reflect.Method.invoke                                            (Method.java:498)                          
                                                                      org.junit.platform.commons.util.ReflectionUtils.invokeMethod                                      (ReflectionUtils.java:389)                 
                                                                 org.junit.jupiter.engine.execution.ExecutableInvoker.invoke                                            (ExecutableInvoker.java:115)               
                                                         org.junit.jupiter.engine.descriptor.TestMethodTestDescriptor.lambda$invokeTestMethod$6                         (TestMethodTestDescriptor.java:167)        
                                                                org.junit.jupiter.engine.execution.ThrowableCollector.execute                                           (ThrowableCollector.java:40)               
                                                         org.junit.jupiter.engine.descriptor.TestMethodTestDescriptor.invokeTestMethod                                  (TestMethodTestDescriptor.java:163)        
                                                         org.junit.jupiter.engine.descriptor.TestMethodTestDescriptor.execute                                           (TestMethodTestDescriptor.java:110)        
                                                         org.junit.jupiter.engine.descriptor.TestMethodTestDescriptor.execute                                           (TestMethodTestDescriptor.java:57)         
                                              org.junit.platform.engine.support.hierarchical.HierarchicalTestExecutor.lambda$execute$3                                  (HierarchicalTestExecutor.java:83)         
                                                    org.junit.platform.engine.support.hierarchical.SingleTestExecutor.executeSafely                                     (SingleTestExecutor.java:66)               
                                              org.junit.platform.engine.support.hierarchical.HierarchicalTestExecutor.execute                                           (HierarchicalTestExecutor.java:77)         
                                              org.junit.platform.engine.support.hierarchical.HierarchicalTestExecutor.lambda$null$2                                     (HierarchicalTestExecutor.java:92)         
                                                                          java.util.stream.ForEachOps$ForEachOp$OfRef.accept                                            (ForEachOps.java:184)                      
                                                                               java.util.stream.ReferencePipeline$2$1.accept                                            (ReferencePipeline.java:175)               
                                                                                                   java.util.Iterator.forEachRemaining                                  (Iterator.java:116)                        
                                                                           java.util.Spliterators$IteratorSpliterator.forEachRemaining                                  (Spliterators.java:1801)                   
                                                                                    java.util.stream.AbstractPipeline.copyInto                                          (AbstractPipeline.java:481)                
                                                                                    java.util.stream.AbstractPipeline.wrapAndCopyInto                                   (AbstractPipeline.java:471)                
                                                                                java.util.stream.ForEachOps$ForEachOp.evaluateSequential                                (ForEachOps.java:151)                      
                                                                          java.util.stream.ForEachOps$ForEachOp$OfRef.evaluateSequential                                (ForEachOps.java:174)                      
                                                                                    java.util.stream.AbstractPipeline.evaluate                                          (AbstractPipeline.java:234)                
                                                                                   java.util.stream.ReferencePipeline.forEach                                           (ReferencePipeline.java:418)               
                                              org.junit.platform.engine.support.hierarchical.HierarchicalTestExecutor.lambda$execute$3                                  (HierarchicalTestExecutor.java:92)         
                                                    org.junit.platform.engine.support.hierarchical.SingleTestExecutor.executeSafely                                     (SingleTestExecutor.java:66)               
                                              org.junit.platform.engine.support.hierarchical.HierarchicalTestExecutor.execute                                           (HierarchicalTestExecutor.java:77)         
                                              org.junit.platform.engine.support.hierarchical.HierarchicalTestExecutor.lambda$null$2                                     (HierarchicalTestExecutor.java:92)         
                                                                          java.util.stream.ForEachOps$ForEachOp$OfRef.accept                                            (ForEachOps.java:184)                      
                                                                               java.util.stream.ReferencePipeline$2$1.accept                                            (ReferencePipeline.java:175)               
                                                                                                   java.util.Iterator.forEachRemaining                                  (Iterator.java:116)                        
                                                                           java.util.Spliterators$IteratorSpliterator.forEachRemaining                                  (Spliterators.java:1801)                   
                                                                                    java.util.stream.AbstractPipeline.copyInto                                          (AbstractPipeline.java:481)                
                                                                                    java.util.stream.AbstractPipeline.wrapAndCopyInto                                   (AbstractPipeline.java:471)                
                                                                                java.util.stream.ForEachOps$ForEachOp.evaluateSequential                                (ForEachOps.java:151)                      
                                                                          java.util.stream.ForEachOps$ForEachOp$OfRef.evaluateSequential                                (ForEachOps.java:174)                      
                                                                                    java.util.stream.AbstractPipeline.evaluate                                          (AbstractPipeline.java:234)                
                                                                                   java.util.stream.ReferencePipeline.forEach                                           (ReferencePipeline.java:418)               
                                              org.junit.platform.engine.support.hierarchical.HierarchicalTestExecutor.lambda$execute$3                                  (HierarchicalTestExecutor.java:92)         
                                                    org.junit.platform.engine.support.hierarchical.SingleTestExecutor.executeSafely                                     (SingleTestExecutor.java:66)               
                                              org.junit.platform.engine.support.hierarchical.HierarchicalTestExecutor.execute                                           (HierarchicalTestExecutor.java:77)         
                                              org.junit.platform.engine.support.hierarchical.HierarchicalTestExecutor.execute                                           (HierarchicalTestExecutor.java:51)         
                                                org.junit.platform.engine.support.hierarchical.HierarchicalTestEngine.execute                                           (HierarchicalTestEngine.java:43)           
                                                                     org.junit.platform.launcher.core.DefaultLauncher.execute                                           (DefaultLauncher.java:170)                 
                                                                     org.junit.platform.launcher.core.DefaultLauncher.execute                                           (DefaultLauncher.java:154)                 
                                                                     org.junit.platform.launcher.core.DefaultLauncher.execute                                           (DefaultLauncher.java:90)                  
    org.gradle.api.internal.tasks.testing.junitplatform.JUnitPlatformTestClassProcessor$CollectAllTestClassesExecutor.processAllTestClasses                             (JUnitPlatformTestClassProcessor.java:92)  
    org.gradle.api.internal.tasks.testing.junitplatform.JUnitPlatformTestClassProcessor$CollectAllTestClassesExecutor.access$100                                        (JUnitPlatformTestClassProcessor.java:77)  
                                  org.gradle.api.internal.tasks.testing.junitplatform.JUnitPlatformTestClassProcessor.stop                                              (JUnitPlatformTestClassProcessor.java:73)  
                                                        org.gradle.api.internal.tasks.testing.SuiteTestClassProcessor.stop                                              (SuiteTestClassProcessor.java:61)          
                                                                                 sun.reflect.NativeMethodAccessorImpl.invoke0                                           (NativeMethodAccessorImpl.java:-2)N        
                                                                                 sun.reflect.NativeMethodAccessorImpl.invoke                                            (NativeMethodAccessorImpl.java:62)         
                                                                             sun.reflect.DelegatingMethodAccessorImpl.invoke                                            (DelegatingMethodAccessorImpl.java:43)     
                                                                                             java.lang.reflect.Method.invoke                                            (Method.java:498)                          
                                                                      org.gradle.internal.dispatch.ReflectionDispatch.dispatch                                          (ReflectionDispatch.java:35)               
                                                                      org.gradle.internal.dispatch.ReflectionDispatch.dispatch                                          (ReflectionDispatch.java:24)               
                                                              org.gradle.internal.dispatch.ContextClassLoaderDispatch.dispatch                                          (ContextClassLoaderDispatch.java:32)       
                                       org.gradle.internal.dispatch.ProxyDispatchAdapter$DispatchingInvocationHandler.invoke                                            (ProxyDispatchAdapter.java:93)             
                                                                                                com.sun.proxy.$Proxy1.stop                                              (-:-1)                                     
                                                              org.gradle.api.internal.tasks.testing.worker.TestWorker.stop                                              (TestWorker.java:123)                      
                                                                                 sun.reflect.NativeMethodAccessorImpl.invoke0                                           (NativeMethodAccessorImpl.java:-2)N        
                                                                                 sun.reflect.NativeMethodAccessorImpl.invoke                                            (NativeMethodAccessorImpl.java:62)         
                                                                             sun.reflect.DelegatingMethodAccessorImpl.invoke                                            (DelegatingMethodAccessorImpl.java:43)     
                                                                                             java.lang.reflect.Method.invoke                                            (Method.java:498)                          
                                                                      org.gradle.internal.dispatch.ReflectionDispatch.dispatch                                          (ReflectionDispatch.java:35)               
                                                                      org.gradle.internal.dispatch.ReflectionDispatch.dispatch                                          (ReflectionDispatch.java:24)               
                             org.gradle.internal.remote.internal.hub.MessageHubBackedObjectConnection$DispatchWrapper.dispatch                                          (MessageHubBackedObjectConnection.java:155)
                             org.gradle.internal.remote.internal.hub.MessageHubBackedObjectConnection$DispatchWrapper.dispatch                                          (MessageHubBackedObjectConnection.java:137)
                                                           org.gradle.internal.remote.internal.hub.MessageHub$Handler.run                                               (MessageHub.java:404)                      
                                                 org.gradle.internal.concurrent.ExecutorPolicy$CatchAndRecordFailures.onExecute                                         (ExecutorPolicy.java:63)                   
                                                                 org.gradle.internal.concurrent.ManagedExecutorImpl$1.run                                               (ManagedExecutorImpl.java:46)              
                                                                              java.util.concurrent.ThreadPoolExecutor.runWorker                                         (ThreadPoolExecutor.java:1142)             
                                                                       java.util.concurrent.ThreadPoolExecutor$Worker.run                                               (ThreadPoolExecutor.java:617)              
                                               org.gradle.internal.concurrent.ThreadFactoryImpl$ManagedThreadRunnable.run                                               (ThreadFactoryImpl.java:55)                
                                                                                                     java.lang.Thread.run                                               (Thread.java:748)                          

25)                                                                                    io.mockk.impl.InternalPlatform.captureStackTrace                             (InternalPlatform.kt:123)                  
                                                                                         io.mockk.impl.stub.MockKStub.handleInvocation                              (MockKStub.kt:206)                         
                                                       io.mockk.impl.instantiation.JvmMockFactoryHelper$mockHandler$1.invocation                                    (JvmMockFactoryHelper.kt:23)               
                                                                                io.mockk.proxy.jvm.advice.Interceptor.call                                          (Interceptor.kt:20)                        
                                                                                 io.mockk.proxy.jvm.advice.BaseAdvice.handle                                        (BaseAdvice.kt:42)                         
                                                               io.mockk.proxy.jvm.advice.jvm.JvmMockKProxyInterceptor.interceptNoSuper                              (JvmMockKProxyInterceptor.java:45)         
                                                                             com.jdroids.robotlib.command.Command(BB).isCompleted                                   (-:-1)                                     
                                                                           com.jdroids.robotlib.command.SchedulerImpl.periodic                                      (SchedulerImpl.kt:41)                      
                                                                           com.jdroids.robotlib.command.SchedulerTest.requires() interrupts commands when it should (SchedulerTest.kt:91)                      
                                                                                 sun.reflect.NativeMethodAccessorImpl.invoke0                                       (NativeMethodAccessorImpl.java:-2)N        
                                                                                 sun.reflect.NativeMethodAccessorImpl.invoke                                        (NativeMethodAccessorImpl.java:62)         
                                                                             sun.reflect.DelegatingMethodAccessorImpl.invoke                                        (DelegatingMethodAccessorImpl.java:43)     
                                                                                             java.lang.reflect.Method.invoke                                        (Method.java:498)                          
                                                                      org.junit.platform.commons.util.ReflectionUtils.invokeMethod                                  (ReflectionUtils.java:389)                 
                                                                 org.junit.jupiter.engine.execution.ExecutableInvoker.invoke                                        (ExecutableInvoker.java:115)               
                                                         org.junit.jupiter.engine.descriptor.TestMethodTestDescriptor.lambda$invokeTestMethod$6                     (TestMethodTestDescriptor.java:167)        
                                                                org.junit.jupiter.engine.execution.ThrowableCollector.execute                                       (ThrowableCollector.java:40)               
                                                         org.junit.jupiter.engine.descriptor.TestMethodTestDescriptor.invokeTestMethod                              (TestMethodTestDescriptor.java:163)        
                                                         org.junit.jupiter.engine.descriptor.TestMethodTestDescriptor.execute                                       (TestMethodTestDescriptor.java:110)        
                                                         org.junit.jupiter.engine.descriptor.TestMethodTestDescriptor.execute                                       (TestMethodTestDescriptor.java:57)         
                                              org.junit.platform.engine.support.hierarchical.HierarchicalTestExecutor.lambda$execute$3                              (HierarchicalTestExecutor.java:83)         
                                                    org.junit.platform.engine.support.hierarchical.SingleTestExecutor.executeSafely                                 (SingleTestExecutor.java:66)               
                                              org.junit.platform.engine.support.hierarchical.HierarchicalTestExecutor.execute                                       (HierarchicalTestExecutor.java:77)         
                                              org.junit.platform.engine.support.hierarchical.HierarchicalTestExecutor.lambda$null$2                                 (HierarchicalTestExecutor.java:92)         
                                                                          java.util.stream.ForEachOps$ForEachOp$OfRef.accept                                        (ForEachOps.java:184)                      
                                                                               java.util.stream.ReferencePipeline$2$1.accept                                        (ReferencePipeline.java:175)               
                                                                                                   java.util.Iterator.forEachRemaining                              (Iterator.java:116)                        
                                                                           java.util.Spliterators$IteratorSpliterator.forEachRemaining                              (Spliterators.java:1801)                   
                                                                                    java.util.stream.AbstractPipeline.copyInto                                      (AbstractPipeline.java:481)                
                                                                                    java.util.stream.AbstractPipeline.wrapAndCopyInto                               (AbstractPipeline.java:471)                
                                                                                java.util.stream.ForEachOps$ForEachOp.evaluateSequential                            (ForEachOps.java:151)                      
                                                                          java.util.stream.ForEachOps$ForEachOp$OfRef.evaluateSequential                            (ForEachOps.java:174)                      
                                                                                    java.util.stream.AbstractPipeline.evaluate                                      (AbstractPipeline.java:234)                
                                                                                   java.util.stream.ReferencePipeline.forEach                                       (ReferencePipeline.java:418)               
                                              org.junit.platform.engine.support.hierarchical.HierarchicalTestExecutor.lambda$execute$3                              (HierarchicalTestExecutor.java:92)         
                                                    org.junit.platform.engine.support.hierarchical.SingleTestExecutor.executeSafely                                 (SingleTestExecutor.java:66)               
                                              org.junit.platform.engine.support.hierarchical.HierarchicalTestExecutor.execute                                       (HierarchicalTestExecutor.java:77)         
                                              org.junit.platform.engine.support.hierarchical.HierarchicalTestExecutor.lambda$null$2                                 (HierarchicalTestExecutor.java:92)         
                                                                          java.util.stream.ForEachOps$ForEachOp$OfRef.accept                                        (ForEachOps.java:184)                      
                                                                               java.util.stream.ReferencePipeline$2$1.accept                                        (ReferencePipeline.java:175)               
                                                                                                   java.util.Iterator.forEachRemaining                              (Iterator.java:116)                        
                                                                           java.util.Spliterators$IteratorSpliterator.forEachRemaining                              (Spliterators.java:1801)                   
                                                                                    java.util.stream.AbstractPipeline.copyInto                                      (AbstractPipeline.java:481)                
                                                                                    java.util.stream.AbstractPipeline.wrapAndCopyInto                               (AbstractPipeline.java:471)                
                                                                                java.util.stream.ForEachOps$ForEachOp.evaluateSequential                            (ForEachOps.java:151)                      
                                                                          java.util.stream.ForEachOps$ForEachOp$OfRef.evaluateSequential                            (ForEachOps.java:174)                      
                                                                                    java.util.stream.AbstractPipeline.evaluate                                      (AbstractPipeline.java:234)                
                                                                                   java.util.stream.ReferencePipeline.forEach                                       (ReferencePipeline.java:418)               
                                              org.junit.platform.engine.support.hierarchical.HierarchicalTestExecutor.lambda$execute$3                              (HierarchicalTestExecutor.java:92)         
                                                    org.junit.platform.engine.support.hierarchical.SingleTestExecutor.executeSafely                                 (SingleTestExecutor.java:66)               
                                              org.junit.platform.engine.support.hierarchical.HierarchicalTestExecutor.execute                                       (HierarchicalTestExecutor.java:77)         
                                              org.junit.platform.engine.support.hierarchical.HierarchicalTestExecutor.execute                                       (HierarchicalTestExecutor.java:51)         
                                                org.junit.platform.engine.support.hierarchical.HierarchicalTestEngine.execute                                       (HierarchicalTestEngine.java:43)           
                                                                     org.junit.platform.launcher.core.DefaultLauncher.execute                                       (DefaultLauncher.java:170)                 
                                                                     org.junit.platform.launcher.core.DefaultLauncher.execute                                       (DefaultLauncher.java:154)                 
                                                                     org.junit.platform.launcher.core.DefaultLauncher.execute                                       (DefaultLauncher.java:90)                  
    org.gradle.api.internal.tasks.testing.junitplatform.JUnitPlatformTestClassProcessor$CollectAllTestClassesExecutor.processAllTestClasses                         (JUnitPlatformTestClassProcessor.java:92)  
    org.gradle.api.internal.tasks.testing.junitplatform.JUnitPlatformTestClassProcessor$CollectAllTestClassesExecutor.access$100                                    (JUnitPlatformTestClassProcessor.java:77)  
                                  org.gradle.api.internal.tasks.testing.junitplatform.JUnitPlatformTestClassProcessor.stop                                          (JUnitPlatformTestClassProcessor.java:73)  
                                                        org.gradle.api.internal.tasks.testing.SuiteTestClassProcessor.stop                                          (SuiteTestClassProcessor.java:61)          
                                                                                 sun.reflect.NativeMethodAccessorImpl.invoke0                                       (NativeMethodAccessorImpl.java:-2)N        
                                                                                 sun.reflect.NativeMethodAccessorImpl.invoke                                        (NativeMethodAccessorImpl.java:62)         
                                                                             sun.reflect.DelegatingMethodAccessorImpl.invoke                                        (DelegatingMethodAccessorImpl.java:43)     
                                                                                             java.lang.reflect.Method.invoke                                        (Method.java:498)                          
                                                                      org.gradle.internal.dispatch.ReflectionDispatch.dispatch                                      (ReflectionDispatch.java:35)               
                                                                      org.gradle.internal.dispatch.ReflectionDispatch.dispatch                                      (ReflectionDispatch.java:24)               
                                                              org.gradle.internal.dispatch.ContextClassLoaderDispatch.dispatch                                      (ContextClassLoaderDispatch.java:32)       
                                       org.gradle.internal.dispatch.ProxyDispatchAdapter$DispatchingInvocationHandler.invoke                                        (ProxyDispatchAdapter.java:93)             
                                                                                                com.sun.proxy.$Proxy1.stop                                          (-:-1)                                     
                                                              org.gradle.api.internal.tasks.testing.worker.TestWorker.stop                                          (TestWorker.java:123)                      
                                                                                 sun.reflect.NativeMethodAccessorImpl.invoke0                                       (NativeMethodAccessorImpl.java:-2)N        
                                                                                 sun.reflect.NativeMethodAccessorImpl.invoke                                        (NativeMethodAccessorImpl.java:62)         
                                                                             sun.reflect.DelegatingMethodAccessorImpl.invoke                                        (DelegatingMethodAccessorImpl.java:43)     
                                                                                             java.lang.reflect.Method.invoke                                        (Method.java:498)                          
                                                                      org.gradle.internal.dispatch.ReflectionDispatch.dispatch                                      (ReflectionDispatch.java:35)               
                                                                      org.gradle.internal.dispatch.ReflectionDispatch.dispatch                                      (ReflectionDispatch.java:24)               
                             org.gradle.internal.remote.internal.hub.MessageHubBackedObjectConnection$DispatchWrapper.dispatch                                      (MessageHubBackedObjectConnection.java:155)
                             org.gradle.internal.remote.internal.hub.MessageHubBackedObjectConnection$DispatchWrapper.dispatch                                      (MessageHubBackedObjectConnection.java:137)
                                                           org.gradle.internal.remote.internal.hub.MessageHub$Handler.run                                           (MessageHub.java:404)                      
                                                 org.gradle.internal.concurrent.ExecutorPolicy$CatchAndRecordFailures.onExecute                                     (ExecutorPolicy.java:63)                   
                                                                 org.gradle.internal.concurrent.ManagedExecutorImpl$1.run                                           (ManagedExecutorImpl.java:46)              
                                                                              java.util.concurrent.ThreadPoolExecutor.runWorker                                     (ThreadPoolExecutor.java:1142)             
                                                                       java.util.concurrent.ThreadPoolExecutor$Worker.run                                           (ThreadPoolExecutor.java:617)              
                                               org.gradle.internal.concurrent.ThreadFactoryImpl$ManagedThreadRunnable.run                                           (ThreadFactoryImpl.java:55)                
                                                                                                     java.lang.Thread.run                                           (Thread.java:748)                          

26)                                                                                    io.mockk.impl.InternalPlatform.captureStackTrace                             (InternalPlatform.kt:123)                  
                                                                                         io.mockk.impl.stub.MockKStub.handleInvocation                              (MockKStub.kt:206)                         
                                                       io.mockk.impl.instantiation.JvmMockFactoryHelper$mockHandler$1.invocation                                    (JvmMockFactoryHelper.kt:23)               
                                                                                io.mockk.proxy.jvm.advice.Interceptor.call                                          (Interceptor.kt:20)                        
                                                                                 io.mockk.proxy.jvm.advice.BaseAdvice.handle                                        (BaseAdvice.kt:42)                         
                                                               io.mockk.proxy.jvm.advice.jvm.JvmMockKProxyInterceptor.interceptNoSuper                              (JvmMockKProxyInterceptor.java:45)         
                                                                             com.jdroids.robotlib.command.Command(BB).periodic                                      (-:-1)                                     
                                                                           com.jdroids.robotlib.command.SchedulerImpl.periodic                                      (SchedulerImpl.kt:46)                      
                                                                           com.jdroids.robotlib.command.SchedulerTest.requires() interrupts commands when it should (SchedulerTest.kt:91)                      
                                                                                 sun.reflect.NativeMethodAccessorImpl.invoke0                                       (NativeMethodAccessorImpl.java:-2)N        
                                                                                 sun.reflect.NativeMethodAccessorImpl.invoke                                        (NativeMethodAccessorImpl.java:62)         
                                                                             sun.reflect.DelegatingMethodAccessorImpl.invoke                                        (DelegatingMethodAccessorImpl.java:43)     
                                                                                             java.lang.reflect.Method.invoke                                        (Method.java:498)                          
                                                                      org.junit.platform.commons.util.ReflectionUtils.invokeMethod                                  (ReflectionUtils.java:389)                 
                                                                 org.junit.jupiter.engine.execution.ExecutableInvoker.invoke                                        (ExecutableInvoker.java:115)               
                                                         org.junit.jupiter.engine.descriptor.TestMethodTestDescriptor.lambda$invokeTestMethod$6                     (TestMethodTestDescriptor.java:167)        
                                                                org.junit.jupiter.engine.execution.ThrowableCollector.execute                                       (ThrowableCollector.java:40)               
                                                         org.junit.jupiter.engine.descriptor.TestMethodTestDescriptor.invokeTestMethod                              (TestMethodTestDescriptor.java:163)        
                                                         org.junit.jupiter.engine.descriptor.TestMethodTestDescriptor.execute                                       (TestMethodTestDescriptor.java:110)        
                                                         org.junit.jupiter.engine.descriptor.TestMethodTestDescriptor.execute                                       (TestMethodTestDescriptor.java:57)         
                                              org.junit.platform.engine.support.hierarchical.HierarchicalTestExecutor.lambda$execute$3                              (HierarchicalTestExecutor.java:83)         
                                                    org.junit.platform.engine.support.hierarchical.SingleTestExecutor.executeSafely                                 (SingleTestExecutor.java:66)               
                                              org.junit.platform.engine.support.hierarchical.HierarchicalTestExecutor.execute                                       (HierarchicalTestExecutor.java:77)         
                                              org.junit.platform.engine.support.hierarchical.HierarchicalTestExecutor.lambda$null$2                                 (HierarchicalTestExecutor.java:92)         
                                                                          java.util.stream.ForEachOps$ForEachOp$OfRef.accept                                        (ForEachOps.java:184)                      
                                                                               java.util.stream.ReferencePipeline$2$1.accept                                        (ReferencePipeline.java:175)               
                                                                                                   java.util.Iterator.forEachRemaining                              (Iterator.java:116)                        
                                                                           java.util.Spliterators$IteratorSpliterator.forEachRemaining                              (Spliterators.java:1801)                   
                                                                                    java.util.stream.AbstractPipeline.copyInto                                      (AbstractPipeline.java:481)                
                                                                                    java.util.stream.AbstractPipeline.wrapAndCopyInto                               (AbstractPipeline.java:471)                
                                                                                java.util.stream.ForEachOps$ForEachOp.evaluateSequential                            (ForEachOps.java:151)                      
                                                                          java.util.stream.ForEachOps$ForEachOp$OfRef.evaluateSequential                            (ForEachOps.java:174)                      
                                                                                    java.util.stream.AbstractPipeline.evaluate                                      (AbstractPipeline.java:234)                
                                                                                   java.util.stream.ReferencePipeline.forEach                                       (ReferencePipeline.java:418)               
                                              org.junit.platform.engine.support.hierarchical.HierarchicalTestExecutor.lambda$execute$3                              (HierarchicalTestExecutor.java:92)         
                                                    org.junit.platform.engine.support.hierarchical.SingleTestExecutor.executeSafely                                 (SingleTestExecutor.java:66)               
                                              org.junit.platform.engine.support.hierarchical.HierarchicalTestExecutor.execute                                       (HierarchicalTestExecutor.java:77)         
                                              org.junit.platform.engine.support.hierarchical.HierarchicalTestExecutor.lambda$null$2                                 (HierarchicalTestExecutor.java:92)         
                                                                          java.util.stream.ForEachOps$ForEachOp$OfRef.accept                                        (ForEachOps.java:184)                      
                                                                               java.util.stream.ReferencePipeline$2$1.accept                                        (ReferencePipeline.java:175)               
                                                                                                   java.util.Iterator.forEachRemaining                              (Iterator.java:116)                        
                                                                           java.util.Spliterators$IteratorSpliterator.forEachRemaining                              (Spliterators.java:1801)                   
                                                                                    java.util.stream.AbstractPipeline.copyInto                                      (AbstractPipeline.java:481)                
                                                                                    java.util.stream.AbstractPipeline.wrapAndCopyInto                               (AbstractPipeline.java:471)                
                                                                                java.util.stream.ForEachOps$ForEachOp.evaluateSequential                            (ForEachOps.java:151)                      
                                                                          java.util.stream.ForEachOps$ForEachOp$OfRef.evaluateSequential                            (ForEachOps.java:174)                      
                                                                                    java.util.stream.AbstractPipeline.evaluate                                      (AbstractPipeline.java:234)                
                                                                                   java.util.stream.ReferencePipeline.forEach                                       (ReferencePipeline.java:418)               
                                              org.junit.platform.engine.support.hierarchical.HierarchicalTestExecutor.lambda$execute$3                              (HierarchicalTestExecutor.java:92)         
                                                    org.junit.platform.engine.support.hierarchical.SingleTestExecutor.executeSafely                                 (SingleTestExecutor.java:66)               
                                              org.junit.platform.engine.support.hierarchical.HierarchicalTestExecutor.execute                                       (HierarchicalTestExecutor.java:77)         
                                              org.junit.platform.engine.support.hierarchical.HierarchicalTestExecutor.execute                                       (HierarchicalTestExecutor.java:51)         
                                                org.junit.platform.engine.support.hierarchical.HierarchicalTestEngine.execute                                       (HierarchicalTestEngine.java:43)           
                                                                     org.junit.platform.launcher.core.DefaultLauncher.execute                                       (DefaultLauncher.java:170)                 
                                                                     org.junit.platform.launcher.core.DefaultLauncher.execute                                       (DefaultLauncher.java:154)                 
                                                                     org.junit.platform.launcher.core.DefaultLauncher.execute                                       (DefaultLauncher.java:90)                  
    org.gradle.api.internal.tasks.testing.junitplatform.JUnitPlatformTestClassProcessor$CollectAllTestClassesExecutor.processAllTestClasses                         (JUnitPlatformTestClassProcessor.java:92)  
    org.gradle.api.internal.tasks.testing.junitplatform.JUnitPlatformTestClassProcessor$CollectAllTestClassesExecutor.access$100                                    (JUnitPlatformTestClassProcessor.java:77)  
                                  org.gradle.api.internal.tasks.testing.junitplatform.JUnitPlatformTestClassProcessor.stop                                          (JUnitPlatformTestClassProcessor.java:73)  
                                                        org.gradle.api.internal.tasks.testing.SuiteTestClassProcessor.stop                                          (SuiteTestClassProcessor.java:61)          
                                                                                 sun.reflect.NativeMethodAccessorImpl.invoke0                                       (NativeMethodAccessorImpl.java:-2)N        
                                                                                 sun.reflect.NativeMethodAccessorImpl.invoke                                        (NativeMethodAccessorImpl.java:62)         
                                                                             sun.reflect.DelegatingMethodAccessorImpl.invoke                                        (DelegatingMethodAccessorImpl.java:43)     
                                                                                             java.lang.reflect.Method.invoke                                        (Method.java:498)                          
                                                                      org.gradle.internal.dispatch.ReflectionDispatch.dispatch                                      (ReflectionDispatch.java:35)               
                                                                      org.gradle.internal.dispatch.ReflectionDispatch.dispatch                                      (ReflectionDispatch.java:24)               
                                                              org.gradle.internal.dispatch.ContextClassLoaderDispatch.dispatch                                      (ContextClassLoaderDispatch.java:32)       
                                       org.gradle.internal.dispatch.ProxyDispatchAdapter$DispatchingInvocationHandler.invoke                                        (ProxyDispatchAdapter.java:93)             
                                                                                                com.sun.proxy.$Proxy1.stop                                          (-:-1)                                     
                                                              org.gradle.api.internal.tasks.testing.worker.TestWorker.stop                                          (TestWorker.java:123)                      
                                                                                 sun.reflect.NativeMethodAccessorImpl.invoke0                                       (NativeMethodAccessorImpl.java:-2)N        
                                                                                 sun.reflect.NativeMethodAccessorImpl.invoke                                        (NativeMethodAccessorImpl.java:62)         
                                                                             sun.reflect.DelegatingMethodAccessorImpl.invoke                                        (DelegatingMethodAccessorImpl.java:43)     
                                                                                             java.lang.reflect.Method.invoke                                        (Method.java:498)                          
                                                                      org.gradle.internal.dispatch.ReflectionDispatch.dispatch                                      (ReflectionDispatch.java:35)               
                                                                      org.gradle.internal.dispatch.ReflectionDispatch.dispatch                                      (ReflectionDispatch.java:24)               
                             org.gradle.internal.remote.internal.hub.MessageHubBackedObjectConnection$DispatchWrapper.dispatch                                      (MessageHubBackedObjectConnection.java:155)
                             org.gradle.internal.remote.internal.hub.MessageHubBackedObjectConnection$DispatchWrapper.dispatch                                      (MessageHubBackedObjectConnection.java:137)
                                                           org.gradle.internal.remote.internal.hub.MessageHub$Handler.run                                           (MessageHub.java:404)                      
                                                 org.gradle.internal.concurrent.ExecutorPolicy$CatchAndRecordFailures.onExecute                                     (ExecutorPolicy.java:63)                   
                                                                 org.gradle.internal.concurrent.ManagedExecutorImpl$1.run                                           (ManagedExecutorImpl.java:46)              
                                                                              java.util.concurrent.ThreadPoolExecutor.runWorker                                     (ThreadPoolExecutor.java:1142)             
                                                                       java.util.concurrent.ThreadPoolExecutor$Worker.run                                           (ThreadPoolExecutor.java:617)              
                                               org.gradle.internal.concurrent.ThreadFactoryImpl$ManagedThreadRunnable.run                                           (ThreadFactoryImpl.java:55)                
                                                                                                     java.lang.Thread.run                                           (Thread.java:748)                          

27)                                                                                    io.mockk.impl.InternalPlatform.captureStackTrace                                 (InternalPlatform.kt:123)                  
                                                                                         io.mockk.impl.stub.MockKStub.handleInvocation                                  (MockKStub.kt:206)                         
                                                       io.mockk.impl.instantiation.JvmMockFactoryHelper$mockHandler$1.invocation                                        (JvmMockFactoryHelper.kt:23)               
                                                                                io.mockk.proxy.jvm.advice.Interceptor.call                                              (Interceptor.kt:20)                        
                                                                                 io.mockk.proxy.jvm.advice.BaseAdvice.handle                                            (BaseAdvice.kt:42)                         
                                                               io.mockk.proxy.jvm.advice.jvm.JvmMockKProxyInterceptor.interceptNoSuper                                  (JvmMockKProxyInterceptor.java:45)         
                                                                             com.jdroids.robotlib.command.Command(BB).isCompleted                                       (-:-1)                                     
                                                                com.jdroids.robotlib.command.SchedulerImpl$periodic$2.invoke                                            (SchedulerImpl.kt:50)                      
                                                                com.jdroids.robotlib.command.SchedulerImpl$periodic$2.invoke                                            (SchedulerImpl.kt:8)                       
                                                               kotlin.collections.CollectionsKt__MutableCollectionsKt.filterInPlace$CollectionsKt__MutableCollectionsKt (MutableCollections.kt:164)                
                                                               kotlin.collections.CollectionsKt__MutableCollectionsKt.removeAll                                         (MutableCollections.kt:153)                
                                                                           com.jdroids.robotlib.command.SchedulerImpl.periodic                                          (SchedulerImpl.kt:50)                      
                                                                           com.jdroids.robotlib.command.SchedulerTest.requires() interrupts commands when it should     (SchedulerTest.kt:91)                      
                                                                                 sun.reflect.NativeMethodAccessorImpl.invoke0                                           (NativeMethodAccessorImpl.java:-2)N        
                                                                                 sun.reflect.NativeMethodAccessorImpl.invoke                                            (NativeMethodAccessorImpl.java:62)         
                                                                             sun.reflect.DelegatingMethodAccessorImpl.invoke                                            (DelegatingMethodAccessorImpl.java:43)     
                                                                                             java.lang.reflect.Method.invoke                                            (Method.java:498)                          
                                                                      org.junit.platform.commons.util.ReflectionUtils.invokeMethod                                      (ReflectionUtils.java:389)                 
                                                                 org.junit.jupiter.engine.execution.ExecutableInvoker.invoke                                            (ExecutableInvoker.java:115)               
                                                         org.junit.jupiter.engine.descriptor.TestMethodTestDescriptor.lambda$invokeTestMethod$6                         (TestMethodTestDescriptor.java:167)        
                                                                org.junit.jupiter.engine.execution.ThrowableCollector.execute                                           (ThrowableCollector.java:40)               
                                                         org.junit.jupiter.engine.descriptor.TestMethodTestDescriptor.invokeTestMethod                                  (TestMethodTestDescriptor.java:163)        
                                                         org.junit.jupiter.engine.descriptor.TestMethodTestDescriptor.execute                                           (TestMethodTestDescriptor.java:110)        
                                                         org.junit.jupiter.engine.descriptor.TestMethodTestDescriptor.execute                                           (TestMethodTestDescriptor.java:57)         
                                              org.junit.platform.engine.support.hierarchical.HierarchicalTestExecutor.lambda$execute$3                                  (HierarchicalTestExecutor.java:83)         
                                                    org.junit.platform.engine.support.hierarchical.SingleTestExecutor.executeSafely                                     (SingleTestExecutor.java:66)               
                                              org.junit.platform.engine.support.hierarchical.HierarchicalTestExecutor.execute                                           (HierarchicalTestExecutor.java:77)         
                                              org.junit.platform.engine.support.hierarchical.HierarchicalTestExecutor.lambda$null$2                                     (HierarchicalTestExecutor.java:92)         
                                                                          java.util.stream.ForEachOps$ForEachOp$OfRef.accept                                            (ForEachOps.java:184)                      
                                                                               java.util.stream.ReferencePipeline$2$1.accept                                            (ReferencePipeline.java:175)               
                                                                                                   java.util.Iterator.forEachRemaining                                  (Iterator.java:116)                        
                                                                           java.util.Spliterators$IteratorSpliterator.forEachRemaining                                  (Spliterators.java:1801)                   
                                                                                    java.util.stream.AbstractPipeline.copyInto                                          (AbstractPipeline.java:481)                
                                                                                    java.util.stream.AbstractPipeline.wrapAndCopyInto                                   (AbstractPipeline.java:471)                
                                                                                java.util.stream.ForEachOps$ForEachOp.evaluateSequential                                (ForEachOps.java:151)                      
                                                                          java.util.stream.ForEachOps$ForEachOp$OfRef.evaluateSequential                                (ForEachOps.java:174)                      
                                                                                    java.util.stream.AbstractPipeline.evaluate                                          (AbstractPipeline.java:234)                
                                                                                   java.util.stream.ReferencePipeline.forEach                                           (ReferencePipeline.java:418)               
                                              org.junit.platform.engine.support.hierarchical.HierarchicalTestExecutor.lambda$execute$3                                  (HierarchicalTestExecutor.java:92)         
                                                    org.junit.platform.engine.support.hierarchical.SingleTestExecutor.executeSafely                                     (SingleTestExecutor.java:66)               
                                              org.junit.platform.engine.support.hierarchical.HierarchicalTestExecutor.execute                                           (HierarchicalTestExecutor.java:77)         
                                              org.junit.platform.engine.support.hierarchical.HierarchicalTestExecutor.lambda$null$2                                     (HierarchicalTestExecutor.java:92)         
                                                                          java.util.stream.ForEachOps$ForEachOp$OfRef.accept                                            (ForEachOps.java:184)                      
                                                                               java.util.stream.ReferencePipeline$2$1.accept                                            (ReferencePipeline.java:175)               
                                                                                                   java.util.Iterator.forEachRemaining                                  (Iterator.java:116)                        
                                                                           java.util.Spliterators$IteratorSpliterator.forEachRemaining                                  (Spliterators.java:1801)                   
                                                                                    java.util.stream.AbstractPipeline.copyInto                                          (AbstractPipeline.java:481)                
                                                                                    java.util.stream.AbstractPipeline.wrapAndCopyInto                                   (AbstractPipeline.java:471)                
                                                                                java.util.stream.ForEachOps$ForEachOp.evaluateSequential                                (ForEachOps.java:151)                      
                                                                          java.util.stream.ForEachOps$ForEachOp$OfRef.evaluateSequential                                (ForEachOps.java:174)                      
                                                                                    java.util.stream.AbstractPipeline.evaluate                                          (AbstractPipeline.java:234)                
                                                                                   java.util.stream.ReferencePipeline.forEach                                           (ReferencePipeline.java:418)               
                                              org.junit.platform.engine.support.hierarchical.HierarchicalTestExecutor.lambda$execute$3                                  (HierarchicalTestExecutor.java:92)         
                                                    org.junit.platform.engine.support.hierarchical.SingleTestExecutor.executeSafely                                     (SingleTestExecutor.java:66)               
                                              org.junit.platform.engine.support.hierarchical.HierarchicalTestExecutor.execute                                           (HierarchicalTestExecutor.java:77)         
                                              org.junit.platform.engine.support.hierarchical.HierarchicalTestExecutor.execute                                           (HierarchicalTestExecutor.java:51)         
                                                org.junit.platform.engine.support.hierarchical.HierarchicalTestEngine.execute                                           (HierarchicalTestEngine.java:43)           
                                                                     org.junit.platform.launcher.core.DefaultLauncher.execute                                           (DefaultLauncher.java:170)                 
                                                                     org.junit.platform.launcher.core.DefaultLauncher.execute                                           (DefaultLauncher.java:154)                 
                                                                     org.junit.platform.launcher.core.DefaultLauncher.execute                                           (DefaultLauncher.java:90)                  
    org.gradle.api.internal.tasks.testing.junitplatform.JUnitPlatformTestClassProcessor$CollectAllTestClassesExecutor.processAllTestClasses                             (JUnitPlatformTestClassProcessor.java:92)  
    org.gradle.api.internal.tasks.testing.junitplatform.JUnitPlatformTestClassProcessor$CollectAllTestClassesExecutor.access$100                                        (JUnitPlatformTestClassProcessor.java:77)  
                                  org.gradle.api.internal.tasks.testing.junitplatform.JUnitPlatformTestClassProcessor.stop                                              (JUnitPlatformTestClassProcessor.java:73)  
                                                        org.gradle.api.internal.tasks.testing.SuiteTestClassProcessor.stop                                              (SuiteTestClassProcessor.java:61)          
                                                                                 sun.reflect.NativeMethodAccessorImpl.invoke0                                           (NativeMethodAccessorImpl.java:-2)N        
                                                                                 sun.reflect.NativeMethodAccessorImpl.invoke                                            (NativeMethodAccessorImpl.java:62)         
                                                                             sun.reflect.DelegatingMethodAccessorImpl.invoke                                            (DelegatingMethodAccessorImpl.java:43)     
                                                                                             java.lang.reflect.Method.invoke                                            (Method.java:498)                          
                                                                      org.gradle.internal.dispatch.ReflectionDispatch.dispatch                                          (ReflectionDispatch.java:35)               
                                                                      org.gradle.internal.dispatch.ReflectionDispatch.dispatch                                          (ReflectionDispatch.java:24)               
                                                              org.gradle.internal.dispatch.ContextClassLoaderDispatch.dispatch                                          (ContextClassLoaderDispatch.java:32)       
                                       org.gradle.internal.dispatch.ProxyDispatchAdapter$DispatchingInvocationHandler.invoke                                            (ProxyDispatchAdapter.java:93)             
                                                                                                com.sun.proxy.$Proxy1.stop                                              (-:-1)                                     
                                                              org.gradle.api.internal.tasks.testing.worker.TestWorker.stop                                              (TestWorker.java:123)                      
                                                                                 sun.reflect.NativeMethodAccessorImpl.invoke0                                           (NativeMethodAccessorImpl.java:-2)N        
                                                                                 sun.reflect.NativeMethodAccessorImpl.invoke                                            (NativeMethodAccessorImpl.java:62)         
                                                                             sun.reflect.DelegatingMethodAccessorImpl.invoke                                            (DelegatingMethodAccessorImpl.java:43)     
                                                                                             java.lang.reflect.Method.invoke                                            (Method.java:498)                          
                                                                      org.gradle.internal.dispatch.ReflectionDispatch.dispatch                                          (ReflectionDispatch.java:35)               
                                                                      org.gradle.internal.dispatch.ReflectionDispatch.dispatch                                          (ReflectionDispatch.java:24)               
                             org.gradle.internal.remote.internal.hub.MessageHubBackedObjectConnection$DispatchWrapper.dispatch                                          (MessageHubBackedObjectConnection.java:155)
                             org.gradle.internal.remote.internal.hub.MessageHubBackedObjectConnection$DispatchWrapper.dispatch                                          (MessageHubBackedObjectConnection.java:137)
                                                           org.gradle.internal.remote.internal.hub.MessageHub$Handler.run                                               (MessageHub.java:404)                      
                                                 org.gradle.internal.concurrent.ExecutorPolicy$CatchAndRecordFailures.onExecute                                         (ExecutorPolicy.java:63)                   
                                                                 org.gradle.internal.concurrent.ManagedExecutorImpl$1.run                                               (ManagedExecutorImpl.java:46)              
                                                                              java.util.concurrent.ThreadPoolExecutor.runWorker                                         (ThreadPoolExecutor.java:1142)             
                                                                       java.util.concurrent.ThreadPoolExecutor$Worker.run                                               (ThreadPoolExecutor.java:617)              
                                               org.gradle.internal.concurrent.ThreadFactoryImpl$ManagedThreadRunnable.run                                               (ThreadFactoryImpl.java:55)                
                                                                                                     java.lang.Thread.run                                               (Thread.java:748)                          

28)                                                                                    io.mockk.impl.InternalPlatform.captureStackTrace                             (InternalPlatform.kt:123)                  
                                                                                         io.mockk.impl.stub.MockKStub.handleInvocation                              (MockKStub.kt:206)                         
                                                       io.mockk.impl.instantiation.JvmMockFactoryHelper$mockHandler$1.invocation                                    (JvmMockFactoryHelper.kt:23)               
                                                                                io.mockk.proxy.jvm.advice.Interceptor.call                                          (Interceptor.kt:20)                        
                                                                                 io.mockk.proxy.jvm.advice.BaseAdvice.handle                                        (BaseAdvice.kt:42)                         
                                                               io.mockk.proxy.jvm.advice.jvm.JvmMockKProxyInterceptor.interceptNoSuper                              (JvmMockKProxyInterceptor.java:45)         
                                                                             com.jdroids.robotlib.command.Command(BB).isCompleted                                   (-:-1)                                     
                                                                           com.jdroids.robotlib.command.SchedulerImpl.periodic                                      (SchedulerImpl.kt:41)                      
                                                                           com.jdroids.robotlib.command.SchedulerTest.requires() interrupts commands when it should (SchedulerTest.kt:92)                      
                                                                                 sun.reflect.NativeMethodAccessorImpl.invoke0                                       (NativeMethodAccessorImpl.java:-2)N        
                                                                                 sun.reflect.NativeMethodAccessorImpl.invoke                                        (NativeMethodAccessorImpl.java:62)         
                                                                             sun.reflect.DelegatingMethodAccessorImpl.invoke                                        (DelegatingMethodAccessorImpl.java:43)     
                                                                                             java.lang.reflect.Method.invoke                                        (Method.java:498)                          
                                                                      org.junit.platform.commons.util.ReflectionUtils.invokeMethod                                  (ReflectionUtils.java:389)                 
                                                                 org.junit.jupiter.engine.execution.ExecutableInvoker.invoke                                        (ExecutableInvoker.java:115)               
                                                         org.junit.jupiter.engine.descriptor.TestMethodTestDescriptor.lambda$invokeTestMethod$6                     (TestMethodTestDescriptor.java:167)        
                                                                org.junit.jupiter.engine.execution.ThrowableCollector.execute                                       (ThrowableCollector.java:40)               
                                                         org.junit.jupiter.engine.descriptor.TestMethodTestDescriptor.invokeTestMethod                              (TestMethodTestDescriptor.java:163)        
                                                         org.junit.jupiter.engine.descriptor.TestMethodTestDescriptor.execute                                       (TestMethodTestDescriptor.java:110)        
                                                         org.junit.jupiter.engine.descriptor.TestMethodTestDescriptor.execute                                       (TestMethodTestDescriptor.java:57)         
                                              org.junit.platform.engine.support.hierarchical.HierarchicalTestExecutor.lambda$execute$3                              (HierarchicalTestExecutor.java:83)         
                                                    org.junit.platform.engine.support.hierarchical.SingleTestExecutor.executeSafely                                 (SingleTestExecutor.java:66)               
                                              org.junit.platform.engine.support.hierarchical.HierarchicalTestExecutor.execute                                       (HierarchicalTestExecutor.java:77)         
                                              org.junit.platform.engine.support.hierarchical.HierarchicalTestExecutor.lambda$null$2                                 (HierarchicalTestExecutor.java:92)         
                                                                          java.util.stream.ForEachOps$ForEachOp$OfRef.accept                                        (ForEachOps.java:184)                      
                                                                               java.util.stream.ReferencePipeline$2$1.accept                                        (ReferencePipeline.java:175)               
                                                                                                   java.util.Iterator.forEachRemaining                              (Iterator.java:116)                        
                                                                           java.util.Spliterators$IteratorSpliterator.forEachRemaining                              (Spliterators.java:1801)                   
                                                                                    java.util.stream.AbstractPipeline.copyInto                                      (AbstractPipeline.java:481)                
                                                                                    java.util.stream.AbstractPipeline.wrapAndCopyInto                               (AbstractPipeline.java:471)                
                                                                                java.util.stream.ForEachOps$ForEachOp.evaluateSequential                            (ForEachOps.java:151)                      
                                                                          java.util.stream.ForEachOps$ForEachOp$OfRef.evaluateSequential                            (ForEachOps.java:174)                      
                                                                                    java.util.stream.AbstractPipeline.evaluate                                      (AbstractPipeline.java:234)                
                                                                                   java.util.stream.ReferencePipeline.forEach                                       (ReferencePipeline.java:418)               
                                              org.junit.platform.engine.support.hierarchical.HierarchicalTestExecutor.lambda$execute$3                              (HierarchicalTestExecutor.java:92)         
                                                    org.junit.platform.engine.support.hierarchical.SingleTestExecutor.executeSafely                                 (SingleTestExecutor.java:66)               
                                              org.junit.platform.engine.support.hierarchical.HierarchicalTestExecutor.execute                                       (HierarchicalTestExecutor.java:77)         
                                              org.junit.platform.engine.support.hierarchical.HierarchicalTestExecutor.lambda$null$2                                 (HierarchicalTestExecutor.java:92)         
                                                                          java.util.stream.ForEachOps$ForEachOp$OfRef.accept                                        (ForEachOps.java:184)                      
                                                                               java.util.stream.ReferencePipeline$2$1.accept                                        (ReferencePipeline.java:175)               
                                                                                                   java.util.Iterator.forEachRemaining                              (Iterator.java:116)                        
                                                                           java.util.Spliterators$IteratorSpliterator.forEachRemaining                              (Spliterators.java:1801)                   
                                                                                    java.util.stream.AbstractPipeline.copyInto                                      (AbstractPipeline.java:481)                
                                                                                    java.util.stream.AbstractPipeline.wrapAndCopyInto                               (AbstractPipeline.java:471)                
                                                                                java.util.stream.ForEachOps$ForEachOp.evaluateSequential                            (ForEachOps.java:151)                      
                                                                          java.util.stream.ForEachOps$ForEachOp$OfRef.evaluateSequential                            (ForEachOps.java:174)                      
                                                                                    java.util.stream.AbstractPipeline.evaluate                                      (AbstractPipeline.java:234)                
                                                                                   java.util.stream.ReferencePipeline.forEach                                       (ReferencePipeline.java:418)               
                                              org.junit.platform.engine.support.hierarchical.HierarchicalTestExecutor.lambda$execute$3                              (HierarchicalTestExecutor.java:92)         
                                                    org.junit.platform.engine.support.hierarchical.SingleTestExecutor.executeSafely                                 (SingleTestExecutor.java:66)               
                                              org.junit.platform.engine.support.hierarchical.HierarchicalTestExecutor.execute                                       (HierarchicalTestExecutor.java:77)         
                                              org.junit.platform.engine.support.hierarchical.HierarchicalTestExecutor.execute                                       (HierarchicalTestExecutor.java:51)         
                                                org.junit.platform.engine.support.hierarchical.HierarchicalTestEngine.execute                                       (HierarchicalTestEngine.java:43)           
                                                                     org.junit.platform.launcher.core.DefaultLauncher.execute                                       (DefaultLauncher.java:170)                 
                                                                     org.junit.platform.launcher.core.DefaultLauncher.execute                                       (DefaultLauncher.java:154)                 
                                                                     org.junit.platform.launcher.core.DefaultLauncher.execute                                       (DefaultLauncher.java:90)                  
    org.gradle.api.internal.tasks.testing.junitplatform.JUnitPlatformTestClassProcessor$CollectAllTestClassesExecutor.processAllTestClasses                         (JUnitPlatformTestClassProcessor.java:92)  
    org.gradle.api.internal.tasks.testing.junitplatform.JUnitPlatformTestClassProcessor$CollectAllTestClassesExecutor.access$100                                    (JUnitPlatformTestClassProcessor.java:77)  
                                  org.gradle.api.internal.tasks.testing.junitplatform.JUnitPlatformTestClassProcessor.stop                                          (JUnitPlatformTestClassProcessor.java:73)  
                                                        org.gradle.api.internal.tasks.testing.SuiteTestClassProcessor.stop                                          (SuiteTestClassProcessor.java:61)          
                                                                                 sun.reflect.NativeMethodAccessorImpl.invoke0                                       (NativeMethodAccessorImpl.java:-2)N        
                                                                                 sun.reflect.NativeMethodAccessorImpl.invoke                                        (NativeMethodAccessorImpl.java:62)         
                                                                             sun.reflect.DelegatingMethodAccessorImpl.invoke                                        (DelegatingMethodAccessorImpl.java:43)     
                                                                                             java.lang.reflect.Method.invoke                                        (Method.java:498)                          
                                                                      org.gradle.internal.dispatch.ReflectionDispatch.dispatch                                      (ReflectionDispatch.java:35)               
                                                                      org.gradle.internal.dispatch.ReflectionDispatch.dispatch                                      (ReflectionDispatch.java:24)               
                                                              org.gradle.internal.dispatch.ContextClassLoaderDispatch.dispatch                                      (ContextClassLoaderDispatch.java:32)       
                                       org.gradle.internal.dispatch.ProxyDispatchAdapter$DispatchingInvocationHandler.invoke                                        (ProxyDispatchAdapter.java:93)             
                                                                                                com.sun.proxy.$Proxy1.stop                                          (-:-1)                                     
                                                              org.gradle.api.internal.tasks.testing.worker.TestWorker.stop                                          (TestWorker.java:123)                      
                                                                                 sun.reflect.NativeMethodAccessorImpl.invoke0                                       (NativeMethodAccessorImpl.java:-2)N        
                                                                                 sun.reflect.NativeMethodAccessorImpl.invoke                                        (NativeMethodAccessorImpl.java:62)         
                                                                             sun.reflect.DelegatingMethodAccessorImpl.invoke                                        (DelegatingMethodAccessorImpl.java:43)     
                                                                                             java.lang.reflect.Method.invoke                                        (Method.java:498)                          
                                                                      org.gradle.internal.dispatch.ReflectionDispatch.dispatch                                      (ReflectionDispatch.java:35)               
                                                                      org.gradle.internal.dispatch.ReflectionDispatch.dispatch                                      (ReflectionDispatch.java:24)               
                             org.gradle.internal.remote.internal.hub.MessageHubBackedObjectConnection$DispatchWrapper.dispatch                                      (MessageHubBackedObjectConnection.java:155)
                             org.gradle.internal.remote.internal.hub.MessageHubBackedObjectConnection$DispatchWrapper.dispatch                                      (MessageHubBackedObjectConnection.java:137)
                                                           org.gradle.internal.remote.internal.hub.MessageHub$Handler.run                                           (MessageHub.java:404)                      
                                                 org.gradle.internal.concurrent.ExecutorPolicy$CatchAndRecordFailures.onExecute                                     (ExecutorPolicy.java:63)                   
                                                                 org.gradle.internal.concurrent.ManagedExecutorImpl$1.run                                           (ManagedExecutorImpl.java:46)              
                                                                              java.util.concurrent.ThreadPoolExecutor.runWorker                                     (ThreadPoolExecutor.java:1142)             
                                                                       java.util.concurrent.ThreadPoolExecutor$Worker.run                                           (ThreadPoolExecutor.java:617)              
                                               org.gradle.internal.concurrent.ThreadFactoryImpl$ManagedThreadRunnable.run                                           (ThreadFactoryImpl.java:55)                
                                                                                                     java.lang.Thread.run                                           (Thread.java:748)                          

29)                                                                                    io.mockk.impl.InternalPlatform.captureStackTrace                             (InternalPlatform.kt:123)                  
                                                                                         io.mockk.impl.stub.MockKStub.handleInvocation                              (MockKStub.kt:206)                         
                                                       io.mockk.impl.instantiation.JvmMockFactoryHelper$mockHandler$1.invocation                                    (JvmMockFactoryHelper.kt:23)               
                                                                                io.mockk.proxy.jvm.advice.Interceptor.call                                          (Interceptor.kt:20)                        
                                                                                 io.mockk.proxy.jvm.advice.BaseAdvice.handle                                        (BaseAdvice.kt:42)                         
                                                               io.mockk.proxy.jvm.advice.jvm.JvmMockKProxyInterceptor.interceptNoSuper                              (JvmMockKProxyInterceptor.java:45)         
                                                                             com.jdroids.robotlib.command.Command(BB).periodic                                      (-:-1)                                     
                                                                           com.jdroids.robotlib.command.SchedulerImpl.periodic                                      (SchedulerImpl.kt:46)                      
                                                                           com.jdroids.robotlib.command.SchedulerTest.requires() interrupts commands when it should (SchedulerTest.kt:92)                      
                                                                                 sun.reflect.NativeMethodAccessorImpl.invoke0                                       (NativeMethodAccessorImpl.java:-2)N        
                                                                                 sun.reflect.NativeMethodAccessorImpl.invoke                                        (NativeMethodAccessorImpl.java:62)         
                                                                             sun.reflect.DelegatingMethodAccessorImpl.invoke                                        (DelegatingMethodAccessorImpl.java:43)     
                                                                                             java.lang.reflect.Method.invoke                                        (Method.java:498)                          
                                                                      org.junit.platform.commons.util.ReflectionUtils.invokeMethod                                  (ReflectionUtils.java:389)                 
                                                                 org.junit.jupiter.engine.execution.ExecutableInvoker.invoke                                        (ExecutableInvoker.java:115)               
                                                         org.junit.jupiter.engine.descriptor.TestMethodTestDescriptor.lambda$invokeTestMethod$6                     (TestMethodTestDescriptor.java:167)        
                                                                org.junit.jupiter.engine.execution.ThrowableCollector.execute                                       (ThrowableCollector.java:40)               
                                                         org.junit.jupiter.engine.descriptor.TestMethodTestDescriptor.invokeTestMethod                              (TestMethodTestDescriptor.java:163)        
                                                         org.junit.jupiter.engine.descriptor.TestMethodTestDescriptor.execute                                       (TestMethodTestDescriptor.java:110)        
                                                         org.junit.jupiter.engine.descriptor.TestMethodTestDescriptor.execute                                       (TestMethodTestDescriptor.java:57)         
                                              org.junit.platform.engine.support.hierarchical.HierarchicalTestExecutor.lambda$execute$3                              (HierarchicalTestExecutor.java:83)         
                                                    org.junit.platform.engine.support.hierarchical.SingleTestExecutor.executeSafely                                 (SingleTestExecutor.java:66)               
                                              org.junit.platform.engine.support.hierarchical.HierarchicalTestExecutor.execute                                       (HierarchicalTestExecutor.java:77)         
                                              org.junit.platform.engine.support.hierarchical.HierarchicalTestExecutor.lambda$null$2                                 (HierarchicalTestExecutor.java:92)         
                                                                          java.util.stream.ForEachOps$ForEachOp$OfRef.accept                                        (ForEachOps.java:184)                      
                                                                               java.util.stream.ReferencePipeline$2$1.accept                                        (ReferencePipeline.java:175)               
                                                                                                   java.util.Iterator.forEachRemaining                              (Iterator.java:116)                        
                                                                           java.util.Spliterators$IteratorSpliterator.forEachRemaining                              (Spliterators.java:1801)                   
                                                                                    java.util.stream.AbstractPipeline.copyInto                                      (AbstractPipeline.java:481)                
                                                                                    java.util.stream.AbstractPipeline.wrapAndCopyInto                               (AbstractPipeline.java:471)                
                                                                                java.util.stream.ForEachOps$ForEachOp.evaluateSequential                            (ForEachOps.java:151)                      
                                                                          java.util.stream.ForEachOps$ForEachOp$OfRef.evaluateSequential                            (ForEachOps.java:174)                      
                                                                                    java.util.stream.AbstractPipeline.evaluate                                      (AbstractPipeline.java:234)                
                                                                                   java.util.stream.ReferencePipeline.forEach                                       (ReferencePipeline.java:418)               
                                              org.junit.platform.engine.support.hierarchical.HierarchicalTestExecutor.lambda$execute$3                              (HierarchicalTestExecutor.java:92)         
                                                    org.junit.platform.engine.support.hierarchical.SingleTestExecutor.executeSafely                                 (SingleTestExecutor.java:66)               
                                              org.junit.platform.engine.support.hierarchical.HierarchicalTestExecutor.execute                                       (HierarchicalTestExecutor.java:77)         
                                              org.junit.platform.engine.support.hierarchical.HierarchicalTestExecutor.lambda$null$2                                 (HierarchicalTestExecutor.java:92)         
                                                                          java.util.stream.ForEachOps$ForEachOp$OfRef.accept                                        (ForEachOps.java:184)                      
                                                                               java.util.stream.ReferencePipeline$2$1.accept                                        (ReferencePipeline.java:175)               
                                                                                                   java.util.Iterator.forEachRemaining                              (Iterator.java:116)                        
                                                                           java.util.Spliterators$IteratorSpliterator.forEachRemaining                              (Spliterators.java:1801)                   
                                                                                    java.util.stream.AbstractPipeline.copyInto                                      (AbstractPipeline.java:481)                
                                                                                    java.util.stream.AbstractPipeline.wrapAndCopyInto                               (AbstractPipeline.java:471)                
                                                                                java.util.stream.ForEachOps$ForEachOp.evaluateSequential                            (ForEachOps.java:151)                      
                                                                          java.util.stream.ForEachOps$ForEachOp$OfRef.evaluateSequential                            (ForEachOps.java:174)                      
                                                                                    java.util.stream.AbstractPipeline.evaluate                                      (AbstractPipeline.java:234)                
                                                                                   java.util.stream.ReferencePipeline.forEach                                       (ReferencePipeline.java:418)               
                                              org.junit.platform.engine.support.hierarchical.HierarchicalTestExecutor.lambda$execute$3                              (HierarchicalTestExecutor.java:92)         
                                                    org.junit.platform.engine.support.hierarchical.SingleTestExecutor.executeSafely                                 (SingleTestExecutor.java:66)               
                                              org.junit.platform.engine.support.hierarchical.HierarchicalTestExecutor.execute                                       (HierarchicalTestExecutor.java:77)         
                                              org.junit.platform.engine.support.hierarchical.HierarchicalTestExecutor.execute                                       (HierarchicalTestExecutor.java:51)         
                                                org.junit.platform.engine.support.hierarchical.HierarchicalTestEngine.execute                                       (HierarchicalTestEngine.java:43)           
                                                                     org.junit.platform.launcher.core.DefaultLauncher.execute                                       (DefaultLauncher.java:170)                 
                                                                     org.junit.platform.launcher.core.DefaultLauncher.execute                                       (DefaultLauncher.java:154)                 
                                                                     org.junit.platform.launcher.core.DefaultLauncher.execute                                       (DefaultLauncher.java:90)                  
    org.gradle.api.internal.tasks.testing.junitplatform.JUnitPlatformTestClassProcessor$CollectAllTestClassesExecutor.processAllTestClasses                         (JUnitPlatformTestClassProcessor.java:92)  
    org.gradle.api.internal.tasks.testing.junitplatform.JUnitPlatformTestClassProcessor$CollectAllTestClassesExecutor.access$100                                    (JUnitPlatformTestClassProcessor.java:77)  
                                  org.gradle.api.internal.tasks.testing.junitplatform.JUnitPlatformTestClassProcessor.stop                                          (JUnitPlatformTestClassProcessor.java:73)  
                                                        org.gradle.api.internal.tasks.testing.SuiteTestClassProcessor.stop                                          (SuiteTestClassProcessor.java:61)          
                                                                                 sun.reflect.NativeMethodAccessorImpl.invoke0                                       (NativeMethodAccessorImpl.java:-2)N        
                                                                                 sun.reflect.NativeMethodAccessorImpl.invoke                                        (NativeMethodAccessorImpl.java:62)         
                                                                             sun.reflect.DelegatingMethodAccessorImpl.invoke                                        (DelegatingMethodAccessorImpl.java:43)     
                                                                                             java.lang.reflect.Method.invoke                                        (Method.java:498)                          
                                                                      org.gradle.internal.dispatch.ReflectionDispatch.dispatch                                      (ReflectionDispatch.java:35)               
                                                                      org.gradle.internal.dispatch.ReflectionDispatch.dispatch                                      (ReflectionDispatch.java:24)               
                                                              org.gradle.internal.dispatch.ContextClassLoaderDispatch.dispatch                                      (ContextClassLoaderDispatch.java:32)       
                                       org.gradle.internal.dispatch.ProxyDispatchAdapter$DispatchingInvocationHandler.invoke                                        (ProxyDispatchAdapter.java:93)             
                                                                                                com.sun.proxy.$Proxy1.stop                                          (-:-1)                                     
                                                              org.gradle.api.internal.tasks.testing.worker.TestWorker.stop                                          (TestWorker.java:123)                      
                                                                                 sun.reflect.NativeMethodAccessorImpl.invoke0                                       (NativeMethodAccessorImpl.java:-2)N        
                                                                                 sun.reflect.NativeMethodAccessorImpl.invoke                                        (NativeMethodAccessorImpl.java:62)         
                                                                             sun.reflect.DelegatingMethodAccessorImpl.invoke                                        (DelegatingMethodAccessorImpl.java:43)     
                                                                                             java.lang.reflect.Method.invoke                                        (Method.java:498)                          
                                                                      org.gradle.internal.dispatch.ReflectionDispatch.dispatch                                      (ReflectionDispatch.java:35)               
                                                                      org.gradle.internal.dispatch.ReflectionDispatch.dispatch                                      (ReflectionDispatch.java:24)               
                             org.gradle.internal.remote.internal.hub.MessageHubBackedObjectConnection$DispatchWrapper.dispatch                                      (MessageHubBackedObjectConnection.java:155)
                             org.gradle.internal.remote.internal.hub.MessageHubBackedObjectConnection$DispatchWrapper.dispatch                                      (MessageHubBackedObjectConnection.java:137)
                                                           org.gradle.internal.remote.internal.hub.MessageHub$Handler.run                                           (MessageHub.java:404)                      
                                                 org.gradle.internal.concurrent.ExecutorPolicy$CatchAndRecordFailures.onExecute                                     (ExecutorPolicy.java:63)                   
                                                                 org.gradle.internal.concurrent.ManagedExecutorImpl$1.run                                           (ManagedExecutorImpl.java:46)              
                                                                              java.util.concurrent.ThreadPoolExecutor.runWorker                                     (ThreadPoolExecutor.java:1142)             
                                                                       java.util.concurrent.ThreadPoolExecutor$Worker.run                                           (ThreadPoolExecutor.java:617)              
                                               org.gradle.internal.concurrent.ThreadFactoryImpl$ManagedThreadRunnable.run                                           (ThreadFactoryImpl.java:55)                
                                                                                                     java.lang.Thread.run                                           (Thread.java:748)                          

30)                                                                                    io.mockk.impl.InternalPlatform.captureStackTrace                                 (InternalPlatform.kt:123)                  
                                                                                         io.mockk.impl.stub.MockKStub.handleInvocation                                  (MockKStub.kt:206)                         
                                                       io.mockk.impl.instantiation.JvmMockFactoryHelper$mockHandler$1.invocation                                        (JvmMockFactoryHelper.kt:23)               
                                                                                io.mockk.proxy.jvm.advice.Interceptor.call                                              (Interceptor.kt:20)                        
                                                                                 io.mockk.proxy.jvm.advice.BaseAdvice.handle                                            (BaseAdvice.kt:42)                         
                                                               io.mockk.proxy.jvm.advice.jvm.JvmMockKProxyInterceptor.interceptNoSuper                                  (JvmMockKProxyInterceptor.java:45)         
                                                                             com.jdroids.robotlib.command.Command(BB).isCompleted                                       (-:-1)                                     
                                                                com.jdroids.robotlib.command.SchedulerImpl$periodic$2.invoke                                            (SchedulerImpl.kt:50)                      
                                                                com.jdroids.robotlib.command.SchedulerImpl$periodic$2.invoke                                            (SchedulerImpl.kt:8)                       
                                                               kotlin.collections.CollectionsKt__MutableCollectionsKt.filterInPlace$CollectionsKt__MutableCollectionsKt (MutableCollections.kt:164)                
                                                               kotlin.collections.CollectionsKt__MutableCollectionsKt.removeAll                                         (MutableCollections.kt:153)                
                                                                           com.jdroids.robotlib.command.SchedulerImpl.periodic                                          (SchedulerImpl.kt:50)                      
                                                                           com.jdroids.robotlib.command.SchedulerTest.requires() interrupts commands when it should     (SchedulerTest.kt:92)                      
                                                                                 sun.reflect.NativeMethodAccessorImpl.invoke0                                           (NativeMethodAccessorImpl.java:-2)N        
                                                                                 sun.reflect.NativeMethodAccessorImpl.invoke                                            (NativeMethodAccessorImpl.java:62)         
                                                                             sun.reflect.DelegatingMethodAccessorImpl.invoke                                            (DelegatingMethodAccessorImpl.java:43)     
                                                                                             java.lang.reflect.Method.invoke                                            (Method.java:498)                          
                                                                      org.junit.platform.commons.util.ReflectionUtils.invokeMethod                                      (ReflectionUtils.java:389)                 
                                                                 org.junit.jupiter.engine.execution.ExecutableInvoker.invoke                                            (ExecutableInvoker.java:115)               
                                                         org.junit.jupiter.engine.descriptor.TestMethodTestDescriptor.lambda$invokeTestMethod$6                         (TestMethodTestDescriptor.java:167)        
                                                                org.junit.jupiter.engine.execution.ThrowableCollector.execute                                           (ThrowableCollector.java:40)               
                                                         org.junit.jupiter.engine.descriptor.TestMethodTestDescriptor.invokeTestMethod                                  (TestMethodTestDescriptor.java:163)        
                                                         org.junit.jupiter.engine.descriptor.TestMethodTestDescriptor.execute                                           (TestMethodTestDescriptor.java:110)        
                                                         org.junit.jupiter.engine.descriptor.TestMethodTestDescriptor.execute                                           (TestMethodTestDescriptor.java:57)         
                                              org.junit.platform.engine.support.hierarchical.HierarchicalTestExecutor.lambda$execute$3                                  (HierarchicalTestExecutor.java:83)         
                                                    org.junit.platform.engine.support.hierarchical.SingleTestExecutor.executeSafely                                     (SingleTestExecutor.java:66)               
                                              org.junit.platform.engine.support.hierarchical.HierarchicalTestExecutor.execute                                           (HierarchicalTestExecutor.java:77)         
                                              org.junit.platform.engine.support.hierarchical.HierarchicalTestExecutor.lambda$null$2                                     (HierarchicalTestExecutor.java:92)         
                                                                          java.util.stream.ForEachOps$ForEachOp$OfRef.accept                                            (ForEachOps.java:184)                      
                                                                               java.util.stream.ReferencePipeline$2$1.accept                                            (ReferencePipeline.java:175)               
                                                                                                   java.util.Iterator.forEachRemaining                                  (Iterator.java:116)                        
                                                                           java.util.Spliterators$IteratorSpliterator.forEachRemaining                                  (Spliterators.java:1801)                   
                                                                                    java.util.stream.AbstractPipeline.copyInto                                          (AbstractPipeline.java:481)                
                                                                                    java.util.stream.AbstractPipeline.wrapAndCopyInto                                   (AbstractPipeline.java:471)                
                                                                                java.util.stream.ForEachOps$ForEachOp.evaluateSequential                                (ForEachOps.java:151)                      
                                                                          java.util.stream.ForEachOps$ForEachOp$OfRef.evaluateSequential                                (ForEachOps.java:174)                      
                                                                                    java.util.stream.AbstractPipeline.evaluate                                          (AbstractPipeline.java:234)                
                                                                                   java.util.stream.ReferencePipeline.forEach                                           (ReferencePipeline.java:418)               
                                              org.junit.platform.engine.support.hierarchical.HierarchicalTestExecutor.lambda$execute$3                                  (HierarchicalTestExecutor.java:92)         
                                                    org.junit.platform.engine.support.hierarchical.SingleTestExecutor.executeSafely                                     (SingleTestExecutor.java:66)               
                                              org.junit.platform.engine.support.hierarchical.HierarchicalTestExecutor.execute                                           (HierarchicalTestExecutor.java:77)         
                                              org.junit.platform.engine.support.hierarchical.HierarchicalTestExecutor.lambda$null$2                                     (HierarchicalTestExecutor.java:92)         
                                                                          java.util.stream.ForEachOps$ForEachOp$OfRef.accept                                            (ForEachOps.java:184)                      
                                                                               java.util.stream.ReferencePipeline$2$1.accept                                            (ReferencePipeline.java:175)               
                                                                                                   java.util.Iterator.forEachRemaining                                  (Iterator.java:116)                        
                                                                           java.util.Spliterators$IteratorSpliterator.forEachRemaining                                  (Spliterators.java:1801)                   
                                                                                    java.util.stream.AbstractPipeline.copyInto                                          (AbstractPipeline.java:481)                
                                                                                    java.util.stream.AbstractPipeline.wrapAndCopyInto                                   (AbstractPipeline.java:471)                
                                                                                java.util.stream.ForEachOps$ForEachOp.evaluateSequential                                (ForEachOps.java:151)                      
                                                                          java.util.stream.ForEachOps$ForEachOp$OfRef.evaluateSequential                                (ForEachOps.java:174)                      
                                                                                    java.util.stream.AbstractPipeline.evaluate                                          (AbstractPipeline.java:234)                
                                                                                   java.util.stream.ReferencePipeline.forEach                                           (ReferencePipeline.java:418)               
                                              org.junit.platform.engine.support.hierarchical.HierarchicalTestExecutor.lambda$execute$3                                  (HierarchicalTestExecutor.java:92)         
                                                    org.junit.platform.engine.support.hierarchical.SingleTestExecutor.executeSafely                                     (SingleTestExecutor.java:66)               
                                              org.junit.platform.engine.support.hierarchical.HierarchicalTestExecutor.execute                                           (HierarchicalTestExecutor.java:77)         
                                              org.junit.platform.engine.support.hierarchical.HierarchicalTestExecutor.execute                                           (HierarchicalTestExecutor.java:51)         
                                                org.junit.platform.engine.support.hierarchical.HierarchicalTestEngine.execute                                           (HierarchicalTestEngine.java:43)           
                                                                     org.junit.platform.launcher.core.DefaultLauncher.execute                                           (DefaultLauncher.java:170)                 
                                                                     org.junit.platform.launcher.core.DefaultLauncher.execute                                           (DefaultLauncher.java:154)                 
                                                                     org.junit.platform.launcher.core.DefaultLauncher.execute                                           (DefaultLauncher.java:90)                  
    org.gradle.api.internal.tasks.testing.junitplatform.JUnitPlatformTestClassProcessor$CollectAllTestClassesExecutor.processAllTestClasses                             (JUnitPlatformTestClassProcessor.java:92)  
    org.gradle.api.internal.tasks.testing.junitplatform.JUnitPlatformTestClassProcessor$CollectAllTestClassesExecutor.access$100                                        (JUnitPlatformTestClassProcessor.java:77)  
                                  org.gradle.api.internal.tasks.testing.junitplatform.JUnitPlatformTestClassProcessor.stop                                              (JUnitPlatformTestClassProcessor.java:73)  
                                                        org.gradle.api.internal.tasks.testing.SuiteTestClassProcessor.stop                                              (SuiteTestClassProcessor.java:61)          
                                                                                 sun.reflect.NativeMethodAccessorImpl.invoke0                                           (NativeMethodAccessorImpl.java:-2)N        
                                                                                 sun.reflect.NativeMethodAccessorImpl.invoke                                            (NativeMethodAccessorImpl.java:62)         
                                                                             sun.reflect.DelegatingMethodAccessorImpl.invoke                                            (DelegatingMethodAccessorImpl.java:43)     
                                                                                             java.lang.reflect.Method.invoke                                            (Method.java:498)                          
                                                                      org.gradle.internal.dispatch.ReflectionDispatch.dispatch                                          (ReflectionDispatch.java:35)               
                                                                      org.gradle.internal.dispatch.ReflectionDispatch.dispatch                                          (ReflectionDispatch.java:24)               
                                                              org.gradle.internal.dispatch.ContextClassLoaderDispatch.dispatch                                          (ContextClassLoaderDispatch.java:32)       
                                       org.gradle.internal.dispatch.ProxyDispatchAdapter$DispatchingInvocationHandler.invoke                                            (ProxyDispatchAdapter.java:93)             
                                                                                                com.sun.proxy.$Proxy1.stop                                              (-:-1)                                     
                                                              org.gradle.api.internal.tasks.testing.worker.TestWorker.stop                                              (TestWorker.java:123)                      
                                                                                 sun.reflect.NativeMethodAccessorImpl.invoke0                                           (NativeMethodAccessorImpl.java:-2)N        
                                                                                 sun.reflect.NativeMethodAccessorImpl.invoke                                            (NativeMethodAccessorImpl.java:62)         
                                                                             sun.reflect.DelegatingMethodAccessorImpl.invoke                                            (DelegatingMethodAccessorImpl.java:43)     
                                                                                             java.lang.reflect.Method.invoke                                            (Method.java:498)                          
                                                                      org.gradle.internal.dispatch.ReflectionDispatch.dispatch                                          (ReflectionDispatch.java:35)               
                                                                      org.gradle.internal.dispatch.ReflectionDispatch.dispatch                                          (ReflectionDispatch.java:24)               
                             org.gradle.internal.remote.internal.hub.MessageHubBackedObjectConnection$DispatchWrapper.dispatch                                          (MessageHubBackedObjectConnection.java:155)
                             org.gradle.internal.remote.internal.hub.MessageHubBackedObjectConnection$DispatchWrapper.dispatch                                          (MessageHubBackedObjectConnection.java:137)
                                                           org.gradle.internal.remote.internal.hub.MessageHub$Handler.run                                               (MessageHub.java:404)                      
                                                 org.gradle.internal.concurrent.ExecutorPolicy$CatchAndRecordFailures.onExecute                                         (ExecutorPolicy.java:63)                   
                                                                 org.gradle.internal.concurrent.ManagedExecutorImpl$1.run                                               (ManagedExecutorImpl.java:46)              
                                                                              java.util.concurrent.ThreadPoolExecutor.runWorker                                         (ThreadPoolExecutor.java:1142)             
                                                                       java.util.concurrent.ThreadPoolExecutor$Worker.run                                               (ThreadPoolExecutor.java:617)              
                                               org.gradle.internal.concurrent.ThreadFactoryImpl$ManagedThreadRunnable.run                                               (ThreadFactoryImpl.java:55)                
                                                                                                     java.lang.Thread.run                                               (Thread.java:748)                          

31)                                                                                    io.mockk.impl.InternalPlatform.captureStackTrace                             (InternalPlatform.kt:123)                  
                                                                                         io.mockk.impl.stub.MockKStub.handleInvocation                              (MockKStub.kt:206)                         
                                                       io.mockk.impl.instantiation.JvmMockFactoryHelper$mockHandler$1.invocation                                    (JvmMockFactoryHelper.kt:23)               
                                                                                io.mockk.proxy.jvm.advice.Interceptor.call                                          (Interceptor.kt:20)                        
                                                                                 io.mockk.proxy.jvm.advice.BaseAdvice.handle                                        (BaseAdvice.kt:42)                         
                                                               io.mockk.proxy.jvm.advice.jvm.JvmMockKProxyInterceptor.interceptNoSuper                              (JvmMockKProxyInterceptor.java:45)         
                                                                             com.jdroids.robotlib.command.Command(BB).isCompleted                                   (-:-1)                                     
                                                                           com.jdroids.robotlib.command.SchedulerImpl.periodic                                      (SchedulerImpl.kt:41)                      
                                                                           com.jdroids.robotlib.command.SchedulerTest.requires() interrupts commands when it should (SchedulerTest.kt:93)                      
                                                                                 sun.reflect.NativeMethodAccessorImpl.invoke0                                       (NativeMethodAccessorImpl.java:-2)N        
                                                                                 sun.reflect.NativeMethodAccessorImpl.invoke                                        (NativeMethodAccessorImpl.java:62)         
                                                                             sun.reflect.DelegatingMethodAccessorImpl.invoke                                        (DelegatingMethodAccessorImpl.java:43)     
                                                                                             java.lang.reflect.Method.invoke                                        (Method.java:498)                          
                                                                      org.junit.platform.commons.util.ReflectionUtils.invokeMethod                                  (ReflectionUtils.java:389)                 
                                                                 org.junit.jupiter.engine.execution.ExecutableInvoker.invoke                                        (ExecutableInvoker.java:115)               
                                                         org.junit.jupiter.engine.descriptor.TestMethodTestDescriptor.lambda$invokeTestMethod$6                     (TestMethodTestDescriptor.java:167)        
                                                                org.junit.jupiter.engine.execution.ThrowableCollector.execute                                       (ThrowableCollector.java:40)               
                                                         org.junit.jupiter.engine.descriptor.TestMethodTestDescriptor.invokeTestMethod                              (TestMethodTestDescriptor.java:163)        
                                                         org.junit.jupiter.engine.descriptor.TestMethodTestDescriptor.execute                                       (TestMethodTestDescriptor.java:110)        
                                                         org.junit.jupiter.engine.descriptor.TestMethodTestDescriptor.execute                                       (TestMethodTestDescriptor.java:57)         
                                              org.junit.platform.engine.support.hierarchical.HierarchicalTestExecutor.lambda$execute$3                              (HierarchicalTestExecutor.java:83)         
                                                    org.junit.platform.engine.support.hierarchical.SingleTestExecutor.executeSafely                                 (SingleTestExecutor.java:66)               
                                              org.junit.platform.engine.support.hierarchical.HierarchicalTestExecutor.execute                                       (HierarchicalTestExecutor.java:77)         
                                              org.junit.platform.engine.support.hierarchical.HierarchicalTestExecutor.lambda$null$2                                 (HierarchicalTestExecutor.java:92)         
                                                                          java.util.stream.ForEachOps$ForEachOp$OfRef.accept                                        (ForEachOps.java:184)                      
                                                                               java.util.stream.ReferencePipeline$2$1.accept                                        (ReferencePipeline.java:175)               
                                                                                                   java.util.Iterator.forEachRemaining                              (Iterator.java:116)                        
                                                                           java.util.Spliterators$IteratorSpliterator.forEachRemaining                              (Spliterators.java:1801)                   
                                                                                    java.util.stream.AbstractPipeline.copyInto                                      (AbstractPipeline.java:481)                
                                                                                    java.util.stream.AbstractPipeline.wrapAndCopyInto                               (AbstractPipeline.java:471)                
                                                                                java.util.stream.ForEachOps$ForEachOp.evaluateSequential                            (ForEachOps.java:151)                      
                                                                          java.util.stream.ForEachOps$ForEachOp$OfRef.evaluateSequential                            (ForEachOps.java:174)                      
                                                                                    java.util.stream.AbstractPipeline.evaluate                                      (AbstractPipeline.java:234)                
                                                                                   java.util.stream.ReferencePipeline.forEach                                       (ReferencePipeline.java:418)               
                                              org.junit.platform.engine.support.hierarchical.HierarchicalTestExecutor.lambda$execute$3                              (HierarchicalTestExecutor.java:92)         
                                                    org.junit.platform.engine.support.hierarchical.SingleTestExecutor.executeSafely                                 (SingleTestExecutor.java:66)               
                                              org.junit.platform.engine.support.hierarchical.HierarchicalTestExecutor.execute                                       (HierarchicalTestExecutor.java:77)         
                                              org.junit.platform.engine.support.hierarchical.HierarchicalTestExecutor.lambda$null$2                                 (HierarchicalTestExecutor.java:92)         
                                                                          java.util.stream.ForEachOps$ForEachOp$OfRef.accept                                        (ForEachOps.java:184)                      
                                                                               java.util.stream.ReferencePipeline$2$1.accept                                        (ReferencePipeline.java:175)               
                                                                                                   java.util.Iterator.forEachRemaining                              (Iterator.java:116)                        
                                                                           java.util.Spliterators$IteratorSpliterator.forEachRemaining                              (Spliterators.java:1801)                   
                                                                                    java.util.stream.AbstractPipeline.copyInto                                      (AbstractPipeline.java:481)                
                                                                                    java.util.stream.AbstractPipeline.wrapAndCopyInto                               (AbstractPipeline.java:471)                
                                                                                java.util.stream.ForEachOps$ForEachOp.evaluateSequential                            (ForEachOps.java:151)                      
                                                                          java.util.stream.ForEachOps$ForEachOp$OfRef.evaluateSequential                            (ForEachOps.java:174)                      
                                                                                    java.util.stream.AbstractPipeline.evaluate                                      (AbstractPipeline.java:234)                
                                                                                   java.util.stream.ReferencePipeline.forEach                                       (ReferencePipeline.java:418)               
                                              org.junit.platform.engine.support.hierarchical.HierarchicalTestExecutor.lambda$execute$3                              (HierarchicalTestExecutor.java:92)         
                                                    org.junit.platform.engine.support.hierarchical.SingleTestExecutor.executeSafely                                 (SingleTestExecutor.java:66)               
                                              org.junit.platform.engine.support.hierarchical.HierarchicalTestExecutor.execute                                       (HierarchicalTestExecutor.java:77)         
                                              org.junit.platform.engine.support.hierarchical.HierarchicalTestExecutor.execute                                       (HierarchicalTestExecutor.java:51)         
                                                org.junit.platform.engine.support.hierarchical.HierarchicalTestEngine.execute                                       (HierarchicalTestEngine.java:43)           
                                                                     org.junit.platform.launcher.core.DefaultLauncher.execute                                       (DefaultLauncher.java:170)                 
                                                                     org.junit.platform.launcher.core.DefaultLauncher.execute                                       (DefaultLauncher.java:154)                 
                                                                     org.junit.platform.launcher.core.DefaultLauncher.execute                                       (DefaultLauncher.java:90)                  
    org.gradle.api.internal.tasks.testing.junitplatform.JUnitPlatformTestClassProcessor$CollectAllTestClassesExecutor.processAllTestClasses                         (JUnitPlatformTestClassProcessor.java:92)  
    org.gradle.api.internal.tasks.testing.junitplatform.JUnitPlatformTestClassProcessor$CollectAllTestClassesExecutor.access$100                                    (JUnitPlatformTestClassProcessor.java:77)  
                                  org.gradle.api.internal.tasks.testing.junitplatform.JUnitPlatformTestClassProcessor.stop                                          (JUnitPlatformTestClassProcessor.java:73)  
                                                        org.gradle.api.internal.tasks.testing.SuiteTestClassProcessor.stop                                          (SuiteTestClassProcessor.java:61)          
                                                                                 sun.reflect.NativeMethodAccessorImpl.invoke0                                       (NativeMethodAccessorImpl.java:-2)N        
                                                                                 sun.reflect.NativeMethodAccessorImpl.invoke                                        (NativeMethodAccessorImpl.java:62)         
                                                                             sun.reflect.DelegatingMethodAccessorImpl.invoke                                        (DelegatingMethodAccessorImpl.java:43)     
                                                                                             java.lang.reflect.Method.invoke                                        (Method.java:498)                          
                                                                      org.gradle.internal.dispatch.ReflectionDispatch.dispatch                                      (ReflectionDispatch.java:35)               
                                                                      org.gradle.internal.dispatch.ReflectionDispatch.dispatch                                      (ReflectionDispatch.java:24)               
                                                              org.gradle.internal.dispatch.ContextClassLoaderDispatch.dispatch                                      (ContextClassLoaderDispatch.java:32)       
                                       org.gradle.internal.dispatch.ProxyDispatchAdapter$DispatchingInvocationHandler.invoke                                        (ProxyDispatchAdapter.java:93)             
                                                                                                com.sun.proxy.$Proxy1.stop                                          (-:-1)                                     
                                                              org.gradle.api.internal.tasks.testing.worker.TestWorker.stop                                          (TestWorker.java:123)                      
                                                                                 sun.reflect.NativeMethodAccessorImpl.invoke0                                       (NativeMethodAccessorImpl.java:-2)N        
                                                                                 sun.reflect.NativeMethodAccessorImpl.invoke                                        (NativeMethodAccessorImpl.java:62)         
                                                                             sun.reflect.DelegatingMethodAccessorImpl.invoke                                        (DelegatingMethodAccessorImpl.java:43)     
                                                                                             java.lang.reflect.Method.invoke                                        (Method.java:498)                          
                                                                      org.gradle.internal.dispatch.ReflectionDispatch.dispatch                                      (ReflectionDispatch.java:35)               
                                                                      org.gradle.internal.dispatch.ReflectionDispatch.dispatch                                      (ReflectionDispatch.java:24)               
                             org.gradle.internal.remote.internal.hub.MessageHubBackedObjectConnection$DispatchWrapper.dispatch                                      (MessageHubBackedObjectConnection.java:155)
                             org.gradle.internal.remote.internal.hub.MessageHubBackedObjectConnection$DispatchWrapper.dispatch                                      (MessageHubBackedObjectConnection.java:137)
                                                           org.gradle.internal.remote.internal.hub.MessageHub$Handler.run                                           (MessageHub.java:404)                      
                                                 org.gradle.internal.concurrent.ExecutorPolicy$CatchAndRecordFailures.onExecute                                     (ExecutorPolicy.java:63)                   
                                                                 org.gradle.internal.concurrent.ManagedExecutorImpl$1.run                                           (ManagedExecutorImpl.java:46)              
                                                                              java.util.concurrent.ThreadPoolExecutor.runWorker                                     (ThreadPoolExecutor.java:1142)             
                                                                       java.util.concurrent.ThreadPoolExecutor$Worker.run                                           (ThreadPoolExecutor.java:617)              
                                               org.gradle.internal.concurrent.ThreadFactoryImpl$ManagedThreadRunnable.run                                           (ThreadFactoryImpl.java:55)                
                                                                                                     java.lang.Thread.run                                           (Thread.java:748)                          

32)                                                                                    io.mockk.impl.InternalPlatform.captureStackTrace                             (InternalPlatform.kt:123)                  
                                                                                         io.mockk.impl.stub.MockKStub.handleInvocation                              (MockKStub.kt:206)                         
                                                       io.mockk.impl.instantiation.JvmMockFactoryHelper$mockHandler$1.invocation                                    (JvmMockFactoryHelper.kt:23)               
                                                                                io.mockk.proxy.jvm.advice.Interceptor.call                                          (Interceptor.kt:20)                        
                                                                                 io.mockk.proxy.jvm.advice.BaseAdvice.handle                                        (BaseAdvice.kt:42)                         
                                                               io.mockk.proxy.jvm.advice.jvm.JvmMockKProxyInterceptor.interceptNoSuper                              (JvmMockKProxyInterceptor.java:45)         
                                                                             com.jdroids.robotlib.command.Command(BB).periodic                                      (-:-1)                                     
                                                                           com.jdroids.robotlib.command.SchedulerImpl.periodic                                      (SchedulerImpl.kt:46)                      
                                                                           com.jdroids.robotlib.command.SchedulerTest.requires() interrupts commands when it should (SchedulerTest.kt:93)                      
                                                                                 sun.reflect.NativeMethodAccessorImpl.invoke0                                       (NativeMethodAccessorImpl.java:-2)N        
                                                                                 sun.reflect.NativeMethodAccessorImpl.invoke                                        (NativeMethodAccessorImpl.java:62)         
                                                                             sun.reflect.DelegatingMethodAccessorImpl.invoke                                        (DelegatingMethodAccessorImpl.java:43)     
                                                                                             java.lang.reflect.Method.invoke                                        (Method.java:498)                          
                                                                      org.junit.platform.commons.util.ReflectionUtils.invokeMethod                                  (ReflectionUtils.java:389)                 
                                                                 org.junit.jupiter.engine.execution.ExecutableInvoker.invoke                                        (ExecutableInvoker.java:115)               
                                                         org.junit.jupiter.engine.descriptor.TestMethodTestDescriptor.lambda$invokeTestMethod$6                     (TestMethodTestDescriptor.java:167)        
                                                                org.junit.jupiter.engine.execution.ThrowableCollector.execute                                       (ThrowableCollector.java:40)               
                                                         org.junit.jupiter.engine.descriptor.TestMethodTestDescriptor.invokeTestMethod                              (TestMethodTestDescriptor.java:163)        
                                                         org.junit.jupiter.engine.descriptor.TestMethodTestDescriptor.execute                                       (TestMethodTestDescriptor.java:110)        
                                                         org.junit.jupiter.engine.descriptor.TestMethodTestDescriptor.execute                                       (TestMethodTestDescriptor.java:57)         
                                              org.junit.platform.engine.support.hierarchical.HierarchicalTestExecutor.lambda$execute$3                              (HierarchicalTestExecutor.java:83)         
                                                    org.junit.platform.engine.support.hierarchical.SingleTestExecutor.executeSafely                                 (SingleTestExecutor.java:66)               
                                              org.junit.platform.engine.support.hierarchical.HierarchicalTestExecutor.execute                                       (HierarchicalTestExecutor.java:77)         
                                              org.junit.platform.engine.support.hierarchical.HierarchicalTestExecutor.lambda$null$2                                 (HierarchicalTestExecutor.java:92)         
                                                                          java.util.stream.ForEachOps$ForEachOp$OfRef.accept                                        (ForEachOps.java:184)                      
                                                                               java.util.stream.ReferencePipeline$2$1.accept                                        (ReferencePipeline.java:175)               
                                                                                                   java.util.Iterator.forEachRemaining                              (Iterator.java:116)                        
                                                                           java.util.Spliterators$IteratorSpliterator.forEachRemaining                              (Spliterators.java:1801)                   
                                                                                    java.util.stream.AbstractPipeline.copyInto                                      (AbstractPipeline.java:481)                
                                                                                    java.util.stream.AbstractPipeline.wrapAndCopyInto                               (AbstractPipeline.java:471)                
                                                                                java.util.stream.ForEachOps$ForEachOp.evaluateSequential                            (ForEachOps.java:151)                      
                                                                          java.util.stream.ForEachOps$ForEachOp$OfRef.evaluateSequential                            (ForEachOps.java:174)                      
                                                                                    java.util.stream.AbstractPipeline.evaluate                                      (AbstractPipeline.java:234)                
                                                                                   java.util.stream.ReferencePipeline.forEach                                       (ReferencePipeline.java:418)               
                                              org.junit.platform.engine.support.hierarchical.HierarchicalTestExecutor.lambda$execute$3                              (HierarchicalTestExecutor.java:92)         
                                                    org.junit.platform.engine.support.hierarchical.SingleTestExecutor.executeSafely                                 (SingleTestExecutor.java:66)               
                                              org.junit.platform.engine.support.hierarchical.HierarchicalTestExecutor.execute                                       (HierarchicalTestExecutor.java:77)         
                                              org.junit.platform.engine.support.hierarchical.HierarchicalTestExecutor.lambda$null$2                                 (HierarchicalTestExecutor.java:92)         
                                                                          java.util.stream.ForEachOps$ForEachOp$OfRef.accept                                        (ForEachOps.java:184)                      
                                                                               java.util.stream.ReferencePipeline$2$1.accept                                        (ReferencePipeline.java:175)               
                                                                                                   java.util.Iterator.forEachRemaining                              (Iterator.java:116)                        
                                                                           java.util.Spliterators$IteratorSpliterator.forEachRemaining                              (Spliterators.java:1801)                   
                                                                                    java.util.stream.AbstractPipeline.copyInto                                      (AbstractPipeline.java:481)                
                                                                                    java.util.stream.AbstractPipeline.wrapAndCopyInto                               (AbstractPipeline.java:471)                
                                                                                java.util.stream.ForEachOps$ForEachOp.evaluateSequential                            (ForEachOps.java:151)                      
                                                                          java.util.stream.ForEachOps$ForEachOp$OfRef.evaluateSequential                            (ForEachOps.java:174)                      
                                                                                    java.util.stream.AbstractPipeline.evaluate                                      (AbstractPipeline.java:234)                
                                                                                   java.util.stream.ReferencePipeline.forEach                                       (ReferencePipeline.java:418)               
                                              org.junit.platform.engine.support.hierarchical.HierarchicalTestExecutor.lambda$execute$3                              (HierarchicalTestExecutor.java:92)         
                                                    org.junit.platform.engine.support.hierarchical.SingleTestExecutor.executeSafely                                 (SingleTestExecutor.java:66)               
                                              org.junit.platform.engine.support.hierarchical.HierarchicalTestExecutor.execute                                       (HierarchicalTestExecutor.java:77)         
                                              org.junit.platform.engine.support.hierarchical.HierarchicalTestExecutor.execute                                       (HierarchicalTestExecutor.java:51)         
                                                org.junit.platform.engine.support.hierarchical.HierarchicalTestEngine.execute                                       (HierarchicalTestEngine.java:43)           
                                                                     org.junit.platform.launcher.core.DefaultLauncher.execute                                       (DefaultLauncher.java:170)                 
                                                                     org.junit.platform.launcher.core.DefaultLauncher.execute                                       (DefaultLauncher.java:154)                 
                                                                     org.junit.platform.launcher.core.DefaultLauncher.execute                                       (DefaultLauncher.java:90)                  
    org.gradle.api.internal.tasks.testing.junitplatform.JUnitPlatformTestClassProcessor$CollectAllTestClassesExecutor.processAllTestClasses                         (JUnitPlatformTestClassProcessor.java:92)  
    org.gradle.api.internal.tasks.testing.junitplatform.JUnitPlatformTestClassProcessor$CollectAllTestClassesExecutor.access$100                                    (JUnitPlatformTestClassProcessor.java:77)  
                                  org.gradle.api.internal.tasks.testing.junitplatform.JUnitPlatformTestClassProcessor.stop                                          (JUnitPlatformTestClassProcessor.java:73)  
                                                        org.gradle.api.internal.tasks.testing.SuiteTestClassProcessor.stop                                          (SuiteTestClassProcessor.java:61)          
                                                                                 sun.reflect.NativeMethodAccessorImpl.invoke0                                       (NativeMethodAccessorImpl.java:-2)N        
                                                                                 sun.reflect.NativeMethodAccessorImpl.invoke                                        (NativeMethodAccessorImpl.java:62)         
                                                                             sun.reflect.DelegatingMethodAccessorImpl.invoke                                        (DelegatingMethodAccessorImpl.java:43)     
                                                                                             java.lang.reflect.Method.invoke                                        (Method.java:498)                          
                                                                      org.gradle.internal.dispatch.ReflectionDispatch.dispatch                                      (ReflectionDispatch.java:35)               
                                                                      org.gradle.internal.dispatch.ReflectionDispatch.dispatch                                      (ReflectionDispatch.java:24)               
                                                              org.gradle.internal.dispatch.ContextClassLoaderDispatch.dispatch                                      (ContextClassLoaderDispatch.java:32)       
                                       org.gradle.internal.dispatch.ProxyDispatchAdapter$DispatchingInvocationHandler.invoke                                        (ProxyDispatchAdapter.java:93)             
                                                                                                com.sun.proxy.$Proxy1.stop                                          (-:-1)                                     
                                                              org.gradle.api.internal.tasks.testing.worker.TestWorker.stop                                          (TestWorker.java:123)                      
                                                                                 sun.reflect.NativeMethodAccessorImpl.invoke0                                       (NativeMethodAccessorImpl.java:-2)N        
                                                                                 sun.reflect.NativeMethodAccessorImpl.invoke                                        (NativeMethodAccessorImpl.java:62)         
                                                                             sun.reflect.DelegatingMethodAccessorImpl.invoke                                        (DelegatingMethodAccessorImpl.java:43)     
                                                                                             java.lang.reflect.Method.invoke                                        (Method.java:498)                          
                                                                      org.gradle.internal.dispatch.ReflectionDispatch.dispatch                                      (ReflectionDispatch.java:35)               
                                                                      org.gradle.internal.dispatch.ReflectionDispatch.dispatch                                      (ReflectionDispatch.java:24)               
                             org.gradle.internal.remote.internal.hub.MessageHubBackedObjectConnection$DispatchWrapper.dispatch                                      (MessageHubBackedObjectConnection.java:155)
                             org.gradle.internal.remote.internal.hub.MessageHubBackedObjectConnection$DispatchWrapper.dispatch                                      (MessageHubBackedObjectConnection.java:137)
                                                           org.gradle.internal.remote.internal.hub.MessageHub$Handler.run                                           (MessageHub.java:404)                      
                                                 org.gradle.internal.concurrent.ExecutorPolicy$CatchAndRecordFailures.onExecute                                     (ExecutorPolicy.java:63)                   
                                                                 org.gradle.internal.concurrent.ManagedExecutorImpl$1.run                                           (ManagedExecutorImpl.java:46)              
                                                                              java.util.concurrent.ThreadPoolExecutor.runWorker                                     (ThreadPoolExecutor.java:1142)             
                                                                       java.util.concurrent.ThreadPoolExecutor$Worker.run                                           (ThreadPoolExecutor.java:617)              
                                               org.gradle.internal.concurrent.ThreadFactoryImpl$ManagedThreadRunnable.run                                           (ThreadFactoryImpl.java:55)                
                                                                                                     java.lang.Thread.run                                           (Thread.java:748)                          

33)                                                                                    io.mockk.impl.InternalPlatform.captureStackTrace                                 (InternalPlatform.kt:123)                  
                                                                                         io.mockk.impl.stub.MockKStub.handleInvocation                                  (MockKStub.kt:206)                         
                                                       io.mockk.impl.instantiation.JvmMockFactoryHelper$mockHandler$1.invocation                                        (JvmMockFactoryHelper.kt:23)               
                                                                                io.mockk.proxy.jvm.advice.Interceptor.call                                              (Interceptor.kt:20)                        
                                                                                 io.mockk.proxy.jvm.advice.BaseAdvice.handle                                            (BaseAdvice.kt:42)                         
                                                               io.mockk.proxy.jvm.advice.jvm.JvmMockKProxyInterceptor.interceptNoSuper                                  (JvmMockKProxyInterceptor.java:45)         
                                                                             com.jdroids.robotlib.command.Command(BB).isCompleted                                       (-:-1)                                     
                                                                com.jdroids.robotlib.command.SchedulerImpl$periodic$2.invoke                                            (SchedulerImpl.kt:50)                      
                                                                com.jdroids.robotlib.command.SchedulerImpl$periodic$2.invoke                                            (SchedulerImpl.kt:8)                       
                                                               kotlin.collections.CollectionsKt__MutableCollectionsKt.filterInPlace$CollectionsKt__MutableCollectionsKt (MutableCollections.kt:164)                
                                                               kotlin.collections.CollectionsKt__MutableCollectionsKt.removeAll                                         (MutableCollections.kt:153)                
                                                                           com.jdroids.robotlib.command.SchedulerImpl.periodic                                          (SchedulerImpl.kt:50)                      
                                                                           com.jdroids.robotlib.command.SchedulerTest.requires() interrupts commands when it should     (SchedulerTest.kt:93)                      
                                                                                 sun.reflect.NativeMethodAccessorImpl.invoke0                                           (NativeMethodAccessorImpl.java:-2)N        
                                                                                 sun.reflect.NativeMethodAccessorImpl.invoke                                            (NativeMethodAccessorImpl.java:62)         
                                                                             sun.reflect.DelegatingMethodAccessorImpl.invoke                                            (DelegatingMethodAccessorImpl.java:43)     
                                                                                             java.lang.reflect.Method.invoke                                            (Method.java:498)                          
                                                                      org.junit.platform.commons.util.ReflectionUtils.invokeMethod                                      (ReflectionUtils.java:389)                 
                                                                 org.junit.jupiter.engine.execution.ExecutableInvoker.invoke                                            (ExecutableInvoker.java:115)               
                                                         org.junit.jupiter.engine.descriptor.TestMethodTestDescriptor.lambda$invokeTestMethod$6                         (TestMethodTestDescriptor.java:167)        
                                                                org.junit.jupiter.engine.execution.ThrowableCollector.execute                                           (ThrowableCollector.java:40)               
                                                         org.junit.jupiter.engine.descriptor.TestMethodTestDescriptor.invokeTestMethod                                  (TestMethodTestDescriptor.java:163)        
                                                         org.junit.jupiter.engine.descriptor.TestMethodTestDescriptor.execute                                           (TestMethodTestDescriptor.java:110)        
                                                         org.junit.jupiter.engine.descriptor.TestMethodTestDescriptor.execute                                           (TestMethodTestDescriptor.java:57)         
                                              org.junit.platform.engine.support.hierarchical.HierarchicalTestExecutor.lambda$execute$3                                  (HierarchicalTestExecutor.java:83)         
                                                    org.junit.platform.engine.support.hierarchical.SingleTestExecutor.executeSafely                                     (SingleTestExecutor.java:66)               
                                              org.junit.platform.engine.support.hierarchical.HierarchicalTestExecutor.execute                                           (HierarchicalTestExecutor.java:77)         
                                              org.junit.platform.engine.support.hierarchical.HierarchicalTestExecutor.lambda$null$2                                     (HierarchicalTestExecutor.java:92)         
                                                                          java.util.stream.ForEachOps$ForEachOp$OfRef.accept                                            (ForEachOps.java:184)                      
                                                                               java.util.stream.ReferencePipeline$2$1.accept                                            (ReferencePipeline.java:175)               
                                                                                                   java.util.Iterator.forEachRemaining                                  (Iterator.java:116)                        
                                                                           java.util.Spliterators$IteratorSpliterator.forEachRemaining                                  (Spliterators.java:1801)                   
                                                                                    java.util.stream.AbstractPipeline.copyInto                                          (AbstractPipeline.java:481)                
                                                                                    java.util.stream.AbstractPipeline.wrapAndCopyInto                                   (AbstractPipeline.java:471)                
                                                                                java.util.stream.ForEachOps$ForEachOp.evaluateSequential                                (ForEachOps.java:151)                      
                                                                          java.util.stream.ForEachOps$ForEachOp$OfRef.evaluateSequential                                (ForEachOps.java:174)                      
                                                                                    java.util.stream.AbstractPipeline.evaluate                                          (AbstractPipeline.java:234)                
                                                                                   java.util.stream.ReferencePipeline.forEach                                           (ReferencePipeline.java:418)               
                                              org.junit.platform.engine.support.hierarchical.HierarchicalTestExecutor.lambda$execute$3                                  (HierarchicalTestExecutor.java:92)         
                                                    org.junit.platform.engine.support.hierarchical.SingleTestExecutor.executeSafely                                     (SingleTestExecutor.java:66)               
                                              org.junit.platform.engine.support.hierarchical.HierarchicalTestExecutor.execute                                           (HierarchicalTestExecutor.java:77)         
                                              org.junit.platform.engine.support.hierarchical.HierarchicalTestExecutor.lambda$null$2                                     (HierarchicalTestExecutor.java:92)         
                                                                          java.util.stream.ForEachOps$ForEachOp$OfRef.accept                                            (ForEachOps.java:184)                      
                                                                               java.util.stream.ReferencePipeline$2$1.accept                                            (ReferencePipeline.java:175)               
                                                                                                   java.util.Iterator.forEachRemaining                                  (Iterator.java:116)                        
                                                                           java.util.Spliterators$IteratorSpliterator.forEachRemaining                                  (Spliterators.java:1801)                   
                                                                                    java.util.stream.AbstractPipeline.copyInto                                          (AbstractPipeline.java:481)                
                                                                                    java.util.stream.AbstractPipeline.wrapAndCopyInto                                   (AbstractPipeline.java:471)                
                                                                                java.util.stream.ForEachOps$ForEachOp.evaluateSequential                                (ForEachOps.java:151)                      
                                                                          java.util.stream.ForEachOps$ForEachOp$OfRef.evaluateSequential                                (ForEachOps.java:174)                      
                                                                                    java.util.stream.AbstractPipeline.evaluate                                          (AbstractPipeline.java:234)                
                                                                                   java.util.stream.ReferencePipeline.forEach                                           (ReferencePipeline.java:418)               
                                              org.junit.platform.engine.support.hierarchical.HierarchicalTestExecutor.lambda$execute$3                                  (HierarchicalTestExecutor.java:92)         
                                                    org.junit.platform.engine.support.hierarchical.SingleTestExecutor.executeSafely                                     (SingleTestExecutor.java:66)               
                                              org.junit.platform.engine.support.hierarchical.HierarchicalTestExecutor.execute                                           (HierarchicalTestExecutor.java:77)         
                                              org.junit.platform.engine.support.hierarchical.HierarchicalTestExecutor.execute                                           (HierarchicalTestExecutor.java:51)         
                                                org.junit.platform.engine.support.hierarchical.HierarchicalTestEngine.execute                                           (HierarchicalTestEngine.java:43)           
                                                                     org.junit.platform.launcher.core.DefaultLauncher.execute                                           (DefaultLauncher.java:170)                 
                                                                     org.junit.platform.launcher.core.DefaultLauncher.execute                                           (DefaultLauncher.java:154)                 
                                                                     org.junit.platform.launcher.core.DefaultLauncher.execute                                           (DefaultLauncher.java:90)                  
    org.gradle.api.internal.tasks.testing.junitplatform.JUnitPlatformTestClassProcessor$CollectAllTestClassesExecutor.processAllTestClasses                             (JUnitPlatformTestClassProcessor.java:92)  
    org.gradle.api.internal.tasks.testing.junitplatform.JUnitPlatformTestClassProcessor$CollectAllTestClassesExecutor.access$100                                        (JUnitPlatformTestClassProcessor.java:77)  
                                  org.gradle.api.internal.tasks.testing.junitplatform.JUnitPlatformTestClassProcessor.stop                                              (JUnitPlatformTestClassProcessor.java:73)  
                                                        org.gradle.api.internal.tasks.testing.SuiteTestClassProcessor.stop                                              (SuiteTestClassProcessor.java:61)          
                                                                                 sun.reflect.NativeMethodAccessorImpl.invoke0                                           (NativeMethodAccessorImpl.java:-2)N        
                                                                                 sun.reflect.NativeMethodAccessorImpl.invoke                                            (NativeMethodAccessorImpl.java:62)         
                                                                             sun.reflect.DelegatingMethodAccessorImpl.invoke                                            (DelegatingMethodAccessorImpl.java:43)     
                                                                                             java.lang.reflect.Method.invoke                                            (Method.java:498)                          
                                                                      org.gradle.internal.dispatch.ReflectionDispatch.dispatch                                          (ReflectionDispatch.java:35)               
                                                                      org.gradle.internal.dispatch.ReflectionDispatch.dispatch                                          (ReflectionDispatch.java:24)               
                                                              org.gradle.internal.dispatch.ContextClassLoaderDispatch.dispatch                                          (ContextClassLoaderDispatch.java:32)       
                                       org.gradle.internal.dispatch.ProxyDispatchAdapter$DispatchingInvocationHandler.invoke                                            (ProxyDispatchAdapter.java:93)             
                                                                                                com.sun.proxy.$Proxy1.stop                                              (-:-1)                                     
                                                              org.gradle.api.internal.tasks.testing.worker.TestWorker.stop                                              (TestWorker.java:123)                      
                                                                                 sun.reflect.NativeMethodAccessorImpl.invoke0                                           (NativeMethodAccessorImpl.java:-2)N        
                                                                                 sun.reflect.NativeMethodAccessorImpl.invoke                                            (NativeMethodAccessorImpl.java:62)         
                                                                             sun.reflect.DelegatingMethodAccessorImpl.invoke                                            (DelegatingMethodAccessorImpl.java:43)     
                                                                                             java.lang.reflect.Method.invoke                                            (Method.java:498)                          
                                                                      org.gradle.internal.dispatch.ReflectionDispatch.dispatch                                          (ReflectionDispatch.java:35)               
                                                                      org.gradle.internal.dispatch.ReflectionDispatch.dispatch                                          (ReflectionDispatch.java:24)               
                             org.gradle.internal.remote.internal.hub.MessageHubBackedObjectConnection$DispatchWrapper.dispatch                                          (MessageHubBackedObjectConnection.java:155)
                             org.gradle.internal.remote.internal.hub.MessageHubBackedObjectConnection$DispatchWrapper.dispatch                                          (MessageHubBackedObjectConnection.java:137)
                                                           org.gradle.internal.remote.internal.hub.MessageHub$Handler.run                                               (MessageHub.java:404)                      
                                                 org.gradle.internal.concurrent.ExecutorPolicy$CatchAndRecordFailures.onExecute                                         (ExecutorPolicy.java:63)                   
                                                                 org.gradle.internal.concurrent.ManagedExecutorImpl$1.run                                               (ManagedExecutorImpl.java:46)              
                                                                              java.util.concurrent.ThreadPoolExecutor.runWorker                                         (ThreadPoolExecutor.java:1142)             
                                                                       java.util.concurrent.ThreadPoolExecutor$Worker.run                                               (ThreadPoolExecutor.java:617)              
                                               org.gradle.internal.concurrent.ThreadFactoryImpl$ManagedThreadRunnable.run                                               (ThreadFactoryImpl.java:55)                
                                                                                                     java.lang.Thread.run                                               (Thread.java:748)                          
	at io.mockk.impl.recording.states.VerifyingState.failIfNotPassed(VerifyingState.kt:63)
	at io.mockk.impl.recording.states.VerifyingState.recordingDone(VerifyingState.kt:41)
	at io.mockk.impl.recording.CommonCallRecorder.done(CommonCallRecorder.kt:42)
	at io.mockk.impl.eval.RecordedBlockEvaluator.record(RecordedBlockEvaluator.kt:48)
	at io.mockk.impl.eval.VerifyBlockEvaluator.verify(VerifyBlockEvaluator.kt:27)
	at io.mockk.MockKDsl.internalVerify(API.kt:119)
	at io.mockk.MockKKt.verify(MockK.kt:139)
	at io.mockk.MockKKt.verify$default(MockK.kt:136)
	at com.jdroids.robotlib.command.SchedulerTest.requires() interrupts commands when it should(SchedulerTest.kt:96)
	at sun.reflect.NativeMethodAccessorImpl.invoke0(Native Method)
	at sun.reflect.NativeMethodAccessorImpl.invoke(NativeMethodAccessorImpl.java:62)
	at sun.reflect.DelegatingMethodAccessorImpl.invoke(DelegatingMethodAccessorImpl.java:43)
	at java.lang.reflect.Method.invoke(Method.java:498)
	at org.junit.platform.commons.util.ReflectionUtils.invokeMethod(ReflectionUtils.java:389)
	at org.junit.jupiter.engine.execution.ExecutableInvoker.invoke(ExecutableInvoker.java:115)
	at org.junit.jupiter.engine.descriptor.TestMethodTestDescriptor.lambda$invokeTestMethod$6(TestMethodTestDescriptor.java:167)
	at org.junit.jupiter.engine.execution.ThrowableCollector.execute(ThrowableCollector.java:40)
	at org.junit.jupiter.engine.descriptor.TestMethodTestDescriptor.invokeTestMethod(TestMethodTestDescriptor.java:163)
	at org.junit.jupiter.engine.descriptor.TestMethodTestDescriptor.execute(TestMethodTestDescriptor.java:110)
	at org.junit.jupiter.engine.descriptor.TestMethodTestDescriptor.execute(TestMethodTestDescriptor.java:57)
	at org.junit.platform.engine.support.hierarchical.HierarchicalTestExecutor.lambda$execute$3(HierarchicalTestExecutor.java:83)
	at org.junit.platform.engine.support.hierarchical.SingleTestExecutor.executeSafely(SingleTestExecutor.java:66)
	at org.junit.platform.engine.support.hierarchical.HierarchicalTestExecutor.execute(HierarchicalTestExecutor.java:77)
	at org.junit.platform.engine.support.hierarchical.HierarchicalTestExecutor.lambda$null$2(HierarchicalTestExecutor.java:92)
	at java.util.stream.ForEachOps$ForEachOp$OfRef.accept(ForEachOps.java:184)
	at java.util.stream.ReferencePipeline$2$1.accept(ReferencePipeline.java:175)
	at java.util.Iterator.forEachRemaining(Iterator.java:116)
	at java.util.Spliterators$IteratorSpliterator.forEachRemaining(Spliterators.java:1801)
	at java.util.stream.AbstractPipeline.copyInto(AbstractPipeline.java:481)
	at java.util.stream.AbstractPipeline.wrapAndCopyInto(AbstractPipeline.java:471)
	at java.util.stream.ForEachOps$ForEachOp.evaluateSequential(ForEachOps.java:151)
	at java.util.stream.ForEachOps$ForEachOp$OfRef.evaluateSequential(ForEachOps.java:174)
	at java.util.stream.AbstractPipeline.evaluate(AbstractPipeline.java:234)
	at java.util.stream.ReferencePipeline.forEach(ReferencePipeline.java:418)
	at org.junit.platform.engine.support.hierarchical.HierarchicalTestExecutor.lambda$execute$3(HierarchicalTestExecutor.java:92)
	at org.junit.platform.engine.support.hierarchical.SingleTestExecutor.executeSafely(SingleTestExecutor.java:66)
	at org.junit.platform.engine.support.hierarchical.HierarchicalTestExecutor.execute(HierarchicalTestExecutor.java:77)
	at org.junit.platform.engine.support.hierarchical.HierarchicalTestExecutor.lambda$null$2(HierarchicalTestExecutor.java:92)
	at java.util.stream.ForEachOps$ForEachOp$OfRef.accept(ForEachOps.java:184)
	at java.util.stream.ReferencePipeline$2$1.accept(ReferencePipeline.java:175)
	at java.util.Iterator.forEachRemaining(Iterator.java:116)
	at java.util.Spliterators$IteratorSpliterator.forEachRemaining(Spliterators.java:1801)
	at java.util.stream.AbstractPipeline.copyInto(AbstractPipeline.java:481)
	at java.util.stream.AbstractPipeline.wrapAndCopyInto(AbstractPipeline.java:471)
	at java.util.stream.ForEachOps$ForEachOp.evaluateSequential(ForEachOps.java:151)
	at java.util.stream.ForEachOps$ForEachOp$OfRef.evaluateSequential(ForEachOps.java:174)
	at java.util.stream.AbstractPipeline.evaluate(AbstractPipeline.java:234)
	at java.util.stream.ReferencePipeline.forEach(ReferencePipeline.java:418)
	at org.junit.platform.engine.support.hierarchical.HierarchicalTestExecutor.lambda$execute$3(HierarchicalTestExecutor.java:92)
	at org.junit.platform.engine.support.hierarchical.SingleTestExecutor.executeSafely(SingleTestExecutor.java:66)
	at org.junit.platform.engine.support.hierarchical.HierarchicalTestExecutor.execute(HierarchicalTestExecutor.java:77)
	at org.junit.platform.engine.support.hierarchical.HierarchicalTestExecutor.execute(HierarchicalTestExecutor.java:51)
	at org.junit.platform.engine.support.hierarchical.HierarchicalTestEngine.execute(HierarchicalTestEngine.java:43)
	at org.junit.platform.launcher.core.DefaultLauncher.execute(DefaultLauncher.java:170)
	at org.junit.platform.launcher.core.DefaultLauncher.execute(DefaultLauncher.java:154)
	at org.junit.platform.launcher.core.DefaultLauncher.execute(DefaultLauncher.java:90)
	at org.gradle.api.internal.tasks.testing.junitplatform.JUnitPlatformTestClassProcessor$CollectAllTestClassesExecutor.processAllTestClasses(JUnitPlatformTestClassProcessor.java:92)
	at org.gradle.api.internal.tasks.testing.junitplatform.JUnitPlatformTestClassProcessor$CollectAllTestClassesExecutor.access$100(JUnitPlatformTestClassProcessor.java:77)
	at org.gradle.api.internal.tasks.testing.junitplatform.JUnitPlatformTestClassProcessor.stop(JUnitPlatformTestClassProcessor.java:73)
	at org.gradle.api.internal.tasks.testing.SuiteTestClassProcessor.stop(SuiteTestClassProcessor.java:61)
	at sun.reflect.NativeMethodAccessorImpl.invoke0(Native Method)
	at sun.reflect.NativeMethodAccessorImpl.invoke(NativeMethodAccessorImpl.java:62)
	at sun.reflect.DelegatingMethodAccessorImpl.invoke(DelegatingMethodAccessorImpl.java:43)
	at java.lang.reflect.Method.invoke(Method.java:498)
	at org.gradle.internal.dispatch.ReflectionDispatch.dispatch(ReflectionDispatch.java:35)
	at org.gradle.internal.dispatch.ReflectionDispatch.dispatch(ReflectionDispatch.java:24)
	at org.gradle.internal.dispatch.ContextClassLoaderDispatch.dispatch(ContextClassLoaderDispatch.java:32)
	at org.gradle.internal.dispatch.ProxyDispatchAdapter$DispatchingInvocationHandler.invoke(ProxyDispatchAdapter.java:93)
	at com.sun.proxy.$Proxy1.stop(Unknown Source)
	at org.gradle.api.internal.tasks.testing.worker.TestWorker.stop(TestWorker.java:123)
	at sun.reflect.NativeMethodAccessorImpl.invoke0(Native Method)
	at sun.reflect.NativeMethodAccessorImpl.invoke(NativeMethodAccessorImpl.java:62)
	at sun.reflect.DelegatingMethodAccessorImpl.invoke(DelegatingMethodAccessorImpl.java:43)
	at java.lang.reflect.Method.invoke(Method.java:498)
	at org.gradle.internal.dispatch.ReflectionDispatch.dispatch(ReflectionDispatch.java:35)
	at org.gradle.internal.dispatch.ReflectionDispatch.dispatch(ReflectionDispatch.java:24)
	at org.gradle.internal.remote.internal.hub.MessageHubBackedObjectConnection$DispatchWrapper.dispatch(MessageHubBackedObjectConnection.java:155)
	at org.gradle.internal.remote.internal.hub.MessageHubBackedObjectConnection$DispatchWrapper.dispatch(MessageHubBackedObjectConnection.java:137)
	at org.gradle.internal.remote.internal.hub.MessageHub$Handler.run(MessageHub.java:404)
	at org.gradle.internal.concurrent.ExecutorPolicy$CatchAndRecordFailures.onExecute(ExecutorPolicy.java:63)
	at org.gradle.internal.concurrent.ManagedExecutorImpl$1.run(ManagedExecutorImpl.java:46)
	at java.util.concurrent.ThreadPoolExecutor.runWorker(ThreadPoolExecutor.java:1142)
	at java.util.concurrent.ThreadPoolExecutor$Worker.run(ThreadPoolExecutor.java:617)
	at org.gradle.internal.concurrent.ThreadFactoryImpl$ManagedThreadRunnable.run(ThreadFactoryImpl.java:55)
	at java.lang.Thread.run(Thread.java:748)
</failure>
  </testcase>
  <testcase name="run() causes periodic to call a command (and end it) properly()" classname="com.jdroids.robotlib.command.SchedulerTest" time="0.01">
    <failure message="io.mockk.MockKException: Missing calls inside verify { ... } block." type="io.mockk.MockKException">io.mockk.MockKException: Missing calls inside verify { ... } block.
	at io.mockk.impl.recording.states.VerifyingState.checkMissingCalls(VerifyingState.kt:50)
	at io.mockk.impl.recording.states.VerifyingState.recordingDone(VerifyingState.kt:20)
	at io.mockk.impl.recording.CommonCallRecorder.done(CommonCallRecorder.kt:42)
	at io.mockk.impl.eval.RecordedBlockEvaluator.record(RecordedBlockEvaluator.kt:48)
	at io.mockk.impl.eval.VerifyBlockEvaluator.verify(VerifyBlockEvaluator.kt:27)
	at io.mockk.MockKDsl.internalVerify(API.kt:119)
	at io.mockk.MockKKt.verify(MockK.kt:139)
	at io.mockk.MockKKt.verify$default(MockK.kt:136)
	at com.jdroids.robotlib.command.SchedulerTest.run() causes periodic to call a command (and end it) properly(SchedulerTest.kt:48)
	at sun.reflect.NativeMethodAccessorImpl.invoke0(Native Method)
	at sun.reflect.NativeMethodAccessorImpl.invoke(NativeMethodAccessorImpl.java:62)
	at sun.reflect.DelegatingMethodAccessorImpl.invoke(DelegatingMethodAccessorImpl.java:43)
	at java.lang.reflect.Method.invoke(Method.java:498)
	at org.junit.platform.commons.util.ReflectionUtils.invokeMethod(ReflectionUtils.java:389)
	at org.junit.jupiter.engine.execution.ExecutableInvoker.invoke(ExecutableInvoker.java:115)
	at org.junit.jupiter.engine.descriptor.TestMethodTestDescriptor.lambda$invokeTestMethod$6(TestMethodTestDescriptor.java:167)
	at org.junit.jupiter.engine.execution.ThrowableCollector.execute(ThrowableCollector.java:40)
	at org.junit.jupiter.engine.descriptor.TestMethodTestDescriptor.invokeTestMethod(TestMethodTestDescriptor.java:163)
	at org.junit.jupiter.engine.descriptor.TestMethodTestDescriptor.execute(TestMethodTestDescriptor.java:110)
	at org.junit.jupiter.engine.descriptor.TestMethodTestDescriptor.execute(TestMethodTestDescriptor.java:57)
	at org.junit.platform.engine.support.hierarchical.HierarchicalTestExecutor.lambda$execute$3(HierarchicalTestExecutor.java:83)
	at org.junit.platform.engine.support.hierarchical.SingleTestExecutor.executeSafely(SingleTestExecutor.java:66)
	at org.junit.platform.engine.support.hierarchical.HierarchicalTestExecutor.execute(HierarchicalTestExecutor.java:77)
	at org.junit.platform.engine.support.hierarchical.HierarchicalTestExecutor.lambda$null$2(HierarchicalTestExecutor.java:92)
	at java.util.stream.ForEachOps$ForEachOp$OfRef.accept(ForEachOps.java:184)
	at java.util.stream.ReferencePipeline$2$1.accept(ReferencePipeline.java:175)
	at java.util.Iterator.forEachRemaining(Iterator.java:116)
	at java.util.Spliterators$IteratorSpliterator.forEachRemaining(Spliterators.java:1801)
	at java.util.stream.AbstractPipeline.copyInto(AbstractPipeline.java:481)
	at java.util.stream.AbstractPipeline.wrapAndCopyInto(AbstractPipeline.java:471)
	at java.util.stream.ForEachOps$ForEachOp.evaluateSequential(ForEachOps.java:151)
	at java.util.stream.ForEachOps$ForEachOp$OfRef.evaluateSequential(ForEachOps.java:174)
	at java.util.stream.AbstractPipeline.evaluate(AbstractPipeline.java:234)
	at java.util.stream.ReferencePipeline.forEach(ReferencePipeline.java:418)
	at org.junit.platform.engine.support.hierarchical.HierarchicalTestExecutor.lambda$execute$3(HierarchicalTestExecutor.java:92)
	at org.junit.platform.engine.support.hierarchical.SingleTestExecutor.executeSafely(SingleTestExecutor.java:66)
	at org.junit.platform.engine.support.hierarchical.HierarchicalTestExecutor.execute(HierarchicalTestExecutor.java:77)
	at org.junit.platform.engine.support.hierarchical.HierarchicalTestExecutor.lambda$null$2(HierarchicalTestExecutor.java:92)
	at java.util.stream.ForEachOps$ForEachOp$OfRef.accept(ForEachOps.java:184)
	at java.util.stream.ReferencePipeline$2$1.accept(ReferencePipeline.java:175)
	at java.util.Iterator.forEachRemaining(Iterator.java:116)
	at java.util.Spliterators$IteratorSpliterator.forEachRemaining(Spliterators.java:1801)
	at java.util.stream.AbstractPipeline.copyInto(AbstractPipeline.java:481)
	at java.util.stream.AbstractPipeline.wrapAndCopyInto(AbstractPipeline.java:471)
	at java.util.stream.ForEachOps$ForEachOp.evaluateSequential(ForEachOps.java:151)
	at java.util.stream.ForEachOps$ForEachOp$OfRef.evaluateSequential(ForEachOps.java:174)
	at java.util.stream.AbstractPipeline.evaluate(AbstractPipeline.java:234)
	at java.util.stream.ReferencePipeline.forEach(ReferencePipeline.java:418)
	at org.junit.platform.engine.support.hierarchical.HierarchicalTestExecutor.lambda$execute$3(HierarchicalTestExecutor.java:92)
	at org.junit.platform.engine.support.hierarchical.SingleTestExecutor.executeSafely(SingleTestExecutor.java:66)
	at org.junit.platform.engine.support.hierarchical.HierarchicalTestExecutor.execute(HierarchicalTestExecutor.java:77)
	at org.junit.platform.engine.support.hierarchical.HierarchicalTestExecutor.execute(HierarchicalTestExecutor.java:51)
	at org.junit.platform.engine.support.hierarchical.HierarchicalTestEngine.execute(HierarchicalTestEngine.java:43)
	at org.junit.platform.launcher.core.DefaultLauncher.execute(DefaultLauncher.java:170)
	at org.junit.platform.launcher.core.DefaultLauncher.execute(DefaultLauncher.java:154)
	at org.junit.platform.launcher.core.DefaultLauncher.execute(DefaultLauncher.java:90)
	at org.gradle.api.internal.tasks.testing.junitplatform.JUnitPlatformTestClassProcessor$CollectAllTestClassesExecutor.processAllTestClasses(JUnitPlatformTestClassProcessor.java:92)
	at org.gradle.api.internal.tasks.testing.junitplatform.JUnitPlatformTestClassProcessor$CollectAllTestClassesExecutor.access$100(JUnitPlatformTestClassProcessor.java:77)
	at org.gradle.api.internal.tasks.testing.junitplatform.JUnitPlatformTestClassProcessor.stop(JUnitPlatformTestClassProcessor.java:73)
	at org.gradle.api.internal.tasks.testing.SuiteTestClassProcessor.stop(SuiteTestClassProcessor.java:61)
	at sun.reflect.NativeMethodAccessorImpl.invoke0(Native Method)
	at sun.reflect.NativeMethodAccessorImpl.invoke(NativeMethodAccessorImpl.java:62)
	at sun.reflect.DelegatingMethodAccessorImpl.invoke(DelegatingMethodAccessorImpl.java:43)
	at java.lang.reflect.Method.invoke(Method.java:498)
	at org.gradle.internal.dispatch.ReflectionDispatch.dispatch(ReflectionDispatch.java:35)
	at org.gradle.internal.dispatch.ReflectionDispatch.dispatch(ReflectionDispatch.java:24)
	at org.gradle.internal.dispatch.ContextClassLoaderDispatch.dispatch(ContextClassLoaderDispatch.java:32)
	at org.gradle.internal.dispatch.ProxyDispatchAdapter$DispatchingInvocationHandler.invoke(ProxyDispatchAdapter.java:93)
	at com.sun.proxy.$Proxy1.stop(Unknown Source)
	at org.gradle.api.internal.tasks.testing.worker.TestWorker.stop(TestWorker.java:123)
	at sun.reflect.NativeMethodAccessorImpl.invoke0(Native Method)
	at sun.reflect.NativeMethodAccessorImpl.invoke(NativeMethodAccessorImpl.java:62)
	at sun.reflect.DelegatingMethodAccessorImpl.invoke(DelegatingMethodAccessorImpl.java:43)
	at java.lang.reflect.Method.invoke(Method.java:498)
	at org.gradle.internal.dispatch.ReflectionDispatch.dispatch(ReflectionDispatch.java:35)
	at org.gradle.internal.dispatch.ReflectionDispatch.dispatch(ReflectionDispatch.java:24)
	at org.gradle.internal.remote.internal.hub.MessageHubBackedObjectConnection$DispatchWrapper.dispatch(MessageHubBackedObjectConnection.java:155)
	at org.gradle.internal.remote.internal.hub.MessageHubBackedObjectConnection$DispatchWrapper.dispatch(MessageHubBackedObjectConnection.java:137)
	at org.gradle.internal.remote.internal.hub.MessageHub$Handler.run(MessageHub.java:404)
	at org.gradle.internal.concurrent.ExecutorPolicy$CatchAndRecordFailures.onExecute(ExecutorPolicy.java:63)
	at org.gradle.internal.concurrent.ManagedExecutorImpl$1.run(ManagedExecutorImpl.java:46)
	at java.util.concurrent.ThreadPoolExecutor.runWorker(ThreadPoolExecutor.java:1142)
	at java.util.concurrent.ThreadPoolExecutor$Worker.run(ThreadPoolExecutor.java:617)
	at org.gradle.internal.concurrent.ThreadFactoryImpl$ManagedThreadRunnable.run(ThreadFactoryImpl.java:55)
	at java.lang.Thread.run(Thread.java:748)
</failure>
  </testcase>
  <system-out><![CDATA[]]></system-out>
  <system-err><![CDATA[Nov 04, 2018 11:25:47 AM org.junit.jupiter.engine.descriptor.TestInstanceLifecycleUtils getDefaultTestInstanceLifecycle
INFO: Using default test instance lifecycle mode 'PER_CLASS' set via the 'junit.jupiter.testinstance.lifecycle.default' configuration parameter.
]]></system-err>
</testsuite>
