<?xml version="1.0" encoding="UTF-8"?>
<testsuite name="com.jdroids.robotlib.command.CommandGroupTest$ParallelCommandGroupTest" tests="4" skipped="0" failures="0" errors="0" timestamp="2018-11-08T06:08:27" hostname="arch-desktop" time="0.31">
  <properties/>
  <testcase name="isCompleted() gets value properly()" classname="com.jdroids.robotlib.command.CommandGroupTest$ParallelCommandGroupTest" time="0.215"/>
  <testcase name="periodic() calls functions properly()" classname="com.jdroids.robotlib.command.CommandGroupTest$ParallelCommandGroupTest" time="0.069"/>
  <testcase name="isInterruptable() gets value properly()" classname="com.jdroids.robotlib.command.CommandGroupTest$ParallelCommandGroupTest" time="0.01"/>
  <testcase name="Calls start() functions of all commands()" classname="com.jdroids.robotlib.command.CommandGroupTest$ParallelCommandGroupTest" time="0.014"/>
  <system-out><![CDATA[]]></system-out>
  <system-err><![CDATA[]]></system-err>
</testsuite>
