<?xml version="1.0" encoding="UTF-8"?>
<testsuite name="com.jdroids.robotlib.command.CommandGroupTest$ParallelCommandGroupTest" tests="1" skipped="0" failures="0" errors="0" timestamp="2018-12-29T00:10:44" hostname="DANIEL-LAPTOP" time="0.009">
  <properties/>
  <testcase name="2 commands loaded, one terminates first()" classname="com.jdroids.robotlib.command.CommandGroupTest$ParallelCommandGroupTest" time="0.009"/>
  <system-out><![CDATA[]]></system-out>
  <system-err><![CDATA[]]></system-err>
</testsuite>
