<?xml version="1.0" encoding="UTF-8"?>
<testsuite name="com.jdroids.robotlib.command.SchedulerTest" tests="4" skipped="0" failures="0" errors="0" timestamp="2018-10-27T02:01:32" hostname="arch-desktop" time="0.081">
  <properties/>
  <testcase name="periodic() calls a subsystem's periodic function()" classname="com.jdroids.robotlib.command.SchedulerTest" time="0.01"/>
  <testcase name="requires() crashes when it should()" classname="com.jdroids.robotlib.command.SchedulerTest" time="0.027"/>
  <testcase name="requires() interrupts commands when it should()" classname="com.jdroids.robotlib.command.SchedulerTest" time="0.024"/>
  <testcase name="run() causes periodic to call a command (and end it) properly()" classname="com.jdroids.robotlib.command.SchedulerTest" time="0.018"/>
  <system-out><![CDATA[]]></system-out>
  <system-err><![CDATA[Oct 26, 2018 10:01:31 PM org.junit.jupiter.engine.descriptor.TestInstanceLifecycleUtils getDefaultTestInstanceLifecycle
INFO: Using default test instance lifecycle mode 'PER_CLASS' set via the 'junit.jupiter.testinstance.lifecycle.default' configuration parameter.
]]></system-err>
</testsuite>
