<?xml version="1.0" encoding="UTF-8"?>
<testsuite name="com.jdroids.robotlib.command.DslTest" tests="5" skipped="0" failures="0" errors="0" timestamp="2018-12-29T00:10:44" hostname="DANIEL-LAPTOP" time="0.036">
  <properties/>
  <testcase name="default behavior is correct()" classname="com.jdroids.robotlib.command.DslTest" time="0.011"/>
  <testcase name="end passes through()" classname="com.jdroids.robotlib.command.DslTest" time="0.006"/>
  <testcase name="periodic passes through()" classname="com.jdroids.robotlib.command.DslTest" time="0.006"/>
  <testcase name="start passes through()" classname="com.jdroids.robotlib.command.DslTest" time="0.007"/>
  <testcase name="isCompleted passes through()" classname="com.jdroids.robotlib.command.DslTest" time="0.003"/>
  <system-out><![CDATA[]]></system-out>
  <system-err><![CDATA[Dec 28, 2018 7:10:44 PM org.junit.jupiter.engine.descriptor.TestInstanceLifecycleUtils getDefaultTestInstanceLifecycle
INFO: Using default test instance lifecycle mode 'PER_CLASS' set via the 'junit.jupiter.testinstance.lifecycle.default' configuration parameter.
]]></system-err>
</testsuite>
