<?xml version="1.0" encoding="UTF-8"?>
<testsuite name="com.jdroids.robotlib.command.DslTest" tests="5" skipped="0" failures="0" errors="0" timestamp="2018-12-15T01:49:23" hostname="DANIEL-LAPTOP" time="0.045">
  <properties/>
  <testcase name="default behavior is correct()" classname="com.jdroids.robotlib.command.DslTest" time="0.025"/>
  <testcase name="end passes through()" classname="com.jdroids.robotlib.command.DslTest" time="0.004"/>
  <testcase name="periodic passes through()" classname="com.jdroids.robotlib.command.DslTest" time="0.004"/>
  <testcase name="start passes through()" classname="com.jdroids.robotlib.command.DslTest" time="0.007"/>
  <testcase name="isCompleted passes through()" classname="com.jdroids.robotlib.command.DslTest" time="0.003"/>
  <system-out><![CDATA[]]></system-out>
  <system-err><![CDATA[Dec 14, 2018 8:49:23 PM org.junit.jupiter.engine.descriptor.TestInstanceLifecycleUtils getDefaultTestInstanceLifecycle
INFO: Using default test instance lifecycle mode 'PER_CLASS' set via the 'junit.jupiter.testinstance.lifecycle.default' configuration parameter.
]]></system-err>
</testsuite>
