<?xml version="1.0" encoding="UTF-8"?>
<testsuite name="com.jdroids.robotlib.command.SchedulerTest" tests="4" skipped="0" failures="0" errors="0" timestamp="2018-11-08T16:58:41" hostname="arch-desktop" time="0.386">
  <properties/>
  <testcase name="requires() crashes when it should()" classname="com.jdroids.robotlib.command.SchedulerTest" time="0.019"/>
  <testcase name="requires() interrupts commands when it should()" classname="com.jdroids.robotlib.command.SchedulerTest" time="0.031"/>
  <testcase name="registering a subsystem causes it's periodic method to be called()" classname="com.jdroids.robotlib.command.SchedulerTest" time="0.333"/>
  <testcase name="run() causes periodic to call a command (and end it) properly()" classname="com.jdroids.robotlib.command.SchedulerTest" time="0.002"/>
  <system-out><![CDATA[]]></system-out>
  <system-err><![CDATA[Nov 08, 2018 11:58:41 AM org.junit.jupiter.engine.descriptor.TestInstanceLifecycleUtils getDefaultTestInstanceLifecycle
INFO: Using default test instance lifecycle mode 'PER_CLASS' set via the 'junit.jupiter.testinstance.lifecycle.default' configuration parameter.
]]></system-err>
</testsuite>
