<?xml version="1.0" encoding="UTF-8"?>
<testsuite name="com.jdroids.robotlib.command.CommandGroupTest$ParallelCommandGroupTest" tests="4" skipped="0" failures="0" errors="0" timestamp="2018-11-08T16:58:41" hostname="arch-desktop" time="0.112">
  <properties/>
  <testcase name="isCompleted() gets value properly()" classname="com.jdroids.robotlib.command.CommandGroupTest$ParallelCommandGroupTest" time="0.021"/>
  <testcase name="periodic() calls functions properly()" classname="com.jdroids.robotlib.command.CommandGroupTest$ParallelCommandGroupTest" time="0.065"/>
  <testcase name="isInterruptable() gets value properly()" classname="com.jdroids.robotlib.command.CommandGroupTest$ParallelCommandGroupTest" time="0.009"/>
  <testcase name="Calls start() functions of all commands()" classname="com.jdroids.robotlib.command.CommandGroupTest$ParallelCommandGroupTest" time="0.014"/>
  <system-out><![CDATA[]]></system-out>
  <system-err><![CDATA[]]></system-err>
</testsuite>
