<?xml version="1.0" encoding="UTF-8"?>
<testsuite name="com.jdroids.robotlib.command.CommandGroupTest$SequentialCommandGroupTest" tests="4" skipped="0" failures="0" errors="0" timestamp="2018-11-08T05:50:23" hostname="arch-desktop" time="0.082">
  <properties/>
  <testcase name="isCompleted() gets value properly()" classname="com.jdroids.robotlib.command.CommandGroupTest$SequentialCommandGroupTest" time="0.017"/>
  <testcase name="start() starts the first command and only the first command()" classname="com.jdroids.robotlib.command.CommandGroupTest$SequentialCommandGroupTest" time="0.009"/>
  <testcase name="periodic() runs the correct command()" classname="com.jdroids.robotlib.command.CommandGroupTest$SequentialCommandGroupTest" time="0.036"/>
  <testcase name="isInterruptable() gets value properly()" classname="com.jdroids.robotlib.command.CommandGroupTest$SequentialCommandGroupTest" time="0.01"/>
  <system-out><![CDATA[]]></system-out>
  <system-err><![CDATA[]]></system-err>
</testsuite>
