<?xml version="1.0" encoding="UTF-8"?>
<testsuite name="com.jdroids.robotlib.command.CommandGroupTest$SequentialCommandGroupTest" tests="1" skipped="0" failures="0" errors="0" timestamp="2018-12-29T00:10:44" hostname="DANIEL-LAPTOP" time="0.002">
  <properties/>
  <testcase name="Test SequentialCommandGroup with 3 commands()" classname="com.jdroids.robotlib.command.CommandGroupTest$SequentialCommandGroupTest" time="0.002"/>
  <system-out><![CDATA[]]></system-out>
  <system-err><![CDATA[]]></system-err>
</testsuite>
